2024-11-02 14:09:07,863 [ERROR] RtosPanel:558 - Can not restore the selected Tab for FREERTOS(A reason can be that the tab is no more available.)
2024-11-02 14:09:09,813 [INFO] TasksAndQueuesTab:757 - Static
2024-11-02 14:09:09,813 [INFO] TasksAndQueuesTab:757 - Static
2024-11-02 14:09:09,814 [INFO] TasksAndQueuesTab:757 - Static
2024-11-02 14:09:25,315 [INFO] EditThreadDialog:704 - RAM SIZE (in KB): 128
2024-11-02 14:09:25,315 [INFO] EditThreadDialog:706 - RAM SIZE (in words): 32768
2024-11-02 14:10:02,058 [INFO] TasksAndQueuesTab:757 - Static
2024-11-02 14:10:02,058 [INFO] TasksAndQueuesTab:757 - Static
2024-11-02 14:10:02,058 [INFO] TasksAndQueuesTab:757 - Static
2024-11-02 14:10:02,058 [INFO] TasksAndQueuesTab:757 - Static
2024-11-02 14:10:02,086 [INFO] Middleware:612 - instanceName : USB_DEVICE bspName : BCD Detection check condition failed for : SEM_BCD_ENABLED
2024-11-02 14:10:02,086 [INFO] Middleware:612 - instanceName : USB_DEVICE bspName : BCD Detection check condition failed for : SEM_BCD_ENABLED
2024-11-02 14:10:02,086 [INFO] Middleware:612 - instanceName : USB_DEVICE bspName : BCD Detection check condition failed for : SEM_BCD_ENABLED
2024-11-02 14:10:02,086 [INFO] Middleware:612 - instanceName : USB_DEVICE bspName : BCD Detection check condition failed for : SEM_BCD_ENABLED
2024-11-02 14:10:02,086 [INFO] Middleware:612 - instanceName : USB_DEVICE bspName : BCD Detection check condition failed for : SEM_BCD_ENABLED
2024-11-02 14:10:02,086 [INFO] Middleware:612 - instanceName : USB_DEVICE bspName : BCD Detection check condition failed for : SEM_BCD_ENABLED
2024-11-02 14:10:02,086 [INFO] Middleware:612 - instanceName : USB_DEVICE bspName : BCD Detection check condition failed for : SEM_BCD_ENABLED
2024-11-02 14:10:02,086 [INFO] Middleware:612 - instanceName : USB_DEVICE bspName : BCD Detection check condition failed for : SEM_BCD_ENABLED
2024-11-02 14:10:02,086 [INFO] Middleware:612 - instanceName : USB_DEVICE bspName : BCD Detection check condition failed for : SEM_BCD_ENABLED
2024-11-02 14:10:02,086 [INFO] Middleware:612 - instanceName : USB_DEVICE bspName : BCD Detection check condition failed for : SEM_BCD_ENABLED
2024-11-02 14:10:02,086 [INFO] Middleware:612 - instanceName : USB_DEVICE bspName : BCD Detection check condition failed for : SEM_BCD_ENABLED
2024-11-02 14:10:02,086 [INFO] Middleware:612 - instanceName : USB_DEVICE bspName : BCD Detection check condition failed for : SEM_BCD_ENABLED
2024-11-02 14:10:02,086 [INFO] Middleware:612 - instanceName : USB_DEVICE bspName : BCD Detection check condition failed for : SEM_BCD_ENABLED
2024-11-02 14:10:02,086 [INFO] Middleware:612 - instanceName : USB_DEVICE bspName : BCD Detection check condition failed for : SEM_BCD_ENABLED
2024-11-02 14:10:02,086 [INFO] Middleware:612 - instanceName : USB_DEVICE bspName : BCD Detection check condition failed for : SEM_BCD_ENABLED
2024-11-02 14:10:02,086 [INFO] Middleware:612 - instanceName : USB_DEVICE bspName : BCD Detection check condition failed for : SEM_BCD_ENABLED
2024-11-02 14:10:10,107 [INFO] UtilMem:75 - End SaveConfig() Used Memory: 415543224 Bytes (968884224)
2024-11-02 14:10:10,181 [INFO] UtilMem:75 - End SaveConfig() Used Memory: 431271864 Bytes (968884224)
2024-11-02 14:10:10,460 [INFO] UtilMem:75 - End SaveConfig() Used Memory: 466397112 Bytes (968884224)
2024-11-02 14:10:10,539 [INFO] BlockDiagram:2759 - set Specific Code input for plugin: SPI
2024-11-02 14:10:10,540 [INFO] BlockDiagram:2759 - set Specific Code input for plugin: FDCAN
2024-11-02 14:10:10,540 [INFO] BlockDiagram:2759 - set Specific Code input for plugin: FREERTOS
2024-11-02 14:10:10,540 [INFO] BlockDiagram:2759 - set Specific Code input for plugin: USB_Device
2024-11-02 14:10:10,540 [INFO] BlockDiagram:2759 - set Specific Code input for plugin: SYS
2024-11-02 14:10:10,540 [INFO] BlockDiagram:2759 - set Specific Code input for plugin: RCC
2024-11-02 14:10:10,540 [INFO] BlockDiagram:2759 - set Specific Code input for plugin: I2C
2024-11-02 14:10:10,540 [INFO] BlockDiagram:2759 - set Specific Code input for plugin: NVIC
2024-11-02 14:10:10,540 [INFO] BlockDiagram:2759 - set Specific Code input for plugin: USART
2024-11-02 14:10:10,540 [INFO] BlockDiagram:2759 - set Specific Code input for plugin: USB
2024-11-02 14:10:10,540 [INFO] BlockDiagram:2759 - set Specific Code input for plugin: GPIO
2024-11-02 14:10:10,540 [INFO] BlockDiagram:2759 - set Specific Code input for plugin: FDCAN
2024-11-02 14:10:10,541 [INFO] CodeGenerator:807 - code generatio: config db path: /opt/st/stm32cubeide_1.14.0/plugins/com.st.stm32cube.common.mx_6.10.0.202311202037//db/
2024-11-02 14:10:10,543 [WARN] IP:2119 - MessageRAMOffset not found: check if there is a RefParameter without a condition.
2024-11-02 14:10:10,543 [WARN] IP:2119 - RxFifo0ElmtsNbr not found: check if there is a RefParameter without a condition.
2024-11-02 14:10:10,543 [WARN] IP:2119 - RxFifo0ElmtSize not found: check if there is a RefParameter without a condition.
2024-11-02 14:10:10,543 [WARN] IP:2119 - RxFifo1ElmtsNbr not found: check if there is a RefParameter without a condition.
2024-11-02 14:10:10,543 [WARN] IP:2119 - RxFifo1ElmtSize not found: check if there is a RefParameter without a condition.
2024-11-02 14:10:10,543 [WARN] IP:2119 - RxBuffersNbr not found: check if there is a RefParameter without a condition.
2024-11-02 14:10:10,543 [WARN] IP:2119 - RxBufferSize not found: check if there is a RefParameter without a condition.
2024-11-02 14:10:10,543 [WARN] IP:2119 - TxEventsNbr not found: check if there is a RefParameter without a condition.
2024-11-02 14:10:10,543 [WARN] IP:2119 - TxBuffersNbr not found: check if there is a RefParameter without a condition.
2024-11-02 14:10:10,543 [WARN] IP:2119 - TxFifoQueueElmtsNbr not found: check if there is a RefParameter without a condition.
2024-11-02 14:10:10,543 [WARN] IP:2119 - TxElmtSize not found: check if there is a RefParameter without a condition.
2024-11-02 14:10:10,543 [WARN] IP:2119 - ClockCalibrationCCU not found: check if there is a RefParameter without a condition.
2024-11-02 14:10:10,543 [WARN] IP:2119 - ClockDividerCCU not found: check if there is a RefParameter without a condition.
2024-11-02 14:10:10,543 [WARN] IP:2119 - MinOscClkPeriodsCCU not found: check if there is a RefParameter without a condition.
2024-11-02 14:10:10,543 [WARN] IP:2119 - TimeQuantaPerBitTimeCCU not found: check if there is a RefParameter without a condition.
2024-11-02 14:10:10,543 [WARN] IP:2119 - WatchdogStartValueCCU not found: check if there is a RefParameter without a condition.
2024-11-02 14:10:10,543 [WARN] IP:2119 - MessageRAMOffset not found: check if there is a RefParameter without a condition.
2024-11-02 14:10:10,543 [WARN] IP:2119 - RxFifo0ElmtsNbr not found: check if there is a RefParameter without a condition.
2024-11-02 14:10:10,543 [WARN] IP:2119 - RxFifo0ElmtSize not found: check if there is a RefParameter without a condition.
2024-11-02 14:10:10,543 [WARN] IP:2119 - RxFifo1ElmtsNbr not found: check if there is a RefParameter without a condition.
2024-11-02 14:10:10,543 [WARN] IP:2119 - RxFifo1ElmtSize not found: check if there is a RefParameter without a condition.
2024-11-02 14:10:10,544 [WARN] IP:2119 - RxBuffersNbr not found: check if there is a RefParameter without a condition.
2024-11-02 14:10:10,544 [WARN] IP:2119 - RxBufferSize not found: check if there is a RefParameter without a condition.
2024-11-02 14:10:10,544 [WARN] IP:2119 - TxEventsNbr not found: check if there is a RefParameter without a condition.
2024-11-02 14:10:10,544 [WARN] IP:2119 - TxBuffersNbr not found: check if there is a RefParameter without a condition.
2024-11-02 14:10:10,544 [WARN] IP:2119 - TxFifoQueueElmtsNbr not found: check if there is a RefParameter without a condition.
2024-11-02 14:10:10,544 [WARN] IP:2119 - TxElmtSize not found: check if there is a RefParameter without a condition.
2024-11-02 14:10:10,544 [WARN] IP:2119 - ClockCalibrationCCU not found: check if there is a RefParameter without a condition.
2024-11-02 14:10:10,544 [WARN] IP:2119 - ClockDividerCCU not found: check if there is a RefParameter without a condition.
2024-11-02 14:10:10,544 [WARN] IP:2119 - MinOscClkPeriodsCCU not found: check if there is a RefParameter without a condition.
2024-11-02 14:10:10,544 [WARN] IP:2119 - TimeQuantaPerBitTimeCCU not found: check if there is a RefParameter without a condition.
2024-11-02 14:10:10,544 [WARN] IP:2119 - WatchdogStartValueCCU not found: check if there is a RefParameter without a condition.
2024-11-02 14:10:10,607 [INFO] CodeEngine:255 - oldGeneratedFile, /home/nikolai/Documents/NP1_DRONE/software/STM32/Flight Control Computer/MXTmpFiles/license.tmp_save
2024-11-02 14:10:10,644 [INFO] CodeEngine:279 - Generated code: /home/nikolai/Documents/NP1_DRONE/software/STM32/Flight Control Computer/MXTmpFiles/license.tmp
2024-11-02 14:10:10,681 [INFO] CodeEngine:255 - oldGeneratedFile, /home/nikolai/Documents/NP1_DRONE/software/STM32/Flight Control Computer/Core/Src/gpio.c_save
2024-11-02 14:10:10,716 [INFO] CodeEngine:279 - Generated code: /home/nikolai/Documents/NP1_DRONE/software/STM32/Flight Control Computer/Core/Src/gpio.c
2024-11-02 14:10:10,716 [INFO] CodeEngine:255 - oldGeneratedFile, /home/nikolai/Documents/NP1_DRONE/software/STM32/Flight Control Computer/Core/Inc/gpio.h_save
2024-11-02 14:10:10,746 [INFO] CodeEngine:279 - Generated code: /home/nikolai/Documents/NP1_DRONE/software/STM32/Flight Control Computer/Core/Inc/gpio.h
2024-11-02 14:10:10,839 [INFO] CodeEngine:255 - oldGeneratedFile, /home/nikolai/Documents/NP1_DRONE/software/STM32/Flight Control Computer/MXTmpFiles/usb_vars.tmp_save
2024-11-02 14:10:10,872 [INFO] CodeEngine:279 - Generated code: /home/nikolai/Documents/NP1_DRONE/software/STM32/Flight Control Computer/MXTmpFiles/usb_vars.tmp
2024-11-02 14:10:10,873 [INFO] CodeEngine:255 - oldGeneratedFile, /home/nikolai/Documents/NP1_DRONE/software/STM32/Flight Control Computer/MXTmpFiles/usb_inc.tmp_save
2024-11-02 14:10:10,901 [INFO] CodeEngine:279 - Generated code: /home/nikolai/Documents/NP1_DRONE/software/STM32/Flight Control Computer/MXTmpFiles/usb_inc.tmp
2024-11-02 14:10:10,902 [INFO] CodeEngine:255 - oldGeneratedFile, /home/nikolai/Documents/NP1_DRONE/software/STM32/Flight Control Computer/MXTmpFiles/usb_HalInit.tmp_save
2024-11-02 14:10:10,946 [INFO] CodeEngine:279 - Generated code: /home/nikolai/Documents/NP1_DRONE/software/STM32/Flight Control Computer/MXTmpFiles/usb_HalInit.tmp
2024-11-02 14:10:10,946 [INFO] CodeEngine:255 - oldGeneratedFile, /home/nikolai/Documents/NP1_DRONE/software/STM32/Flight Control Computer/MXTmpFiles/usb_Msp.tmp_save
2024-11-02 14:10:10,995 [INFO] CodeEngine:279 - Generated code: /home/nikolai/Documents/NP1_DRONE/software/STM32/Flight Control Computer/MXTmpFiles/usb_Msp.tmp
2024-11-02 14:10:11,319 [INFO] Middleware:1439 - No code input for Bsp Dependency
2024-11-02 14:10:11,320 [INFO] CodeEngine:255 - oldGeneratedFile, /home/nikolai/Documents/NP1_DRONE/software/STM32/Flight Control Computer/MXTmpFiles/rtos_inc.tmp_save
2024-11-02 14:10:11,349 [INFO] CodeEngine:279 - Generated code: /home/nikolai/Documents/NP1_DRONE/software/STM32/Flight Control Computer/MXTmpFiles/rtos_inc.tmp
2024-11-02 14:10:11,349 [INFO] CodeEngine:255 - oldGeneratedFile, /home/nikolai/Documents/NP1_DRONE/software/STM32/Flight Control Computer/MXTmpFiles/rtos_kernelInit.tmp_save
2024-11-02 14:10:11,378 [INFO] CodeEngine:279 - Generated code: /home/nikolai/Documents/NP1_DRONE/software/STM32/Flight Control Computer/MXTmpFiles/rtos_kernelInit.tmp
2024-11-02 14:10:11,378 [INFO] CodeEngine:255 - oldGeneratedFile, /home/nikolai/Documents/NP1_DRONE/software/STM32/Flight Control Computer/MXTmpFiles/rtos_kernelStart.tmp_save
2024-11-02 14:10:11,406 [INFO] CodeEngine:279 - Generated code: /home/nikolai/Documents/NP1_DRONE/software/STM32/Flight Control Computer/MXTmpFiles/rtos_kernelStart.tmp
2024-11-02 14:10:11,407 [INFO] CodeEngine:255 - oldGeneratedFile, /home/nikolai/Documents/NP1_DRONE/software/STM32/Flight Control Computer/MXTmpFiles/rtos_typedefs.tmp_save
2024-11-02 14:10:11,436 [INFO] CodeEngine:279 - Generated code: /home/nikolai/Documents/NP1_DRONE/software/STM32/Flight Control Computer/MXTmpFiles/rtos_typedefs.tmp
2024-11-02 14:10:11,438 [INFO] CodeEngine:255 - oldGeneratedFile, /home/nikolai/Documents/NP1_DRONE/software/STM32/Flight Control Computer/MXTmpFiles/rtos_vars.tmp_save
2024-11-02 14:10:11,468 [INFO] CodeEngine:279 - Generated code: /home/nikolai/Documents/NP1_DRONE/software/STM32/Flight Control Computer/MXTmpFiles/rtos_vars.tmp
2024-11-02 14:10:11,468 [INFO] CodeEngine:255 - oldGeneratedFile, /home/nikolai/Documents/NP1_DRONE/software/STM32/Flight Control Computer/MXTmpFiles/rtos_pfp.tmp_save
2024-11-02 14:10:11,496 [INFO] CodeEngine:279 - Generated code: /home/nikolai/Documents/NP1_DRONE/software/STM32/Flight Control Computer/MXTmpFiles/rtos_pfp.tmp
2024-11-02 14:10:11,497 [INFO] CodeEngine:255 - oldGeneratedFile, /home/nikolai/Documents/NP1_DRONE/software/STM32/Flight Control Computer/MXTmpFiles/rtos_obj_creat.tmp_save
2024-11-02 14:10:11,526 [INFO] CodeEngine:279 - Generated code: /home/nikolai/Documents/NP1_DRONE/software/STM32/Flight Control Computer/MXTmpFiles/rtos_obj_creat.tmp
2024-11-02 14:10:11,527 [INFO] CodeEngine:255 - oldGeneratedFile, /home/nikolai/Documents/NP1_DRONE/software/STM32/Flight Control Computer/MXTmpFiles/rtos_default_thread.tmp_save
2024-11-02 14:10:11,556 [INFO] CodeEngine:279 - Generated code: /home/nikolai/Documents/NP1_DRONE/software/STM32/Flight Control Computer/MXTmpFiles/rtos_default_thread.tmp
2024-11-02 14:10:11,556 [INFO] CodeEngine:255 - oldGeneratedFile, /home/nikolai/Documents/NP1_DRONE/software/STM32/Flight Control Computer/MXTmpFiles/rtos_threads.tmp_save
2024-11-02 14:10:11,585 [INFO] CodeEngine:279 - Generated code: /home/nikolai/Documents/NP1_DRONE/software/STM32/Flight Control Computer/MXTmpFiles/rtos_threads.tmp
2024-11-02 14:10:11,587 [INFO] Middleware:1439 - No code input for Bsp Dependency
2024-11-02 14:10:11,589 [INFO] Middleware:1439 - No code input for Bsp Dependency
2024-11-02 14:10:11,590 [INFO] CodeEngine:255 - oldGeneratedFile, /home/nikolai/Documents/NP1_DRONE/software/STM32/Flight Control Computer/MXTmpFiles/rtos_inc.tmp_save
2024-11-02 14:10:11,620 [INFO] CodeEngine:279 - Generated code: /home/nikolai/Documents/NP1_DRONE/software/STM32/Flight Control Computer/MXTmpFiles/rtos_inc.tmp
2024-11-02 14:10:11,621 [INFO] CodeEngine:255 - oldGeneratedFile, /home/nikolai/Documents/NP1_DRONE/software/STM32/Flight Control Computer/MXTmpFiles/rtos_kernelInit.tmp_save
2024-11-02 14:10:11,650 [INFO] CodeEngine:279 - Generated code: /home/nikolai/Documents/NP1_DRONE/software/STM32/Flight Control Computer/MXTmpFiles/rtos_kernelInit.tmp
2024-11-02 14:10:11,651 [INFO] CodeEngine:255 - oldGeneratedFile, /home/nikolai/Documents/NP1_DRONE/software/STM32/Flight Control Computer/MXTmpFiles/rtos_kernelStart.tmp_save
2024-11-02 14:10:11,681 [INFO] CodeEngine:279 - Generated code: /home/nikolai/Documents/NP1_DRONE/software/STM32/Flight Control Computer/MXTmpFiles/rtos_kernelStart.tmp
2024-11-02 14:10:11,681 [INFO] CodeEngine:255 - oldGeneratedFile, /home/nikolai/Documents/NP1_DRONE/software/STM32/Flight Control Computer/MXTmpFiles/rtos_typedefs.tmp_save
2024-11-02 14:10:11,712 [INFO] CodeEngine:279 - Generated code: /home/nikolai/Documents/NP1_DRONE/software/STM32/Flight Control Computer/MXTmpFiles/rtos_typedefs.tmp
2024-11-02 14:10:11,713 [INFO] CodeEngine:255 - oldGeneratedFile, /home/nikolai/Documents/NP1_DRONE/software/STM32/Flight Control Computer/MXTmpFiles/rtos_vars.tmp_save
2024-11-02 14:10:11,744 [INFO] CodeEngine:279 - Generated code: /home/nikolai/Documents/NP1_DRONE/software/STM32/Flight Control Computer/MXTmpFiles/rtos_vars.tmp
2024-11-02 14:10:11,745 [INFO] CodeEngine:255 - oldGeneratedFile, /home/nikolai/Documents/NP1_DRONE/software/STM32/Flight Control Computer/MXTmpFiles/rtos_pfp.tmp_save
2024-11-02 14:10:11,773 [INFO] CodeEngine:279 - Generated code: /home/nikolai/Documents/NP1_DRONE/software/STM32/Flight Control Computer/MXTmpFiles/rtos_pfp.tmp
2024-11-02 14:10:11,774 [INFO] CodeEngine:255 - oldGeneratedFile, /home/nikolai/Documents/NP1_DRONE/software/STM32/Flight Control Computer/MXTmpFiles/rtos_obj_creat.tmp_save
2024-11-02 14:10:11,804 [INFO] CodeEngine:279 - Generated code: /home/nikolai/Documents/NP1_DRONE/software/STM32/Flight Control Computer/MXTmpFiles/rtos_obj_creat.tmp
2024-11-02 14:10:11,805 [INFO] CodeEngine:255 - oldGeneratedFile, /home/nikolai/Documents/NP1_DRONE/software/STM32/Flight Control Computer/MXTmpFiles/rtos_default_thread.tmp_save
2024-11-02 14:10:11,834 [INFO] CodeEngine:279 - Generated code: /home/nikolai/Documents/NP1_DRONE/software/STM32/Flight Control Computer/MXTmpFiles/rtos_default_thread.tmp
2024-11-02 14:10:11,834 [INFO] CodeEngine:255 - oldGeneratedFile, /home/nikolai/Documents/NP1_DRONE/software/STM32/Flight Control Computer/MXTmpFiles/rtos_threads.tmp_save
2024-11-02 14:10:11,864 [INFO] CodeEngine:279 - Generated code: /home/nikolai/Documents/NP1_DRONE/software/STM32/Flight Control Computer/MXTmpFiles/rtos_threads.tmp
2024-11-02 14:10:11,864 [INFO] CodeEngine:255 - oldGeneratedFile, /home/nikolai/Documents/NP1_DRONE/software/STM32/Flight Control Computer/Core/Inc/FreeRTOSConfig.h_save
2024-11-02 14:10:11,905 [INFO] CodeEngine:279 - Generated code: /home/nikolai/Documents/NP1_DRONE/software/STM32/Flight Control Computer/Core/Inc/FreeRTOSConfig.h
2024-11-02 14:10:11,906 [INFO] CodeEngine:255 - oldGeneratedFile, /home/nikolai/Documents/NP1_DRONE/software/STM32/Flight Control Computer/Core/Src/app_freertos.c_save
2024-11-02 14:10:11,943 [INFO] CodeEngine:279 - Generated code: /home/nikolai/Documents/NP1_DRONE/software/STM32/Flight Control Computer/Core/Src/app_freertos.c
2024-11-02 14:10:11,944 [INFO] CodeEngine:255 - oldGeneratedFile, /home/nikolai/Documents/NP1_DRONE/software/STM32/Flight Control Computer/Core/Src/fdcan.c_save
2024-11-02 14:10:11,988 [INFO] CodeEngine:279 - Generated code: /home/nikolai/Documents/NP1_DRONE/software/STM32/Flight Control Computer/Core/Src/fdcan.c
2024-11-02 14:10:11,989 [INFO] CodeEngine:255 - oldGeneratedFile, /home/nikolai/Documents/NP1_DRONE/software/STM32/Flight Control Computer/Core/Inc/fdcan.h_save
2024-11-02 14:10:12,019 [INFO] CodeEngine:279 - Generated code: /home/nikolai/Documents/NP1_DRONE/software/STM32/Flight Control Computer/Core/Inc/fdcan.h
2024-11-02 14:10:12,020 [INFO] CodeEngine:255 - oldGeneratedFile, /home/nikolai/Documents/NP1_DRONE/software/STM32/Flight Control Computer/Core/Src/i2c.c_save
2024-11-02 14:10:12,063 [INFO] CodeEngine:279 - Generated code: /home/nikolai/Documents/NP1_DRONE/software/STM32/Flight Control Computer/Core/Src/i2c.c
2024-11-02 14:10:12,063 [INFO] CodeEngine:255 - oldGeneratedFile, /home/nikolai/Documents/NP1_DRONE/software/STM32/Flight Control Computer/Core/Inc/i2c.h_save
2024-11-02 14:10:12,093 [INFO] CodeEngine:279 - Generated code: /home/nikolai/Documents/NP1_DRONE/software/STM32/Flight Control Computer/Core/Inc/i2c.h
2024-11-02 14:10:12,094 [INFO] CodeEngine:255 - oldGeneratedFile, /home/nikolai/Documents/NP1_DRONE/software/STM32/Flight Control Computer/Core/Src/spi.c_save
2024-11-02 14:10:12,135 [INFO] CodeEngine:279 - Generated code: /home/nikolai/Documents/NP1_DRONE/software/STM32/Flight Control Computer/Core/Src/spi.c
2024-11-02 14:10:12,135 [INFO] CodeEngine:255 - oldGeneratedFile, /home/nikolai/Documents/NP1_DRONE/software/STM32/Flight Control Computer/Core/Inc/spi.h_save
2024-11-02 14:10:12,164 [INFO] CodeEngine:279 - Generated code: /home/nikolai/Documents/NP1_DRONE/software/STM32/Flight Control Computer/Core/Inc/spi.h
2024-11-02 14:10:12,166 [INFO] CodeEngine:255 - oldGeneratedFile, /home/nikolai/Documents/NP1_DRONE/software/STM32/Flight Control Computer/Core/Src/usart.c_save
2024-11-02 14:10:12,208 [INFO] CodeEngine:279 - Generated code: /home/nikolai/Documents/NP1_DRONE/software/STM32/Flight Control Computer/Core/Src/usart.c
2024-11-02 14:10:12,208 [INFO] CodeEngine:255 - oldGeneratedFile, /home/nikolai/Documents/NP1_DRONE/software/STM32/Flight Control Computer/Core/Inc/usart.h_save
2024-11-02 14:10:12,238 [INFO] CodeEngine:279 - Generated code: /home/nikolai/Documents/NP1_DRONE/software/STM32/Flight Control Computer/Core/Inc/usart.h
2024-11-02 14:10:12,239 [INFO] Middleware:1439 - No code input for Bsp Dependency
2024-11-02 14:10:12,241 [INFO] CodeEngine:255 - oldGeneratedFile, /home/nikolai/Documents/NP1_DRONE/software/STM32/Flight Control Computer/USB_Device/App/usb_device.c_save
2024-11-02 14:10:12,279 [INFO] CodeEngine:279 - Generated code: /home/nikolai/Documents/NP1_DRONE/software/STM32/Flight Control Computer/USB_Device/App/usb_device.c
2024-11-02 14:10:12,280 [INFO] CodeEngine:255 - oldGeneratedFile, /home/nikolai/Documents/NP1_DRONE/software/STM32/Flight Control Computer/USB_Device/App/usb_device.h_save
2024-11-02 14:10:12,310 [INFO] CodeEngine:279 - Generated code: /home/nikolai/Documents/NP1_DRONE/software/STM32/Flight Control Computer/USB_Device/App/usb_device.h
2024-11-02 14:10:12,310 [INFO] CodeEngine:255 - oldGeneratedFile, /home/nikolai/Documents/NP1_DRONE/software/STM32/Flight Control Computer/USB_Device/Target/usbd_conf.h_save
2024-11-02 14:10:12,341 [INFO] CodeEngine:279 - Generated code: /home/nikolai/Documents/NP1_DRONE/software/STM32/Flight Control Computer/USB_Device/Target/usbd_conf.h
2024-11-02 14:10:12,342 [INFO] CodeEngine:255 - oldGeneratedFile, /home/nikolai/Documents/NP1_DRONE/software/STM32/Flight Control Computer/USB_Device/Target/usbd_conf.c_save
2024-11-02 14:10:12,378 [INFO] CodeEngine:279 - Generated code: /home/nikolai/Documents/NP1_DRONE/software/STM32/Flight Control Computer/USB_Device/Target/usbd_conf.c
2024-11-02 14:10:12,379 [INFO] CodeEngine:255 - oldGeneratedFile, /home/nikolai/Documents/NP1_DRONE/software/STM32/Flight Control Computer/USB_Device/App/usbd_desc.h_save
2024-11-02 14:10:12,409 [INFO] CodeEngine:279 - Generated code: /home/nikolai/Documents/NP1_DRONE/software/STM32/Flight Control Computer/USB_Device/App/usbd_desc.h
2024-11-02 14:10:12,409 [INFO] CodeEngine:255 - oldGeneratedFile, /home/nikolai/Documents/NP1_DRONE/software/STM32/Flight Control Computer/USB_Device/App/usbd_desc.c_save
2024-11-02 14:10:12,444 [INFO] CodeEngine:279 - Generated code: /home/nikolai/Documents/NP1_DRONE/software/STM32/Flight Control Computer/USB_Device/App/usbd_desc.c
2024-11-02 14:10:12,445 [INFO] CodeEngine:255 - oldGeneratedFile, /home/nikolai/Documents/NP1_DRONE/software/STM32/Flight Control Computer/USB_Device/App/usbd_cdc_if.h_save
2024-11-02 14:10:12,481 [INFO] CodeEngine:279 - Generated code: /home/nikolai/Documents/NP1_DRONE/software/STM32/Flight Control Computer/USB_Device/App/usbd_cdc_if.h
2024-11-02 14:10:12,481 [INFO] CodeEngine:255 - oldGeneratedFile, /home/nikolai/Documents/NP1_DRONE/software/STM32/Flight Control Computer/USB_Device/App/usbd_cdc_if.c_save
2024-11-02 14:10:12,527 [INFO] CodeEngine:279 - Generated code: /home/nikolai/Documents/NP1_DRONE/software/STM32/Flight Control Computer/USB_Device/App/usbd_cdc_if.c
2024-11-02 14:10:12,532 [INFO] CodeEngine:255 - oldGeneratedFile, /home/nikolai/Documents/NP1_DRONE/software/STM32/Flight Control Computer/Core/Src/stm32g4xx_it.c_save
2024-11-02 14:10:12,599 [INFO] CodeEngine:279 - Generated code: /home/nikolai/Documents/NP1_DRONE/software/STM32/Flight Control Computer/Core/Src/stm32g4xx_it.c
2024-11-02 14:10:12,600 [INFO] CodeEngine:255 - oldGeneratedFile, /home/nikolai/Documents/NP1_DRONE/software/STM32/Flight Control Computer/Core/Inc/stm32g4xx_it.h_save
2024-11-02 14:10:12,630 [INFO] CodeEngine:279 - Generated code: /home/nikolai/Documents/NP1_DRONE/software/STM32/Flight Control Computer/Core/Inc/stm32g4xx_it.h
2024-11-02 14:10:12,632 [INFO] CodeEngine:255 - oldGeneratedFile, /home/nikolai/Documents/NP1_DRONE/software/STM32/Flight Control Computer/Core/Src/stm32g4xx_hal_msp.c_save
2024-11-02 14:10:12,674 [INFO] CodeEngine:279 - Generated code: /home/nikolai/Documents/NP1_DRONE/software/STM32/Flight Control Computer/Core/Src/stm32g4xx_hal_msp.c
2024-11-02 14:10:12,674 [INFO] CodeEngine:255 - oldGeneratedFile, /home/nikolai/Documents/NP1_DRONE/software/STM32/Flight Control Computer/MXTmpFiles/system.tmp_save
2024-11-02 14:10:12,703 [INFO] CodeEngine:279 - Generated code: /home/nikolai/Documents/NP1_DRONE/software/STM32/Flight Control Computer/MXTmpFiles/system.tmp
2024-11-02 14:10:12,703 [INFO] CodeEngine:255 - oldGeneratedFile, /home/nikolai/Documents/NP1_DRONE/software/STM32/Flight Control Computer/Core/Src/stm32g4xx_hal_timebase_tim.c_save
2024-11-02 14:10:12,734 [INFO] CodeEngine:279 - Generated code: /home/nikolai/Documents/NP1_DRONE/software/STM32/Flight Control Computer/Core/Src/stm32g4xx_hal_timebase_tim.c
2024-11-02 14:10:12,736 [INFO] CodeEngine:311 - oldGeneratedFile, /home/nikolai/Documents/NP1_DRONE/software/STM32/Flight Control Computer/Core/Inc/stm32g4xx_hal_conf.h_save
2024-11-02 14:10:12,767 [INFO] CodeEngine:335 - Generated code: /home/nikolai/Documents/NP1_DRONE/software/STM32/Flight Control Computer/Core/Inc/stm32g4xx_hal_conf.h
2024-11-02 14:10:12,772 [WARN] IPConfigManager:2946 - Warning: the RefConfig RCC_CommonPeriphClockConfig is not available in your config.xml file
2024-11-02 14:10:12,778 [INFO] CodeEngine:255 - oldGeneratedFile, /home/nikolai/Documents/NP1_DRONE/software/STM32/Flight Control Computer/Core/Inc/main.h_save
2024-11-02 14:10:12,810 [INFO] CodeEngine:279 - Generated code: /home/nikolai/Documents/NP1_DRONE/software/STM32/Flight Control Computer/Core/Inc/main.h
2024-11-02 14:10:12,811 [INFO] CodeEngine:255 - oldGeneratedFile, /home/nikolai/Documents/NP1_DRONE/software/STM32/Flight Control Computer/Core/Src/main.c_save
2024-11-02 14:10:12,851 [INFO] CodeEngine:279 - Generated code: /home/nikolai/Documents/NP1_DRONE/software/STM32/Flight Control Computer/Core/Src/main.c
2024-11-02 14:10:13,014 [INFO] ProjectBuilder:3076 - Time for Copy HAL[1] : 18mS.
2024-11-02 14:10:13,016 [INFO] ProjectBuilder:4485 - Project Generator version: 4.2.0-B44
2024-11-02 14:10:13,142 [INFO] ConfigFileManager:1495 - The Die is : DIE469
2024-11-02 14:10:13,572 [INFO] ProjectBuilder:4747 - Time for Generating toolchain IDE Files: 556mS.
2024-11-02 14:10:13,572 [INFO] ProjectBuilder:2947 - Time for Copy CMSIS : 0mS.
2024-11-02 14:10:13,573 [INFO] ProjectBuilder:2947 - Time for Copy CMSIS : 0mS.
