2025-02-01 11:54:34,927 [ERROR] LogOutputStream:75 - [STDERR_REDIRECT] 
2025-02-01 20:54:35,624 [INFO] Activator:176 - 


2025-02-01 20:54:35,624 [INFO] Activator:177 - !SESSION log4j initialized
2025-02-01 20:54:38,203 [INFO] LogOutputStream:77 - [STDOUT_REDIRECT] 
2025-02-01 20:54:38,645 [INFO] ApplicationProperties:184 - Using Application install path: /opt/st/stm32cubeide_1.17.0_2/plugins/com.st.stm32cube.common.mx_6.13.0.202411220809
2025-02-01 20:54:38,654 [INFO] DbMcusXml:78 - Set database path to: /opt/st/stm32cubeide_1.17.0_2/plugins/com.st.stm32cube.common.mx_6.13.0.202411220809//db//mcu/
2025-02-01 20:54:38,654 [INFO] ApiDb:274 - Set plugin database path to: /opt/st/stm32cubeide_1.17.0_2/plugins/com.st.stm32cube.common.mx_6.13.0.202411220809//db//plugins/boardmanager/
2025-02-01 20:54:38,654 [WARN] ApiDb:259 - Overriding images path with different value:  => /opt/st/stm32cubeide_1.17.0_2/plugins/com.st.stm32cube.common.mx_6.13.0.202411220809//db//plugins/mcufinder/images/
2025-02-01 20:54:38,657 [INFO] ApiDb:250 - Set database path to: /home/nikolai/.stmcufinder/plugins/mcufinder//mcu/
2025-02-01 20:54:38,658 [INFO] DbMcusAds:125 - Set database path to: /home/nikolai/.stmcufinder/plugins/mcufinder//mcu/
2025-02-01 20:54:38,659 [INFO] CrossReferenceDbSqlite:203 - Set database path to: /home/nikolai/.stmcufinder/plugins/mcufinder//mcu/cs/
2025-02-01 20:54:38,717 [INFO] RulesReader:64 - Compatibility file has been processed (297 Rules)
2025-02-01 20:54:38,751 [INFO] DbMcusXml:78 - Set database path to: /opt/st/stm32cubeide_1.17.0_2/plugins/com.st.stm32cube.common.mx_6.13.0.202411220809//db//mcu/
2025-02-01 20:54:38,751 [INFO] ApiDb:274 - Set plugin database path to: /opt/st/stm32cubeide_1.17.0_2/plugins/com.st.stm32cube.common.mx_6.13.0.202411220809//db//plugins/boardmanager/
2025-02-01 20:54:38,752 [INFO] ApiDb:261 - Set plugin images path to: /opt/st/stm32cubeide_1.17.0_2/plugins/com.st.stm32cube.common.mx_6.13.0.202411220809//db//plugins/mcufinder/images/
2025-02-01 20:54:38,752 [WARN] DbFile:41 - Overriding database path with different value: /home/nikolai/.stmcufinder/plugins/mcufinder/ => /home/nikolai/.stmcufinder/plugins/mcufinder
2025-02-01 20:54:38,752 [INFO] ApiDb:250 - Set database path to: /home/nikolai/.stmcufinder/plugins/mcufinder//mcu/
2025-02-01 20:54:38,752 [WARN] DbFile:41 - Overriding database path with different value: /home/nikolai/.stmcufinder/plugins/mcufinder/ => /home/nikolai/.stmcufinder/plugins/mcufinder
2025-02-01 20:54:38,752 [INFO] DbMcusAds:125 - Set database path to: /home/nikolai/.stmcufinder/plugins/mcufinder//mcu/
2025-02-01 20:54:38,752 [WARN] DbFile:41 - Overriding database path with different value: /home/nikolai/.stmcufinder/plugins/mcufinder/ => /home/nikolai/.stmcufinder/plugins/mcufinder
2025-02-01 20:54:38,752 [WARN] DbFile:41 - Overriding database path with different value: /home/nikolai/.stmcufinder/plugins/mcufinder/ => /home/nikolai/.stmcufinder/plugins/mcufinder
2025-02-01 20:54:38,752 [INFO] CrossReferenceDbSqlite:203 - Set database path to: /home/nikolai/.stmcufinder/plugins/mcufinder//mcu/cs/
2025-02-01 20:54:38,788 [INFO] MainPanel:272 - HeapMemory: 268435456
2025-02-01 20:54:38,883 [INFO] DbMcusXml:78 - Set database path to: /opt/st/stm32cubeide_1.17.0_2/plugins/com.st.stm32cube.common.mx_6.13.0.202411220809//db//mcu/
2025-02-01 20:54:38,883 [INFO] ApiDb:274 - Set plugin database path to: /opt/st/stm32cubeide_1.17.0_2/plugins/com.st.stm32cube.common.mx_6.13.0.202411220809//db//plugins/boardmanager/
2025-02-01 20:54:38,883 [INFO] ApiDb:261 - Set plugin images path to: /opt/st/stm32cubeide_1.17.0_2/plugins/com.st.stm32cube.common.mx_6.13.0.202411220809//db//plugins/mcufinder/images/
2025-02-01 20:54:38,883 [WARN] DbFile:41 - Overriding database path with different value: /home/nikolai/.stmcufinder/plugins/mcufinder/ => /home/nikolai/.stmcufinder/plugins/mcufinder
2025-02-01 20:54:38,883 [INFO] ApiDb:250 - Set database path to: /home/nikolai/.stmcufinder/plugins/mcufinder//mcu/
2025-02-01 20:54:38,883 [WARN] DbFile:41 - Overriding database path with different value: /home/nikolai/.stmcufinder/plugins/mcufinder/ => /home/nikolai/.stmcufinder/plugins/mcufinder
2025-02-01 20:54:38,883 [INFO] DbMcusAds:125 - Set database path to: /home/nikolai/.stmcufinder/plugins/mcufinder//mcu/
2025-02-01 20:54:38,883 [WARN] DbFile:41 - Overriding database path with different value: /home/nikolai/.stmcufinder/plugins/mcufinder/ => /home/nikolai/.stmcufinder/plugins/mcufinder
2025-02-01 20:54:38,883 [WARN] DbFile:41 - Overriding database path with different value: /home/nikolai/.stmcufinder/plugins/mcufinder/ => /home/nikolai/.stmcufinder/plugins/mcufinder
2025-02-01 20:54:38,883 [INFO] CrossReferenceDbSqlite:203 - Set database path to: /home/nikolai/.stmcufinder/plugins/mcufinder//mcu/cs/
2025-02-01 20:54:38,891 [INFO] ApplicationProperties:184 - Using Application install path: /opt/st/stm32cubeide_1.17.0_2/plugins/com.st.stm32cube.common.mx_6.13.0.202411220809
2025-02-01 20:54:38,892 [INFO] PluginManage:196 - Search for loadable plugins [exclusion list=, ]
2025-02-01 20:54:38,893 [INFO] PluginManage:310 - Check plugin analytics
2025-02-01 20:54:38,962 [INFO] AnalyticsPlugin:253 - Accepted Software Licenses: 
2025-02-01 20:54:38,962 [INFO] AnalyticsPlugin:255 - Accepted CMSIS Pack Licenses: 
2025-02-01 20:54:38,962 [INFO] AnalyticsPlugin:257 - Accepted Firmware Licenses: FW.L4.1.18.0,FW.G4.1.5.0,FW.G4.1.6.0
2025-02-01 20:54:38,963 [INFO] PluginManage:359 - Loaded plugin analytics (category:tool,tabindex:-1)
2025-02-01 20:54:38,963 [INFO] PluginManage:310 - Check plugin cadmodel
2025-02-01 20:54:38,966 [INFO] CADModel:105 - Init CAD model plugin
2025-02-01 20:54:38,966 [INFO] PluginManage:359 - Loaded plugin cadmodel (category:power,tabindex:5)
2025-02-01 20:54:38,966 [INFO] PluginManage:310 - Check plugin clock
2025-02-01 20:54:38,972 [INFO] PluginManage:359 - Loaded plugin clock (category:base,tabindex:2)
2025-02-01 20:54:38,972 [INFO] PluginManage:310 - Check plugin ddr
2025-02-01 20:54:38,973 [INFO] PluginManage:359 - Loaded plugin ddr (category:tool,tabindex:6)
2025-02-01 20:54:38,973 [INFO] PluginManage:310 - Check plugin filemanager
2025-02-01 20:54:39,049 [INFO] PluginManage:359 - Loaded plugin filemanager (category:base,tabindex:10)
2025-02-01 20:54:39,049 [INFO] PluginManage:310 - Check plugin ipmanager
2025-02-01 20:54:39,052 [INFO] PluginManage:359 - Loaded plugin ipmanager (category:base,tabindex:5)
2025-02-01 20:54:39,052 [INFO] PluginManage:310 - Check plugin lpbam
2025-02-01 20:54:39,056 [INFO] PluginManage:359 - Loaded plugin lpbam (category:base,tabindex:0)
2025-02-01 20:54:39,057 [INFO] PluginManage:310 - Check plugin memorymap
2025-02-01 20:54:39,062 [INFO] PluginManage:359 - Loaded plugin memorymap (category:base,tabindex:4)
2025-02-01 20:54:39,063 [INFO] PluginManage:310 - Check plugin pinoutandconfiguration
2025-02-01 20:54:39,066 [INFO] PluginManage:359 - Loaded plugin pinoutandconfiguration (category:base,tabindex:1)
2025-02-01 20:54:39,066 [INFO] PluginManage:310 - Check plugin pinoutconfig
2025-02-01 20:54:39,109 [WARN] SupportedApi:132 - Cannot load RTOS API schema: s4s-elt-must-match.1: The content of 'definitions' must match (annotation?, (simpleType | complexType)?, (unique | key | keyref)*)). A problem was found starting at: attribute.
2025-02-01 20:54:39,172 [INFO] PluginManage:359 - Loaded plugin pinoutconfig (category:base,tabindex:0)
2025-02-01 20:54:39,172 [INFO] PluginManage:310 - Check plugin power
2025-02-01 20:54:39,177 [INFO] PluginManage:359 - Loaded plugin power (category:power,tabindex:4)
2025-02-01 20:54:39,177 [INFO] PluginManage:310 - Check plugin projectmanager
2025-02-01 20:54:39,185 [INFO] PluginManage:359 - Loaded plugin projectmanager (category:projectmanager,tabindex:4)
2025-02-01 20:54:39,185 [INFO] PluginManage:310 - Check plugin rif
2025-02-01 20:54:39,189 [INFO] PluginManage:359 - Loaded plugin rif (category:base,tabindex:3)
2025-02-01 20:54:39,189 [INFO] PluginManage:310 - Check plugin thirdparty
2025-02-01 20:54:39,247 [INFO] PluginManage:359 - Loaded plugin thirdparty (category:base,tabindex:-1)
2025-02-01 20:54:39,247 [INFO] PluginManage:310 - Check plugin tools
2025-02-01 20:54:39,247 [WARN] IntegrityCheckThread:84 - waiting for thirdparty lock release [integrity check]
2025-02-01 20:54:39,247 [INFO] IntegrityCheckThread:86 - entering critical section [integrity check]
2025-02-01 20:54:39,248 [INFO] ThirdPartyUpdaterWithRetryManager:70 - Updater plugin not ready yet. [1/15]
2025-02-01 20:54:39,248 [INFO] PluginManage:359 - Loaded plugin tools (category:base,tabindex:7)
2025-02-01 20:54:39,248 [INFO] PluginManage:310 - Check plugin tutovideos
2025-02-01 20:54:39,334 [INFO] PluginManage:359 - Loaded plugin tutovideos (category:base,tabindex:-1)
2025-02-01 20:54:39,334 [INFO] PluginManage:310 - Check plugin updater
2025-02-01 20:54:39,349 [INFO] PluginManage:359 - Loaded plugin updater (category:base,tabindex:12)
2025-02-01 20:54:39,349 [INFO] PluginManage:310 - Check plugin userauth
2025-02-01 20:54:39,351 [INFO] UserAuth:118 - Init User Auth plugin
2025-02-01 20:54:39,352 [INFO] PluginManage:359 - Loaded plugin userauth (category:base,tabindex:14)
2025-02-01 20:54:39,352 [INFO] PluginManage:283 - PluginManage : Loaded plugins [18]
2025-02-01 20:54:39,448 [INFO] PinOutPanel:1589 - setPackage(No Configuration,No Configuration)
2025-02-01 20:54:39,483 [INFO] CADModel:165 - CPN selected for project level
2025-02-01 20:54:39,484 [INFO] CADModel:114 - Register for checkConnection events
2025-02-01 20:54:39,490 [INFO] IPUIPlugin:80 - create IPUIPlugin
2025-02-01 20:54:39,490 [INFO] PluginManager:220 - loadIPPluginJar : add hash
2025-02-01 20:54:39,494 [INFO] IPUIPlugin:80 - create IPUIPlugin
2025-02-01 20:54:39,496 [INFO] PluginManager:220 - loadIPPluginJar : add plateformsettings
2025-02-01 20:54:39,497 [INFO] IPUIPlugin:80 - create IPUIPlugin
2025-02-01 20:54:39,497 [INFO] PluginManager:220 - loadIPPluginJar : add i2c
2025-02-01 20:54:39,498 [INFO] IPUIPlugin:80 - create IPUIPlugin
2025-02-01 20:54:39,498 [INFO] PluginManager:220 - loadIPPluginJar : add comp
2025-02-01 20:54:39,498 [INFO] IPUIPlugin:80 - create IPUIPlugin
2025-02-01 20:54:39,498 [INFO] PluginManager:220 - loadIPPluginJar : add quadspi
2025-02-01 20:54:39,500 [INFO] IPUIPlugin:80 - create IPUIPlugin
2025-02-01 20:54:39,500 [INFO] PluginManager:220 - loadIPPluginJar : add opamp
2025-02-01 20:54:39,503 [INFO] IPUIPlugin:80 - create IPUIPlugin
2025-02-01 20:54:39,503 [INFO] PluginManager:220 - loadIPPluginJar : add stm32_wpan
2025-02-01 20:54:39,504 [INFO] IPUIPlugin:80 - create IPUIPlugin
2025-02-01 20:54:39,504 [INFO] PluginManager:220 - loadIPPluginJar : add cryp
2025-02-01 20:54:39,505 [INFO] IPUIPlugin:80 - create IPUIPlugin
2025-02-01 20:54:39,505 [INFO] PluginManager:220 - loadIPPluginJar : add can
2025-02-01 20:54:39,506 [INFO] IPUIPlugin:80 - create IPUIPlugin
2025-02-01 20:54:39,506 [INFO] PluginManager:220 - loadIPPluginJar : add i2s
2025-02-01 20:54:39,507 [INFO] IPUIPlugin:80 - create IPUIPlugin
2025-02-01 20:54:39,507 [INFO] PluginManager:220 - loadIPPluginJar : add gtzc
2025-02-01 20:54:39,509 [INFO] IPUIPlugin:80 - create IPUIPlugin
2025-02-01 20:54:39,509 [INFO] PluginManager:220 - loadIPPluginJar : add ipddr
2025-02-01 20:54:39,510 [INFO] IPUIPlugin:80 - create IPUIPlugin
2025-02-01 20:54:39,510 [INFO] PluginManager:220 - loadIPPluginJar : add sai
2025-02-01 20:54:39,512 [INFO] IPUIPlugin:80 - create IPUIPlugin
2025-02-01 20:54:39,512 [INFO] PluginManager:220 - loadIPPluginJar : add fmc
2025-02-01 20:54:39,513 [INFO] IPUIPlugin:80 - create IPUIPlugin
2025-02-01 20:54:39,513 [INFO] PluginManager:220 - loadIPPluginJar : add lorawan
2025-02-01 20:54:39,516 [INFO] IPUIPlugin:80 - create IPUIPlugin
2025-02-01 20:54:39,516 [INFO] PluginManager:220 - loadIPPluginJar : add gic
2025-02-01 20:54:39,519 [INFO] IPUIPlugin:80 - create IPUIPlugin
2025-02-01 20:54:39,519 [INFO] PluginManager:220 - loadIPPluginJar : add dma
2025-02-01 20:54:39,520 [INFO] IPUIPlugin:80 - create IPUIPlugin
2025-02-01 20:54:39,520 [INFO] PluginManager:220 - loadIPPluginJar : add dma3
2025-02-01 20:54:39,522 [INFO] IPUIPlugin:80 - create IPUIPlugin
2025-02-01 20:54:39,522 [INFO] PluginManager:220 - loadIPPluginJar : add freertos
2025-02-01 20:54:39,523 [INFO] IPUIPlugin:80 - create IPUIPlugin
2025-02-01 20:54:39,523 [INFO] PluginManager:220 - loadIPPluginJar : add pdm2pcm
2025-02-01 20:54:39,524 [INFO] IPUIPlugin:80 - create IPUIPlugin
2025-02-01 20:54:39,525 [INFO] PluginManager:220 - loadIPPluginJar : add usbx
2025-02-01 20:54:39,526 [INFO] IPUIPlugin:80 - create IPUIPlugin
2025-02-01 20:54:39,526 [INFO] PluginManager:220 - loadIPPluginJar : add ddr_ctrl_phy
2025-02-01 20:54:39,527 [INFO] IPUIPlugin:80 - create IPUIPlugin
2025-02-01 20:54:39,527 [INFO] PluginManager:220 - loadIPPluginJar : add openamp
2025-02-01 20:54:39,528 [INFO] IPUIPlugin:80 - create IPUIPlugin
2025-02-01 20:54:39,528 [INFO] PluginManager:220 - loadIPPluginJar : add i3c
2025-02-01 20:54:39,529 [INFO] IPUIPlugin:80 - create IPUIPlugin
2025-02-01 20:54:39,530 [INFO] PluginManager:220 - loadIPPluginJar : add extmemmanager
2025-02-01 20:54:39,530 [INFO] IPUIPlugin:80 - create IPUIPlugin
2025-02-01 20:54:39,530 [INFO] PluginManager:220 - loadIPPluginJar : add dfsdm
2025-02-01 20:54:39,531 [INFO] IPUIPlugin:80 - create IPUIPlugin
2025-02-01 20:54:39,531 [INFO] PluginManager:220 - loadIPPluginJar : add radio
2025-02-01 20:54:39,532 [INFO] IPUIPlugin:80 - create IPUIPlugin
2025-02-01 20:54:39,532 [INFO] PluginManager:220 - loadIPPluginJar : add tracer_emb
2025-02-01 20:54:39,534 [INFO] IPUIPlugin:80 - create IPUIPlugin
2025-02-01 20:54:39,534 [INFO] PluginManager:220 - loadIPPluginJar : add gpio
2025-02-01 20:54:39,535 [INFO] IPUIPlugin:80 - create IPUIPlugin
2025-02-01 20:54:39,535 [INFO] PluginManager:220 - loadIPPluginJar : add aes
2025-02-01 20:54:39,536 [INFO] IPUIPlugin:80 - create IPUIPlugin
2025-02-01 20:54:39,536 [INFO] PluginManager:220 - loadIPPluginJar : add tim
2025-02-01 20:54:39,539 [INFO] IPUIPlugin:80 - create IPUIPlugin
2025-02-01 20:54:39,539 [INFO] PluginManager:220 - loadIPPluginJar : add linkedlist
2025-02-01 20:54:39,540 [INFO] IPUIPlugin:80 - create IPUIPlugin
2025-02-01 20:54:39,540 [INFO] PluginManager:220 - loadIPPluginJar : add ts
2025-02-01 20:54:39,541 [INFO] IPUIPlugin:80 - create IPUIPlugin
2025-02-01 20:54:39,541 [INFO] PluginManager:220 - loadIPPluginJar : add spi
2025-02-01 20:54:39,544 [INFO] IPUIPlugin:80 - create IPUIPlugin
2025-02-01 20:54:39,544 [INFO] PluginManager:220 - loadIPPluginJar : add mdma
2025-02-01 20:54:39,545 [INFO] IPUIPlugin:80 - create IPUIPlugin
2025-02-01 20:54:39,545 [INFO] PluginManager:220 - loadIPPluginJar : add nvic
2025-02-01 20:54:39,545 [INFO] IPUIPlugin:80 - create IPUIPlugin
2025-02-01 20:54:39,545 [INFO] PluginManager:220 - loadIPPluginJar : add tsc
2025-02-01 20:54:39,546 [INFO] IPUIPlugin:80 - create IPUIPlugin
2025-02-01 20:54:39,546 [INFO] PluginManager:220 - loadIPPluginJar : add ucpd
2025-02-01 20:54:39,548 [INFO] IPUIPlugin:80 - create IPUIPlugin
2025-02-01 20:54:39,548 [INFO] PluginManager:220 - loadIPPluginJar : add touchsensing
2025-02-01 20:54:39,548 [INFO] IPUIPlugin:80 - create IPUIPlugin
2025-02-01 20:54:39,548 [INFO] PluginManager:220 - loadIPPluginJar : add genericplugin
2025-02-01 20:54:39,551 [INFO] IPUIPlugin:80 - create IPUIPlugin
2025-02-01 20:54:39,551 [INFO] PluginManager:220 - loadIPPluginJar : add adc
2025-02-01 20:54:39,552 [INFO] IPUIPlugin:80 - create IPUIPlugin
2025-02-01 20:54:39,552 [INFO] PluginManager:220 - loadIPPluginJar : add usart
2025-02-01 20:54:39,553 [INFO] IPUIPlugin:80 - create IPUIPlugin
2025-02-01 20:54:39,553 [INFO] PluginManager:220 - loadIPPluginJar : add gfxmmu
2025-02-01 20:54:39,554 [INFO] IPUIPlugin:80 - create IPUIPlugin
2025-02-01 20:54:39,554 [INFO] PluginManager:220 - loadIPPluginJar : add ltdc
2025-02-01 20:54:39,554 [INFO] IPUIPlugin:80 - create IPUIPlugin
2025-02-01 20:54:39,554 [INFO] PluginManager:220 - loadIPPluginJar : add fatfs
2025-02-01 20:54:39,556 [INFO] IPUIPlugin:80 - create IPUIPlugin
2025-02-01 20:54:39,556 [INFO] PluginManager:220 - loadIPPluginJar : add resmgrutility
2025-02-01 20:54:39,641 [FATAL] Updater:351 - Updater called before beeing initialized
2025-02-01 20:54:39,656 [INFO] RulesReader:64 - Compatibility file has been processed (297 Rules)
2025-02-01 20:54:39,663 [INFO] RulesReader:64 - Compatibility file has been processed (297 Rules)
2025-02-01 20:54:39,666 [INFO] CADModel:165 - CPN selected for project level
2025-02-01 20:54:39,666 [INFO] CADModel:114 - Register for checkConnection events
2025-02-01 20:54:39,666 [FATAL] Updater:351 - Updater called before beeing initialized
2025-02-01 20:54:39,666 [ERROR] CADModel:125 - Updater not yet initialized, retry later 
2025-02-01 20:54:39,734 [FATAL] Updater:351 - Updater called before beeing initialized
2025-02-01 20:54:39,735 [INFO] CADModel:165 - CPN selected for project level
2025-02-01 20:54:39,735 [INFO] CADModel:114 - Register for checkConnection events
2025-02-01 20:54:39,735 [FATAL] Updater:351 - Updater called before beeing initialized
2025-02-01 20:54:39,735 [ERROR] CADModel:125 - Updater not yet initialized, retry later 
2025-02-01 20:54:39,737 [FATAL] Updater:351 - Updater called before beeing initialized
2025-02-01 20:54:39,776 [FATAL] Updater:351 - Updater called before beeing initialized
2025-02-01 20:54:39,779 [INFO] DbMcusAds:53 - JSON generation date=Thu Sep 30 00:55:09 MDT 2021 (1632984909247)
2025-02-01 20:54:39,779 [FATAL] Updater:351 - Updater called before beeing initialized
2025-02-01 20:54:39,799 [WARN] DetailPanel:346 - Failed to get advertising image, set to default
2025-02-01 20:54:39,919 [FATAL] Updater:351 - Updater called before beeing initialized
2025-02-01 20:54:39,920 [FATAL] Updater:351 - Updater called before beeing initialized
2025-02-01 20:54:39,920 [FATAL] Updater:351 - Updater called before beeing initialized
2025-02-01 20:54:39,920 [WARN] DetailPanel:346 - Failed to get advertising image, set to default
2025-02-01 20:54:39,921 [FATAL] Updater:351 - Updater called before beeing initialized
2025-02-01 20:54:39,937 [ERROR] Updater:1198 - MainUpdater not yet initialized. External WinMGr cannot be set.
2025-02-01 20:54:39,938 [INFO] Updater:1134 - Updater Version found : 6.13.0
2025-02-01 20:54:39,949 [INFO] ApplicationProperties:184 - Using Application install path: /opt/st/stm32cubeide_1.17.0_2/plugins/com.st.stm32cube.common.mx_6.13.0.202411220809
2025-02-01 20:54:40,193 [INFO] MainUpdater:2872 - connection check result : 10
2025-02-01 20:54:40,193 [INFO] MainUpdater:289 - Updater Check For Update Now.
2025-02-01 20:54:40,193 [INFO] MicroXplorer:498 - Change Database Version : DB.6.0.130
2025-02-01 20:54:40,195 [INFO] McuFinderGlobals:63 - Set McuFinder mode to 2 (CubeIDE integrated)
2025-02-01 20:54:40,196 [INFO] UserAuth:486 - Internet connection configuration mode: 1
2025-02-01 20:54:40,207 [INFO] JxBrowserEngine:152 - Initiate JxBrowser Engine with user profile folder
2025-02-01 20:54:40,337 [INFO] CheckServerUpdateThread:120 - End of CheckServer Thread
2025-02-01 20:54:40,931 [INFO] WebApp:168 - Instantiating new browser for Auth
2025-02-01 20:54:41,348 [INFO] WebApp:449 - Apply proxy settings
2025-02-01 20:54:41,348 [INFO] WebApp:534 - Chromium requires no authentication
2025-02-01 20:54:41,352 [INFO] WebApp:477 - Direct internet connection detected
2025-02-01 20:54:41,363 [INFO] WebApp:880 - Register for checkConnection events
2025-02-01 20:54:41,363 [INFO] WebApp:449 - Apply proxy settings
2025-02-01 20:54:41,363 [INFO] WebApp:534 - Chromium requires no authentication
2025-02-01 20:54:41,363 [INFO] WebApp:477 - Direct internet connection detected
2025-02-01 20:54:41,438 [INFO] WebApp:221 - Starting web application
2025-02-01 20:54:41,438 [INFO] WebApp:579 - Web application path used /opt/st/stm32cubeide_1.17.0_2/plugins/com.st.stm32cube.common.mx_6.13.0.202411220809/db/plugins/mcufinder/reactClient1/index.html
2025-02-01 20:54:41,566 [INFO] WebApp:187 - Connection restablished
2025-02-01 20:54:41,600 [INFO] UserAuth:486 - Internet connection configuration mode: 1
2025-02-01 20:54:42,310 [WARN] PackLoader:240 - Cannot read IP mode file for STMicroelectronics.FP-SNS-MOTENVWB1.1.4.0
2025-02-01 20:54:42,314 [WARN] PackLoader:240 - Cannot read IP mode file for STMicroelectronics.FP-ATR-ASTRA1.2.0.1
2025-02-01 20:54:42,318 [WARN] PackLoader:240 - Cannot read IP mode file for STMicroelectronics.X-CUBE-SMBUS.2.1.0
2025-02-01 20:54:42,323 [WARN] PackLoader:240 - Cannot read IP mode file for STMicroelectronics.X-CUBE-WB05N.1.1.0
2025-02-01 20:54:42,326 [WARN] PackLoader:240 - Cannot read IP mode file for STMicroelectronics.X-CUBE-TOUCHGFX.4.23.0
2025-02-01 20:54:42,328 [WARN] PackLoader:240 - Cannot read IP mode file for STMicroelectronics.X-CUBE-TOUCHGFX.4.23.2
2025-02-01 20:54:42,342 [WARN] PackLoader:240 - Cannot read IP mode file for STMicroelectronics.X-CUBE-AZRTOS-F7.1.1.0
2025-02-01 20:54:42,348 [WARN] PackLoader:240 - Cannot read IP mode file for STMicroelectronics.FP-SNS-MOTENV1.4.3.2
2025-02-01 20:54:42,398 [WARN] PackLoader:240 - Cannot read IP mode file for STMicroelectronics.X-CUBE-MEMS1.11.0.0
2025-02-01 20:54:42,496 [WARN] PackLoader:240 - Cannot read IP mode file for STMicroelectronics.FP-SNS-FLIGHT1.5.0.2
2025-02-01 20:54:42,500 [WARN] PackLoader:240 - Cannot read IP mode file for STMicroelectronics.X-CUBE-DISPLAY.3.0.0
2025-02-01 20:54:42,504 [WARN] PackLoader:240 - Cannot read IP mode file for STMicroelectronics.X-CUBE-BLE1.7.0.0
2025-02-01 20:54:42,506 [WARN] PackLoader:240 - Cannot read IP mode file for STMicroelectronics.X-CUBE-NFC10.1.0.0
2025-02-01 20:54:42,511 [WARN] PackLoader:240 - Cannot read IP mode file for STMicroelectronics.X-CUBE-BLEMGR.4.0.0
2025-02-01 20:54:42,514 [WARN] PackLoader:240 - Cannot read IP mode file for emotas.I-CUBE-CANOPEN.1.3.0
2025-02-01 20:54:42,518 [WARN] PackLoader:240 - Cannot read IP mode file for STMicroelectronics.X-CUBE-BLEMGR.3.1.0
2025-02-01 20:54:42,520 [WARN] PackLoader:240 - Cannot read IP mode file for STMicroelectronics.X-CUBE-AI.10.0.0
2025-02-01 20:54:42,522 [WARN] PackLoader:240 - Cannot read IP mode file for STMicroelectronics.FP-SNS-SMARTAG2.1.2.0
2025-02-01 20:54:42,540 [WARN] PackLoader:240 - Cannot read IP mode file for STMicroelectronics.X-CUBE-MEMS1.11.1.0
2025-02-01 20:54:42,569 [ERROR] LogOutputStream:75 - [STDERR_REDIRECT] 20:54:42.568 ERROR Chromium process exit code: 133
2025-02-01 20:54:42,581 [ERROR] LogOutputStream:75 - [STDERR_REDIRECT] 
2025-02-01 20:54:42,582 [ERROR] LogOutputStream:75 - [STDERR_REDIRECT] 20:54:42.582 ERROR Crash dump dir: /home/nikolai/.config/jxbrowser/7.39.2/crash-reports
2025-02-01 20:54:42,583 [ERROR] LogOutputStream:75 - [STDERR_REDIRECT] 
2025-02-01 20:54:42,583 [ERROR] WebApp:398 - JxBrowser engine crashed! Exit code: 133
2025-02-01 20:54:42,640 [INFO] LogOutputStream:77 - [STDOUT_REDIRECT] 1 : Invalid condition id : UX_CORESTACK_Condition cause : null
2025-02-01 20:54:42,641 [INFO] LogOutputStream:77 - [STDOUT_REDIRECT] 1 : Invalid condition id : UX_CORESTACK_Condition cause : null
2025-02-01 20:54:42,641 [INFO] LogOutputStream:77 - [STDOUT_REDIRECT] 1 : Invalid condition id : UX_CORESTACK_Condition cause : null
2025-02-01 20:54:42,641 [INFO] LogOutputStream:77 - [STDOUT_REDIRECT] 1 : Invalid condition id : UX_CORESTACK_Condition cause : null
2025-02-01 20:54:42,642 [INFO] LogOutputStream:77 - [STDOUT_REDIRECT] 1 : Invalid condition id : UX_CORESTACK_Condition cause : null
2025-02-01 20:54:42,644 [WARN] PackLoader:240 - Cannot read IP mode file for STMicroelectronics.X-CUBE-AZRTOS-WL.2.0.0
2025-02-01 20:54:42,647 [WARN] PackLoader:240 - Cannot read IP mode file for STMicroelectronics.FP-SNS-MOTENV1.5.0.0
2025-02-01 20:54:42,650 [WARN] PackLoader:240 - Cannot read IP mode file for wolfSSL.I-CUBE-wolfMQTT.1.19.0
2025-02-01 20:54:42,654 [WARN] PackLoader:240 - Cannot read IP mode file for WES.I-CUBE-Cesium.1.3.0
2025-02-01 20:54:42,657 [WARN] PackLoader:240 - Cannot read IP mode file for STMicroelectronics.X-CUBE-BLE2.3.3.0
2025-02-01 20:54:42,661 [WARN] PackLoader:240 - Cannot read IP mode file for STMicroelectronics.X-CUBE-NFC9.1.0.0
2025-02-01 20:54:42,666 [WARN] PackLoader:240 - Cannot read IP mode file for STMicroelectronics.X-CUBE-TCPP.4.1.0
2025-02-01 20:54:42,670 [WARN] PackLoader:240 - Cannot read IP mode file for STMicroelectronics.X-CUBE-ALGOBUILD.1.3.0
2025-02-01 20:54:42,680 [WARN] PackLoader:240 - Cannot read IP mode file for STMicroelectronics.X-CUBE-AZRTOS-G0.1.1.0
2025-02-01 20:54:42,685 [WARN] PackLoader:240 - Cannot read IP mode file for STMicroelectronics.X-CUBE-SAFEA1.1.2.2
2025-02-01 20:54:42,689 [WARN] PackLoader:240 - Cannot read IP mode file for STMicroelectronics.X-CUBE-NFC4.3.0.0
2025-02-01 20:54:42,696 [WARN] PackLoader:240 - Cannot read IP mode file for EmbeddedOffice.I-CUBE-FS-RTOS.1.0.1
2025-02-01 20:54:42,702 [WARN] PackLoader:240 - Cannot read IP mode file for STMicroelectronics.X-CUBE-BLEMGR.3.0.0
2025-02-01 20:54:42,707 [WARN] PackLoader:240 - Cannot read IP mode file for STMicroelectronics.X-CUBE-TCPP.4.2.0
2025-02-01 20:54:42,711 [WARN] PackLoader:240 - Cannot read IP mode file for RealThread.X-CUBE-RT-Thread_Nano.4.1.1
2025-02-01 20:54:42,714 [WARN] PackLoader:240 - Cannot read IP mode file for STMicroelectronics.FP-ATR-SIGFOX1.3.2.0
2025-02-01 20:54:42,716 [WARN] ConditionMgr:438 - getConditionDescription Invalid condition id : Cortex-A Device cause : null
2025-02-01 20:54:42,725 [WARN] ConditionMgr:1044 - genDependencies : Invalid condition id : Cortex-A Device cause : null
2025-02-01 20:54:42,725 [WARN] ConditionMgr:1044 - genDependencies : Invalid condition id : Cortex-A Device cause : null
2025-02-01 20:54:42,725 [WARN] ConditionMgr:1044 - genDependencies : Invalid condition id : Cortex-A Device cause : null
2025-02-01 20:54:42,729 [WARN] PackLoader:240 - Cannot read IP mode file for STMicroelectronics.X-CUBE-EEPRMA1.5.1.0
2025-02-01 20:54:42,744 [WARN] PackLoader:240 - Cannot read IP mode file for SEGGER.I-CUBE-embOS.1.3.1
2025-02-01 20:54:42,759 [WARN] PackLoader:240 - Cannot read IP mode file for STMicroelectronics.X-CUBE-ALGOBUILD.1.4.0
2025-02-01 20:54:42,760 [WARN] PackLoader:240 - Cannot read IP mode file for STMicroelectronics.X-CUBE-AI.9.1.0
2025-02-01 20:54:42,763 [WARN] PackLoader:240 - Cannot read IP mode file for STMicroelectronics.X-CUBE-GNSS1.6.0.0
2025-02-01 20:54:42,769 [WARN] PackLoader:240 - Cannot read IP mode file for STMicroelectronics.X-CUBE-AZRTOS-F4.1.1.0
2025-02-01 20:54:42,772 [WARN] PackLoader:240 - Cannot read IP mode file for STMicroelectronics.X-CUBE-ISPU.2.1.0
2025-02-01 20:54:42,774 [WARN] PackLoader:240 - Cannot read IP mode file for STMicroelectronics.X-CUBE-FREERTOS.1.2.0
2025-02-01 20:54:42,776 [WARN] PackLoader:240 - Cannot read IP mode file for wolfSSL.I-CUBE-wolfSSL.5.6.6
2025-02-01 20:54:42,783 [WARN] PackLoader:240 - Cannot read IP mode file for STMicroelectronics.X-CUBE-AZRTOS-L5.2.0.0
2025-02-01 20:54:42,786 [WARN] PackLoader:240 - Cannot read IP mode file for STMicroelectronics.X-CUBE-EEPRMA1.4.2.0
2025-02-01 20:54:42,789 [WARN] PackLoader:240 - Cannot read IP mode file for STMicroelectronics.X-CUBE-NFC6.3.1.0
2025-02-01 20:54:42,792 [WARN] PackLoader:240 - Cannot read IP mode file for ITTIA_DB.I-CUBE-ITTIADB.8.8.0
2025-02-01 20:54:42,795 [WARN] PackLoader:240 - Cannot read IP mode file for STMicroelectronics.X-CUBE-DPower.1.2.0
2025-02-01 20:54:42,797 [WARN] PackLoader:240 - Cannot read IP mode file for STMicroelectronics.X-CUBE-AI.9.0.0
2025-02-01 20:54:42,800 [WARN] PackLoader:240 - Cannot read IP mode file for STMicroelectronics.X-CUBE-FREERTOS.1.3.0
2025-02-01 20:54:42,804 [WARN] PackLoader:240 - Cannot read IP mode file for STMicroelectronics.X-CUBE-NFC7.1.0.1
2025-02-01 20:54:42,807 [WARN] PackLoader:240 - Cannot read IP mode file for wolfSSL.I-CUBE-wolfTPM.3.2.0
2025-02-01 20:54:42,811 [WARN] PackLoader:240 - Cannot read IP mode file for STMicroelectronics.X-CUBE-NFC6.3.0.0
2025-02-01 20:54:42,815 [WARN] PackLoader:240 - Cannot read IP mode file for STMicroelectronics.X-CUBE-AI.8.1.0
2025-02-01 20:54:42,826 [WARN] ConditionMgr:438 - getConditionDescription Invalid condition id : LAN8742 Phy interface Condition cause : null
2025-02-01 20:54:42,827 [WARN] PackLoader:240 - Cannot read IP mode file for STMicroelectronics.X-CUBE-AZRTOS-L4.2.0.0
2025-02-01 20:54:42,828 [WARN] ConditionMgr:1044 - genDependencies : Invalid condition id : LAN8742 Phy interface Condition cause : null
2025-02-01 20:54:42,828 [WARN] ConditionMgr:1044 - genDependencies : Invalid condition id : LAN8742 Phy interface Condition cause : null
2025-02-01 20:54:42,828 [WARN] ConditionMgr:1044 - genDependencies : Invalid condition id : LAN8742 Phy interface Condition cause : null
2025-02-01 20:54:42,834 [WARN] PackLoader:240 - Cannot read IP mode file for STMicroelectronics.X-CUBE-SFXS2LP1.4.0.0
2025-02-01 20:54:42,846 [WARN] PackLoader:240 - Cannot read IP mode file for STMicroelectronics.X-CUBE-AZRTOS-H7.3.3.0
2025-02-01 20:54:42,850 [WARN] PackLoader:240 - Cannot read IP mode file for STMicroelectronics.X-CUBE-IPS.3.0.0
2025-02-01 20:54:42,855 [WARN] ConditionMgr:438 - getConditionDescription Invalid condition id : UX DEVICE CLASS RTOS Condition cause : null
2025-02-01 20:54:42,856 [WARN] ConditionMgr:438 - getConditionDescription Invalid condition id : UX DEVICE CLASS RTOS Condition cause : null
2025-02-01 20:54:42,856 [WARN] PackLoader:240 - Cannot read IP mode file for STMicroelectronics.X-CUBE-AZRTOS-WB.2.0.0
2025-02-01 20:54:42,857 [WARN] ConditionMgr:1044 - genDependencies : Invalid condition id : UX DEVICE CLASS RTOS Condition cause : null
2025-02-01 20:54:42,857 [WARN] ConditionMgr:1044 - genDependencies : Invalid condition id : UX DEVICE CLASS RTOS Condition cause : null
2025-02-01 20:54:42,857 [WARN] ConditionMgr:1044 - genDependencies : Invalid condition id : UX DEVICE CLASS RTOS Condition cause : null
2025-02-01 20:54:42,857 [WARN] ConditionMgr:1044 - genDependencies : Invalid condition id : UX DEVICE CLASS RTOS Condition cause : null
2025-02-01 20:54:42,857 [WARN] ConditionMgr:1044 - genDependencies : Invalid condition id : UX DEVICE CLASS RTOS Condition cause : null
2025-02-01 20:54:42,859 [WARN] PackLoader:240 - Cannot read IP mode file for STMicroelectronics.X-CUBE-GNSS1.7.0.0
2025-02-01 20:54:42,862 [WARN] PackLoader:240 - Cannot read IP mode file for STMicroelectronics.X-CUBE-GNSS1.7.0.1
2025-02-01 20:54:42,865 [WARN] PackLoader:240 - Cannot read IP mode file for STMicroelectronics.FP-SNS-STBOX1.2.0.0
2025-02-01 20:54:42,871 [WARN] PackLoader:240 - Cannot read IP mode file for STMicroelectronics.X-CUBE-SUBG2.5.0.0
2025-02-01 20:54:42,884 [WARN] PackLoader:240 - Cannot read IP mode file for STMicroelectronics.X-CUBE-AZRTOS-G4.2.0.0
2025-02-01 20:54:42,892 [WARN] PackLoader:240 - Cannot read IP mode file for Infineon.AIROC-Wi-Fi-Bluetooth-STM32.1.5.1
2025-02-01 20:54:42,896 [WARN] PackLoader:240 - Cannot read IP mode file for STMicroelectronics.FP-SNS-MOTENVWB1.1.3.1
2025-02-01 20:54:42,899 [WARN] PackLoader:240 - Cannot read IP mode file for STMicroelectronics.X-CUBE-ISPU.2.0.0
2025-02-01 20:54:42,904 [WARN] PackLoader:240 - Cannot read IP mode file for STMicroelectronics.X-CUBE-IPS.3.1.0
2025-02-01 20:54:42,908 [WARN] PackLoader:240 - Cannot read IP mode file for STMicroelectronics.X-CUBE-ALS.1.0.2
2025-02-01 20:54:42,920 [WARN] PackLoader:240 - Cannot read IP mode file for STMicroelectronics.X-CUBE-MEMS1.10.0.0
2025-02-01 20:54:42,965 [WARN] PackLoader:240 - Cannot read IP mode file for STMicroelectronics.X-CUBE-FREERTOS.1.1.0
2025-02-01 20:54:42,967 [WARN] PackLoader:240 - Cannot read IP mode file for STMicroelectronics.X-CUBE-TOUCHGFX.4.24.0
2025-02-01 20:54:42,968 [WARN] PackLoader:240 - Cannot read IP mode file for STMicroelectronics.X-CUBE-TOUCHGFX.4.24.2
2025-02-01 20:54:42,969 [WARN] PackLoader:240 - Cannot read IP mode file for STMicroelectronics.X-CUBE-TOUCHGFX.4.24.1
2025-02-01 20:54:42,971 [WARN] PackLoader:240 - Cannot read IP mode file for portGmbH.I-Cube-SoM-uGOAL.1.1.0
2025-02-01 20:54:42,973 [WARN] PackLoader:240 - Cannot read IP mode file for STMicroelectronics.X-CUBE-ALS.1.0.1
2025-02-01 20:54:42,979 [WARN] PackLoader:240 - Cannot read IP mode file for STMicroelectronics.X-CUBE-AZRTOS-H7RS.1.0.0
2025-02-01 20:54:42,982 [WARN] PackLoader:240 - Cannot read IP mode file for STMicroelectronics.FP-ATR-ASTRA1.2.0.0
2025-02-01 20:54:42,987 [WARN] PackLoader:240 - Cannot read IP mode file for STMicroelectronics.X-CUBE-TOF1.3.4.2
2025-02-01 20:54:42,997 [WARN] PackLoader:240 - Cannot read IP mode file for STMicroelectronics.X-CUBE-TOF1.3.4.0
2025-02-01 20:54:43,009 [WARN] PackLoader:240 - Cannot read IP mode file for STMicroelectronics.X-CUBE-TOF1.3.4.1
2025-02-01 20:54:43,020 [WARN] PackLoader:240 - Cannot read IP mode file for STMicroelectronics.X-CUBE-AZRTOS-H7.3.2.0
2025-02-01 20:54:43,030 [WARN] PackLoader:240 - Cannot read IP mode file for wolfSSL.I-CUBE-wolfSSH.1.4.17
2025-02-01 20:54:43,031 [INFO] ThirdParty:978 - Integrity check success = true
2025-02-01 20:54:43,031 [INFO] IntegrityCheckThread:100 - exiting critical section [integrity check]
2025-02-01 20:54:43,031 [INFO] IntegrityCheckThread:103 - End integrity checks thread
