2025-05-07 19:42:03,681 [INFO] Activator:176 - 


2025-05-07 19:42:03,683 [INFO] Activator:177 - !SESSION log4j initialized
2025-05-07 19:42:06,232 [INFO] LogOutputStream:77 - [STDOUT_REDIRECT] 
2025-05-07 19:42:06,781 [INFO] ApplicationProperties:184 - Using Application install path: /opt/st/stm32cubeide_1.17.0_2/plugins/com.st.stm32cube.common.mx_6.13.0.202411220809
2025-05-07 19:42:06,794 [INFO] DbMcusXml:78 - Set database path to: /opt/st/stm32cubeide_1.17.0_2/plugins/com.st.stm32cube.common.mx_6.13.0.202411220809//db//mcu/
2025-05-07 19:42:06,794 [INFO] ApiDb:274 - Set plugin database path to: /opt/st/stm32cubeide_1.17.0_2/plugins/com.st.stm32cube.common.mx_6.13.0.202411220809//db//plugins/boardmanager/
2025-05-07 19:42:06,794 [WARN] ApiDb:259 - Overriding images path with different value:  => /opt/st/stm32cubeide_1.17.0_2/plugins/com.st.stm32cube.common.mx_6.13.0.202411220809//db//plugins/mcufinder/images/
2025-05-07 19:42:06,799 [INFO] ApiDb:250 - Set database path to: /home/nikolai/.stmcufinder/plugins/mcufinder//mcu/
2025-05-07 19:42:06,800 [INFO] DbMcusAds:125 - Set database path to: /home/nikolai/.stmcufinder/plugins/mcufinder//mcu/
2025-05-07 19:42:06,802 [INFO] CrossReferenceDbSqlite:203 - Set database path to: /home/nikolai/.stmcufinder/plugins/mcufinder//mcu/cs/
2025-05-07 19:42:06,878 [INFO] RulesReader:64 - Compatibility file has been processed (297 Rules)
2025-05-07 19:42:06,923 [INFO] DbMcusXml:78 - Set database path to: /opt/st/stm32cubeide_1.17.0_2/plugins/com.st.stm32cube.common.mx_6.13.0.202411220809//db//mcu/
2025-05-07 19:42:06,923 [INFO] ApiDb:274 - Set plugin database path to: /opt/st/stm32cubeide_1.17.0_2/plugins/com.st.stm32cube.common.mx_6.13.0.202411220809//db//plugins/boardmanager/
2025-05-07 19:42:06,923 [INFO] ApiDb:261 - Set plugin images path to: /opt/st/stm32cubeide_1.17.0_2/plugins/com.st.stm32cube.common.mx_6.13.0.202411220809//db//plugins/mcufinder/images/
2025-05-07 19:42:06,923 [WARN] DbFile:41 - Overriding database path with different value: /home/nikolai/.stmcufinder/plugins/mcufinder/ => /home/nikolai/.stmcufinder/plugins/mcufinder
2025-05-07 19:42:06,923 [INFO] ApiDb:250 - Set database path to: /home/nikolai/.stmcufinder/plugins/mcufinder//mcu/
2025-05-07 19:42:06,923 [WARN] DbFile:41 - Overriding database path with different value: /home/nikolai/.stmcufinder/plugins/mcufinder/ => /home/nikolai/.stmcufinder/plugins/mcufinder
2025-05-07 19:42:06,924 [INFO] DbMcusAds:125 - Set database path to: /home/nikolai/.stmcufinder/plugins/mcufinder//mcu/
2025-05-07 19:42:06,924 [WARN] DbFile:41 - Overriding database path with different value: /home/nikolai/.stmcufinder/plugins/mcufinder/ => /home/nikolai/.stmcufinder/plugins/mcufinder
2025-05-07 19:42:06,924 [WARN] DbFile:41 - Overriding database path with different value: /home/nikolai/.stmcufinder/plugins/mcufinder/ => /home/nikolai/.stmcufinder/plugins/mcufinder
2025-05-07 19:42:06,924 [INFO] CrossReferenceDbSqlite:203 - Set database path to: /home/nikolai/.stmcufinder/plugins/mcufinder//mcu/cs/
2025-05-07 19:42:06,972 [INFO] MainPanel:272 - HeapMemory: 268435456
2025-05-07 19:42:07,080 [INFO] DbMcusXml:78 - Set database path to: /opt/st/stm32cubeide_1.17.0_2/plugins/com.st.stm32cube.common.mx_6.13.0.202411220809//db//mcu/
2025-05-07 19:42:07,080 [INFO] ApiDb:274 - Set plugin database path to: /opt/st/stm32cubeide_1.17.0_2/plugins/com.st.stm32cube.common.mx_6.13.0.202411220809//db//plugins/boardmanager/
2025-05-07 19:42:07,080 [INFO] ApiDb:261 - Set plugin images path to: /opt/st/stm32cubeide_1.17.0_2/plugins/com.st.stm32cube.common.mx_6.13.0.202411220809//db//plugins/mcufinder/images/
2025-05-07 19:42:07,080 [WARN] DbFile:41 - Overriding database path with different value: /home/nikolai/.stmcufinder/plugins/mcufinder/ => /home/nikolai/.stmcufinder/plugins/mcufinder
2025-05-07 19:42:07,080 [INFO] ApiDb:250 - Set database path to: /home/nikolai/.stmcufinder/plugins/mcufinder//mcu/
2025-05-07 19:42:07,081 [WARN] DbFile:41 - Overriding database path with different value: /home/nikolai/.stmcufinder/plugins/mcufinder/ => /home/nikolai/.stmcufinder/plugins/mcufinder
2025-05-07 19:42:07,081 [INFO] DbMcusAds:125 - Set database path to: /home/nikolai/.stmcufinder/plugins/mcufinder//mcu/
2025-05-07 19:42:07,081 [WARN] DbFile:41 - Overriding database path with different value: /home/nikolai/.stmcufinder/plugins/mcufinder/ => /home/nikolai/.stmcufinder/plugins/mcufinder
2025-05-07 19:42:07,081 [WARN] DbFile:41 - Overriding database path with different value: /home/nikolai/.stmcufinder/plugins/mcufinder/ => /home/nikolai/.stmcufinder/plugins/mcufinder
2025-05-07 19:42:07,081 [INFO] CrossReferenceDbSqlite:203 - Set database path to: /home/nikolai/.stmcufinder/plugins/mcufinder//mcu/cs/
2025-05-07 19:42:07,090 [INFO] ApplicationProperties:184 - Using Application install path: /opt/st/stm32cubeide_1.17.0_2/plugins/com.st.stm32cube.common.mx_6.13.0.202411220809
2025-05-07 19:42:07,092 [INFO] PluginManage:196 - Search for loadable plugins [exclusion list=, ]
2025-05-07 19:42:07,093 [INFO] PluginManage:310 - Check plugin analytics
2025-05-07 19:42:07,184 [INFO] AnalyticsPlugin:253 - Accepted Software Licenses: 
2025-05-07 19:42:07,184 [INFO] AnalyticsPlugin:255 - Accepted CMSIS Pack Licenses: 
2025-05-07 19:42:07,184 [INFO] AnalyticsPlugin:257 - Accepted Firmware Licenses: FW.L4.1.18.0,FW.G4.1.5.0,FW.G4.1.6.0
2025-05-07 19:42:07,185 [INFO] PluginManage:359 - Loaded plugin analytics (category:tool,tabindex:-1)
2025-05-07 19:42:07,186 [INFO] PluginManage:310 - Check plugin cadmodel
2025-05-07 19:42:07,188 [INFO] CADModel:105 - Init CAD model plugin
2025-05-07 19:42:07,188 [INFO] PluginManage:359 - Loaded plugin cadmodel (category:power,tabindex:5)
2025-05-07 19:42:07,188 [INFO] PluginManage:310 - Check plugin clock
2025-05-07 19:42:07,194 [INFO] PluginManage:359 - Loaded plugin clock (category:base,tabindex:2)
2025-05-07 19:42:07,194 [INFO] PluginManage:310 - Check plugin ddr
2025-05-07 19:42:07,196 [INFO] PluginManage:359 - Loaded plugin ddr (category:tool,tabindex:6)
2025-05-07 19:42:07,196 [INFO] PluginManage:310 - Check plugin filemanager
2025-05-07 19:42:07,287 [INFO] PluginManage:359 - Loaded plugin filemanager (category:base,tabindex:10)
2025-05-07 19:42:07,287 [INFO] PluginManage:310 - Check plugin ipmanager
2025-05-07 19:42:07,291 [INFO] PluginManage:359 - Loaded plugin ipmanager (category:base,tabindex:5)
2025-05-07 19:42:07,291 [INFO] PluginManage:310 - Check plugin lpbam
2025-05-07 19:42:07,296 [INFO] PluginManage:359 - Loaded plugin lpbam (category:base,tabindex:0)
2025-05-07 19:42:07,297 [INFO] PluginManage:310 - Check plugin memorymap
2025-05-07 19:42:07,303 [INFO] PluginManage:359 - Loaded plugin memorymap (category:base,tabindex:4)
2025-05-07 19:42:07,303 [INFO] PluginManage:310 - Check plugin pinoutandconfiguration
2025-05-07 19:42:07,307 [INFO] PluginManage:359 - Loaded plugin pinoutandconfiguration (category:base,tabindex:1)
2025-05-07 19:42:07,307 [INFO] PluginManage:310 - Check plugin pinoutconfig
2025-05-07 19:42:07,357 [WARN] SupportedApi:132 - Cannot load RTOS API schema: s4s-elt-must-match.1: The content of 'definitions' must match (annotation?, (simpleType | complexType)?, (unique | key | keyref)*)). A problem was found starting at: attribute.
2025-05-07 19:42:07,434 [INFO] PluginManage:359 - Loaded plugin pinoutconfig (category:base,tabindex:0)
2025-05-07 19:42:07,434 [INFO] PluginManage:310 - Check plugin power
2025-05-07 19:42:07,440 [INFO] PluginManage:359 - Loaded plugin power (category:power,tabindex:4)
2025-05-07 19:42:07,440 [INFO] PluginManage:310 - Check plugin projectmanager
2025-05-07 19:42:07,451 [INFO] PluginManage:359 - Loaded plugin projectmanager (category:projectmanager,tabindex:4)
2025-05-07 19:42:07,452 [INFO] PluginManage:310 - Check plugin rif
2025-05-07 19:42:07,457 [INFO] PluginManage:359 - Loaded plugin rif (category:base,tabindex:3)
2025-05-07 19:42:07,457 [INFO] PluginManage:310 - Check plugin thirdparty
2025-05-07 19:42:07,531 [INFO] PluginManage:359 - Loaded plugin thirdparty (category:base,tabindex:-1)
2025-05-07 19:42:07,531 [WARN] IntegrityCheckThread:84 - waiting for thirdparty lock release [integrity check]
2025-05-07 19:42:07,531 [INFO] PluginManage:310 - Check plugin tools
2025-05-07 19:42:07,531 [INFO] IntegrityCheckThread:86 - entering critical section [integrity check]
2025-05-07 19:42:07,532 [INFO] ThirdPartyUpdaterWithRetryManager:70 - Updater plugin not ready yet. [1/15]
2025-05-07 19:42:07,532 [INFO] PluginManage:359 - Loaded plugin tools (category:base,tabindex:7)
2025-05-07 19:42:07,532 [INFO] PluginManage:310 - Check plugin tutovideos
2025-05-07 19:42:07,632 [INFO] PluginManage:359 - Loaded plugin tutovideos (category:base,tabindex:-1)
2025-05-07 19:42:07,633 [INFO] PluginManage:310 - Check plugin updater
2025-05-07 19:42:07,650 [INFO] PluginManage:359 - Loaded plugin updater (category:base,tabindex:12)
2025-05-07 19:42:07,650 [INFO] PluginManage:310 - Check plugin userauth
2025-05-07 19:42:07,653 [INFO] UserAuth:118 - Init User Auth plugin
2025-05-07 19:42:07,654 [INFO] PluginManage:359 - Loaded plugin userauth (category:base,tabindex:14)
2025-05-07 19:42:07,654 [INFO] PluginManage:283 - PluginManage : Loaded plugins [18]
2025-05-07 19:42:07,779 [INFO] PinOutPanel:1589 - setPackage(No Configuration,No Configuration)
2025-05-07 19:42:07,824 [INFO] CADModel:165 - CPN selected for project level
2025-05-07 19:42:07,824 [INFO] CADModel:114 - Register for checkConnection events
2025-05-07 19:42:07,831 [INFO] IPUIPlugin:80 - create IPUIPlugin
2025-05-07 19:42:07,831 [INFO] PluginManager:220 - loadIPPluginJar : add hash
2025-05-07 19:42:07,834 [INFO] IPUIPlugin:80 - create IPUIPlugin
2025-05-07 19:42:07,836 [INFO] PluginManager:220 - loadIPPluginJar : add plateformsettings
2025-05-07 19:42:07,837 [INFO] IPUIPlugin:80 - create IPUIPlugin
2025-05-07 19:42:07,838 [INFO] PluginManager:220 - loadIPPluginJar : add i2c
2025-05-07 19:42:07,838 [INFO] IPUIPlugin:80 - create IPUIPlugin
2025-05-07 19:42:07,838 [INFO] PluginManager:220 - loadIPPluginJar : add comp
2025-05-07 19:42:07,839 [INFO] IPUIPlugin:80 - create IPUIPlugin
2025-05-07 19:42:07,839 [INFO] PluginManager:220 - loadIPPluginJar : add quadspi
2025-05-07 19:42:07,841 [INFO] IPUIPlugin:80 - create IPUIPlugin
2025-05-07 19:42:07,841 [INFO] PluginManager:220 - loadIPPluginJar : add opamp
2025-05-07 19:42:07,844 [INFO] IPUIPlugin:80 - create IPUIPlugin
2025-05-07 19:42:07,845 [INFO] PluginManager:220 - loadIPPluginJar : add stm32_wpan
2025-05-07 19:42:07,846 [INFO] IPUIPlugin:80 - create IPUIPlugin
2025-05-07 19:42:07,846 [INFO] PluginManager:220 - loadIPPluginJar : add cryp
2025-05-07 19:42:07,847 [INFO] IPUIPlugin:80 - create IPUIPlugin
2025-05-07 19:42:07,847 [INFO] PluginManager:220 - loadIPPluginJar : add can
2025-05-07 19:42:07,848 [INFO] IPUIPlugin:80 - create IPUIPlugin
2025-05-07 19:42:07,848 [INFO] PluginManager:220 - loadIPPluginJar : add i2s
2025-05-07 19:42:07,849 [INFO] IPUIPlugin:80 - create IPUIPlugin
2025-05-07 19:42:07,849 [INFO] PluginManager:220 - loadIPPluginJar : add gtzc
2025-05-07 19:42:07,851 [INFO] IPUIPlugin:80 - create IPUIPlugin
2025-05-07 19:42:07,851 [INFO] PluginManager:220 - loadIPPluginJar : add ipddr
2025-05-07 19:42:07,853 [INFO] IPUIPlugin:80 - create IPUIPlugin
2025-05-07 19:42:07,853 [INFO] PluginManager:220 - loadIPPluginJar : add sai
2025-05-07 19:42:07,855 [INFO] IPUIPlugin:80 - create IPUIPlugin
2025-05-07 19:42:07,855 [INFO] PluginManager:220 - loadIPPluginJar : add fmc
2025-05-07 19:42:07,856 [INFO] IPUIPlugin:80 - create IPUIPlugin
2025-05-07 19:42:07,856 [INFO] PluginManager:220 - loadIPPluginJar : add lorawan
2025-05-07 19:42:07,859 [INFO] IPUIPlugin:80 - create IPUIPlugin
2025-05-07 19:42:07,859 [INFO] PluginManager:220 - loadIPPluginJar : add gic
2025-05-07 19:42:07,862 [INFO] IPUIPlugin:80 - create IPUIPlugin
2025-05-07 19:42:07,862 [INFO] PluginManager:220 - loadIPPluginJar : add dma
2025-05-07 19:42:07,863 [INFO] IPUIPlugin:80 - create IPUIPlugin
2025-05-07 19:42:07,863 [INFO] PluginManager:220 - loadIPPluginJar : add dma3
2025-05-07 19:42:07,866 [INFO] IPUIPlugin:80 - create IPUIPlugin
2025-05-07 19:42:07,866 [INFO] PluginManager:220 - loadIPPluginJar : add freertos
2025-05-07 19:42:07,867 [INFO] IPUIPlugin:80 - create IPUIPlugin
2025-05-07 19:42:07,867 [INFO] PluginManager:220 - loadIPPluginJar : add pdm2pcm
2025-05-07 19:42:07,869 [INFO] IPUIPlugin:80 - create IPUIPlugin
2025-05-07 19:42:07,869 [INFO] PluginManager:220 - loadIPPluginJar : add usbx
2025-05-07 19:42:07,870 [INFO] IPUIPlugin:80 - create IPUIPlugin
2025-05-07 19:42:07,870 [INFO] PluginManager:220 - loadIPPluginJar : add ddr_ctrl_phy
2025-05-07 19:42:07,871 [INFO] IPUIPlugin:80 - create IPUIPlugin
2025-05-07 19:42:07,872 [INFO] PluginManager:220 - loadIPPluginJar : add openamp
2025-05-07 19:42:07,873 [INFO] IPUIPlugin:80 - create IPUIPlugin
2025-05-07 19:42:07,874 [INFO] PluginManager:220 - loadIPPluginJar : add i3c
2025-05-07 19:42:07,877 [INFO] IPUIPlugin:80 - create IPUIPlugin
2025-05-07 19:42:07,877 [INFO] PluginManager:220 - loadIPPluginJar : add extmemmanager
2025-05-07 19:42:07,878 [INFO] IPUIPlugin:80 - create IPUIPlugin
2025-05-07 19:42:07,878 [INFO] PluginManager:220 - loadIPPluginJar : add dfsdm
2025-05-07 19:42:07,879 [INFO] IPUIPlugin:80 - create IPUIPlugin
2025-05-07 19:42:07,879 [INFO] PluginManager:220 - loadIPPluginJar : add radio
2025-05-07 19:42:07,880 [INFO] IPUIPlugin:80 - create IPUIPlugin
2025-05-07 19:42:07,880 [INFO] PluginManager:220 - loadIPPluginJar : add tracer_emb
2025-05-07 19:42:07,882 [INFO] IPUIPlugin:80 - create IPUIPlugin
2025-05-07 19:42:07,883 [INFO] PluginManager:220 - loadIPPluginJar : add gpio
2025-05-07 19:42:07,884 [INFO] IPUIPlugin:80 - create IPUIPlugin
2025-05-07 19:42:07,884 [INFO] PluginManager:220 - loadIPPluginJar : add aes
2025-05-07 19:42:07,884 [INFO] IPUIPlugin:80 - create IPUIPlugin
2025-05-07 19:42:07,884 [INFO] PluginManager:220 - loadIPPluginJar : add tim
2025-05-07 19:42:07,889 [INFO] IPUIPlugin:80 - create IPUIPlugin
2025-05-07 19:42:07,889 [INFO] PluginManager:220 - loadIPPluginJar : add linkedlist
2025-05-07 19:42:07,889 [INFO] IPUIPlugin:80 - create IPUIPlugin
2025-05-07 19:42:07,889 [INFO] PluginManager:220 - loadIPPluginJar : add ts
2025-05-07 19:42:07,890 [INFO] IPUIPlugin:80 - create IPUIPlugin
2025-05-07 19:42:07,890 [INFO] PluginManager:220 - loadIPPluginJar : add spi
2025-05-07 19:42:07,894 [INFO] IPUIPlugin:80 - create IPUIPlugin
2025-05-07 19:42:07,895 [INFO] PluginManager:220 - loadIPPluginJar : add mdma
2025-05-07 19:42:07,896 [INFO] IPUIPlugin:80 - create IPUIPlugin
2025-05-07 19:42:07,896 [INFO] PluginManager:220 - loadIPPluginJar : add nvic
2025-05-07 19:42:07,897 [INFO] IPUIPlugin:80 - create IPUIPlugin
2025-05-07 19:42:07,897 [INFO] PluginManager:220 - loadIPPluginJar : add tsc
2025-05-07 19:42:07,898 [INFO] IPUIPlugin:80 - create IPUIPlugin
2025-05-07 19:42:07,898 [INFO] PluginManager:220 - loadIPPluginJar : add ucpd
2025-05-07 19:42:07,899 [INFO] IPUIPlugin:80 - create IPUIPlugin
2025-05-07 19:42:07,899 [INFO] PluginManager:220 - loadIPPluginJar : add touchsensing
2025-05-07 19:42:07,900 [INFO] IPUIPlugin:80 - create IPUIPlugin
2025-05-07 19:42:07,900 [INFO] PluginManager:220 - loadIPPluginJar : add genericplugin
2025-05-07 19:42:07,904 [INFO] IPUIPlugin:80 - create IPUIPlugin
2025-05-07 19:42:07,904 [INFO] PluginManager:220 - loadIPPluginJar : add adc
2025-05-07 19:42:07,906 [INFO] IPUIPlugin:80 - create IPUIPlugin
2025-05-07 19:42:07,907 [INFO] PluginManager:220 - loadIPPluginJar : add usart
2025-05-07 19:42:07,908 [INFO] IPUIPlugin:80 - create IPUIPlugin
2025-05-07 19:42:07,908 [INFO] PluginManager:220 - loadIPPluginJar : add gfxmmu
2025-05-07 19:42:07,909 [INFO] IPUIPlugin:80 - create IPUIPlugin
2025-05-07 19:42:07,909 [INFO] PluginManager:220 - loadIPPluginJar : add ltdc
2025-05-07 19:42:07,909 [INFO] IPUIPlugin:80 - create IPUIPlugin
2025-05-07 19:42:07,909 [INFO] PluginManager:220 - loadIPPluginJar : add fatfs
2025-05-07 19:42:07,911 [INFO] IPUIPlugin:80 - create IPUIPlugin
2025-05-07 19:42:07,911 [INFO] PluginManager:220 - loadIPPluginJar : add resmgrutility
2025-05-07 19:42:08,000 [FATAL] Updater:351 - Updater called before beeing initialized
2025-05-07 19:42:08,024 [INFO] RulesReader:64 - Compatibility file has been processed (297 Rules)
2025-05-07 19:42:08,032 [INFO] RulesReader:64 - Compatibility file has been processed (297 Rules)
2025-05-07 19:42:08,038 [INFO] CADModel:165 - CPN selected for project level
2025-05-07 19:42:08,038 [INFO] CADModel:114 - Register for checkConnection events
2025-05-07 19:42:08,038 [FATAL] Updater:351 - Updater called before beeing initialized
2025-05-07 19:42:08,038 [ERROR] CADModel:125 - Updater not yet initialized, retry later 
2025-05-07 19:42:08,138 [FATAL] Updater:351 - Updater called before beeing initialized
2025-05-07 19:42:08,140 [INFO] CADModel:165 - CPN selected for project level
2025-05-07 19:42:08,140 [INFO] CADModel:114 - Register for checkConnection events
2025-05-07 19:42:08,140 [FATAL] Updater:351 - Updater called before beeing initialized
2025-05-07 19:42:08,140 [ERROR] CADModel:125 - Updater not yet initialized, retry later 
2025-05-07 19:42:08,142 [FATAL] Updater:351 - Updater called before beeing initialized
2025-05-07 19:42:08,217 [FATAL] Updater:351 - Updater called before beeing initialized
2025-05-07 19:42:08,219 [INFO] DbMcusAds:53 - JSON generation date=Thu Sep 30 00:55:09 MDT 2021 (1632984909247)
2025-05-07 19:42:08,219 [FATAL] Updater:351 - Updater called before beeing initialized
2025-05-07 19:42:08,239 [WARN] DetailPanel:346 - Failed to get advertising image, set to default
2025-05-07 19:42:08,357 [FATAL] Updater:351 - Updater called before beeing initialized
2025-05-07 19:42:08,358 [FATAL] Updater:351 - Updater called before beeing initialized
2025-05-07 19:42:08,359 [FATAL] Updater:351 - Updater called before beeing initialized
2025-05-07 19:42:08,359 [WARN] DetailPanel:346 - Failed to get advertising image, set to default
2025-05-07 19:42:08,359 [FATAL] Updater:351 - Updater called before beeing initialized
2025-05-07 19:42:08,379 [ERROR] Updater:1198 - MainUpdater not yet initialized. External WinMGr cannot be set.
2025-05-07 19:42:08,380 [INFO] Updater:1134 - Updater Version found : 6.13.0
2025-05-07 19:42:08,390 [INFO] ApplicationProperties:184 - Using Application install path: /opt/st/stm32cubeide_1.17.0_2/plugins/com.st.stm32cube.common.mx_6.13.0.202411220809
2025-05-07 19:42:08,655 [INFO] MainUpdater:2872 - connection check result : 10
2025-05-07 19:42:08,656 [INFO] MainUpdater:3566 - Updater definition file requires update
2025-05-07 19:42:08,656 [INFO] MainUpdater:289 - Updater Check For Update Now.
2025-05-07 19:42:08,656 [INFO] MicroXplorer:498 - Change Database Version : DB.6.0.130
2025-05-07 19:42:08,658 [INFO] McuFinderGlobals:63 - Set McuFinder mode to 2 (CubeIDE integrated)
2025-05-07 19:42:08,659 [INFO] UserAuth:486 - Internet connection configuration mode: 1
2025-05-07 19:42:08,666 [INFO] JxBrowserEngine:152 - Initiate JxBrowser Engine with user profile folder
2025-05-07 19:42:08,871 [INFO] ServerAccessManage:473 - Download File updaters.zip
2025-05-07 19:42:08,937 [INFO] FileExtend:240 - Unzip File : updaters.zip
2025-05-07 19:42:08,938 [INFO] FileExtend:255 - Standard Zip Deflate
2025-05-07 19:42:09,101 [INFO] ServerAccessManage:473 - Download File PacksControlFlags.xml
2025-05-07 19:42:09,138 [INFO] ServerAccessManage:473 - Download File cubemx.pidx
2025-05-07 19:42:09,425 [INFO] ServerAccessManage:473 - Download File STMicroelectronics.X-CUBE-FREERTOS.pdsc
2025-05-07 19:42:09,448 [INFO] WebApp:168 - Instantiating new browser for Auth
2025-05-07 19:42:09,729 [INFO] ServerAccessManage:473 - Download File STMicroelectronics.X-CUBE-NFC7.pdsc
2025-05-07 19:42:10,023 [INFO] WebApp:449 - Apply proxy settings
2025-05-07 19:42:10,023 [INFO] WebApp:534 - Chromium requires no authentication
2025-05-07 19:42:10,028 [INFO] WebApp:477 - Direct internet connection detected
2025-05-07 19:42:10,045 [INFO] WebApp:880 - Register for checkConnection events
2025-05-07 19:42:10,045 [INFO] WebApp:449 - Apply proxy settings
2025-05-07 19:42:10,045 [INFO] WebApp:534 - Chromium requires no authentication
2025-05-07 19:42:10,046 [INFO] WebApp:477 - Direct internet connection detected
2025-05-07 19:42:10,149 [INFO] WebApp:221 - Starting web application
2025-05-07 19:42:10,150 [INFO] WebApp:579 - Web application path used /opt/st/stm32cubeide_1.17.0_2/plugins/com.st.stm32cube.common.mx_6.13.0.202411220809/db/plugins/mcufinder/reactClient1/index.html
2025-05-07 19:42:10,280 [INFO] UserAuth:486 - Internet connection configuration mode: 1
2025-05-07 19:42:10,297 [INFO] WebApp:187 - Connection restablished
2025-05-07 19:42:10,381 [WARN] PackLoader:240 - Cannot read IP mode file for STMicroelectronics.X-CUBE-FREERTOS.1.3.1
2025-05-07 19:42:10,386 [WARN] PackLoader:240 - Cannot read IP mode file for STMicroelectronics.X-CUBE-NFC7.2.0.0
2025-05-07 19:42:10,389 [INFO] PopulateThirdPartyThread:66 - Ending populate Thread
2025-05-07 19:42:10,390 [INFO] ThirdParty:1030 - CMSIS Pack Vendor :STMicroelectronics X-CUBE-FREERTOS 1.3.1
2025-05-07 19:42:10,390 [INFO] ThirdParty:1030 - CMSIS Pack Vendor :STMicroelectronics X-CUBE-NFC7 2.0.0
2025-05-07 19:42:10,390 [INFO] LoadServerUpdatesThread:375 - End of LoadServerUpdate Thread
2025-05-07 19:42:10,500 [INFO] CheckServerUpdateThread:120 - End of CheckServer Thread
2025-05-07 19:42:10,602 [WARN] PackLoader:240 - Cannot read IP mode file for STMicroelectronics.FP-SNS-MOTENVWB1.1.4.0
2025-05-07 19:42:10,604 [WARN] PackLoader:240 - Cannot read IP mode file for STMicroelectronics.FP-ATR-ASTRA1.2.0.2
2025-05-07 19:42:10,606 [WARN] PackLoader:240 - Cannot read IP mode file for STMicroelectronics.FP-ATR-ASTRA1.2.0.1
2025-05-07 19:42:10,610 [WARN] PackLoader:240 - Cannot read IP mode file for STMicroelectronics.X-CUBE-SMBUS.2.1.0
2025-05-07 19:42:10,613 [WARN] PackLoader:240 - Cannot read IP mode file for STMicroelectronics.X-CUBE-WB05N.1.1.0
2025-05-07 19:42:10,615 [WARN] PackLoader:240 - Cannot read IP mode file for STMicroelectronics.X-CUBE-TOUCHGFX.4.23.0
2025-05-07 19:42:10,617 [WARN] PackLoader:240 - Cannot read IP mode file for STMicroelectronics.X-CUBE-TOUCHGFX.4.23.2
2025-05-07 19:42:10,628 [WARN] PackLoader:240 - Cannot read IP mode file for STMicroelectronics.X-CUBE-AZRTOS-F7.1.1.0
2025-05-07 19:42:10,632 [WARN] PackLoader:240 - Cannot read IP mode file for STMicroelectronics.FP-SNS-MOTENV1.4.3.2
2025-05-07 19:42:10,666 [WARN] PackLoader:240 - Cannot read IP mode file for STMicroelectronics.X-CUBE-MEMS1.11.0.0
2025-05-07 19:42:10,735 [WARN] PackLoader:240 - Cannot read IP mode file for STMicroelectronics.FP-SNS-FLIGHT1.5.0.2
2025-05-07 19:42:10,738 [WARN] PackLoader:240 - Cannot read IP mode file for STMicroelectronics.X-CUBE-DISPLAY.3.0.0
2025-05-07 19:42:10,742 [WARN] PackLoader:240 - Cannot read IP mode file for STMicroelectronics.X-CUBE-BLE1.7.0.0
2025-05-07 19:42:10,745 [WARN] PackLoader:240 - Cannot read IP mode file for STMicroelectronics.X-CUBE-NFC10.1.0.0
2025-05-07 19:42:10,750 [WARN] PackLoader:240 - Cannot read IP mode file for STMicroelectronics.X-CUBE-BLEMGR.4.0.0
2025-05-07 19:42:10,753 [WARN] PackLoader:240 - Cannot read IP mode file for emotas.I-CUBE-CANOPEN.1.3.0
2025-05-07 19:42:10,757 [WARN] PackLoader:240 - Cannot read IP mode file for STMicroelectronics.X-CUBE-BLEMGR.3.1.0
2025-05-07 19:42:10,760 [WARN] PackLoader:240 - Cannot read IP mode file for STMicroelectronics.X-CUBE-AI.10.0.0
2025-05-07 19:42:10,762 [WARN] PackLoader:240 - Cannot read IP mode file for STMicroelectronics.FP-SNS-SMARTAG2.1.2.0
2025-05-07 19:42:10,764 [WARN] PackLoader:240 - Cannot read IP mode file for STMicroelectronics.FP-SNS-FLIGHT1.5.1.0
2025-05-07 19:42:10,785 [WARN] PackLoader:240 - Cannot read IP mode file for STMicroelectronics.X-CUBE-MEMS1.11.1.0
2025-05-07 19:42:10,952 [INFO] LogOutputStream:77 - [STDOUT_REDIRECT] 1 : Invalid condition id : UX_CORESTACK_Condition cause : null
2025-05-07 19:42:10,952 [INFO] LogOutputStream:77 - [STDOUT_REDIRECT] 1 : Invalid condition id : UX_CORESTACK_Condition cause : null
2025-05-07 19:42:10,953 [INFO] LogOutputStream:77 - [STDOUT_REDIRECT] 1 : Invalid condition id : UX_CORESTACK_Condition cause : null
2025-05-07 19:42:10,953 [INFO] LogOutputStream:77 - [STDOUT_REDIRECT] 1 : Invalid condition id : UX_CORESTACK_Condition cause : null
2025-05-07 19:42:10,953 [INFO] LogOutputStream:77 - [STDOUT_REDIRECT] 1 : Invalid condition id : UX_CORESTACK_Condition cause : null
2025-05-07 19:42:10,955 [WARN] PackLoader:240 - Cannot read IP mode file for STMicroelectronics.X-CUBE-AZRTOS-WL.2.0.0
2025-05-07 19:42:10,959 [WARN] PackLoader:240 - Cannot read IP mode file for STMicroelectronics.FP-SNS-MOTENV1.5.0.0
2025-05-07 19:42:10,962 [WARN] PackLoader:240 - Cannot read IP mode file for wolfSSL.I-CUBE-wolfMQTT.1.19.0
2025-05-07 19:42:10,966 [WARN] PackLoader:240 - Cannot read IP mode file for WES.I-CUBE-Cesium.1.3.0
2025-05-07 19:42:10,969 [WARN] PackLoader:240 - Cannot read IP mode file for STMicroelectronics.X-CUBE-BLE2.3.3.0
2025-05-07 19:42:10,973 [WARN] PackLoader:240 - Cannot read IP mode file for STMicroelectronics.X-CUBE-NFC9.1.0.0
2025-05-07 19:42:10,976 [WARN] PackLoader:240 - Cannot read IP mode file for STMicroelectronics.X-CUBE-BLE1.7.1.0
2025-05-07 19:42:10,978 [WARN] PackLoader:240 - Cannot read IP mode file for STMicroelectronics.X-CUBE-TCPP.4.1.0
2025-05-07 19:42:10,981 [WARN] PackLoader:240 - Cannot read IP mode file for STMicroelectronics.X-CUBE-ALGOBUILD.1.3.0
2025-05-07 19:42:11,009 [WARN] PackLoader:240 - Cannot read IP mode file for STMicroelectronics.X-CUBE-MEMS1.11.2.0
2025-05-07 19:42:11,074 [WARN] PackLoader:240 - Cannot read IP mode file for STMicroelectronics.X-CUBE-AZRTOS-G0.1.1.0
2025-05-07 19:42:11,078 [WARN] PackLoader:240 - Cannot read IP mode file for STMicroelectronics.X-CUBE-SAFEA1.1.2.2
2025-05-07 19:42:11,080 [WARN] PackLoader:240 - Cannot read IP mode file for STMicroelectronics.X-CUBE-NFC4.3.0.0
2025-05-07 19:42:11,084 [WARN] PackLoader:240 - Cannot read IP mode file for EmbeddedOffice.I-CUBE-FS-RTOS.1.0.1
2025-05-07 19:42:11,087 [WARN] PackLoader:240 - Cannot read IP mode file for STMicroelectronics.X-CUBE-WB05N.2.0.0
2025-05-07 19:42:11,091 [WARN] PackLoader:240 - Cannot read IP mode file for STMicroelectronics.X-CUBE-BLEMGR.3.0.0
2025-05-07 19:42:11,095 [WARN] PackLoader:240 - Cannot read IP mode file for STMicroelectronics.X-CUBE-TCPP.4.2.0
2025-05-07 19:42:11,099 [WARN] PackLoader:240 - Cannot read IP mode file for RealThread.X-CUBE-RT-Thread_Nano.4.1.1
2025-05-07 19:42:11,101 [WARN] PackLoader:240 - Cannot read IP mode file for STMicroelectronics.FP-ATR-SIGFOX1.3.2.0
2025-05-07 19:42:11,104 [WARN] ConditionMgr:438 - getConditionDescription Invalid condition id : Cortex-A Device cause : null
2025-05-07 19:42:11,110 [WARN] ConditionMgr:1044 - genDependencies : Invalid condition id : Cortex-A Device cause : null
2025-05-07 19:42:11,110 [WARN] ConditionMgr:1044 - genDependencies : Invalid condition id : Cortex-A Device cause : null
2025-05-07 19:42:11,110 [WARN] ConditionMgr:1044 - genDependencies : Invalid condition id : Cortex-A Device cause : null
2025-05-07 19:42:11,114 [WARN] PackLoader:240 - Cannot read IP mode file for STMicroelectronics.X-CUBE-EEPRMA1.5.1.0
2025-05-07 19:42:11,135 [WARN] PackLoader:240 - Cannot read IP mode file for SEGGER.I-CUBE-embOS.1.3.1
2025-05-07 19:42:11,163 [WARN] PackLoader:240 - Cannot read IP mode file for STMicroelectronics.X-CUBE-ALGOBUILD.1.4.0
2025-05-07 19:42:11,166 [WARN] PackLoader:240 - Cannot read IP mode file for STMicroelectronics.X-CUBE-AI.9.1.0
2025-05-07 19:42:11,169 [WARN] PackLoader:240 - Cannot read IP mode file for STMicroelectronics.X-CUBE-GNSS1.6.0.0
2025-05-07 19:42:11,182 [WARN] PackLoader:240 - Cannot read IP mode file for STMicroelectronics.X-CUBE-AZRTOS-F4.1.1.0
2025-05-07 19:42:11,186 [WARN] PackLoader:240 - Cannot read IP mode file for Avnet-IotConnect.X-CUBE-IoTC-DA16k-PMOD.1.0.0
2025-05-07 19:42:11,188 [WARN] PackLoader:240 - Cannot read IP mode file for STMicroelectronics.X-CUBE-ISPU.2.1.0
2025-05-07 19:42:11,190 [WARN] PackLoader:240 - Cannot read IP mode file for STMicroelectronics.X-CUBE-FREERTOS.1.2.0
2025-05-07 19:42:11,191 [WARN] PackLoader:240 - Cannot read IP mode file for wolfSSL.I-CUBE-wolfSSL.5.6.6
2025-05-07 19:42:11,198 [WARN] PackLoader:240 - Cannot read IP mode file for STMicroelectronics.X-CUBE-AZRTOS-L5.2.0.0
2025-05-07 19:42:11,202 [WARN] PackLoader:240 - Cannot read IP mode file for STMicroelectronics.X-CUBE-EEPRMA1.4.2.0
2025-05-07 19:42:11,205 [WARN] PackLoader:240 - Cannot read IP mode file for STMicroelectronics.X-CUBE-NFC6.3.1.0
2025-05-07 19:42:11,207 [WARN] PackLoader:240 - Cannot read IP mode file for ITTIA_DB.I-CUBE-ITTIADB.8.8.0
2025-05-07 19:42:11,210 [WARN] PackLoader:240 - Cannot read IP mode file for STMicroelectronics.X-CUBE-DPower.1.2.0
2025-05-07 19:42:11,211 [WARN] PackLoader:240 - Cannot read IP mode file for STMicroelectronics.X-CUBE-AI.9.0.0
2025-05-07 19:42:11,213 [WARN] PackLoader:240 - Cannot read IP mode file for STMicroelectronics.X-CUBE-FREERTOS.1.3.1
2025-05-07 19:42:11,215 [WARN] PackLoader:240 - Cannot read IP mode file for STMicroelectronics.X-CUBE-FREERTOS.1.3.0
2025-05-07 19:42:11,216 [WARN] PackLoader:240 - Cannot read IP mode file for STMicroelectronics.X-CUBE-NFC7.1.0.1
2025-05-07 19:42:11,218 [WARN] PackLoader:240 - Cannot read IP mode file for wolfSSL.I-CUBE-wolfTPM.3.2.0
2025-05-07 19:42:11,220 [WARN] PackLoader:240 - Cannot read IP mode file for STMicroelectronics.X-CUBE-NFC6.3.0.0
2025-05-07 19:42:11,223 [WARN] PackLoader:240 - Cannot read IP mode file for STMicroelectronics.X-CUBE-DPower.1.3.0
2025-05-07 19:42:11,224 [WARN] PackLoader:240 - Cannot read IP mode file for STMicroelectronics.X-CUBE-AI.8.1.0
2025-05-07 19:42:11,232 [WARN] ConditionMgr:438 - getConditionDescription Invalid condition id : LAN8742 Phy interface Condition cause : null
2025-05-07 19:42:11,233 [WARN] PackLoader:240 - Cannot read IP mode file for STMicroelectronics.X-CUBE-AZRTOS-L4.2.0.0
2025-05-07 19:42:11,234 [WARN] ConditionMgr:1044 - genDependencies : Invalid condition id : LAN8742 Phy interface Condition cause : null
2025-05-07 19:42:11,234 [WARN] ConditionMgr:1044 - genDependencies : Invalid condition id : LAN8742 Phy interface Condition cause : null
2025-05-07 19:42:11,234 [WARN] ConditionMgr:1044 - genDependencies : Invalid condition id : LAN8742 Phy interface Condition cause : null
2025-05-07 19:42:11,237 [WARN] PackLoader:240 - Cannot read IP mode file for STMicroelectronics.X-CUBE-SFXS2LP1.4.0.0
2025-05-07 19:42:11,248 [WARN] PackLoader:240 - Cannot read IP mode file for STMicroelectronics.X-CUBE-AZRTOS-H7.3.3.0
2025-05-07 19:42:11,252 [WARN] PackLoader:240 - Cannot read IP mode file for STMicroelectronics.X-CUBE-IPS.3.0.0
2025-05-07 19:42:11,258 [WARN] ConditionMgr:438 - getConditionDescription Invalid condition id : UX DEVICE CLASS RTOS Condition cause : null
2025-05-07 19:42:11,259 [WARN] ConditionMgr:438 - getConditionDescription Invalid condition id : UX DEVICE CLASS RTOS Condition cause : null
2025-05-07 19:42:11,260 [WARN] PackLoader:240 - Cannot read IP mode file for STMicroelectronics.X-CUBE-AZRTOS-WB.2.0.0
2025-05-07 19:42:11,260 [WARN] ConditionMgr:1044 - genDependencies : Invalid condition id : UX DEVICE CLASS RTOS Condition cause : null
2025-05-07 19:42:11,260 [WARN] ConditionMgr:1044 - genDependencies : Invalid condition id : UX DEVICE CLASS RTOS Condition cause : null
2025-05-07 19:42:11,260 [WARN] ConditionMgr:1044 - genDependencies : Invalid condition id : UX DEVICE CLASS RTOS Condition cause : null
2025-05-07 19:42:11,261 [WARN] ConditionMgr:1044 - genDependencies : Invalid condition id : UX DEVICE CLASS RTOS Condition cause : null
2025-05-07 19:42:11,261 [WARN] ConditionMgr:1044 - genDependencies : Invalid condition id : UX DEVICE CLASS RTOS Condition cause : null
2025-05-07 19:42:11,263 [WARN] PackLoader:240 - Cannot read IP mode file for STMicroelectronics.X-CUBE-GNSS1.7.0.0
2025-05-07 19:42:11,265 [WARN] PackLoader:240 - Cannot read IP mode file for STMicroelectronics.X-CUBE-GNSS1.7.0.1
2025-05-07 19:42:11,267 [WARN] PackLoader:240 - Cannot read IP mode file for STMicroelectronics.X-CUBE-TOUCHGFX.4.25.0
2025-05-07 19:42:11,269 [WARN] PackLoader:240 - Cannot read IP mode file for STMicroelectronics.FP-SNS-STBOX1.2.0.0
2025-05-07 19:42:11,273 [WARN] PackLoader:240 - Cannot read IP mode file for STMicroelectronics.X-CUBE-SUBG2.5.0.0
2025-05-07 19:42:11,282 [WARN] PackLoader:240 - Cannot read IP mode file for STMicroelectronics.X-CUBE-AZRTOS-H7RS.1.1.0
2025-05-07 19:42:11,290 [WARN] PackLoader:240 - Cannot read IP mode file for STMicroelectronics.X-CUBE-AZRTOS-G4.2.0.0
2025-05-07 19:42:11,295 [WARN] PackLoader:240 - Cannot read IP mode file for Infineon.AIROC-Wi-Fi-Bluetooth-STM32.1.5.1
2025-05-07 19:42:11,298 [WARN] PackLoader:240 - Cannot read IP mode file for STMicroelectronics.X-CUBE-NFC7.2.0.0
2025-05-07 19:42:11,300 [WARN] PackLoader:240 - Cannot read IP mode file for STMicroelectronics.FP-SNS-MOTENVWB1.1.3.1
2025-05-07 19:42:11,301 [WARN] PackLoader:240 - Cannot read IP mode file for STMicroelectronics.X-CUBE-ISPU.2.0.0
2025-05-07 19:42:11,305 [WARN] PackLoader:240 - Cannot read IP mode file for STMicroelectronics.X-CUBE-IPS.3.1.0
2025-05-07 19:42:11,309 [WARN] PackLoader:240 - Cannot read IP mode file for STMicroelectronics.X-CUBE-ALS.1.0.2
2025-05-07 19:42:11,322 [WARN] PackLoader:240 - Cannot read IP mode file for STMicroelectronics.X-CUBE-MEMS1.10.0.0
2025-05-07 19:42:11,384 [WARN] PackLoader:240 - Cannot read IP mode file for STMicroelectronics.X-CUBE-FREERTOS.1.1.0
2025-05-07 19:42:11,386 [WARN] PackLoader:240 - Cannot read IP mode file for STMicroelectronics.X-CUBE-TOUCHGFX.4.24.0
2025-05-07 19:42:11,388 [WARN] PackLoader:240 - Cannot read IP mode file for STMicroelectronics.X-CUBE-TOUCHGFX.4.24.2
2025-05-07 19:42:11,389 [WARN] PackLoader:240 - Cannot read IP mode file for STMicroelectronics.X-CUBE-TOUCHGFX.4.24.1
2025-05-07 19:42:11,393 [WARN] PackLoader:240 - Cannot read IP mode file for portGmbH.I-Cube-SoM-uGOAL.1.1.0
2025-05-07 19:42:11,396 [WARN] PackLoader:240 - Cannot read IP mode file for STMicroelectronics.X-CUBE-ALS.1.0.1
2025-05-07 19:42:11,408 [WARN] PackLoader:240 - Cannot read IP mode file for STMicroelectronics.X-CUBE-AZRTOS-H7RS.1.0.0
2025-05-07 19:42:11,412 [WARN] PackLoader:240 - Cannot read IP mode file for STMicroelectronics.FP-ATR-ASTRA1.2.0.0
2025-05-07 19:42:11,417 [WARN] PackLoader:240 - Cannot read IP mode file for STMicroelectronics.X-CUBE-TOF1.3.4.2
2025-05-07 19:42:11,427 [WARN] PackLoader:240 - Cannot read IP mode file for STMicroelectronics.X-CUBE-TOF1.3.4.3
2025-05-07 19:42:11,439 [WARN] PackLoader:240 - Cannot read IP mode file for STMicroelectronics.X-CUBE-TOF1.3.4.0
2025-05-07 19:42:11,452 [WARN] PackLoader:240 - Cannot read IP mode file for STMicroelectronics.X-CUBE-TOF1.3.4.1
2025-05-07 19:42:11,464 [WARN] PackLoader:240 - Cannot read IP mode file for STMicroelectronics.X-CUBE-AZRTOS-H7.3.2.0
2025-05-07 19:42:11,466 [WARN] PackLoader:240 - Cannot read IP mode file for wolfSSL.I-CUBE-wolfSSH.1.4.17
2025-05-07 19:42:11,467 [INFO] ThirdParty:978 - Integrity check success = true
2025-05-07 19:42:11,467 [INFO] IntegrityCheckThread:100 - exiting critical section [integrity check]
2025-05-07 19:42:11,467 [INFO] IntegrityCheckThread:103 - End integrity checks thread
2025-05-07 19:42:11,609 [ERROR] LogOutputStream:75 - [STDERR_REDIRECT] 19:42:11.608 ERROR Chromium process exit code: 133
2025-05-07 19:42:11,610 [ERROR] LogOutputStream:75 - [STDERR_REDIRECT] 
2025-05-07 19:42:11,610 [ERROR] LogOutputStream:75 - [STDERR_REDIRECT] 19:42:11.610 ERROR Crash dump dir: /home/nikolai/.config/jxbrowser/7.39.2/crash-reports
2025-05-07 19:42:11,610 [ERROR] LogOutputStream:75 - [STDERR_REDIRECT] 
2025-05-07 19:42:11,611 [ERROR] WebApp:398 - JxBrowser engine crashed! Exit code: 133
2025-05-07 21:53:28,726 [ERROR] ConfigurationRetriever:142 - IOException on connection: Read timed out
2025-05-07 21:53:31,121 [ERROR] ConfigurationRetriever:142 - IOException on connection: Read timed out
2025-05-07 21:54:10,703 [ERROR] ConfigurationRetriever:142 - IOException on connection: Read timed out
2025-05-07 22:14:13,498 [ERROR] ConfigurationRetriever:142 - IOException on connection: Read timed out
2025-05-07 22:14:15,526 [ERROR] ConfigurationRetriever:142 - IOException on connection: Read timed out
