2024-12-17 20:06:54,344 [INFO] UtilMem:75 - End SaveConfig() Used Memory: 623801816 Bytes (1073741824)
2024-12-17 20:06:54,416 [INFO] UtilMem:75 - End SaveConfig() Used Memory: 642347352 Bytes (1073741824)
2024-12-17 20:06:54,768 [INFO] UtilMem:75 - End SaveConfig() Used Memory: 790462856 Bytes (1073741824)
2024-12-17 20:06:55,010 [INFO] BlockDiagram:2766 - set Specific Code input for plugin: SPI
2024-12-17 20:06:55,010 [INFO] BlockDiagram:2766 - set Specific Code input for plugin: FDCAN
2024-12-17 20:06:55,010 [INFO] BlockDiagram:2766 - set Specific Code input for plugin: FREERTOS
2024-12-17 20:06:55,010 [INFO] BlockDiagram:2766 - set Specific Code input for plugin: USB_Device
2024-12-17 20:06:55,010 [INFO] BlockDiagram:2766 - set Specific Code input for plugin: SYS
2024-12-17 20:06:55,010 [INFO] BlockDiagram:2766 - set Specific Code input for plugin: RCC
2024-12-17 20:06:55,010 [INFO] BlockDiagram:2766 - set Specific Code input for plugin: I2C
2024-12-17 20:06:55,010 [INFO] BlockDiagram:2766 - set Specific Code input for plugin: NVIC
2024-12-17 20:06:55,010 [INFO] BlockDiagram:2766 - set Specific Code input for plugin: USART
2024-12-17 20:06:55,010 [INFO] BlockDiagram:2766 - set Specific Code input for plugin: USB
2024-12-17 20:06:55,011 [INFO] BlockDiagram:2766 - set Specific Code input for plugin: GPIO
2024-12-17 20:06:55,011 [INFO] BlockDiagram:2766 - set Specific Code input for plugin: FDCAN
2024-12-17 20:06:55,011 [INFO] CodeGenerator:896 - code generatio: config db path: /opt/st/stm32cubeide_1.17.0_2/plugins/com.st.stm32cube.common.mx_6.13.0.202411220809//db/
2024-12-17 20:06:55,014 [WARN] IP:2251 - MessageRAMOffset not found: check if there is a RefParameter without a condition.
2024-12-17 20:06:55,014 [WARN] IP:2251 - RxFifo0ElmtsNbr not found: check if there is a RefParameter without a condition.
2024-12-17 20:06:55,014 [WARN] IP:2251 - RxFifo0ElmtSize not found: check if there is a RefParameter without a condition.
2024-12-17 20:06:55,014 [WARN] IP:2251 - RxFifo1ElmtsNbr not found: check if there is a RefParameter without a condition.
2024-12-17 20:06:55,014 [WARN] IP:2251 - RxFifo1ElmtSize not found: check if there is a RefParameter without a condition.
2024-12-17 20:06:55,014 [WARN] IP:2251 - RxBuffersNbr not found: check if there is a RefParameter without a condition.
2024-12-17 20:06:55,014 [WARN] IP:2251 - RxBufferSize not found: check if there is a RefParameter without a condition.
2024-12-17 20:06:55,014 [WARN] IP:2251 - TxEventsNbr not found: check if there is a RefParameter without a condition.
2024-12-17 20:06:55,014 [WARN] IP:2251 - TxBuffersNbr not found: check if there is a RefParameter without a condition.
2024-12-17 20:06:55,014 [WARN] IP:2251 - TxFifoQueueElmtsNbr not found: check if there is a RefParameter without a condition.
2024-12-17 20:06:55,014 [WARN] IP:2251 - TxElmtSize not found: check if there is a RefParameter without a condition.
2024-12-17 20:06:55,014 [WARN] IP:2251 - ClockCalibrationCCU not found: check if there is a RefParameter without a condition.
2024-12-17 20:06:55,014 [WARN] IP:2251 - ClockDividerCCU not found: check if there is a RefParameter without a condition.
2024-12-17 20:06:55,015 [WARN] IP:2251 - MinOscClkPeriodsCCU not found: check if there is a RefParameter without a condition.
2024-12-17 20:06:55,015 [WARN] IP:2251 - TimeQuantaPerBitTimeCCU not found: check if there is a RefParameter without a condition.
2024-12-17 20:06:55,015 [WARN] IP:2251 - WatchdogStartValueCCU not found: check if there is a RefParameter without a condition.
2024-12-17 20:06:55,016 [WARN] IP:2251 - MessageRAMOffset not found: check if there is a RefParameter without a condition.
2024-12-17 20:06:55,016 [WARN] IP:2251 - RxFifo0ElmtsNbr not found: check if there is a RefParameter without a condition.
2024-12-17 20:06:55,016 [WARN] IP:2251 - RxFifo0ElmtSize not found: check if there is a RefParameter without a condition.
2024-12-17 20:06:55,016 [WARN] IP:2251 - RxFifo1ElmtsNbr not found: check if there is a RefParameter without a condition.
2024-12-17 20:06:55,016 [WARN] IP:2251 - RxFifo1ElmtSize not found: check if there is a RefParameter without a condition.
2024-12-17 20:06:55,017 [WARN] IP:2251 - RxBuffersNbr not found: check if there is a RefParameter without a condition.
2024-12-17 20:06:55,017 [WARN] IP:2251 - RxBufferSize not found: check if there is a RefParameter without a condition.
2024-12-17 20:06:55,017 [WARN] IP:2251 - TxEventsNbr not found: check if there is a RefParameter without a condition.
2024-12-17 20:06:55,017 [WARN] IP:2251 - TxBuffersNbr not found: check if there is a RefParameter without a condition.
2024-12-17 20:06:55,017 [WARN] IP:2251 - TxFifoQueueElmtsNbr not found: check if there is a RefParameter without a condition.
2024-12-17 20:06:55,017 [WARN] IP:2251 - TxElmtSize not found: check if there is a RefParameter without a condition.
2024-12-17 20:06:55,017 [WARN] IP:2251 - ClockCalibrationCCU not found: check if there is a RefParameter without a condition.
2024-12-17 20:06:55,017 [WARN] IP:2251 - ClockDividerCCU not found: check if there is a RefParameter without a condition.
2024-12-17 20:06:55,017 [WARN] IP:2251 - MinOscClkPeriodsCCU not found: check if there is a RefParameter without a condition.
2024-12-17 20:06:55,017 [WARN] IP:2251 - TimeQuantaPerBitTimeCCU not found: check if there is a RefParameter without a condition.
2024-12-17 20:06:55,017 [WARN] IP:2251 - WatchdogStartValueCCU not found: check if there is a RefParameter without a condition.
2024-12-17 20:06:55,069 [INFO] CodeEngine:255 - oldGeneratedFile, /home/nikolai/Documents/NP1_DRONE/software/STM32/Flight Control Computer/MXTmpFiles/license.tmp_save
2024-12-17 20:06:55,264 [INFO] CodeEngine:279 - Generated code: /home/nikolai/Documents/NP1_DRONE/software/STM32/Flight Control Computer/MXTmpFiles/license.tmp
2024-12-17 20:06:55,400 [INFO] CodeEngine:255 - oldGeneratedFile, /home/nikolai/Documents/NP1_DRONE/software/STM32/Flight Control Computer/Core/Src/gpio.c_save
2024-12-17 20:06:55,478 [INFO] CodeEngine:279 - Generated code: /home/nikolai/Documents/NP1_DRONE/software/STM32/Flight Control Computer/Core/Src/gpio.c
2024-12-17 20:06:55,480 [INFO] CodeEngine:255 - oldGeneratedFile, /home/nikolai/Documents/NP1_DRONE/software/STM32/Flight Control Computer/Core/Inc/gpio.h_save
2024-12-17 20:06:55,529 [INFO] CodeEngine:279 - Generated code: /home/nikolai/Documents/NP1_DRONE/software/STM32/Flight Control Computer/Core/Inc/gpio.h
2024-12-17 20:06:55,638 [INFO] CodeEngine:255 - oldGeneratedFile, /home/nikolai/Documents/NP1_DRONE/software/STM32/Flight Control Computer/MXTmpFiles/usb_vars.tmp_save
2024-12-17 20:06:55,680 [INFO] CodeEngine:279 - Generated code: /home/nikolai/Documents/NP1_DRONE/software/STM32/Flight Control Computer/MXTmpFiles/usb_vars.tmp
2024-12-17 20:06:55,680 [INFO] CodeEngine:255 - oldGeneratedFile, /home/nikolai/Documents/NP1_DRONE/software/STM32/Flight Control Computer/MXTmpFiles/usb_inc.tmp_save
2024-12-17 20:06:55,714 [INFO] CodeEngine:279 - Generated code: /home/nikolai/Documents/NP1_DRONE/software/STM32/Flight Control Computer/MXTmpFiles/usb_inc.tmp
2024-12-17 20:06:55,715 [INFO] CodeEngine:255 - oldGeneratedFile, /home/nikolai/Documents/NP1_DRONE/software/STM32/Flight Control Computer/MXTmpFiles/usb_HalInit.tmp_save
2024-12-17 20:06:55,760 [INFO] CodeEngine:279 - Generated code: /home/nikolai/Documents/NP1_DRONE/software/STM32/Flight Control Computer/MXTmpFiles/usb_HalInit.tmp
2024-12-17 20:06:55,761 [INFO] CodeEngine:255 - oldGeneratedFile, /home/nikolai/Documents/NP1_DRONE/software/STM32/Flight Control Computer/MXTmpFiles/usb_Msp.tmp_save
2024-12-17 20:06:55,811 [INFO] CodeEngine:279 - Generated code: /home/nikolai/Documents/NP1_DRONE/software/STM32/Flight Control Computer/MXTmpFiles/usb_Msp.tmp
2024-12-17 20:06:56,218 [INFO] Middleware:1450 - No code input for Bsp Dependency
2024-12-17 20:06:56,220 [INFO] CodeEngine:255 - oldGeneratedFile, /home/nikolai/Documents/NP1_DRONE/software/STM32/Flight Control Computer/MXTmpFiles/rtos_inc.tmp_save
2024-12-17 20:06:56,254 [INFO] CodeEngine:279 - Generated code: /home/nikolai/Documents/NP1_DRONE/software/STM32/Flight Control Computer/MXTmpFiles/rtos_inc.tmp
2024-12-17 20:06:56,254 [INFO] CodeEngine:255 - oldGeneratedFile, /home/nikolai/Documents/NP1_DRONE/software/STM32/Flight Control Computer/MXTmpFiles/rtos_kernelInit.tmp_save
2024-12-17 20:06:56,285 [INFO] CodeEngine:279 - Generated code: /home/nikolai/Documents/NP1_DRONE/software/STM32/Flight Control Computer/MXTmpFiles/rtos_kernelInit.tmp
2024-12-17 20:06:56,286 [INFO] CodeEngine:255 - oldGeneratedFile, /home/nikolai/Documents/NP1_DRONE/software/STM32/Flight Control Computer/MXTmpFiles/rtos_kernelStart.tmp_save
2024-12-17 20:06:56,316 [INFO] CodeEngine:279 - Generated code: /home/nikolai/Documents/NP1_DRONE/software/STM32/Flight Control Computer/MXTmpFiles/rtos_kernelStart.tmp
2024-12-17 20:06:56,317 [INFO] CodeEngine:255 - oldGeneratedFile, /home/nikolai/Documents/NP1_DRONE/software/STM32/Flight Control Computer/MXTmpFiles/rtos_typedefs.tmp_save
2024-12-17 20:06:56,352 [INFO] CodeEngine:279 - Generated code: /home/nikolai/Documents/NP1_DRONE/software/STM32/Flight Control Computer/MXTmpFiles/rtos_typedefs.tmp
2024-12-17 20:06:56,352 [INFO] CodeEngine:255 - oldGeneratedFile, /home/nikolai/Documents/NP1_DRONE/software/STM32/Flight Control Computer/MXTmpFiles/rtos_vars.tmp_save
2024-12-17 20:06:56,385 [INFO] CodeEngine:279 - Generated code: /home/nikolai/Documents/NP1_DRONE/software/STM32/Flight Control Computer/MXTmpFiles/rtos_vars.tmp
2024-12-17 20:06:56,385 [INFO] CodeEngine:255 - oldGeneratedFile, /home/nikolai/Documents/NP1_DRONE/software/STM32/Flight Control Computer/MXTmpFiles/rtos_pfp.tmp_save
2024-12-17 20:06:56,415 [INFO] CodeEngine:279 - Generated code: /home/nikolai/Documents/NP1_DRONE/software/STM32/Flight Control Computer/MXTmpFiles/rtos_pfp.tmp
2024-12-17 20:06:56,415 [INFO] CodeEngine:255 - oldGeneratedFile, /home/nikolai/Documents/NP1_DRONE/software/STM32/Flight Control Computer/MXTmpFiles/rtos_obj_creat.tmp_save
2024-12-17 20:06:56,445 [INFO] CodeEngine:279 - Generated code: /home/nikolai/Documents/NP1_DRONE/software/STM32/Flight Control Computer/MXTmpFiles/rtos_obj_creat.tmp
2024-12-17 20:06:56,446 [INFO] CodeEngine:255 - oldGeneratedFile, /home/nikolai/Documents/NP1_DRONE/software/STM32/Flight Control Computer/MXTmpFiles/rtos_default_thread.tmp_save
2024-12-17 20:06:56,475 [INFO] CodeEngine:279 - Generated code: /home/nikolai/Documents/NP1_DRONE/software/STM32/Flight Control Computer/MXTmpFiles/rtos_default_thread.tmp
2024-12-17 20:06:56,476 [INFO] CodeEngine:255 - oldGeneratedFile, /home/nikolai/Documents/NP1_DRONE/software/STM32/Flight Control Computer/MXTmpFiles/rtos_threads.tmp_save
2024-12-17 20:06:56,503 [INFO] CodeEngine:279 - Generated code: /home/nikolai/Documents/NP1_DRONE/software/STM32/Flight Control Computer/MXTmpFiles/rtos_threads.tmp
2024-12-17 20:06:56,508 [INFO] Middleware:1450 - No code input for Bsp Dependency
2024-12-17 20:06:56,513 [INFO] Middleware:1450 - No code input for Bsp Dependency
2024-12-17 20:06:56,515 [INFO] CodeEngine:255 - oldGeneratedFile, /home/nikolai/Documents/NP1_DRONE/software/STM32/Flight Control Computer/MXTmpFiles/rtos_inc.tmp_save
2024-12-17 20:06:56,547 [INFO] CodeEngine:279 - Generated code: /home/nikolai/Documents/NP1_DRONE/software/STM32/Flight Control Computer/MXTmpFiles/rtos_inc.tmp
2024-12-17 20:06:56,548 [INFO] CodeEngine:255 - oldGeneratedFile, /home/nikolai/Documents/NP1_DRONE/software/STM32/Flight Control Computer/MXTmpFiles/rtos_kernelInit.tmp_save
2024-12-17 20:06:56,578 [INFO] CodeEngine:279 - Generated code: /home/nikolai/Documents/NP1_DRONE/software/STM32/Flight Control Computer/MXTmpFiles/rtos_kernelInit.tmp
2024-12-17 20:06:56,579 [INFO] CodeEngine:255 - oldGeneratedFile, /home/nikolai/Documents/NP1_DRONE/software/STM32/Flight Control Computer/MXTmpFiles/rtos_kernelStart.tmp_save
2024-12-17 20:06:56,610 [INFO] CodeEngine:279 - Generated code: /home/nikolai/Documents/NP1_DRONE/software/STM32/Flight Control Computer/MXTmpFiles/rtos_kernelStart.tmp
2024-12-17 20:06:56,611 [INFO] CodeEngine:255 - oldGeneratedFile, /home/nikolai/Documents/NP1_DRONE/software/STM32/Flight Control Computer/MXTmpFiles/rtos_typedefs.tmp_save
2024-12-17 20:06:56,642 [INFO] CodeEngine:279 - Generated code: /home/nikolai/Documents/NP1_DRONE/software/STM32/Flight Control Computer/MXTmpFiles/rtos_typedefs.tmp
2024-12-17 20:06:56,643 [INFO] CodeEngine:255 - oldGeneratedFile, /home/nikolai/Documents/NP1_DRONE/software/STM32/Flight Control Computer/MXTmpFiles/rtos_vars.tmp_save
2024-12-17 20:06:56,676 [INFO] CodeEngine:279 - Generated code: /home/nikolai/Documents/NP1_DRONE/software/STM32/Flight Control Computer/MXTmpFiles/rtos_vars.tmp
2024-12-17 20:06:56,677 [INFO] CodeEngine:255 - oldGeneratedFile, /home/nikolai/Documents/NP1_DRONE/software/STM32/Flight Control Computer/MXTmpFiles/rtos_pfp.tmp_save
2024-12-17 20:06:56,707 [INFO] CodeEngine:279 - Generated code: /home/nikolai/Documents/NP1_DRONE/software/STM32/Flight Control Computer/MXTmpFiles/rtos_pfp.tmp
2024-12-17 20:06:56,707 [INFO] CodeEngine:255 - oldGeneratedFile, /home/nikolai/Documents/NP1_DRONE/software/STM32/Flight Control Computer/MXTmpFiles/rtos_obj_creat.tmp_save
2024-12-17 20:06:56,738 [INFO] CodeEngine:279 - Generated code: /home/nikolai/Documents/NP1_DRONE/software/STM32/Flight Control Computer/MXTmpFiles/rtos_obj_creat.tmp
2024-12-17 20:06:56,738 [INFO] CodeEngine:255 - oldGeneratedFile, /home/nikolai/Documents/NP1_DRONE/software/STM32/Flight Control Computer/MXTmpFiles/rtos_default_thread.tmp_save
2024-12-17 20:06:56,767 [INFO] CodeEngine:279 - Generated code: /home/nikolai/Documents/NP1_DRONE/software/STM32/Flight Control Computer/MXTmpFiles/rtos_default_thread.tmp
2024-12-17 20:06:56,768 [INFO] CodeEngine:255 - oldGeneratedFile, /home/nikolai/Documents/NP1_DRONE/software/STM32/Flight Control Computer/MXTmpFiles/rtos_threads.tmp_save
2024-12-17 20:06:56,797 [INFO] CodeEngine:279 - Generated code: /home/nikolai/Documents/NP1_DRONE/software/STM32/Flight Control Computer/MXTmpFiles/rtos_threads.tmp
2024-12-17 20:06:56,798 [INFO] CodeEngine:255 - oldGeneratedFile, /home/nikolai/Documents/NP1_DRONE/software/STM32/Flight Control Computer/Core/Inc/FreeRTOSConfig.h_save
2024-12-17 20:06:56,840 [INFO] CodeEngine:279 - Generated code: /home/nikolai/Documents/NP1_DRONE/software/STM32/Flight Control Computer/Core/Inc/FreeRTOSConfig.h
2024-12-17 20:06:56,841 [INFO] CodeEngine:255 - oldGeneratedFile, /home/nikolai/Documents/NP1_DRONE/software/STM32/Flight Control Computer/Core/Src/app_freertos.c_save
2024-12-17 20:06:56,882 [INFO] CodeEngine:279 - Generated code: /home/nikolai/Documents/NP1_DRONE/software/STM32/Flight Control Computer/Core/Src/app_freertos.c
2024-12-17 20:06:56,884 [INFO] CodeEngine:255 - oldGeneratedFile, /home/nikolai/Documents/NP1_DRONE/software/STM32/Flight Control Computer/Core/Src/fdcan.c_save
2024-12-17 20:06:56,933 [INFO] CodeEngine:279 - Generated code: /home/nikolai/Documents/NP1_DRONE/software/STM32/Flight Control Computer/Core/Src/fdcan.c
2024-12-17 20:06:56,934 [INFO] CodeEngine:255 - oldGeneratedFile, /home/nikolai/Documents/NP1_DRONE/software/STM32/Flight Control Computer/Core/Inc/fdcan.h_save
2024-12-17 20:06:56,964 [INFO] CodeEngine:279 - Generated code: /home/nikolai/Documents/NP1_DRONE/software/STM32/Flight Control Computer/Core/Inc/fdcan.h
2024-12-17 20:06:56,966 [INFO] CodeEngine:255 - oldGeneratedFile, /home/nikolai/Documents/NP1_DRONE/software/STM32/Flight Control Computer/Core/Src/i2c.c_save
2024-12-17 20:06:57,019 [INFO] CodeEngine:279 - Generated code: /home/nikolai/Documents/NP1_DRONE/software/STM32/Flight Control Computer/Core/Src/i2c.c
2024-12-17 20:06:57,019 [INFO] CodeEngine:255 - oldGeneratedFile, /home/nikolai/Documents/NP1_DRONE/software/STM32/Flight Control Computer/Core/Inc/i2c.h_save
2024-12-17 20:06:57,047 [INFO] CodeEngine:279 - Generated code: /home/nikolai/Documents/NP1_DRONE/software/STM32/Flight Control Computer/Core/Inc/i2c.h
2024-12-17 20:06:57,049 [INFO] CodeEngine:255 - oldGeneratedFile, /home/nikolai/Documents/NP1_DRONE/software/STM32/Flight Control Computer/Core/Src/spi.c_save
2024-12-17 20:06:57,089 [INFO] CodeEngine:279 - Generated code: /home/nikolai/Documents/NP1_DRONE/software/STM32/Flight Control Computer/Core/Src/spi.c
2024-12-17 20:06:57,089 [INFO] CodeEngine:255 - oldGeneratedFile, /home/nikolai/Documents/NP1_DRONE/software/STM32/Flight Control Computer/Core/Inc/spi.h_save
2024-12-17 20:06:57,122 [INFO] CodeEngine:279 - Generated code: /home/nikolai/Documents/NP1_DRONE/software/STM32/Flight Control Computer/Core/Inc/spi.h
2024-12-17 20:06:57,123 [INFO] CodeEngine:255 - oldGeneratedFile, /home/nikolai/Documents/NP1_DRONE/software/STM32/Flight Control Computer/Core/Src/usart.c_save
2024-12-17 20:06:57,164 [INFO] CodeEngine:279 - Generated code: /home/nikolai/Documents/NP1_DRONE/software/STM32/Flight Control Computer/Core/Src/usart.c
2024-12-17 20:06:57,165 [INFO] CodeEngine:255 - oldGeneratedFile, /home/nikolai/Documents/NP1_DRONE/software/STM32/Flight Control Computer/Core/Inc/usart.h_save
2024-12-17 20:06:57,195 [INFO] CodeEngine:279 - Generated code: /home/nikolai/Documents/NP1_DRONE/software/STM32/Flight Control Computer/Core/Inc/usart.h
2024-12-17 20:06:57,202 [INFO] Middleware:1450 - No code input for Bsp Dependency
2024-12-17 20:06:57,205 [INFO] CodeEngine:255 - oldGeneratedFile, /home/nikolai/Documents/NP1_DRONE/software/STM32/Flight Control Computer/USB_Device/App/usb_device.c_save
2024-12-17 20:06:57,248 [INFO] CodeEngine:279 - Generated code: /home/nikolai/Documents/NP1_DRONE/software/STM32/Flight Control Computer/USB_Device/App/usb_device.c
2024-12-17 20:06:57,248 [INFO] CodeEngine:255 - oldGeneratedFile, /home/nikolai/Documents/NP1_DRONE/software/STM32/Flight Control Computer/USB_Device/App/usb_device.h_save
2024-12-17 20:06:57,277 [INFO] CodeEngine:279 - Generated code: /home/nikolai/Documents/NP1_DRONE/software/STM32/Flight Control Computer/USB_Device/App/usb_device.h
2024-12-17 20:06:57,277 [INFO] CodeEngine:255 - oldGeneratedFile, /home/nikolai/Documents/NP1_DRONE/software/STM32/Flight Control Computer/USB_Device/Target/usbd_conf.h_save
2024-12-17 20:06:57,305 [INFO] CodeEngine:279 - Generated code: /home/nikolai/Documents/NP1_DRONE/software/STM32/Flight Control Computer/USB_Device/Target/usbd_conf.h
2024-12-17 20:06:57,306 [INFO] CodeEngine:255 - oldGeneratedFile, /home/nikolai/Documents/NP1_DRONE/software/STM32/Flight Control Computer/USB_Device/Target/usbd_conf.c_save
2024-12-17 20:06:57,341 [INFO] CodeEngine:279 - Generated code: /home/nikolai/Documents/NP1_DRONE/software/STM32/Flight Control Computer/USB_Device/Target/usbd_conf.c
2024-12-17 20:06:57,342 [INFO] CodeEngine:255 - oldGeneratedFile, /home/nikolai/Documents/NP1_DRONE/software/STM32/Flight Control Computer/USB_Device/App/usbd_desc.h_save
2024-12-17 20:06:57,370 [INFO] CodeEngine:279 - Generated code: /home/nikolai/Documents/NP1_DRONE/software/STM32/Flight Control Computer/USB_Device/App/usbd_desc.h
2024-12-17 20:06:57,371 [INFO] CodeEngine:255 - oldGeneratedFile, /home/nikolai/Documents/NP1_DRONE/software/STM32/Flight Control Computer/USB_Device/App/usbd_desc.c_save
2024-12-17 20:06:57,403 [INFO] CodeEngine:279 - Generated code: /home/nikolai/Documents/NP1_DRONE/software/STM32/Flight Control Computer/USB_Device/App/usbd_desc.c
2024-12-17 20:06:57,404 [INFO] CodeEngine:255 - oldGeneratedFile, /home/nikolai/Documents/NP1_DRONE/software/STM32/Flight Control Computer/USB_Device/App/usbd_cdc_if.h_save
2024-12-17 20:06:57,432 [INFO] CodeEngine:279 - Generated code: /home/nikolai/Documents/NP1_DRONE/software/STM32/Flight Control Computer/USB_Device/App/usbd_cdc_if.h
2024-12-17 20:06:57,433 [INFO] CodeEngine:255 - oldGeneratedFile, /home/nikolai/Documents/NP1_DRONE/software/STM32/Flight Control Computer/USB_Device/App/usbd_cdc_if.c_save
2024-12-17 20:06:57,466 [INFO] CodeEngine:279 - Generated code: /home/nikolai/Documents/NP1_DRONE/software/STM32/Flight Control Computer/USB_Device/App/usbd_cdc_if.c
2024-12-17 20:06:57,470 [INFO] CodeEngine:255 - oldGeneratedFile, /home/nikolai/Documents/NP1_DRONE/software/STM32/Flight Control Computer/Core/Src/stm32g4xx_it.c_save
2024-12-17 20:06:57,542 [INFO] CodeEngine:279 - Generated code: /home/nikolai/Documents/NP1_DRONE/software/STM32/Flight Control Computer/Core/Src/stm32g4xx_it.c
2024-12-17 20:06:57,543 [INFO] CodeEngine:255 - oldGeneratedFile, /home/nikolai/Documents/NP1_DRONE/software/STM32/Flight Control Computer/Core/Inc/stm32g4xx_it.h_save
2024-12-17 20:06:57,574 [INFO] CodeEngine:279 - Generated code: /home/nikolai/Documents/NP1_DRONE/software/STM32/Flight Control Computer/Core/Inc/stm32g4xx_it.h
2024-12-17 20:06:57,580 [INFO] CodeEngine:255 - oldGeneratedFile, /home/nikolai/Documents/NP1_DRONE/software/STM32/Flight Control Computer/Core/Src/stm32g4xx_hal_msp.c_save
2024-12-17 20:06:57,620 [INFO] CodeEngine:279 - Generated code: /home/nikolai/Documents/NP1_DRONE/software/STM32/Flight Control Computer/Core/Src/stm32g4xx_hal_msp.c
2024-12-17 20:06:57,621 [INFO] CodeEngine:255 - oldGeneratedFile, /home/nikolai/Documents/NP1_DRONE/software/STM32/Flight Control Computer/MXTmpFiles/system.tmp_save
2024-12-17 20:06:57,649 [INFO] CodeEngine:279 - Generated code: /home/nikolai/Documents/NP1_DRONE/software/STM32/Flight Control Computer/MXTmpFiles/system.tmp
2024-12-17 20:06:57,649 [INFO] CodeEngine:255 - oldGeneratedFile, /home/nikolai/Documents/NP1_DRONE/software/STM32/Flight Control Computer/Core/Src/stm32g4xx_hal_timebase_tim.c_save
2024-12-17 20:06:57,679 [INFO] CodeEngine:279 - Generated code: /home/nikolai/Documents/NP1_DRONE/software/STM32/Flight Control Computer/Core/Src/stm32g4xx_hal_timebase_tim.c
2024-12-17 20:06:57,681 [INFO] CodeEngine:311 - oldGeneratedFile, /home/nikolai/Documents/NP1_DRONE/software/STM32/Flight Control Computer/Core/Inc/stm32g4xx_hal_conf.h_save
2024-12-17 20:06:57,711 [INFO] CodeEngine:335 - Generated code: /home/nikolai/Documents/NP1_DRONE/software/STM32/Flight Control Computer/Core/Inc/stm32g4xx_hal_conf.h
2024-12-17 20:06:57,718 [WARN] IPConfigManager:3034 - Warning: the RefConfig RCC_CommonPeriphClockConfig is not available in your config.xml file
2024-12-17 20:06:57,726 [INFO] CodeEngine:255 - oldGeneratedFile, /home/nikolai/Documents/NP1_DRONE/software/STM32/Flight Control Computer/Core/Inc/main.h_save
2024-12-17 20:06:57,757 [INFO] CodeEngine:279 - Generated code: /home/nikolai/Documents/NP1_DRONE/software/STM32/Flight Control Computer/Core/Inc/main.h
2024-12-17 20:06:57,758 [INFO] CodeEngine:255 - oldGeneratedFile, /home/nikolai/Documents/NP1_DRONE/software/STM32/Flight Control Computer/Core/Src/main.c_save
2024-12-17 20:06:57,800 [INFO] CodeEngine:279 - Generated code: /home/nikolai/Documents/NP1_DRONE/software/STM32/Flight Control Computer/Core/Src/main.c
2024-12-17 20:06:57,934 [INFO] ProjectBuilder:3289 - Time for Copy HAL[1] : 17mS.
2024-12-17 20:06:57,936 [INFO] ProjectBuilder:4876 - Project Generator version: 4.5.0-RC5
2024-12-17 20:06:57,976 [INFO] ConfigFileManager:1579 - The Die is : DIE469
2024-12-17 20:06:58,462 [INFO] ProjectBuilder:5154 - Time for Generating toolchain IDE Files: 526mS.
2024-12-17 20:06:58,463 [INFO] ProjectBuilder:3146 - Time for Copy CMSIS : 0mS.
2024-12-17 20:06:58,464 [INFO] ProjectBuilder:3146 - Time for Copy CMSIS : 0mS.
2024-12-17 21:42:51,132 [INFO] TasksAndQueuesTab:757 - Static
2024-12-17 21:42:51,133 [INFO] TasksAndQueuesTab:757 - Static
2024-12-17 21:42:51,134 [INFO] TasksAndQueuesTab:757 - Static
2024-12-17 21:42:51,134 [INFO] TasksAndQueuesTab:757 - Static
2024-12-17 21:42:51,135 [INFO] TasksAndQueuesTab:757 - Static
2024-12-17 21:43:22,821 [INFO] UtilMem:75 - End SaveConfig() Used Memory: 467593880 Bytes (1073741824)
2024-12-17 21:43:22,914 [INFO] UtilMem:75 - End SaveConfig() Used Memory: 485419672 Bytes (1073741824)
2024-12-17 21:43:23,321 [INFO] UtilMem:75 - End SaveConfig() Used Memory: 525787800 Bytes (1073741824)
2024-12-17 21:43:23,505 [INFO] BlockDiagram:2766 - set Specific Code input for plugin: SPI
2024-12-17 21:43:23,505 [INFO] BlockDiagram:2766 - set Specific Code input for plugin: FDCAN
2024-12-17 21:43:23,505 [INFO] BlockDiagram:2766 - set Specific Code input for plugin: FREERTOS
2024-12-17 21:43:23,505 [INFO] BlockDiagram:2766 - set Specific Code input for plugin: USB_Device
2024-12-17 21:43:23,505 [INFO] BlockDiagram:2766 - set Specific Code input for plugin: SYS
2024-12-17 21:43:23,505 [INFO] BlockDiagram:2766 - set Specific Code input for plugin: RCC
2024-12-17 21:43:23,505 [INFO] BlockDiagram:2766 - set Specific Code input for plugin: I2C
2024-12-17 21:43:23,505 [INFO] BlockDiagram:2766 - set Specific Code input for plugin: NVIC
2024-12-17 21:43:23,505 [INFO] BlockDiagram:2766 - set Specific Code input for plugin: USART
2024-12-17 21:43:23,505 [INFO] BlockDiagram:2766 - set Specific Code input for plugin: USB
2024-12-17 21:43:23,506 [INFO] BlockDiagram:2766 - set Specific Code input for plugin: GPIO
2024-12-17 21:43:23,506 [INFO] BlockDiagram:2766 - set Specific Code input for plugin: FDCAN
2024-12-17 21:43:23,506 [INFO] CodeGenerator:896 - code generatio: config db path: /opt/st/stm32cubeide_1.17.0_2/plugins/com.st.stm32cube.common.mx_6.13.0.202411220809//db/
2024-12-17 21:43:23,510 [WARN] IP:2251 - MessageRAMOffset not found: check if there is a RefParameter without a condition.
2024-12-17 21:43:23,510 [WARN] IP:2251 - RxFifo0ElmtsNbr not found: check if there is a RefParameter without a condition.
2024-12-17 21:43:23,510 [WARN] IP:2251 - RxFifo0ElmtSize not found: check if there is a RefParameter without a condition.
2024-12-17 21:43:23,510 [WARN] IP:2251 - RxFifo1ElmtsNbr not found: check if there is a RefParameter without a condition.
2024-12-17 21:43:23,510 [WARN] IP:2251 - RxFifo1ElmtSize not found: check if there is a RefParameter without a condition.
2024-12-17 21:43:23,510 [WARN] IP:2251 - RxBuffersNbr not found: check if there is a RefParameter without a condition.
2024-12-17 21:43:23,510 [WARN] IP:2251 - RxBufferSize not found: check if there is a RefParameter without a condition.
2024-12-17 21:43:23,510 [WARN] IP:2251 - TxEventsNbr not found: check if there is a RefParameter without a condition.
2024-12-17 21:43:23,510 [WARN] IP:2251 - TxBuffersNbr not found: check if there is a RefParameter without a condition.
2024-12-17 21:43:23,510 [WARN] IP:2251 - TxFifoQueueElmtsNbr not found: check if there is a RefParameter without a condition.
2024-12-17 21:43:23,510 [WARN] IP:2251 - TxElmtSize not found: check if there is a RefParameter without a condition.
2024-12-17 21:43:23,510 [WARN] IP:2251 - ClockCalibrationCCU not found: check if there is a RefParameter without a condition.
2024-12-17 21:43:23,510 [WARN] IP:2251 - ClockDividerCCU not found: check if there is a RefParameter without a condition.
2024-12-17 21:43:23,510 [WARN] IP:2251 - MinOscClkPeriodsCCU not found: check if there is a RefParameter without a condition.
2024-12-17 21:43:23,511 [WARN] IP:2251 - TimeQuantaPerBitTimeCCU not found: check if there is a RefParameter without a condition.
2024-12-17 21:43:23,511 [WARN] IP:2251 - WatchdogStartValueCCU not found: check if there is a RefParameter without a condition.
2024-12-17 21:43:23,512 [WARN] IP:2251 - MessageRAMOffset not found: check if there is a RefParameter without a condition.
2024-12-17 21:43:23,512 [WARN] IP:2251 - RxFifo0ElmtsNbr not found: check if there is a RefParameter without a condition.
2024-12-17 21:43:23,512 [WARN] IP:2251 - RxFifo0ElmtSize not found: check if there is a RefParameter without a condition.
2024-12-17 21:43:23,512 [WARN] IP:2251 - RxFifo1ElmtsNbr not found: check if there is a RefParameter without a condition.
2024-12-17 21:43:23,512 [WARN] IP:2251 - RxFifo1ElmtSize not found: check if there is a RefParameter without a condition.
2024-12-17 21:43:23,512 [WARN] IP:2251 - RxBuffersNbr not found: check if there is a RefParameter without a condition.
2024-12-17 21:43:23,512 [WARN] IP:2251 - RxBufferSize not found: check if there is a RefParameter without a condition.
2024-12-17 21:43:23,512 [WARN] IP:2251 - TxEventsNbr not found: check if there is a RefParameter without a condition.
2024-12-17 21:43:23,512 [WARN] IP:2251 - TxBuffersNbr not found: check if there is a RefParameter without a condition.
2024-12-17 21:43:23,512 [WARN] IP:2251 - TxFifoQueueElmtsNbr not found: check if there is a RefParameter without a condition.
2024-12-17 21:43:23,512 [WARN] IP:2251 - TxElmtSize not found: check if there is a RefParameter without a condition.
2024-12-17 21:43:23,512 [WARN] IP:2251 - ClockCalibrationCCU not found: check if there is a RefParameter without a condition.
2024-12-17 21:43:23,512 [WARN] IP:2251 - ClockDividerCCU not found: check if there is a RefParameter without a condition.
2024-12-17 21:43:23,512 [WARN] IP:2251 - MinOscClkPeriodsCCU not found: check if there is a RefParameter without a condition.
2024-12-17 21:43:23,512 [WARN] IP:2251 - TimeQuantaPerBitTimeCCU not found: check if there is a RefParameter without a condition.
2024-12-17 21:43:23,512 [WARN] IP:2251 - WatchdogStartValueCCU not found: check if there is a RefParameter without a condition.
2024-12-17 21:43:23,575 [INFO] CodeEngine:255 - oldGeneratedFile, /home/nikolai/Documents/NP1_DRONE/software/STM32/Flight Control Computer/MXTmpFiles/license.tmp_save
2024-12-17 21:43:23,767 [INFO] CodeEngine:279 - Generated code: /home/nikolai/Documents/NP1_DRONE/software/STM32/Flight Control Computer/MXTmpFiles/license.tmp
2024-12-17 21:43:23,829 [INFO] CodeEngine:255 - oldGeneratedFile, /home/nikolai/Documents/NP1_DRONE/software/STM32/Flight Control Computer/Core/Src/gpio.c_save
2024-12-17 21:43:23,903 [INFO] CodeEngine:279 - Generated code: /home/nikolai/Documents/NP1_DRONE/software/STM32/Flight Control Computer/Core/Src/gpio.c
2024-12-17 21:43:23,904 [INFO] CodeEngine:255 - oldGeneratedFile, /home/nikolai/Documents/NP1_DRONE/software/STM32/Flight Control Computer/Core/Inc/gpio.h_save
2024-12-17 21:43:23,947 [INFO] CodeEngine:279 - Generated code: /home/nikolai/Documents/NP1_DRONE/software/STM32/Flight Control Computer/Core/Inc/gpio.h
2024-12-17 21:43:24,051 [INFO] CodeEngine:255 - oldGeneratedFile, /home/nikolai/Documents/NP1_DRONE/software/STM32/Flight Control Computer/MXTmpFiles/usb_vars.tmp_save
2024-12-17 21:43:24,133 [INFO] CodeEngine:279 - Generated code: /home/nikolai/Documents/NP1_DRONE/software/STM32/Flight Control Computer/MXTmpFiles/usb_vars.tmp
2024-12-17 21:43:24,135 [INFO] CodeEngine:255 - oldGeneratedFile, /home/nikolai/Documents/NP1_DRONE/software/STM32/Flight Control Computer/MXTmpFiles/usb_inc.tmp_save
2024-12-17 21:43:24,198 [INFO] CodeEngine:279 - Generated code: /home/nikolai/Documents/NP1_DRONE/software/STM32/Flight Control Computer/MXTmpFiles/usb_inc.tmp
2024-12-17 21:43:24,200 [INFO] CodeEngine:255 - oldGeneratedFile, /home/nikolai/Documents/NP1_DRONE/software/STM32/Flight Control Computer/MXTmpFiles/usb_HalInit.tmp_save
2024-12-17 21:43:24,281 [INFO] CodeEngine:279 - Generated code: /home/nikolai/Documents/NP1_DRONE/software/STM32/Flight Control Computer/MXTmpFiles/usb_HalInit.tmp
2024-12-17 21:43:24,282 [INFO] CodeEngine:255 - oldGeneratedFile, /home/nikolai/Documents/NP1_DRONE/software/STM32/Flight Control Computer/MXTmpFiles/usb_Msp.tmp_save
2024-12-17 21:43:24,348 [INFO] CodeEngine:279 - Generated code: /home/nikolai/Documents/NP1_DRONE/software/STM32/Flight Control Computer/MXTmpFiles/usb_Msp.tmp
2024-12-17 21:43:24,721 [INFO] Middleware:1450 - No code input for Bsp Dependency
2024-12-17 21:43:24,723 [INFO] CodeEngine:255 - oldGeneratedFile, /home/nikolai/Documents/NP1_DRONE/software/STM32/Flight Control Computer/MXTmpFiles/rtos_inc.tmp_save
2024-12-17 21:43:24,756 [INFO] CodeEngine:279 - Generated code: /home/nikolai/Documents/NP1_DRONE/software/STM32/Flight Control Computer/MXTmpFiles/rtos_inc.tmp
2024-12-17 21:43:24,756 [INFO] CodeEngine:255 - oldGeneratedFile, /home/nikolai/Documents/NP1_DRONE/software/STM32/Flight Control Computer/MXTmpFiles/rtos_kernelInit.tmp_save
2024-12-17 21:43:24,788 [INFO] CodeEngine:279 - Generated code: /home/nikolai/Documents/NP1_DRONE/software/STM32/Flight Control Computer/MXTmpFiles/rtos_kernelInit.tmp
2024-12-17 21:43:24,790 [INFO] CodeEngine:255 - oldGeneratedFile, /home/nikolai/Documents/NP1_DRONE/software/STM32/Flight Control Computer/MXTmpFiles/rtos_kernelStart.tmp_save
2024-12-17 21:43:24,821 [INFO] CodeEngine:279 - Generated code: /home/nikolai/Documents/NP1_DRONE/software/STM32/Flight Control Computer/MXTmpFiles/rtos_kernelStart.tmp
2024-12-17 21:43:24,822 [INFO] CodeEngine:255 - oldGeneratedFile, /home/nikolai/Documents/NP1_DRONE/software/STM32/Flight Control Computer/MXTmpFiles/rtos_typedefs.tmp_save
2024-12-17 21:43:24,854 [INFO] CodeEngine:279 - Generated code: /home/nikolai/Documents/NP1_DRONE/software/STM32/Flight Control Computer/MXTmpFiles/rtos_typedefs.tmp
2024-12-17 21:43:24,854 [INFO] CodeEngine:255 - oldGeneratedFile, /home/nikolai/Documents/NP1_DRONE/software/STM32/Flight Control Computer/MXTmpFiles/rtos_vars.tmp_save
2024-12-17 21:43:24,886 [INFO] CodeEngine:279 - Generated code: /home/nikolai/Documents/NP1_DRONE/software/STM32/Flight Control Computer/MXTmpFiles/rtos_vars.tmp
2024-12-17 21:43:24,888 [INFO] CodeEngine:255 - oldGeneratedFile, /home/nikolai/Documents/NP1_DRONE/software/STM32/Flight Control Computer/MXTmpFiles/rtos_pfp.tmp_save
2024-12-17 21:43:24,923 [INFO] CodeEngine:279 - Generated code: /home/nikolai/Documents/NP1_DRONE/software/STM32/Flight Control Computer/MXTmpFiles/rtos_pfp.tmp
2024-12-17 21:43:24,924 [INFO] CodeEngine:255 - oldGeneratedFile, /home/nikolai/Documents/NP1_DRONE/software/STM32/Flight Control Computer/MXTmpFiles/rtos_obj_creat.tmp_save
2024-12-17 21:43:24,955 [INFO] CodeEngine:279 - Generated code: /home/nikolai/Documents/NP1_DRONE/software/STM32/Flight Control Computer/MXTmpFiles/rtos_obj_creat.tmp
2024-12-17 21:43:24,956 [INFO] CodeEngine:255 - oldGeneratedFile, /home/nikolai/Documents/NP1_DRONE/software/STM32/Flight Control Computer/MXTmpFiles/rtos_default_thread.tmp_save
2024-12-17 21:43:24,986 [INFO] CodeEngine:279 - Generated code: /home/nikolai/Documents/NP1_DRONE/software/STM32/Flight Control Computer/MXTmpFiles/rtos_default_thread.tmp
2024-12-17 21:43:24,986 [INFO] CodeEngine:255 - oldGeneratedFile, /home/nikolai/Documents/NP1_DRONE/software/STM32/Flight Control Computer/MXTmpFiles/rtos_threads.tmp_save
2024-12-17 21:43:25,017 [INFO] CodeEngine:279 - Generated code: /home/nikolai/Documents/NP1_DRONE/software/STM32/Flight Control Computer/MXTmpFiles/rtos_threads.tmp
2024-12-17 21:43:25,024 [INFO] Middleware:1450 - No code input for Bsp Dependency
2024-12-17 21:43:25,029 [INFO] Middleware:1450 - No code input for Bsp Dependency
2024-12-17 21:43:25,031 [INFO] CodeEngine:255 - oldGeneratedFile, /home/nikolai/Documents/NP1_DRONE/software/STM32/Flight Control Computer/MXTmpFiles/rtos_inc.tmp_save
2024-12-17 21:43:25,064 [INFO] CodeEngine:279 - Generated code: /home/nikolai/Documents/NP1_DRONE/software/STM32/Flight Control Computer/MXTmpFiles/rtos_inc.tmp
2024-12-17 21:43:25,065 [INFO] CodeEngine:255 - oldGeneratedFile, /home/nikolai/Documents/NP1_DRONE/software/STM32/Flight Control Computer/MXTmpFiles/rtos_kernelInit.tmp_save
2024-12-17 21:43:25,097 [INFO] CodeEngine:279 - Generated code: /home/nikolai/Documents/NP1_DRONE/software/STM32/Flight Control Computer/MXTmpFiles/rtos_kernelInit.tmp
2024-12-17 21:43:25,098 [INFO] CodeEngine:255 - oldGeneratedFile, /home/nikolai/Documents/NP1_DRONE/software/STM32/Flight Control Computer/MXTmpFiles/rtos_kernelStart.tmp_save
2024-12-17 21:43:25,127 [INFO] CodeEngine:279 - Generated code: /home/nikolai/Documents/NP1_DRONE/software/STM32/Flight Control Computer/MXTmpFiles/rtos_kernelStart.tmp
2024-12-17 21:43:25,128 [INFO] CodeEngine:255 - oldGeneratedFile, /home/nikolai/Documents/NP1_DRONE/software/STM32/Flight Control Computer/MXTmpFiles/rtos_typedefs.tmp_save
2024-12-17 21:43:25,157 [INFO] CodeEngine:279 - Generated code: /home/nikolai/Documents/NP1_DRONE/software/STM32/Flight Control Computer/MXTmpFiles/rtos_typedefs.tmp
2024-12-17 21:43:25,158 [INFO] CodeEngine:255 - oldGeneratedFile, /home/nikolai/Documents/NP1_DRONE/software/STM32/Flight Control Computer/MXTmpFiles/rtos_vars.tmp_save
2024-12-17 21:43:25,191 [INFO] CodeEngine:279 - Generated code: /home/nikolai/Documents/NP1_DRONE/software/STM32/Flight Control Computer/MXTmpFiles/rtos_vars.tmp
2024-12-17 21:43:25,192 [INFO] CodeEngine:255 - oldGeneratedFile, /home/nikolai/Documents/NP1_DRONE/software/STM32/Flight Control Computer/MXTmpFiles/rtos_pfp.tmp_save
2024-12-17 21:43:25,221 [INFO] CodeEngine:279 - Generated code: /home/nikolai/Documents/NP1_DRONE/software/STM32/Flight Control Computer/MXTmpFiles/rtos_pfp.tmp
2024-12-17 21:43:25,222 [INFO] CodeEngine:255 - oldGeneratedFile, /home/nikolai/Documents/NP1_DRONE/software/STM32/Flight Control Computer/MXTmpFiles/rtos_obj_creat.tmp_save
2024-12-17 21:43:25,251 [INFO] CodeEngine:279 - Generated code: /home/nikolai/Documents/NP1_DRONE/software/STM32/Flight Control Computer/MXTmpFiles/rtos_obj_creat.tmp
2024-12-17 21:43:25,252 [INFO] CodeEngine:255 - oldGeneratedFile, /home/nikolai/Documents/NP1_DRONE/software/STM32/Flight Control Computer/MXTmpFiles/rtos_default_thread.tmp_save
2024-12-17 21:43:25,281 [INFO] CodeEngine:279 - Generated code: /home/nikolai/Documents/NP1_DRONE/software/STM32/Flight Control Computer/MXTmpFiles/rtos_default_thread.tmp
2024-12-17 21:43:25,281 [INFO] CodeEngine:255 - oldGeneratedFile, /home/nikolai/Documents/NP1_DRONE/software/STM32/Flight Control Computer/MXTmpFiles/rtos_threads.tmp_save
2024-12-17 21:43:25,312 [INFO] CodeEngine:279 - Generated code: /home/nikolai/Documents/NP1_DRONE/software/STM32/Flight Control Computer/MXTmpFiles/rtos_threads.tmp
2024-12-17 21:43:25,313 [INFO] CodeEngine:255 - oldGeneratedFile, /home/nikolai/Documents/NP1_DRONE/software/STM32/Flight Control Computer/Core/Inc/FreeRTOSConfig.h_save
2024-12-17 21:43:25,361 [INFO] CodeEngine:279 - Generated code: /home/nikolai/Documents/NP1_DRONE/software/STM32/Flight Control Computer/Core/Inc/FreeRTOSConfig.h
2024-12-17 21:43:25,362 [INFO] CodeEngine:255 - oldGeneratedFile, /home/nikolai/Documents/NP1_DRONE/software/STM32/Flight Control Computer/Core/Src/app_freertos.c_save
2024-12-17 21:43:25,411 [INFO] CodeEngine:279 - Generated code: /home/nikolai/Documents/NP1_DRONE/software/STM32/Flight Control Computer/Core/Src/app_freertos.c
2024-12-17 21:43:25,414 [INFO] CodeEngine:255 - oldGeneratedFile, /home/nikolai/Documents/NP1_DRONE/software/STM32/Flight Control Computer/Core/Src/fdcan.c_save
2024-12-17 21:43:25,503 [INFO] CodeEngine:279 - Generated code: /home/nikolai/Documents/NP1_DRONE/software/STM32/Flight Control Computer/Core/Src/fdcan.c
2024-12-17 21:43:25,506 [INFO] CodeEngine:255 - oldGeneratedFile, /home/nikolai/Documents/NP1_DRONE/software/STM32/Flight Control Computer/Core/Inc/fdcan.h_save
2024-12-17 21:43:25,538 [INFO] CodeEngine:279 - Generated code: /home/nikolai/Documents/NP1_DRONE/software/STM32/Flight Control Computer/Core/Inc/fdcan.h
2024-12-17 21:43:25,541 [INFO] CodeEngine:255 - oldGeneratedFile, /home/nikolai/Documents/NP1_DRONE/software/STM32/Flight Control Computer/Core/Src/i2c.c_save
2024-12-17 21:43:25,585 [INFO] CodeEngine:279 - Generated code: /home/nikolai/Documents/NP1_DRONE/software/STM32/Flight Control Computer/Core/Src/i2c.c
2024-12-17 21:43:25,586 [INFO] CodeEngine:255 - oldGeneratedFile, /home/nikolai/Documents/NP1_DRONE/software/STM32/Flight Control Computer/Core/Inc/i2c.h_save
2024-12-17 21:43:25,617 [INFO] CodeEngine:279 - Generated code: /home/nikolai/Documents/NP1_DRONE/software/STM32/Flight Control Computer/Core/Inc/i2c.h
2024-12-17 21:43:25,618 [INFO] CodeEngine:255 - oldGeneratedFile, /home/nikolai/Documents/NP1_DRONE/software/STM32/Flight Control Computer/Core/Src/spi.c_save
2024-12-17 21:43:25,662 [INFO] CodeEngine:279 - Generated code: /home/nikolai/Documents/NP1_DRONE/software/STM32/Flight Control Computer/Core/Src/spi.c
2024-12-17 21:43:25,662 [INFO] CodeEngine:255 - oldGeneratedFile, /home/nikolai/Documents/NP1_DRONE/software/STM32/Flight Control Computer/Core/Inc/spi.h_save
2024-12-17 21:43:25,692 [INFO] CodeEngine:279 - Generated code: /home/nikolai/Documents/NP1_DRONE/software/STM32/Flight Control Computer/Core/Inc/spi.h
2024-12-17 21:43:25,694 [INFO] CodeEngine:255 - oldGeneratedFile, /home/nikolai/Documents/NP1_DRONE/software/STM32/Flight Control Computer/Core/Src/usart.c_save
2024-12-17 21:43:25,739 [INFO] CodeEngine:279 - Generated code: /home/nikolai/Documents/NP1_DRONE/software/STM32/Flight Control Computer/Core/Src/usart.c
2024-12-17 21:43:25,740 [INFO] CodeEngine:255 - oldGeneratedFile, /home/nikolai/Documents/NP1_DRONE/software/STM32/Flight Control Computer/Core/Inc/usart.h_save
2024-12-17 21:43:25,771 [INFO] CodeEngine:279 - Generated code: /home/nikolai/Documents/NP1_DRONE/software/STM32/Flight Control Computer/Core/Inc/usart.h
2024-12-17 21:43:25,775 [INFO] Middleware:1450 - No code input for Bsp Dependency
2024-12-17 21:43:25,777 [INFO] CodeEngine:255 - oldGeneratedFile, /home/nikolai/Documents/NP1_DRONE/software/STM32/Flight Control Computer/USB_Device/App/usb_device.c_save
2024-12-17 21:43:25,821 [INFO] CodeEngine:279 - Generated code: /home/nikolai/Documents/NP1_DRONE/software/STM32/Flight Control Computer/USB_Device/App/usb_device.c
2024-12-17 21:43:25,821 [INFO] CodeEngine:255 - oldGeneratedFile, /home/nikolai/Documents/NP1_DRONE/software/STM32/Flight Control Computer/USB_Device/App/usb_device.h_save
2024-12-17 21:43:25,853 [INFO] CodeEngine:279 - Generated code: /home/nikolai/Documents/NP1_DRONE/software/STM32/Flight Control Computer/USB_Device/App/usb_device.h
2024-12-17 21:43:25,853 [INFO] CodeEngine:255 - oldGeneratedFile, /home/nikolai/Documents/NP1_DRONE/software/STM32/Flight Control Computer/USB_Device/Target/usbd_conf.h_save
2024-12-17 21:43:25,884 [INFO] CodeEngine:279 - Generated code: /home/nikolai/Documents/NP1_DRONE/software/STM32/Flight Control Computer/USB_Device/Target/usbd_conf.h
2024-12-17 21:43:25,885 [INFO] CodeEngine:255 - oldGeneratedFile, /home/nikolai/Documents/NP1_DRONE/software/STM32/Flight Control Computer/USB_Device/Target/usbd_conf.c_save
2024-12-17 21:43:25,921 [INFO] CodeEngine:279 - Generated code: /home/nikolai/Documents/NP1_DRONE/software/STM32/Flight Control Computer/USB_Device/Target/usbd_conf.c
2024-12-17 21:43:25,923 [INFO] CodeEngine:255 - oldGeneratedFile, /home/nikolai/Documents/NP1_DRONE/software/STM32/Flight Control Computer/USB_Device/App/usbd_desc.h_save
2024-12-17 21:43:25,953 [INFO] CodeEngine:279 - Generated code: /home/nikolai/Documents/NP1_DRONE/software/STM32/Flight Control Computer/USB_Device/App/usbd_desc.h
2024-12-17 21:43:25,954 [INFO] CodeEngine:255 - oldGeneratedFile, /home/nikolai/Documents/NP1_DRONE/software/STM32/Flight Control Computer/USB_Device/App/usbd_desc.c_save
2024-12-17 21:43:25,987 [INFO] CodeEngine:279 - Generated code: /home/nikolai/Documents/NP1_DRONE/software/STM32/Flight Control Computer/USB_Device/App/usbd_desc.c
2024-12-17 21:43:25,988 [INFO] CodeEngine:255 - oldGeneratedFile, /home/nikolai/Documents/NP1_DRONE/software/STM32/Flight Control Computer/USB_Device/App/usbd_cdc_if.h_save
2024-12-17 21:43:26,018 [INFO] CodeEngine:279 - Generated code: /home/nikolai/Documents/NP1_DRONE/software/STM32/Flight Control Computer/USB_Device/App/usbd_cdc_if.h
2024-12-17 21:43:26,019 [INFO] CodeEngine:255 - oldGeneratedFile, /home/nikolai/Documents/NP1_DRONE/software/STM32/Flight Control Computer/USB_Device/App/usbd_cdc_if.c_save
2024-12-17 21:43:26,054 [INFO] CodeEngine:279 - Generated code: /home/nikolai/Documents/NP1_DRONE/software/STM32/Flight Control Computer/USB_Device/App/usbd_cdc_if.c
2024-12-17 21:43:26,060 [INFO] CodeEngine:255 - oldGeneratedFile, /home/nikolai/Documents/NP1_DRONE/software/STM32/Flight Control Computer/Core/Src/stm32g4xx_it.c_save
2024-12-17 21:43:26,136 [INFO] CodeEngine:279 - Generated code: /home/nikolai/Documents/NP1_DRONE/software/STM32/Flight Control Computer/Core/Src/stm32g4xx_it.c
2024-12-17 21:43:26,137 [INFO] CodeEngine:255 - oldGeneratedFile, /home/nikolai/Documents/NP1_DRONE/software/STM32/Flight Control Computer/Core/Inc/stm32g4xx_it.h_save
2024-12-17 21:43:26,167 [INFO] CodeEngine:279 - Generated code: /home/nikolai/Documents/NP1_DRONE/software/STM32/Flight Control Computer/Core/Inc/stm32g4xx_it.h
2024-12-17 21:43:26,173 [INFO] CodeEngine:255 - oldGeneratedFile, /home/nikolai/Documents/NP1_DRONE/software/STM32/Flight Control Computer/Core/Src/stm32g4xx_hal_msp.c_save
2024-12-17 21:43:26,217 [INFO] CodeEngine:279 - Generated code: /home/nikolai/Documents/NP1_DRONE/software/STM32/Flight Control Computer/Core/Src/stm32g4xx_hal_msp.c
2024-12-17 21:43:26,217 [INFO] CodeEngine:255 - oldGeneratedFile, /home/nikolai/Documents/NP1_DRONE/software/STM32/Flight Control Computer/MXTmpFiles/system.tmp_save
2024-12-17 21:43:26,247 [INFO] CodeEngine:279 - Generated code: /home/nikolai/Documents/NP1_DRONE/software/STM32/Flight Control Computer/MXTmpFiles/system.tmp
2024-12-17 21:43:26,247 [INFO] CodeEngine:255 - oldGeneratedFile, /home/nikolai/Documents/NP1_DRONE/software/STM32/Flight Control Computer/Core/Src/stm32g4xx_hal_timebase_tim.c_save
2024-12-17 21:43:26,279 [INFO] CodeEngine:279 - Generated code: /home/nikolai/Documents/NP1_DRONE/software/STM32/Flight Control Computer/Core/Src/stm32g4xx_hal_timebase_tim.c
2024-12-17 21:43:26,281 [INFO] CodeEngine:311 - oldGeneratedFile, /home/nikolai/Documents/NP1_DRONE/software/STM32/Flight Control Computer/Core/Inc/stm32g4xx_hal_conf.h_save
2024-12-17 21:43:26,313 [INFO] CodeEngine:335 - Generated code: /home/nikolai/Documents/NP1_DRONE/software/STM32/Flight Control Computer/Core/Inc/stm32g4xx_hal_conf.h
2024-12-17 21:43:26,321 [WARN] IPConfigManager:3034 - Warning: the RefConfig RCC_CommonPeriphClockConfig is not available in your config.xml file
2024-12-17 21:43:26,328 [INFO] CodeEngine:255 - oldGeneratedFile, /home/nikolai/Documents/NP1_DRONE/software/STM32/Flight Control Computer/Core/Inc/main.h_save
2024-12-17 21:43:26,359 [INFO] CodeEngine:279 - Generated code: /home/nikolai/Documents/NP1_DRONE/software/STM32/Flight Control Computer/Core/Inc/main.h
2024-12-17 21:43:26,360 [INFO] CodeEngine:255 - oldGeneratedFile, /home/nikolai/Documents/NP1_DRONE/software/STM32/Flight Control Computer/Core/Src/main.c_save
2024-12-17 21:43:26,410 [INFO] CodeEngine:279 - Generated code: /home/nikolai/Documents/NP1_DRONE/software/STM32/Flight Control Computer/Core/Src/main.c
2024-12-17 21:43:26,502 [INFO] ProjectBuilder:3289 - Time for Copy HAL[1] : 14mS.
2024-12-17 21:43:26,504 [INFO] ProjectBuilder:4876 - Project Generator version: 4.5.0-RC5
2024-12-17 21:43:26,551 [INFO] ConfigFileManager:1579 - The Die is : DIE469
2024-12-17 21:43:26,926 [INFO] ProjectBuilder:5154 - Time for Generating toolchain IDE Files: 422mS.
2024-12-17 21:43:26,926 [INFO] ProjectBuilder:3146 - Time for Copy CMSIS : 0mS.
2024-12-17 21:43:26,927 [INFO] ProjectBuilder:3146 - Time for Copy CMSIS : 0mS.
2024-12-17 22:07:27,539 [INFO] Gpio:277 - dependency for GPIO [FDCAN1, FDCAN2, I2C2, RCC, SPI1, SYS, USART2, USB]
