2024-12-02 23:30:33,547 [INFO] McuFinderGlobals:63 - Set McuFinder mode to 2 (CubeIDE integrated)
2024-12-02 23:30:33,792 [INFO] MainUpdater:2873 - connection check result : 10
2024-12-02 23:30:33,793 [INFO] MainUpdater:2873 - connection check result : 10
2024-12-02 23:30:33,819 [INFO] MicroXplorer:468 - Change Database Path : 
2024-12-02 23:30:33,819 [INFO] MicroXplorer:498 - Change Database Version : DB.6.0.100
2024-12-02 23:30:33,823 [WARN] ThirdParty:871 - waiting for thirdparty lock release [close project]
2024-12-02 23:30:33,823 [INFO] ThirdParty:873 - entering critical section [close project]
2024-12-02 23:30:33,823 [INFO] ThirdParty:883 - exiting critical section [close project]
2024-12-02 23:30:33,824 [INFO] PinOutPanel:1499 - setPackage(No Configuration,No Configuration)
2024-12-02 23:30:33,826 [INFO] UtilMem:75 - Begin LoadConfig() Used Memory: 242303328 Bytes (671088640)
2024-12-02 23:30:33,827 [INFO] MicroXplorer:468 - Change Database Path : 
2024-12-02 23:30:33,827 [INFO] MicroXplorer:498 - Change Database Version : DB.6.0.100
2024-12-02 23:30:33,827 [INFO] OpenFileManager:312 - Change cursor
2024-12-02 23:30:33,853 [INFO] Mcu:2016 - Initializing MCU STM32G474C(B-C-E)Tx STM32G474CETx STM32G474CET6
2024-12-02 23:30:35,926 [INFO] Context:659 - Trying to add GPIOservice into a context  which must be forbidden
2024-12-02 23:30:37,237 [INFO] RtosManager:555 - Registered RTOS mode: class=CMSIS, group=RTOS, mode=CMSIS_V1, owner=FREERTOS
2024-12-02 23:30:37,237 [INFO] RtosManager:555 - Registered RTOS mode: class=CMSIS, group=RTOS2, mode=CMSIS_V2, owner=FREERTOS
2024-12-02 23:30:37,237 [INFO] RtosManager:555 - Registered RTOS mode: class=RTOS, group=Core, mode=CMSIS_V1, owner=FREERTOS
2024-12-02 23:30:37,238 [INFO] RtosManager:555 - Registered RTOS mode: class=RTOS, group=Core, mode=CMSIS_V2, owner=FREERTOS
2024-12-02 23:30:37,238 [WARN] ModelIntegratedComponent:184 - Missing modes for component STMicroelectronics:FreeRTOS:0.0.1:STMicroelectronics:RTOS:FreeRTOS:Core:::10.2.0:
2024-12-02 23:30:37,252 [WARN] ModelIntegratedComponent:63 - No mode defined for component null
2024-12-02 23:30:37,252 [WARN] ModelIntegratedComponent:63 - No mode defined for component null
2024-12-02 23:30:37,252 [WARN] ModelIntegratedComponent:63 - No mode defined for component null
2024-12-02 23:30:37,252 [WARN] ModelIntegratedComponent:63 - No mode defined for component null
2024-12-02 23:30:37,252 [WARN] ModelIntegratedComponent:63 - No mode defined for component null
2024-12-02 23:30:37,252 [WARN] ModelIntegratedComponent:63 - No mode defined for component null
2024-12-02 23:30:37,252 [WARN] ModelIntegratedComponent:63 - No mode defined for component null
2024-12-02 23:30:37,252 [WARN] ModelIntegratedComponent:63 - No mode defined for component null
2024-12-02 23:30:37,252 [WARN] ModelIntegratedComponent:63 - No mode defined for component null
2024-12-02 23:30:37,252 [WARN] ModelIntegratedComponent:63 - No mode defined for component null
2024-12-02 23:30:37,252 [WARN] ModelIntegratedComponent:63 - No mode defined for component null
2024-12-02 23:30:37,252 [WARN] ModelIntegratedComponent:63 - No mode defined for component null
2024-12-02 23:30:37,252 [WARN] ModelIntegratedComponent:63 - No mode defined for component null
2024-12-02 23:30:37,252 [WARN] ModelIntegratedComponent:63 - No mode defined for component null
2024-12-02 23:30:37,253 [WARN] ModelIntegratedComponent:63 - No mode defined for component null
2024-12-02 23:30:37,253 [WARN] ModelIntegratedComponent:63 - No mode defined for component null
2024-12-02 23:30:37,253 [WARN] ModelIntegratedComponent:63 - No mode defined for component null
2024-12-02 23:30:37,253 [WARN] ModelIntegratedComponent:63 - No mode defined for component null
2024-12-02 23:30:37,253 [WARN] ModelIntegratedComponent:63 - No mode defined for component null
2024-12-02 23:30:37,253 [WARN] ModelIntegratedComponent:63 - No mode defined for component null
2024-12-02 23:30:37,253 [WARN] ModelIntegratedComponent:63 - No mode defined for component null
2024-12-02 23:30:37,253 [WARN] ModelIntegratedComponent:63 - No mode defined for component null
2024-12-02 23:30:37,253 [WARN] ModelIntegratedComponent:63 - No mode defined for component null
2024-12-02 23:30:37,253 [WARN] ModelIntegratedComponent:63 - No mode defined for component null
2024-12-02 23:30:37,253 [WARN] ModelIntegratedComponent:63 - No mode defined for component null
2024-12-02 23:30:37,253 [WARN] ModelIntegratedComponent:63 - No mode defined for component null
2024-12-02 23:30:37,253 [WARN] ModelIntegratedComponent:63 - No mode defined for component null
2024-12-02 23:30:37,253 [WARN] ModelIntegratedComponent:63 - No mode defined for component null
2024-12-02 23:30:37,253 [WARN] ModelIntegratedComponent:63 - No mode defined for component null
2024-12-02 23:30:37,253 [WARN] ModelIntegratedComponent:63 - No mode defined for component null
2024-12-02 23:30:37,253 [WARN] ModelIntegratedComponent:63 - No mode defined for component null
2024-12-02 23:30:37,253 [WARN] ModelIntegratedComponent:63 - No mode defined for component null
2024-12-02 23:30:37,253 [WARN] ModelIntegratedComponent:63 - No mode defined for component null
2024-12-02 23:30:37,337 [INFO] ThirdPartyModel:298 - Start build external matchings
2024-12-02 23:30:37,742 [INFO] ThirdPartyModel:316 - End build external matchings
2024-12-02 23:30:37,758 [INFO] RtosManager:919 - Current active RTOS is FREERTOS [Cortex-M4NS]
2024-12-02 23:30:37,763 [WARN] IP:2119 - MessageRAMOffset not found: check if there is a RefParameter without a condition.
2024-12-02 23:30:37,763 [WARN] IP:2119 - RxFifo0ElmtsNbr not found: check if there is a RefParameter without a condition.
2024-12-02 23:30:37,763 [WARN] IP:2119 - RxFifo0ElmtSize not found: check if there is a RefParameter without a condition.
2024-12-02 23:30:37,763 [WARN] IP:2119 - RxFifo1ElmtsNbr not found: check if there is a RefParameter without a condition.
2024-12-02 23:30:37,763 [WARN] IP:2119 - RxFifo1ElmtSize not found: check if there is a RefParameter without a condition.
2024-12-02 23:30:37,763 [WARN] IP:2119 - RxBuffersNbr not found: check if there is a RefParameter without a condition.
2024-12-02 23:30:37,763 [WARN] IP:2119 - RxBufferSize not found: check if there is a RefParameter without a condition.
2024-12-02 23:30:37,763 [WARN] IP:2119 - TxEventsNbr not found: check if there is a RefParameter without a condition.
2024-12-02 23:30:37,763 [WARN] IP:2119 - TxBuffersNbr not found: check if there is a RefParameter without a condition.
2024-12-02 23:30:37,763 [WARN] IP:2119 - TxFifoQueueElmtsNbr not found: check if there is a RefParameter without a condition.
2024-12-02 23:30:37,763 [WARN] IP:2119 - TxElmtSize not found: check if there is a RefParameter without a condition.
2024-12-02 23:30:37,763 [WARN] IP:2119 - ClockCalibrationCCU not found: check if there is a RefParameter without a condition.
2024-12-02 23:30:37,763 [WARN] IP:2119 - ClockDividerCCU not found: check if there is a RefParameter without a condition.
2024-12-02 23:30:37,763 [WARN] IP:2119 - MinOscClkPeriodsCCU not found: check if there is a RefParameter without a condition.
2024-12-02 23:30:37,763 [WARN] IP:2119 - TimeQuantaPerBitTimeCCU not found: check if there is a RefParameter without a condition.
2024-12-02 23:30:37,763 [WARN] IP:2119 - WatchdogStartValueCCU not found: check if there is a RefParameter without a condition.
2024-12-02 23:30:37,764 [WARN] IP:2119 - MessageRAMOffset not found: check if there is a RefParameter without a condition.
2024-12-02 23:30:37,764 [WARN] IP:2119 - RxFifo0ElmtsNbr not found: check if there is a RefParameter without a condition.
2024-12-02 23:30:37,764 [WARN] IP:2119 - RxFifo0ElmtSize not found: check if there is a RefParameter without a condition.
2024-12-02 23:30:37,764 [WARN] IP:2119 - RxFifo1ElmtsNbr not found: check if there is a RefParameter without a condition.
2024-12-02 23:30:37,764 [WARN] IP:2119 - RxFifo1ElmtSize not found: check if there is a RefParameter without a condition.
2024-12-02 23:30:37,764 [WARN] IP:2119 - RxBuffersNbr not found: check if there is a RefParameter without a condition.
2024-12-02 23:30:37,764 [WARN] IP:2119 - RxBufferSize not found: check if there is a RefParameter without a condition.
2024-12-02 23:30:37,764 [WARN] IP:2119 - TxEventsNbr not found: check if there is a RefParameter without a condition.
2024-12-02 23:30:37,764 [WARN] IP:2119 - TxBuffersNbr not found: check if there is a RefParameter without a condition.
2024-12-02 23:30:37,764 [WARN] IP:2119 - TxFifoQueueElmtsNbr not found: check if there is a RefParameter without a condition.
2024-12-02 23:30:37,764 [WARN] IP:2119 - TxElmtSize not found: check if there is a RefParameter without a condition.
2024-12-02 23:30:37,764 [WARN] IP:2119 - ClockCalibrationCCU not found: check if there is a RefParameter without a condition.
2024-12-02 23:30:37,764 [WARN] IP:2119 - ClockDividerCCU not found: check if there is a RefParameter without a condition.
2024-12-02 23:30:37,764 [WARN] IP:2119 - MinOscClkPeriodsCCU not found: check if there is a RefParameter without a condition.
2024-12-02 23:30:37,764 [WARN] IP:2119 - TimeQuantaPerBitTimeCCU not found: check if there is a RefParameter without a condition.
2024-12-02 23:30:37,764 [WARN] IP:2119 - WatchdogStartValueCCU not found: check if there is a RefParameter without a condition.
2024-12-02 23:30:37,769 [INFO] ImportTextPane:194 - (OptionalMessage_ERROR) IP (RCC) : Invalid parameter (FamilyName)
2024-12-02 23:30:37,949 [INFO] UtilMem:75 - End LoadConfig() Used Memory: 294419256 Bytes (744488960)
2024-12-02 23:30:38,026 [INFO] ApiDb:581 - Connected to CubeFinder SQLite database (/home/nikolai/.stmcufinder/plugins/mcufinder/mcu/cube-finder-db.db)
2024-12-02 23:30:38,060 [INFO] ApiDb:668 - CubeFinder database Data Model version=2.1
2024-12-02 23:30:38,060 [INFO] ApiDb:669 - CubeFinder database Configuration version=3.0.39
2024-12-02 23:30:38,061 [INFO] ApiDb:670 - CubeFinder database generation date=2024-08-06 (1722941618)
2024-12-02 23:30:38,061 [INFO] ApiDb:671 - CubeFinder database FW Pack versions=[FP-ATR-ASTRA1_V2.0.0, FP-SNS-FLIGHT1_V5.0.2, FP-SNS-MOTENV1_V5.0.0, FP-SNS-MOTENVWB1_V1.4.0, FP-SNS-SMARTAG2_V1.2.0, FP-SNS-STBOX1_V2.0.0, STM32Cube_FW_C0_V1.2.0, STM32Cube_FW_F4_V1.28.0, STM32Cube_FW_F7_V1.17.2, STM32Cube_FW_G0_V1.6.2, STM32Cube_FW_G4_V1.6.0, STM32Cube_FW_H5_V1.3.0, STM32Cube_FW_H7RS_V1.1.0, STM32Cube_FW_H7_V1.11.2, STM32Cube_FW_L0_V1.12.2, STM32Cube_FW_L5_V1.5.1, STM32Cube_FW_U0_V1.1.0, STM32Cube_FW_U5_V1.6.0, STM32Cube_FW_WB0_V1.0.0, STM32Cube_FW_WBA_V1.4.1, STM32Cube_FW_WB_V1.20.0, STM32Cube_FW_WL_V1.3.0, X-CUBE-ALGOBUILD_V1.4.0, X-CUBE-ALS_V1.0.2, X-CUBE-AZRTOS-F4_V1.1.0, X-CUBE-AZRTOS-F7_V1.1.0, X-CUBE-AZRTOS-G0_V1.1.0, X-CUBE-AZRTOS-G4_V2.0.0, X-CUBE-AZRTOS-H7RS_V1.0.0, X-CUBE-AZRTOS-H7_V3.2.0, X-CUBE-AZRTOS-L4_V2.0.0, X-CUBE-AZRTOS-L5_V1.1.0, X-CUBE-AZRTOS-WB_V2.0.0, X-CUBE-AZRTOS-WL_V2.0.0, X-CUBE-BLE1_V7.0.0, X-CUBE-BLE2_V3.3.0, X-CUBE-BLEMGR_V3.1.0, X-CUBE-EEPRMA1_V5.1.0, X-CUBE-FREERTOS_V1.2.0, X-CUBE-GNSS1_V6.0.0, X-CUBE-MEMS1_V10.0.0, X-CUBE-NFC4_V3.0.0, X-CUBE-NFC7_V1.0.1, X-CUBE-SFXS2LP1_V4.0.0, X-CUBE-SUBG2_V5.0.0, X-CUBE-TOF1_V3.4.2]
2024-12-02 23:30:39,254 [INFO] ApiDb:240 - Found 371 in-development CPN: [B-G473E-ZEST1S, B-WB1M-WPAN1, B-WL5M-SUBG1, NUCLEO-C031C6, NUCLEO-H503RB, NUCLEO-H563ZI, NUCLEO-U545RE-Q, NUCLEO-U5A5ZJ-Q, NUCLEO-WBA52CG, NUCLEO-WBA55CG, STEVAL-MKBOXPRO, STEVAL-PROTEUS1, STEVAL-STWINBX1, STM320518-EVAL, STM32C0116-DK, STM32C011D6Y3TR, STM32C011D6Y6TR, STM32C011F4P3, STM32C011F4P6, STM32C011F4U3, STM32C011F4U6TR, STM32C011F6P3, STM32C011F6P6, STM32C011F6U3, STM32C011F6U6TR, STM32C011J4M3, STM32C011J4M6, STM32C011J6M3, STM32C011J6M6, STM32C0316-DK, STM32C031C4T3, STM32C031C4T6, STM32C031C4U3, STM32C031C4U6, STM32C031C6T3, STM32C031C6T6, STM32C031C6U3, STM32C031C6U6, STM32C031F4P3, STM32C031F4P6, STM32C031F6P3, STM32C031F6P6, STM32C031G4U3, STM32C031G4U6, STM32C031G6U3, STM32C031G6U6, STM32C031K4T3, STM32C031K4T6, STM32C031K4U3, STM32C031K4U6, STM32C031K6T3, STM32C031K6T6, STM32C031K6U3, STM32C031K6U6, STM32G071K8TXN, STM32G071K8UXN, STM32G081GBU6N, STM32G081KBT6N, STM32G081KBUXN, STM32G0B1CCT6N, STM32G0B1KCT6, STM32G0B1NEY6TR, STM32G0B1RCT6N, STM32G0C1CCT6, STM32G0C1CCT6N, STM32G0C1CCU6N, STM32G0C1CET6N, STM32G0C1CEU6N, STM32G0C1KCT6, STM32G0C1NEY6TR, STM32G0C1RCI6N, STM32G0C1RCT6N, STM32G0C1REI6N, STM32G0C1RET6N, STM32G0C1VCI6, STM32G0C1VEI6, STM32G471CCT6, STM32G471CCU6, STM32G471CET3, STM32G471CET6, STM32G471CEU3, STM32G471CEU6, STM32G471MCT6, STM32G471MET3, STM32G471MET6, STM32G471MEY6TR, STM32G471QCT6, STM32G471QET3, STM32G471RCT6, STM32G471RET3, STM32G471RET6, STM32G471VCH6, STM32G471VCI6, STM32G471VCT6, STM32G471VEH3, STM32G471VEH6, STM32G471VEI3, STM32G471VEI6, STM32G471VET3, STM32G471VET6, STM32G474CCT6, STM32H503CBT6, STM32H503CBU6, STM32H503EBY6TR, STM32H503KBU6, STM32H503RBT6, STM32H562AGI6, STM32H562AII6, STM32H562IGK6, STM32H562IGT6, STM32H562IIK6, STM32H562IIT6, STM32H562RGT6, STM32H562RGV6, STM32H562RIT6, STM32H562RIV6, STM32H562VGT6, STM32H562VIT6, STM32H562ZGT6, STM32H562ZIT6, STM32H563AGI6, STM32H563AII3Q, STM32H563AII6, STM32H563IGK6, STM32H563IGT6, STM32H563IIK3Q, STM32H563IIK6, STM32H563IIT3Q, STM32H563IIT6, STM32H563MIY3QTR, STM32H563RGT6, STM32H563RGV6, STM32H563RIT6, STM32H563RIV6, STM32H563VGT6, STM32H563VIT3Q, STM32H563VIT6, STM32H563ZGT6, STM32H563ZIT3Q, STM32H563ZIT6, STM32H573AII3Q, STM32H573AII6, STM32H573I-DK, STM32H573IIK3Q, STM32H573IIK6, STM32H573IIT3Q, STM32H573IIT6, STM32H573MIY3QTR, STM32H573RIT6, STM32H573RIV6, STM32H573VIT3Q, STM32H573VIT6, STM32H573ZIT3Q, STM32H573ZIT6, STM32L4R5QGI6STR, STM32MP131AAE3, STM32MP131AAF3, STM32MP131AAG3, STM32MP131CAE3, STM32MP131CAF3, STM32MP131CAG3, STM32MP131DAE7, STM32MP131DAF7, STM32MP131DAG7, STM32MP131FAE7, STM32MP131FAF7, STM32MP131FAG7, STM32MP133AAE3, STM32MP133AAF3, STM32MP133AAG3, STM32MP133CAE3, STM32MP133CAF3, STM32MP133CAG3, STM32MP133DAE7, STM32MP133DAF7, STM32MP133DAG7, STM32MP133FAE7, STM32MP133FAF7, STM32MP133FAG7, STM32MP135AAE3, STM32MP135AAF3, STM32MP135AAG3, STM32MP135CAE3, STM32MP135CAF3, STM32MP135CAG3, STM32MP135DAE7, STM32MP135DAF7, STM32MP135DAG7, STM32MP135F-DK, STM32MP135FAE7, STM32MP135FAF7, STM32MP135FAF7T, STM32MP135FAF7U, STM32MP135FAG7, STM32U535CBT6, STM32U535CBT6Q, STM32U535CBU6, STM32U535CBU6Q, STM32U535CCT6, STM32U535CCT6Q, STM32U535CCU6, STM32U535CCU6Q, STM32U535CET6, STM32U535CET6Q, STM32U535CEU6, STM32U535CEU6Q, STM32U535JEY6QTR, STM32U535NCY6QTR, STM32U535NEY6QTR, STM32U535RBI6, STM32U535RBI6Q, STM32U535RBT6, STM32U535RBT6Q, STM32U535RCI6, STM32U535RCI6Q, STM32U535RCT6, STM32U535RCT6Q, STM32U535REI6, STM32U535REI6Q, STM32U535RET6, STM32U535RET6Q, STM32U535VCI6, STM32U535VCI6Q, STM32U535VCT6, STM32U535VCT6Q, STM32U535VEI6, STM32U535VEI6Q, STM32U535VET6, STM32U535VET6Q, STM32U545CET6, STM32U545CET6Q, STM32U545CEU6, STM32U545CEU6Q, STM32U545JEY6QTR, STM32U545NEY6QTR, STM32U545REI6, STM32U545REI6Q, STM32U545RET6, STM32U545RET6Q, STM32U545VEI6, STM32U545VEI6Q, STM32U545VET6, STM32U545VET6Q, STM32U595AIH6, STM32U595AIH6Q, STM32U595AJH6, STM32U595AJH6Q, STM32U595QII6, STM32U595QII6Q, STM32U595QJI6, STM32U595QJI6Q, STM32U595RIT6, STM32U595RIT6Q, STM32U595RJT6, STM32U595RJT6Q, STM32U595VIT6, STM32U595VIT6Q, STM32U595VJT6, STM32U595VJT6Q, STM32U595ZIT6, STM32U595ZIT6Q, STM32U595ZIY6QTR, STM32U595ZJT6, STM32U595ZJT6Q, STM32U595ZJY6QTR, STM32U599BJY6QTR, STM32U599NIH6Q, STM32U599NJH6Q, STM32U599VIT6Q, STM32U599VJT6, STM32U599VJT6Q, STM32U599ZIT6Q, STM32U599ZIY6QTR, STM32U599ZJT6Q, STM32U599ZJY6QTR, STM32U5A5AJH6, STM32U5A5AJH6Q, STM32U5A5QJI6, STM32U5A5QJI6Q, STM32U5A5RJT6, STM32U5A5RJT6Q, STM32U5A5VJT6, STM32U5A5VJT6Q, STM32U5A5ZJT6, STM32U5A5ZJT6Q, STM32U5A5ZJY6QTR, STM32U5A9BJY6QTR, STM32U5A9J-DK, STM32U5A9NJH6Q, STM32U5A9VJT6Q, STM32U5A9ZJT6Q, STM32U5A9ZJY6QTR, STM32U5F7VIT6, STM32U5F7VIT6Q, STM32U5F7VJT6, STM32U5F7VJT6Q, STM32U5F9BJY6QTR, STM32U5F9NJH6Q, STM32U5F9VIT6Q, STM32U5F9VJT6Q, STM32U5F9ZIJ6QTR, STM32U5F9ZIT6Q, STM32U5F9ZJJ6QTR, STM32U5F9ZJT6Q, STM32U5G7VJT6, STM32U5G7VJT6Q, STM32U5G9BJY6QTR, STM32U5G9J-DK1, STM32U5G9J-DK2, STM32U5G9NJH6Q, STM32U5G9VJT6Q, STM32U5G9ZJJ6QTR, STM32U5G9ZJT6Q, STM32WB1MMCH6, STM32WBA50KEU6, STM32WBA50KEU6TR, STM32WBA50KGU6, STM32WBA50KGU6TR, STM32WBA52CEU6, STM32WBA52CEU6TR, STM32WBA52CEU7, STM32WBA52CEU7TR, STM32WBA52CGU6, STM32WBA52CGU6TR, STM32WBA52CGU6U, STM32WBA52CGU7, STM32WBA52CGU7TR, STM32WBA52KEU6, STM32WBA52KEU6TR, STM32WBA52KGU6, STM32WBA52KGU6TR, STM32WBA54CEU6, STM32WBA54CEU6TR, STM32WBA54CEU7, STM32WBA54CEU7TR, STM32WBA54CGU6, STM32WBA54CGU6TR, STM32WBA54CGU7, STM32WBA54CGU7TR, STM32WBA54KEU6, STM32WBA54KEU6TR, STM32WBA54KEU7, STM32WBA54KEU7TR, STM32WBA54KGU6, STM32WBA54KGU6TR, STM32WBA54KGU7, STM32WBA54KGU7TR, STM32WBA55CEU6, STM32WBA55CEU6TR, STM32WBA55CEU7, STM32WBA55CEU7TR, STM32WBA55CGU6, STM32WBA55CGU6TR, STM32WBA55CGU6U, STM32WBA55CGU7, STM32WBA55CGU7TR, STM32WBA55G-DK1, STM32WBA55HEF6, STM32WBA55HEF7, STM32WBA55HGF6, STM32WBA55HGF7, STM32WBA55UEI6, STM32WBA55UEI6TR, STM32WBA55UEI7, STM32WBA55UEI7TR, STM32WBA55UGI6, STM32WBA55UGI6TR, STM32WBA55UGI7, STM32WBA55UGI7TR, STM32WL5MOCH6, STM32WL5MOCH6TR]
2024-12-02 23:30:39,257 [INFO] DbMcus:218 - Found 4203 MCUs, 4203 are supported
2024-12-02 23:30:39,257 [INFO] ApiDb:423 - Load user favorites file /home/nikolai/.stm32cubeide/favorites.mcus.txt: 0 item(s)
2024-12-02 23:30:39,258 [INFO] ApiDb:427 - User favorites MCUs=[]
2024-12-02 23:30:39,258 [INFO] DbMcus:224 - Set 0 / 0 favorites MCUs
2024-12-02 23:30:39,494 [INFO] MicroXplorer:468 - Change Database Path : 
2024-12-02 23:30:39,494 [INFO] MicroXplorer:498 - Change Database Version : DB.6.0.100
2024-12-02 23:30:39,494 [WARN] ThirdParty:833 - waiting for thirdparty lock release [change project]
2024-12-02 23:30:39,494 [INFO] ThirdParty:835 - entering critical section [change project]
2024-12-02 23:30:39,494 [INFO] ThirdParty:1030 - CMSIS Pack Vendor :STMicroelectronics USBPD 4.1
2024-12-02 23:30:39,494 [INFO] ThirdParty:1030 - CMSIS Pack Vendor :STMicroelectronics X-CUBE-AZRTOS-H7 3.3.0
2024-12-02 23:30:39,494 [INFO] ThirdParty:1030 - CMSIS Pack Vendor :STMicroelectronics X-CUBE-NFC9 1.0.0
2024-12-02 23:30:39,494 [INFO] ThirdParty:1030 - CMSIS Pack Vendor :STMicroelectronics X-CUBE-GNSS1 6.0.0
2024-12-02 23:30:39,494 [INFO] ThirdParty:1030 - CMSIS Pack Vendor :STMicroelectronics USB_HOST 2.0.0
2024-12-02 23:30:39,494 [INFO] ThirdParty:1030 - CMSIS Pack Vendor :STMicroelectronics FP-SNS-MOTENVWB1 1.4.0
2024-12-02 23:30:39,494 [INFO] ThirdParty:1030 - CMSIS Pack Vendor :STMicroelectronics X-CUBE-AZRTOS-F4 1.1.0
2024-12-02 23:30:39,494 [INFO] ThirdParty:1030 - CMSIS Pack Vendor :STMicroelectronics LIBJPEG 8.0.0
2024-12-02 23:30:39,494 [INFO] ThirdParty:1030 - CMSIS Pack Vendor :STMicroelectronics FP-ATR-ASTRA1 2.0.1
2024-12-02 23:30:39,494 [INFO] ThirdParty:1030 - CMSIS Pack Vendor :STMicroelectronics X-CUBE-SMBUS 2.1.0
2024-12-02 23:30:39,494 [INFO] ThirdParty:1030 - CMSIS Pack Vendor :STMicroelectronics X-CUBE-WB05N 1.1.0
2024-12-02 23:30:39,494 [INFO] ThirdParty:1030 - CMSIS Pack Vendor :STMicroelectronics USB_DEVICE 3.0.0
2024-12-02 23:30:39,494 [INFO] ThirdParty:1030 - CMSIS Pack Vendor :STMicroelectronics X-CUBE-TCPP 4.1.0
2024-12-02 23:30:39,494 [INFO] ThirdParty:1030 - CMSIS Pack Vendor :STMicroelectronics X-CUBE-ISPU 2.1.0
2024-12-02 23:30:39,494 [INFO] ThirdParty:1030 - CMSIS Pack Vendor :STMicroelectronics X-CUBE-FREERTOS 1.2.0
2024-12-02 23:30:39,494 [INFO] ThirdParty:1030 - CMSIS Pack Vendor :STMicroelectronics X-CUBE-IPS 3.0.0
2024-12-02 23:30:39,494 [INFO] ThirdParty:1030 - CMSIS Pack Vendor :STMicroelectronics X-CUBE-AZRTOS-WB 2.0.0
2024-12-02 23:30:39,494 [INFO] ThirdParty:1030 - CMSIS Pack Vendor :wolfSSL I-CUBE-wolfSSL 5.6.6
2024-12-02 23:30:39,494 [INFO] ThirdParty:1030 - CMSIS Pack Vendor :STMicroelectronics X-CUBE-GNSS1 7.0.0
2024-12-02 23:30:39,494 [INFO] ThirdParty:1030 - CMSIS Pack Vendor :STMicroelectronics X-CUBE-TOUCHGFX 4.23.0
2024-12-02 23:30:39,494 [INFO] ThirdParty:1030 - CMSIS Pack Vendor :STMicroelectronics X-CUBE-TOUCHGFX 4.23.2
2024-12-02 23:30:39,494 [INFO] ThirdParty:1030 - CMSIS Pack Vendor :STMicroelectronics X-CUBE-AZRTOS-F7 1.1.0
2024-12-02 23:30:39,494 [INFO] ThirdParty:1030 - CMSIS Pack Vendor :STMicroelectronics X-CUBE-AZRTOS-L5 2.0.0
2024-12-02 23:30:39,494 [INFO] ThirdParty:1030 - CMSIS Pack Vendor :STMicroelectronics USB_DEVICE 2.0.0
2024-12-02 23:30:39,494 [INFO] ThirdParty:1030 - CMSIS Pack Vendor :STMicroelectronics X-CUBE-EEPRMA1 4.2.0
2024-12-02 23:30:39,494 [INFO] ThirdParty:1030 - CMSIS Pack Vendor :STMicroelectronics X-CUBE-NFC6 3.1.0
2024-12-02 23:30:39,494 [INFO] ThirdParty:1030 - CMSIS Pack Vendor :ITTIA_DB I-CUBE-ITTIADB 8.8.0
2024-12-02 23:30:39,494 [INFO] ThirdParty:1030 - CMSIS Pack Vendor :STMicroelectronics FP-SNS-STBOX1 2.0.0
2024-12-02 23:30:39,494 [INFO] ThirdParty:1030 - CMSIS Pack Vendor :STMicroelectronics FP-SNS-MOTENV1 4.3.2
2024-12-02 23:30:39,494 [INFO] ThirdParty:1030 - CMSIS Pack Vendor :STMicroelectronics X-CUBE-ALGOBUILD 1.3.0
2024-12-02 23:30:39,494 [INFO] ThirdParty:1030 - CMSIS Pack Vendor :STMicroelectronics X-CUBE-MEMS1 11.0.0
2024-12-02 23:30:39,494 [INFO] ThirdParty:1030 - CMSIS Pack Vendor :STMicroelectronics FreeRTOS 0.0.1
2024-12-02 23:30:39,494 [INFO] ThirdParty:1030 - CMSIS Pack Vendor :STMicroelectronics X-CUBE-AZRTOS-G0 1.1.0
2024-12-02 23:30:39,494 [INFO] ThirdParty:1030 - CMSIS Pack Vendor :STMicroelectronics X-CUBE-SAFEA1 1.2.2
2024-12-02 23:30:39,494 [INFO] ThirdParty:1030 - CMSIS Pack Vendor :STMicroelectronics X-CUBE-NFC4 3.0.0
2024-12-02 23:30:39,494 [INFO] ThirdParty:1030 - CMSIS Pack Vendor :STMicroelectronics X-CUBE-DPower 1.2.0
2024-12-02 23:30:39,494 [INFO] ThirdParty:1030 - CMSIS Pack Vendor :STMicroelectronics X-CUBE-SUBG2 5.0.0
2024-12-02 23:30:39,494 [INFO] ThirdParty:1030 - CMSIS Pack Vendor :STMicroelectronics STM32_WPAN 1.0.0
2024-12-02 23:30:39,494 [INFO] ThirdParty:1030 - CMSIS Pack Vendor :EmbeddedOffice I-CUBE-FS-RTOS 1.0.1
2024-12-02 23:30:39,494 [INFO] ThirdParty:1030 - CMSIS Pack Vendor :STMicroelectronics lwIP 2.0.3
2024-12-02 23:30:39,495 [INFO] ThirdParty:1030 - CMSIS Pack Vendor :STMicroelectronics FP-SNS-FLIGHT1 5.0.2
2024-12-02 23:30:39,495 [INFO] ThirdParty:1030 - CMSIS Pack Vendor :STMicroelectronics USB_HOST 1.0.0
2024-12-02 23:30:39,495 [INFO] ThirdParty:1030 - CMSIS Pack Vendor :STMicroelectronics X-CUBE-AI 9.0.0
2024-12-02 23:30:39,495 [INFO] ThirdParty:1030 - CMSIS Pack Vendor :STMicroelectronics X-CUBE-AZRTOS-G4 2.0.0
2024-12-02 23:30:39,495 [INFO] ThirdParty:1030 - CMSIS Pack Vendor :STMicroelectronics PDM2PCM 3.1.0
2024-12-02 23:30:39,495 [INFO] ThirdParty:1030 - CMSIS Pack Vendor :Infineon AIROC-Wi-Fi-Bluetooth-STM32 1.5.1
2024-12-02 23:30:39,495 [INFO] ThirdParty:1030 - CMSIS Pack Vendor :STMicroelectronics X-CUBE-BLEMGR 3.0.0
2024-12-02 23:30:39,495 [INFO] ThirdParty:1030 - CMSIS Pack Vendor :STMicroelectronics PDM2PCM 3.3.0
2024-12-02 23:30:39,495 [INFO] ThirdParty:1030 - CMSIS Pack Vendor :STMicroelectronics X-CUBE-DISPLAY 3.0.0
2024-12-02 23:30:39,495 [INFO] ThirdParty:1030 - CMSIS Pack Vendor :RealThread X-CUBE-RT-Thread_Nano 4.1.1
2024-12-02 23:30:39,495 [INFO] ThirdParty:1030 - CMSIS Pack Vendor :STMicroelectronics FP-SNS-MOTENVWB1 1.3.1
2024-12-02 23:30:39,495 [INFO] ThirdParty:1030 - CMSIS Pack Vendor :STMicroelectronics X-CUBE-BLE1 7.0.0
2024-12-02 23:30:39,495 [INFO] ThirdParty:1030 - CMSIS Pack Vendor :STMicroelectronics FP-ATR-SIGFOX1 3.2.0
2024-12-02 23:30:39,495 [INFO] ThirdParty:1030 - CMSIS Pack Vendor :STMicroelectronics X-CUBE-NFC10 1.0.0
2024-12-02 23:30:39,495 [INFO] ThirdParty:1030 - CMSIS Pack Vendor :quantropi X-CUBE-qispace-sdk-base 1.9.3
2024-12-02 23:30:39,495 [INFO] ThirdParty:1030 - CMSIS Pack Vendor :STMicroelectronics X-CUBE-ISPU 2.0.0
2024-12-02 23:30:39,495 [INFO] ThirdParty:1030 - CMSIS Pack Vendor :STMicroelectronics X-CUBE-EEPRMA1 5.1.0
2024-12-02 23:30:39,495 [INFO] ThirdParty:1030 - CMSIS Pack Vendor :STMicroelectronics HAL Drivers 0.0.0
2024-12-02 23:30:39,495 [INFO] ThirdParty:1030 - CMSIS Pack Vendor :STMicroelectronics MBEDTLS 2.16.2
2024-12-02 23:30:39,495 [INFO] ThirdParty:1030 - CMSIS Pack Vendor :STMicroelectronics X-CUBE-ALS 1.0.2
2024-12-02 23:30:39,495 [INFO] ThirdParty:1030 - CMSIS Pack Vendor :emotas I-CUBE-CANOPEN 1.3.0
2024-12-02 23:30:39,495 [INFO] ThirdParty:1030 - CMSIS Pack Vendor :STMicroelectronics X-CUBE-MEMS1 10.0.0
2024-12-02 23:30:39,495 [INFO] ThirdParty:1030 - CMSIS Pack Vendor :STMicroelectronics X-CUBE-FREERTOS 1.1.0
2024-12-02 23:30:39,495 [INFO] ThirdParty:1030 - CMSIS Pack Vendor :STMicroelectronics X-CUBE-NFC7 1.0.1
2024-12-02 23:30:39,495 [INFO] ThirdParty:1030 - CMSIS Pack Vendor :STMicroelectronics MBEDTLS 2.14.1
2024-12-02 23:30:39,495 [INFO] ThirdParty:1030 - CMSIS Pack Vendor :STMicroelectronics X-CUBE-TOUCHGFX 4.24.0
2024-12-02 23:30:39,495 [INFO] ThirdParty:1030 - CMSIS Pack Vendor :wolfSSL I-CUBE-wolfTPM 3.2.0
2024-12-02 23:30:39,495 [INFO] ThirdParty:1030 - CMSIS Pack Vendor :STMicroelectronics X-CUBE-TOUCHGFX 4.24.1
2024-12-02 23:30:39,495 [INFO] ThirdParty:1030 - CMSIS Pack Vendor :STMicroelectronics X-CUBE-NFC6 3.0.0
2024-12-02 23:30:39,495 [INFO] ThirdParty:1030 - CMSIS Pack Vendor :portGmbH I-Cube-SoM-uGOAL 1.1.0
2024-12-02 23:30:39,495 [INFO] ThirdParty:1030 - CMSIS Pack Vendor :STMicroelectronics X-CUBE-ALS 1.0.1
2024-12-02 23:30:39,495 [INFO] ThirdParty:1030 - CMSIS Pack Vendor :STMicroelectronics X-CUBE-BLEMGR 3.1.0
2024-12-02 23:30:39,495 [INFO] ThirdParty:1030 - CMSIS Pack Vendor :STMicroelectronics ThreadX 1.0.0
2024-12-02 23:30:39,495 [INFO] ThirdParty:1030 - CMSIS Pack Vendor :STMicroelectronics FP-SNS-SMARTAG2 1.2.0
2024-12-02 23:30:39,495 [INFO] ThirdParty:1030 - CMSIS Pack Vendor :STMicroelectronics X-CUBE-AZRTOS-WL 2.0.0
2024-12-02 23:30:39,495 [INFO] ThirdParty:1030 - CMSIS Pack Vendor :SEGGER I-CUBE-embOS 1.3.1
2024-12-02 23:30:39,495 [INFO] ThirdParty:1030 - CMSIS Pack Vendor :STMicroelectronics X-CUBE-ALGOBUILD 1.4.0
2024-12-02 23:30:39,495 [INFO] ThirdParty:1030 - CMSIS Pack Vendor :STMicroelectronics FP-SNS-MOTENV1 5.0.0
2024-12-02 23:30:39,495 [INFO] ThirdParty:1030 - CMSIS Pack Vendor :STMicroelectronics USB_DEVICE 1.0.0
2024-12-02 23:30:39,495 [INFO] ThirdParty:1030 - CMSIS Pack Vendor :STMicroelectronics X-CUBE-AI 8.1.0
2024-12-02 23:30:39,495 [INFO] ThirdParty:1030 - CMSIS Pack Vendor :STMicroelectronics X-CUBE-AZRTOS-H7RS 1.0.0
2024-12-02 23:30:39,495 [INFO] ThirdParty:1030 - CMSIS Pack Vendor :wolfSSL I-CUBE-wolfMQTT 1.19.0
2024-12-02 23:30:39,495 [INFO] ThirdParty:1030 - CMSIS Pack Vendor :STMicroelectronics X-CUBE-AZRTOS-L4 2.0.0
2024-12-02 23:30:39,495 [INFO] ThirdParty:1030 - CMSIS Pack Vendor :STMicroelectronics ThreadX 0.0.2
2024-12-02 23:30:39,495 [INFO] ThirdParty:1030 - CMSIS Pack Vendor :WES I-CUBE-Cesium 1.3.0
2024-12-02 23:30:39,495 [INFO] ThirdParty:1030 - CMSIS Pack Vendor :STMicroelectronics FP-ATR-ASTRA1 2.0.0
2024-12-02 23:30:39,495 [INFO] ThirdParty:1030 - CMSIS Pack Vendor :STMicroelectronics lwIP 2.1.2
2024-12-02 23:30:39,495 [INFO] ThirdParty:1030 - CMSIS Pack Vendor :STMicroelectronics X-CUBE-SFXS2LP1 4.0.0
2024-12-02 23:30:39,495 [INFO] ThirdParty:1030 - CMSIS Pack Vendor :STMicroelectronics X-CUBE-BLE2 3.3.0
2024-12-02 23:30:39,495 [INFO] ThirdParty:1030 - CMSIS Pack Vendor :STMicroelectronics X-CUBE-TOF1 3.4.2
2024-12-02 23:30:39,495 [INFO] ThirdParty:1030 - CMSIS Pack Vendor :STMicroelectronics X-CUBE-AI 9.1.0
2024-12-02 23:30:39,495 [INFO] ThirdParty:1030 - CMSIS Pack Vendor :STMicroelectronics X-CUBE-TOF1 3.4.0
2024-12-02 23:30:39,495 [INFO] ThirdParty:1030 - CMSIS Pack Vendor :STMicroelectronics X-CUBE-TOF1 3.4.1
2024-12-02 23:30:39,495 [INFO] ThirdParty:1030 - CMSIS Pack Vendor :STMicroelectronics X-CUBE-AZRTOS-H7 3.2.0
2024-12-02 23:30:39,495 [INFO] ThirdParty:1030 - CMSIS Pack Vendor :STMicroelectronics PDM2PCM 3.2.0
2024-12-02 23:30:39,495 [INFO] ThirdParty:1030 - CMSIS Pack Vendor :wolfSSL I-CUBE-wolfSSH 1.4.17
2024-12-02 23:30:39,495 [INFO] ThirdParty:841 - exiting critical section [change project]
2024-12-02 23:30:39,713 [INFO] PinOutPanel:1499 - setPackage(No Configuration,No Configuration)
2024-12-02 23:30:39,715 [INFO] PinOutPanel:1499 - setPackage(STM32G474CETx,LQFP48)
2024-12-02 23:30:40,270 [INFO] UtilMem:75 - Before build in PCC Used Memory: 400774856 Bytes (744488960)
2024-12-02 23:30:40,843 [INFO] UtilMem:75 - After build in PCC Used Memory: 617664432 Bytes (744488960)
2024-12-02 23:30:40,884 [INFO] ApiDbMcu:508 - Load IP Config File for FREERTOS
2024-12-02 23:30:40,891 [INFO] ApiDbMcu:508 - Load IP Config File for USB_Device
2024-12-02 23:30:40,891 [INFO] Middleware:612 - instanceName : USB_DEVICE bspName : BCD Detection check condition failed for : SEM_BCD_ENABLED
2024-12-02 23:30:40,891 [INFO] Middleware:612 - instanceName : USB_DEVICE bspName : BCD Detection check condition failed for : SEM_BCD_ENABLED
2024-12-02 23:30:40,891 [INFO] Middleware:612 - instanceName : USB_DEVICE bspName : BCD Detection check condition failed for : SEM_BCD_ENABLED
2024-12-02 23:30:40,891 [INFO] Middleware:612 - instanceName : USB_DEVICE bspName : BCD Detection check condition failed for : SEM_BCD_ENABLED
2024-12-02 23:30:40,891 [INFO] Middleware:612 - instanceName : USB_DEVICE bspName : BCD Detection check condition failed for : SEM_BCD_ENABLED
2024-12-02 23:30:40,891 [INFO] Middleware:612 - instanceName : USB_DEVICE bspName : BCD Detection check condition failed for : SEM_BCD_ENABLED
2024-12-02 23:30:40,891 [INFO] Middleware:612 - instanceName : USB_DEVICE bspName : BCD Detection check condition failed for : SEM_BCD_ENABLED
2024-12-02 23:30:40,891 [INFO] Middleware:612 - instanceName : USB_DEVICE bspName : BCD Detection check condition failed for : SEM_BCD_ENABLED
2024-12-02 23:30:40,891 [INFO] Middleware:612 - instanceName : USB_DEVICE bspName : BCD Detection check condition failed for : SEM_BCD_ENABLED
2024-12-02 23:30:40,891 [INFO] Middleware:612 - instanceName : USB_DEVICE bspName : BCD Detection check condition failed for : SEM_BCD_ENABLED
2024-12-02 23:30:40,891 [INFO] Middleware:612 - instanceName : USB_DEVICE bspName : BCD Detection check condition failed for : SEM_BCD_ENABLED
2024-12-02 23:30:40,891 [INFO] Middleware:612 - instanceName : USB_DEVICE bspName : BCD Detection check condition failed for : SEM_BCD_ENABLED
2024-12-02 23:30:40,891 [INFO] Middleware:612 - instanceName : USB_DEVICE bspName : BCD Detection check condition failed for : SEM_BCD_ENABLED
2024-12-02 23:30:40,891 [INFO] Middleware:612 - instanceName : USB_DEVICE bspName : BCD Detection check condition failed for : SEM_BCD_ENABLED
2024-12-02 23:30:40,891 [INFO] Middleware:612 - instanceName : USB_DEVICE bspName : BCD Detection check condition failed for : SEM_BCD_ENABLED
2024-12-02 23:30:40,891 [INFO] Middleware:612 - instanceName : USB_DEVICE bspName : BCD Detection check condition failed for : SEM_BCD_ENABLED
2024-12-02 23:30:40,922 [INFO] IPUIPlugin:80 - create IPUIPlugin
2024-12-02 23:30:40,923 [INFO] IPUIPlugin:80 - create IPUIPlugin
2024-12-02 23:30:40,923 [INFO] IPUIPlugin:80 - create IPUIPlugin
2024-12-02 23:30:40,923 [INFO] IPUIPlugin:80 - create IPUIPlugin
2024-12-02 23:30:40,923 [INFO] IPUIPlugin:80 - create IPUIPlugin
2024-12-02 23:30:40,923 [INFO] IPUIPlugin:80 - create IPUIPlugin
2024-12-02 23:30:40,923 [INFO] IPUIPlugin:80 - create IPUIPlugin
2024-12-02 23:30:40,923 [INFO] IPUIPlugin:80 - create IPUIPlugin
2024-12-02 23:30:40,923 [INFO] IPUIPlugin:80 - create IPUIPlugin
2024-12-02 23:30:40,923 [INFO] IPUIPlugin:80 - create IPUIPlugin
2024-12-02 23:30:40,923 [INFO] IPUIPlugin:80 - create IPUIPlugin
2024-12-02 23:30:40,923 [INFO] IPUIPlugin:80 - create IPUIPlugin
2024-12-02 23:30:40,923 [INFO] IPUIPlugin:80 - create IPUIPlugin
2024-12-02 23:30:40,923 [INFO] IPUIPlugin:80 - create IPUIPlugin
2024-12-02 23:30:40,923 [INFO] IPUIPlugin:80 - create IPUIPlugin
2024-12-02 23:30:40,923 [INFO] IPUIPlugin:80 - create IPUIPlugin
2024-12-02 23:30:40,923 [INFO] IPUIPlugin:80 - create IPUIPlugin
2024-12-02 23:30:40,924 [INFO] IPUIPlugin:80 - create IPUIPlugin
2024-12-02 23:30:40,924 [INFO] IPUIPlugin:80 - create IPUIPlugin
2024-12-02 23:30:40,924 [INFO] IPUIPlugin:80 - create IPUIPlugin
2024-12-02 23:30:40,924 [INFO] IPUIPlugin:80 - create IPUIPlugin
2024-12-02 23:30:40,924 [INFO] IPUIPlugin:80 - create IPUIPlugin
2024-12-02 23:30:40,924 [INFO] IPUIPlugin:80 - create IPUIPlugin
2024-12-02 23:30:40,924 [INFO] IPUIPlugin:80 - create IPUIPlugin
2024-12-02 23:30:40,924 [INFO] IPUIPlugin:80 - create IPUIPlugin
2024-12-02 23:30:40,924 [INFO] IPUIPlugin:80 - create IPUIPlugin
2024-12-02 23:30:40,924 [INFO] IPUIPlugin:80 - create IPUIPlugin
2024-12-02 23:30:40,924 [INFO] IPUIPlugin:80 - create IPUIPlugin
2024-12-02 23:30:40,924 [INFO] IPUIPlugin:80 - create IPUIPlugin
2024-12-02 23:30:40,924 [INFO] IPUIPlugin:80 - create IPUIPlugin
2024-12-02 23:30:40,924 [INFO] IPUIPlugin:80 - create IPUIPlugin
2024-12-02 23:30:40,924 [INFO] IPUIPlugin:80 - create IPUIPlugin
2024-12-02 23:30:40,924 [INFO] IPUIPlugin:80 - create IPUIPlugin
2024-12-02 23:30:40,924 [INFO] IPUIPlugin:80 - create IPUIPlugin
2024-12-02 23:30:40,925 [INFO] IPUIPlugin:80 - create IPUIPlugin
2024-12-02 23:30:40,925 [INFO] IPUIPlugin:80 - create IPUIPlugin
2024-12-02 23:30:40,925 [INFO] IPUIPlugin:80 - create IPUIPlugin
2024-12-02 23:30:40,925 [INFO] IPUIPlugin:80 - create IPUIPlugin
2024-12-02 23:30:40,925 [INFO] IPUIPlugin:80 - create IPUIPlugin
2024-12-02 23:30:40,925 [INFO] IPUIPlugin:80 - create IPUIPlugin
2024-12-02 23:30:40,925 [INFO] IPUIPlugin:80 - create IPUIPlugin
2024-12-02 23:30:40,925 [INFO] IPUIPlugin:80 - create IPUIPlugin
2024-12-02 23:30:40,925 [INFO] IPUIPlugin:80 - create IPUIPlugin
2024-12-02 23:30:40,925 [INFO] IPUIPlugin:80 - create IPUIPlugin
2024-12-02 23:30:40,925 [INFO] IPUIPlugin:80 - create IPUIPlugin
2024-12-02 23:30:40,925 [INFO] IPUIPlugin:80 - create IPUIPlugin
2024-12-02 23:30:40,925 [INFO] IPUIPlugin:80 - create IPUIPlugin
2024-12-02 23:30:40,925 [INFO] IPUIPlugin:80 - create IPUIPlugin
2024-12-02 23:30:40,926 [INFO] IPUIPlugin:80 - create IPUIPlugin
2024-12-02 23:30:40,927 [INFO] IPUIPlugin:80 - create IPUIPlugin
2024-12-02 23:30:40,927 [INFO] IPUIPlugin:80 - create IPUIPlugin
2024-12-02 23:30:40,927 [INFO] IPUIPlugin:80 - create IPUIPlugin
2024-12-02 23:30:40,928 [INFO] IPUIPlugin:80 - create IPUIPlugin
2024-12-02 23:30:40,928 [INFO] IPUIPlugin:80 - create IPUIPlugin
2024-12-02 23:30:40,928 [INFO] IPUIPlugin:80 - create IPUIPlugin
2024-12-02 23:30:40,928 [INFO] IPUIPlugin:80 - create IPUIPlugin
2024-12-02 23:30:40,928 [INFO] IPUIPlugin:80 - create IPUIPlugin
2024-12-02 23:30:40,928 [INFO] IPUIPlugin:80 - create IPUIPlugin
2024-12-02 23:30:40,928 [INFO] IPUIPlugin:80 - create IPUIPlugin
2024-12-02 23:30:40,929 [INFO] IPUIPlugin:80 - create IPUIPlugin
2024-12-02 23:30:40,929 [INFO] IPUIPlugin:80 - create IPUIPlugin
2024-12-02 23:30:40,929 [INFO] IPUIPlugin:80 - create IPUIPlugin
2024-12-02 23:30:40,929 [INFO] IPUIPlugin:80 - create IPUIPlugin
2024-12-02 23:30:40,929 [INFO] IPUIPlugin:80 - create IPUIPlugin
2024-12-02 23:30:40,929 [INFO] IPUIPlugin:80 - create IPUIPlugin
2024-12-02 23:30:40,929 [INFO] IPUIPlugin:80 - create IPUIPlugin
2024-12-02 23:30:40,929 [INFO] IPUIPlugin:80 - create IPUIPlugin
2024-12-02 23:30:40,930 [INFO] IPUIPlugin:80 - create IPUIPlugin
2024-12-02 23:30:40,930 [INFO] IPUIPlugin:80 - create IPUIPlugin
2024-12-02 23:30:40,930 [INFO] IPUIPlugin:80 - create IPUIPlugin
2024-12-02 23:30:40,930 [INFO] IPUIPlugin:80 - create IPUIPlugin
2024-12-02 23:30:40,930 [INFO] IPUIPlugin:80 - create IPUIPlugin
2024-12-02 23:30:40,930 [INFO] IPUIPlugin:80 - create IPUIPlugin
2024-12-02 23:30:40,931 [INFO] IPUIPlugin:80 - create IPUIPlugin
2024-12-02 23:30:40,931 [INFO] IPUIPlugin:80 - create IPUIPlugin
2024-12-02 23:30:40,935 [WARN] IP:2119 - MessageRAMOffset not found: check if there is a RefParameter without a condition.
2024-12-02 23:30:40,935 [WARN] IP:2119 - RxFifo0ElmtsNbr not found: check if there is a RefParameter without a condition.
2024-12-02 23:30:40,935 [WARN] IP:2119 - RxFifo0ElmtSize not found: check if there is a RefParameter without a condition.
2024-12-02 23:30:40,935 [WARN] IP:2119 - RxFifo1ElmtsNbr not found: check if there is a RefParameter without a condition.
2024-12-02 23:30:40,935 [WARN] IP:2119 - RxFifo1ElmtSize not found: check if there is a RefParameter without a condition.
2024-12-02 23:30:40,935 [WARN] IP:2119 - RxBuffersNbr not found: check if there is a RefParameter without a condition.
2024-12-02 23:30:40,935 [WARN] IP:2119 - RxBufferSize not found: check if there is a RefParameter without a condition.
2024-12-02 23:30:40,935 [WARN] IP:2119 - TxEventsNbr not found: check if there is a RefParameter without a condition.
2024-12-02 23:30:40,935 [WARN] IP:2119 - TxBuffersNbr not found: check if there is a RefParameter without a condition.
2024-12-02 23:30:40,935 [WARN] IP:2119 - TxFifoQueueElmtsNbr not found: check if there is a RefParameter without a condition.
2024-12-02 23:30:40,935 [WARN] IP:2119 - TxElmtSize not found: check if there is a RefParameter without a condition.
2024-12-02 23:30:40,935 [WARN] IP:2119 - ClockCalibrationCCU not found: check if there is a RefParameter without a condition.
2024-12-02 23:30:40,935 [WARN] IP:2119 - ClockDividerCCU not found: check if there is a RefParameter without a condition.
2024-12-02 23:30:40,935 [WARN] IP:2119 - MinOscClkPeriodsCCU not found: check if there is a RefParameter without a condition.
2024-12-02 23:30:40,935 [WARN] IP:2119 - TimeQuantaPerBitTimeCCU not found: check if there is a RefParameter without a condition.
2024-12-02 23:30:40,935 [WARN] IP:2119 - WatchdogStartValueCCU not found: check if there is a RefParameter without a condition.
2024-12-02 23:30:40,940 [INFO] Can:71 - Can Add PropertyChangeListener com.st.microxplorer.plugins.ip.can.Can@6f028937
2024-12-02 23:30:40,940 [WARN] IP:2119 - MessageRAMOffset not found: check if there is a RefParameter without a condition.
2024-12-02 23:30:40,940 [WARN] IP:2119 - RxFifo0ElmtsNbr not found: check if there is a RefParameter without a condition.
2024-12-02 23:30:40,940 [WARN] IP:2119 - RxFifo0ElmtSize not found: check if there is a RefParameter without a condition.
2024-12-02 23:30:40,940 [WARN] IP:2119 - RxFifo1ElmtsNbr not found: check if there is a RefParameter without a condition.
2024-12-02 23:30:40,940 [WARN] IP:2119 - RxFifo1ElmtSize not found: check if there is a RefParameter without a condition.
2024-12-02 23:30:40,940 [WARN] IP:2119 - RxBuffersNbr not found: check if there is a RefParameter without a condition.
2024-12-02 23:30:40,940 [WARN] IP:2119 - RxBufferSize not found: check if there is a RefParameter without a condition.
2024-12-02 23:30:40,940 [WARN] IP:2119 - TxEventsNbr not found: check if there is a RefParameter without a condition.
2024-12-02 23:30:40,940 [WARN] IP:2119 - TxBuffersNbr not found: check if there is a RefParameter without a condition.
2024-12-02 23:30:40,940 [WARN] IP:2119 - TxFifoQueueElmtsNbr not found: check if there is a RefParameter without a condition.
2024-12-02 23:30:40,940 [WARN] IP:2119 - TxElmtSize not found: check if there is a RefParameter without a condition.
2024-12-02 23:30:40,940 [WARN] IP:2119 - ClockCalibrationCCU not found: check if there is a RefParameter without a condition.
2024-12-02 23:30:40,940 [WARN] IP:2119 - ClockDividerCCU not found: check if there is a RefParameter without a condition.
2024-12-02 23:30:40,940 [WARN] IP:2119 - MinOscClkPeriodsCCU not found: check if there is a RefParameter without a condition.
2024-12-02 23:30:40,940 [WARN] IP:2119 - TimeQuantaPerBitTimeCCU not found: check if there is a RefParameter without a condition.
2024-12-02 23:30:40,940 [WARN] IP:2119 - WatchdogStartValueCCU not found: check if there is a RefParameter without a condition.
2024-12-02 23:30:40,941 [INFO] Can:71 - Can Add PropertyChangeListener com.st.microxplorer.plugins.ip.can.Can@72327b49
2024-12-02 23:30:40,959 [WARN] FreeRTOS:1023 - Null or empty value: should not occur! (nothing added to the table)
2024-12-02 23:30:41,053 [INFO] CADModel:165 - CPN selected for project levelSTM32G474CET6
2024-12-02 23:30:41,053 [INFO] CADModel:114 - Register for checkConnection events
2024-12-02 23:30:41,054 [INFO] RtosManager:697 - Active RTOS found at IOC load: FREERTOS [Cortex-M4NS]
2024-12-02 23:30:41,107 [INFO] OpenFileManager:343 - Restore cursor
2024-12-02 23:30:41,200 [WARN] IP:2119 - MessageRAMOffset not found: check if there is a RefParameter without a condition.
2024-12-02 23:30:41,201 [WARN] IP:2119 - RxFifo0ElmtsNbr not found: check if there is a RefParameter without a condition.
2024-12-02 23:30:41,201 [WARN] IP:2119 - RxFifo0ElmtSize not found: check if there is a RefParameter without a condition.
2024-12-02 23:30:41,201 [WARN] IP:2119 - RxFifo1ElmtsNbr not found: check if there is a RefParameter without a condition.
2024-12-02 23:30:41,201 [WARN] IP:2119 - RxFifo1ElmtSize not found: check if there is a RefParameter without a condition.
2024-12-02 23:30:41,201 [WARN] IP:2119 - RxBuffersNbr not found: check if there is a RefParameter without a condition.
2024-12-02 23:30:41,201 [WARN] IP:2119 - RxBufferSize not found: check if there is a RefParameter without a condition.
2024-12-02 23:30:41,201 [WARN] IP:2119 - TxEventsNbr not found: check if there is a RefParameter without a condition.
2024-12-02 23:30:41,201 [WARN] IP:2119 - TxBuffersNbr not found: check if there is a RefParameter without a condition.
2024-12-02 23:30:41,201 [WARN] IP:2119 - TxFifoQueueElmtsNbr not found: check if there is a RefParameter without a condition.
2024-12-02 23:30:41,201 [WARN] IP:2119 - TxElmtSize not found: check if there is a RefParameter without a condition.
2024-12-02 23:30:41,201 [WARN] IP:2119 - ClockCalibrationCCU not found: check if there is a RefParameter without a condition.
2024-12-02 23:30:41,201 [WARN] IP:2119 - ClockDividerCCU not found: check if there is a RefParameter without a condition.
2024-12-02 23:30:41,201 [WARN] IP:2119 - MinOscClkPeriodsCCU not found: check if there is a RefParameter without a condition.
2024-12-02 23:30:41,201 [WARN] IP:2119 - TimeQuantaPerBitTimeCCU not found: check if there is a RefParameter without a condition.
2024-12-02 23:30:41,201 [WARN] IP:2119 - WatchdogStartValueCCU not found: check if there is a RefParameter without a condition.
2024-12-02 23:30:41,201 [WARN] IP:2119 - MessageRAMOffset not found: check if there is a RefParameter without a condition.
2024-12-02 23:30:41,201 [WARN] IP:2119 - RxFifo0ElmtsNbr not found: check if there is a RefParameter without a condition.
2024-12-02 23:30:41,201 [WARN] IP:2119 - RxFifo0ElmtSize not found: check if there is a RefParameter without a condition.
2024-12-02 23:30:41,201 [WARN] IP:2119 - RxFifo1ElmtsNbr not found: check if there is a RefParameter without a condition.
2024-12-02 23:30:41,201 [WARN] IP:2119 - RxFifo1ElmtSize not found: check if there is a RefParameter without a condition.
2024-12-02 23:30:41,201 [WARN] IP:2119 - RxBuffersNbr not found: check if there is a RefParameter without a condition.
2024-12-02 23:30:41,201 [WARN] IP:2119 - RxBufferSize not found: check if there is a RefParameter without a condition.
2024-12-02 23:30:41,201 [WARN] IP:2119 - TxEventsNbr not found: check if there is a RefParameter without a condition.
2024-12-02 23:30:41,201 [WARN] IP:2119 - TxBuffersNbr not found: check if there is a RefParameter without a condition.
2024-12-02 23:30:41,201 [WARN] IP:2119 - TxFifoQueueElmtsNbr not found: check if there is a RefParameter without a condition.
2024-12-02 23:30:41,201 [WARN] IP:2119 - TxElmtSize not found: check if there is a RefParameter without a condition.
2024-12-02 23:30:41,201 [WARN] IP:2119 - ClockCalibrationCCU not found: check if there is a RefParameter without a condition.
2024-12-02 23:30:41,201 [WARN] IP:2119 - ClockDividerCCU not found: check if there is a RefParameter without a condition.
2024-12-02 23:30:41,201 [WARN] IP:2119 - MinOscClkPeriodsCCU not found: check if there is a RefParameter without a condition.
2024-12-02 23:30:41,201 [WARN] IP:2119 - TimeQuantaPerBitTimeCCU not found: check if there is a RefParameter without a condition.
2024-12-02 23:30:41,201 [WARN] IP:2119 - WatchdogStartValueCCU not found: check if there is a RefParameter without a condition.
2024-12-02 23:30:41,221 [INFO] Middleware:612 - instanceName : USB_DEVICE bspName : BCD Detection check condition failed for : SEM_BCD_ENABLED
2024-12-02 23:30:41,221 [INFO] Middleware:612 - instanceName : USB_DEVICE bspName : BCD Detection check condition failed for : SEM_BCD_ENABLED
2024-12-02 23:30:41,221 [INFO] Middleware:612 - instanceName : USB_DEVICE bspName : BCD Detection check condition failed for : SEM_BCD_ENABLED
2024-12-02 23:30:41,221 [INFO] Middleware:612 - instanceName : USB_DEVICE bspName : BCD Detection check condition failed for : SEM_BCD_ENABLED
2024-12-02 23:30:41,221 [INFO] Middleware:612 - instanceName : USB_DEVICE bspName : BCD Detection check condition failed for : SEM_BCD_ENABLED
2024-12-02 23:30:41,221 [INFO] Middleware:612 - instanceName : USB_DEVICE bspName : BCD Detection check condition failed for : SEM_BCD_ENABLED
2024-12-02 23:30:41,221 [INFO] Middleware:612 - instanceName : USB_DEVICE bspName : BCD Detection check condition failed for : SEM_BCD_ENABLED
2024-12-02 23:30:41,221 [INFO] Middleware:612 - instanceName : USB_DEVICE bspName : BCD Detection check condition failed for : SEM_BCD_ENABLED
2024-12-02 23:30:41,221 [INFO] Middleware:612 - instanceName : USB_DEVICE bspName : BCD Detection check condition failed for : SEM_BCD_ENABLED
2024-12-02 23:30:41,221 [INFO] Middleware:612 - instanceName : USB_DEVICE bspName : BCD Detection check condition failed for : SEM_BCD_ENABLED
2024-12-02 23:30:41,221 [INFO] Middleware:612 - instanceName : USB_DEVICE bspName : BCD Detection check condition failed for : SEM_BCD_ENABLED
2024-12-02 23:30:41,221 [INFO] Middleware:612 - instanceName : USB_DEVICE bspName : BCD Detection check condition failed for : SEM_BCD_ENABLED
2024-12-02 23:30:41,221 [INFO] Middleware:612 - instanceName : USB_DEVICE bspName : BCD Detection check condition failed for : SEM_BCD_ENABLED
2024-12-02 23:30:41,221 [INFO] Middleware:612 - instanceName : USB_DEVICE bspName : BCD Detection check condition failed for : SEM_BCD_ENABLED
2024-12-02 23:30:41,221 [INFO] Middleware:612 - instanceName : USB_DEVICE bspName : BCD Detection check condition failed for : SEM_BCD_ENABLED
2024-12-02 23:30:41,221 [INFO] Middleware:612 - instanceName : USB_DEVICE bspName : BCD Detection check condition failed for : SEM_BCD_ENABLED
2024-12-02 23:30:41,259 [WARN] IP:2119 - MessageRAMOffset not found: check if there is a RefParameter without a condition.
2024-12-02 23:30:41,259 [WARN] IP:2119 - RxFifo0ElmtsNbr not found: check if there is a RefParameter without a condition.
2024-12-02 23:30:41,259 [WARN] IP:2119 - RxFifo0ElmtSize not found: check if there is a RefParameter without a condition.
2024-12-02 23:30:41,259 [WARN] IP:2119 - RxFifo1ElmtsNbr not found: check if there is a RefParameter without a condition.
2024-12-02 23:30:41,260 [WARN] IP:2119 - RxFifo1ElmtSize not found: check if there is a RefParameter without a condition.
2024-12-02 23:30:41,260 [WARN] IP:2119 - RxBuffersNbr not found: check if there is a RefParameter without a condition.
2024-12-02 23:30:41,260 [WARN] IP:2119 - RxBufferSize not found: check if there is a RefParameter without a condition.
2024-12-02 23:30:41,260 [WARN] IP:2119 - TxEventsNbr not found: check if there is a RefParameter without a condition.
2024-12-02 23:30:41,260 [WARN] IP:2119 - TxBuffersNbr not found: check if there is a RefParameter without a condition.
2024-12-02 23:30:41,260 [WARN] IP:2119 - TxFifoQueueElmtsNbr not found: check if there is a RefParameter without a condition.
2024-12-02 23:30:41,260 [WARN] IP:2119 - TxElmtSize not found: check if there is a RefParameter without a condition.
2024-12-02 23:30:41,260 [WARN] IP:2119 - ClockCalibrationCCU not found: check if there is a RefParameter without a condition.
2024-12-02 23:30:41,260 [WARN] IP:2119 - ClockDividerCCU not found: check if there is a RefParameter without a condition.
2024-12-02 23:30:41,260 [WARN] IP:2119 - MinOscClkPeriodsCCU not found: check if there is a RefParameter without a condition.
2024-12-02 23:30:41,260 [WARN] IP:2119 - TimeQuantaPerBitTimeCCU not found: check if there is a RefParameter without a condition.
2024-12-02 23:30:41,260 [WARN] IP:2119 - WatchdogStartValueCCU not found: check if there is a RefParameter without a condition.
2024-12-02 23:30:48,515 [ERROR] RtosPanel:558 - Can not restore the selected Tab for FREERTOS(A reason can be that the tab is no more available.)
2024-12-02 23:30:53,692 [INFO] TasksAndQueuesTab:757 - Static
2024-12-02 23:30:53,692 [INFO] TasksAndQueuesTab:757 - Static
2024-12-02 23:30:53,692 [INFO] TasksAndQueuesTab:757 - Static
2024-12-02 23:30:53,692 [INFO] TasksAndQueuesTab:757 - Static
2024-12-02 23:30:53,692 [INFO] TasksAndQueuesTab:757 - Static
