2025-08-14 21:05:33,460 [INFO] UtilMem:75 - End SaveConfig() Used Memory: 438518280 Bytes (1073741824)
2025-08-14 21:05:33,608 [INFO] UtilMem:75 - End SaveConfig() Used Memory: 465702056 Bytes (1073741824)
2025-08-14 21:05:33,939 [INFO] UtilMem:75 - End SaveConfig() Used Memory: 552722000 Bytes (1073741824)
2025-08-14 21:05:34,356 [INFO] BlockDiagram:2766 - set Specific Code input for plugin: FDCAN
2025-08-14 21:05:34,357 [INFO] BlockDiagram:2766 - set Specific Code input for plugin: TIM1_8G4
2025-08-14 21:05:34,357 [INFO] BlockDiagram:2766 - set Specific Code input for plugin: SYS
2025-08-14 21:05:34,357 [INFO] BlockDiagram:2766 - set Specific Code input for plugin: RCC
2025-08-14 21:05:34,357 [INFO] BlockDiagram:2766 - set Specific Code input for plugin: NVIC
2025-08-14 21:05:34,357 [INFO] BlockDiagram:2766 - set Specific Code input for plugin: COMP
2025-08-14 21:05:34,357 [INFO] BlockDiagram:2766 - set Specific Code input for plugin: COMP
2025-08-14 21:05:34,358 [INFO] BlockDiagram:2766 - set Specific Code input for plugin: COMP
2025-08-14 21:05:34,358 [INFO] BlockDiagram:2766 - set Specific Code input for plugin: GPIO
2025-08-14 21:05:34,358 [INFO] CodeGenerator:896 - code generatio: config db path: /opt/st/stm32cubeide_1.17.0_2/plugins/com.st.stm32cube.common.mx_6.13.0.202411220809//db/
2025-08-14 21:05:34,365 [WARN] IP:2251 - MessageRAMOffset not found: check if there is a RefParameter without a condition.
2025-08-14 21:05:34,366 [WARN] IP:2251 - RxFifo0ElmtsNbr not found: check if there is a RefParameter without a condition.
2025-08-14 21:05:34,366 [WARN] IP:2251 - RxFifo0ElmtSize not found: check if there is a RefParameter without a condition.
2025-08-14 21:05:34,366 [WARN] IP:2251 - RxFifo1ElmtsNbr not found: check if there is a RefParameter without a condition.
2025-08-14 21:05:34,366 [WARN] IP:2251 - RxFifo1ElmtSize not found: check if there is a RefParameter without a condition.
2025-08-14 21:05:34,366 [WARN] IP:2251 - RxBuffersNbr not found: check if there is a RefParameter without a condition.
2025-08-14 21:05:34,366 [WARN] IP:2251 - RxBufferSize not found: check if there is a RefParameter without a condition.
2025-08-14 21:05:34,367 [WARN] IP:2251 - TxEventsNbr not found: check if there is a RefParameter without a condition.
2025-08-14 21:05:34,367 [WARN] IP:2251 - TxBuffersNbr not found: check if there is a RefParameter without a condition.
2025-08-14 21:05:34,367 [WARN] IP:2251 - TxFifoQueueElmtsNbr not found: check if there is a RefParameter without a condition.
2025-08-14 21:05:34,367 [WARN] IP:2251 - TxElmtSize not found: check if there is a RefParameter without a condition.
2025-08-14 21:05:34,367 [WARN] IP:2251 - ClockCalibrationCCU not found: check if there is a RefParameter without a condition.
2025-08-14 21:05:34,367 [WARN] IP:2251 - ClockDividerCCU not found: check if there is a RefParameter without a condition.
2025-08-14 21:05:34,368 [WARN] IP:2251 - MinOscClkPeriodsCCU not found: check if there is a RefParameter without a condition.
2025-08-14 21:05:34,368 [WARN] IP:2251 - TimeQuantaPerBitTimeCCU not found: check if there is a RefParameter without a condition.
2025-08-14 21:05:34,368 [WARN] IP:2251 - WatchdogStartValueCCU not found: check if there is a RefParameter without a condition.
2025-08-14 21:05:34,494 [INFO] CodeEngine:255 - oldGeneratedFile, /home/nikolai/Documents/NP1_DRONE/software/STM32/Electronic Speed Controller/MXTmpFiles/license.tmp_save
2025-08-14 21:05:34,627 [INFO] CodeEngine:279 - Generated code: /home/nikolai/Documents/NP1_DRONE/software/STM32/Electronic Speed Controller/MXTmpFiles/license.tmp
2025-08-14 21:05:34,728 [INFO] CodeEngine:255 - oldGeneratedFile, /home/nikolai/Documents/NP1_DRONE/software/STM32/Electronic Speed Controller/MXTmpFiles/gpio.tmp_save
2025-08-14 21:05:34,831 [INFO] CodeEngine:279 - Generated code: /home/nikolai/Documents/NP1_DRONE/software/STM32/Electronic Speed Controller/MXTmpFiles/gpio.tmp
2025-08-14 21:05:35,195 [INFO] CodeEngine:255 - oldGeneratedFile, /home/nikolai/Documents/NP1_DRONE/software/STM32/Electronic Speed Controller/Core/Src/stm32g4xx_it.c_save
2025-08-14 21:05:35,340 [INFO] CodeEngine:279 - Generated code: /home/nikolai/Documents/NP1_DRONE/software/STM32/Electronic Speed Controller/Core/Src/stm32g4xx_it.c
2025-08-14 21:05:35,341 [INFO] CodeEngine:255 - oldGeneratedFile, /home/nikolai/Documents/NP1_DRONE/software/STM32/Electronic Speed Controller/Core/Inc/stm32g4xx_it.h_save
2025-08-14 21:05:35,383 [INFO] CodeEngine:279 - Generated code: /home/nikolai/Documents/NP1_DRONE/software/STM32/Electronic Speed Controller/Core/Inc/stm32g4xx_it.h
2025-08-14 21:05:35,401 [INFO] CodeEngine:255 - oldGeneratedFile, /home/nikolai/Documents/NP1_DRONE/software/STM32/Electronic Speed Controller/Core/Src/stm32g4xx_hal_msp.c_save
2025-08-14 21:05:35,539 [INFO] CodeEngine:279 - Generated code: /home/nikolai/Documents/NP1_DRONE/software/STM32/Electronic Speed Controller/Core/Src/stm32g4xx_hal_msp.c
2025-08-14 21:05:35,541 [INFO] CodeEngine:255 - oldGeneratedFile, /home/nikolai/Documents/NP1_DRONE/software/STM32/Electronic Speed Controller/MXTmpFiles/system.tmp_save
2025-08-14 21:05:35,588 [INFO] CodeEngine:279 - Generated code: /home/nikolai/Documents/NP1_DRONE/software/STM32/Electronic Speed Controller/MXTmpFiles/system.tmp
2025-08-14 21:05:35,591 [INFO] CodeEngine:311 - oldGeneratedFile, /home/nikolai/Documents/NP1_DRONE/software/STM32/Electronic Speed Controller/Core/Inc/stm32g4xx_hal_conf.h_save
2025-08-14 21:05:35,637 [INFO] CodeEngine:335 - Generated code: /home/nikolai/Documents/NP1_DRONE/software/STM32/Electronic Speed Controller/Core/Inc/stm32g4xx_hal_conf.h
2025-08-14 21:05:35,649 [WARN] IPConfigManager:3034 - Warning: the RefConfig RCC_CommonPeriphClockConfig is not available in your config.xml file
2025-08-14 21:05:35,651 [INFO] ApiDbMcu:508 - Load IP Config File for COMP1
2025-08-14 21:05:35,653 [INFO] ApiDbMcu:508 - Load IP Config File for COMP2
2025-08-14 21:05:35,654 [INFO] ApiDbMcu:508 - Load IP Config File for COMP4
2025-08-14 21:05:35,657 [INFO] ApiDbMcu:508 - Load IP Config File for FDCAN2
2025-08-14 21:05:35,668 [INFO] ApiDbMcu:508 - Load IP Config File for TIM1
2025-08-14 21:05:35,671 [INFO] ApiDbMcu:508 - Load IP Config File for RCC
2025-08-14 21:05:35,672 [WARN] IPConfigManager:3618 - IP not found : TIM
2025-08-14 21:05:35,673 [WARN] CodeGenerator:4152 - IP not found : null
2025-08-14 21:05:35,675 [INFO] CodeEngine:255 - oldGeneratedFile, /home/nikolai/Documents/NP1_DRONE/software/STM32/Electronic Speed Controller/Core/Inc/main.h_save
2025-08-14 21:05:35,769 [INFO] CodeEngine:279 - Generated code: /home/nikolai/Documents/NP1_DRONE/software/STM32/Electronic Speed Controller/Core/Inc/main.h
2025-08-14 21:05:35,771 [INFO] CodeEngine:255 - oldGeneratedFile, /home/nikolai/Documents/NP1_DRONE/software/STM32/Electronic Speed Controller/Core/Src/main.c_save
2025-08-14 21:05:35,849 [INFO] CodeEngine:279 - Generated code: /home/nikolai/Documents/NP1_DRONE/software/STM32/Electronic Speed Controller/Core/Src/main.c
2025-08-14 21:05:35,979 [INFO] ProjectBuilder:3289 - Time for Copy HAL[1] : 36mS.
2025-08-14 21:05:35,980 [INFO] ProjectBuilder:4876 - Project Generator version: 4.5.0-RC5
2025-08-14 21:05:36,046 [INFO] ConfigFileManager:1579 - The Die is : DIE469
2025-08-14 21:05:36,049 [INFO] ApiDbMcu:508 - Load IP Config File for FATFS
2025-08-14 21:05:36,053 [INFO] ApiDbMcu:508 - Load IP Config File for FREERTOS
2025-08-14 21:05:36,057 [INFO] ApiDbMcu:508 - Load IP Config File for USBPD
2025-08-14 21:05:36,062 [INFO] ApiDbMcu:508 - Load IP Config File for USB_DEVICE
2025-08-14 21:05:36,600 [INFO] ProjectBuilder:5154 - Time for Generating toolchain IDE Files: 620mS.
2025-08-14 21:05:36,601 [INFO] ProjectBuilder:3146 - Time for Copy CMSIS : 0mS.
2025-08-14 21:05:36,601 [INFO] ProjectBuilder:3146 - Time for Copy CMSIS : 0mS.
