2025-03-09 20:38:22,920 [ERROR] LogOutputStream:75 - [STDERR_REDIRECT] com.st.microxplorer.db.DbException: IP STMicroelectronics.X-CUBE-MEMS1.11.1.0 11.1.0 refparameter referenced in RefMode but not declared as Refparameter 
2025-03-09 20:38:22,925 [ERROR] LogOutputStream:75 - [STDERR_REDIRECT] 	at com.st.microxplorer.db.ApiDbIP.getRefModes(ApiDbIP.java:1852)
2025-03-09 20:38:22,925 [ERROR] LogOutputStream:75 - [STDERR_REDIRECT] 	at com.st.microxplorer.db.ApiDbIP.get_ip_db(ApiDbIP.java:872)
2025-03-09 20:38:22,925 [ERROR] LogOutputStream:75 - [STDERR_REDIRECT] 	at com.st.microxplorer.db.ApiDbIP.loadThirdPartyIp(ApiDbIP.java:383)
2025-03-09 20:38:22,925 [ERROR] LogOutputStream:75 - [STDERR_REDIRECT] 	at com.st.microxplorer.db.ApiDbMcu.addThirdParty(ApiDbMcu.java:580)
2025-03-09 20:38:22,925 [ERROR] LogOutputStream:75 - [STDERR_REDIRECT] 	at com.st.microxplorer.mcu.Mcu.addThirdParty(Mcu.java:891)
2025-03-09 20:38:22,925 [ERROR] LogOutputStream:75 - [STDERR_REDIRECT] 	at com.st.microxplorer.mcu.Mcu.loadConfProperties(Mcu.java:6501)
2025-03-09 20:38:22,925 [ERROR] LogOutputStream:75 - [STDERR_REDIRECT] 	at com.st.microxplorer.mxsystem.ProjectFactory.swingWorkerLoad(ProjectFactory.java:494)
2025-03-09 20:38:22,925 [ERROR] LogOutputStream:75 - [STDERR_REDIRECT] 	at com.st.microxplorer.util.ProcessBarDialog.performAction(ProcessBarDialog.java:86)
2025-03-09 20:38:22,926 [ERROR] LogOutputStream:75 - [STDERR_REDIRECT] 	at com.st.microxplorer.util.ProcessBarDialog$1.doInBackground(ProcessBarDialog.java:157)
2025-03-09 20:38:22,926 [ERROR] LogOutputStream:75 - [STDERR_REDIRECT] 	at com.st.microxplorer.util.ProcessBarDialog$1.doInBackground(ProcessBarDialog.java:154)
2025-03-09 20:38:22,926 [ERROR] LogOutputStream:75 - [STDERR_REDIRECT] 	at java.desktop/javax.swing.SwingWorker$1.call(SwingWorker.java:305)
2025-03-09 20:38:22,926 [ERROR] LogOutputStream:75 - [STDERR_REDIRECT] 	at java.base/java.util.concurrent.FutureTask.run(FutureTask.java:317)
2025-03-09 20:38:22,926 [ERROR] LogOutputStream:75 - [STDERR_REDIRECT] 	at java.desktop/javax.swing.SwingWorker.run(SwingWorker.java:342)
2025-03-09 20:38:22,926 [ERROR] LogOutputStream:75 - [STDERR_REDIRECT] 	at java.base/java.util.concurrent.ThreadPoolExecutor.runWorker(ThreadPoolExecutor.java:1144)
2025-03-09 20:38:22,926 [ERROR] LogOutputStream:75 - [STDERR_REDIRECT] 	at java.base/java.util.concurrent.ThreadPoolExecutor$Worker.run(ThreadPoolExecutor.java:642)
2025-03-09 20:38:22,926 [ERROR] LogOutputStream:75 - [STDERR_REDIRECT] 	at java.base/java.lang.Thread.run(Thread.java:1583)
2025-03-09 20:38:27,068 [INFO] LogOutputStream:77 - [STDOUT_REDIRECT] Nominal 
2025-03-09 20:38:27,070 [INFO] LogOutputStream:77 - [STDOUT_REDIRECT] Nominal 
2025-03-09 20:42:12,752 [INFO] LogOutputStream:77 - [STDOUT_REDIRECT] 
