2025-07-03 10:27:34,392 [INFO] Activator:176 - 


2025-07-03 10:27:34,394 [INFO] Activator:177 - !SESSION log4j initialized
2025-07-03 10:27:36,846 [INFO] LogOutputStream:77 - [STDOUT_REDIRECT] 
2025-07-03 10:27:37,217 [INFO] ApplicationProperties:184 - Using Application install path: /opt/st/stm32cubeide_1.17.0_2/plugins/com.st.stm32cube.common.mx_6.13.0.202411220809
2025-07-03 10:27:37,227 [INFO] DbMcusXml:78 - Set database path to: /opt/st/stm32cubeide_1.17.0_2/plugins/com.st.stm32cube.common.mx_6.13.0.202411220809//db//mcu/
2025-07-03 10:27:37,227 [INFO] ApiDb:274 - Set plugin database path to: /opt/st/stm32cubeide_1.17.0_2/plugins/com.st.stm32cube.common.mx_6.13.0.202411220809//db//plugins/boardmanager/
2025-07-03 10:27:37,228 [WARN] ApiDb:259 - Overriding images path with different value:  => /opt/st/stm32cubeide_1.17.0_2/plugins/com.st.stm32cube.common.mx_6.13.0.202411220809//db//plugins/mcufinder/images/
2025-07-03 10:27:37,232 [INFO] ApiDb:250 - Set database path to: /home/nikolai/.stmcufinder/plugins/mcufinder//mcu/
2025-07-03 10:27:37,232 [INFO] DbMcusAds:125 - Set database path to: /home/nikolai/.stmcufinder/plugins/mcufinder//mcu/
2025-07-03 10:27:37,234 [INFO] CrossReferenceDbSqlite:203 - Set database path to: /home/nikolai/.stmcufinder/plugins/mcufinder//mcu/cs/
2025-07-03 10:27:37,290 [INFO] RulesReader:64 - Compatibility file has been processed (297 Rules)
2025-07-03 10:27:37,328 [INFO] DbMcusXml:78 - Set database path to: /opt/st/stm32cubeide_1.17.0_2/plugins/com.st.stm32cube.common.mx_6.13.0.202411220809//db//mcu/
2025-07-03 10:27:37,328 [INFO] ApiDb:274 - Set plugin database path to: /opt/st/stm32cubeide_1.17.0_2/plugins/com.st.stm32cube.common.mx_6.13.0.202411220809//db//plugins/boardmanager/
2025-07-03 10:27:37,328 [INFO] ApiDb:261 - Set plugin images path to: /opt/st/stm32cubeide_1.17.0_2/plugins/com.st.stm32cube.common.mx_6.13.0.202411220809//db//plugins/mcufinder/images/
2025-07-03 10:27:37,328 [WARN] DbFile:41 - Overriding database path with different value: /home/nikolai/.stmcufinder/plugins/mcufinder/ => /home/nikolai/.stmcufinder/plugins/mcufinder
2025-07-03 10:27:37,328 [INFO] ApiDb:250 - Set database path to: /home/nikolai/.stmcufinder/plugins/mcufinder//mcu/
2025-07-03 10:27:37,329 [WARN] DbFile:41 - Overriding database path with different value: /home/nikolai/.stmcufinder/plugins/mcufinder/ => /home/nikolai/.stmcufinder/plugins/mcufinder
2025-07-03 10:27:37,329 [INFO] DbMcusAds:125 - Set database path to: /home/nikolai/.stmcufinder/plugins/mcufinder//mcu/
2025-07-03 10:27:37,329 [WARN] DbFile:41 - Overriding database path with different value: /home/nikolai/.stmcufinder/plugins/mcufinder/ => /home/nikolai/.stmcufinder/plugins/mcufinder
2025-07-03 10:27:37,329 [WARN] DbFile:41 - Overriding database path with different value: /home/nikolai/.stmcufinder/plugins/mcufinder/ => /home/nikolai/.stmcufinder/plugins/mcufinder
2025-07-03 10:27:37,329 [INFO] CrossReferenceDbSqlite:203 - Set database path to: /home/nikolai/.stmcufinder/plugins/mcufinder//mcu/cs/
2025-07-03 10:27:37,366 [INFO] MainPanel:272 - HeapMemory: 268435456
2025-07-03 10:27:37,443 [INFO] DbMcusXml:78 - Set database path to: /opt/st/stm32cubeide_1.17.0_2/plugins/com.st.stm32cube.common.mx_6.13.0.202411220809//db//mcu/
2025-07-03 10:27:37,443 [INFO] ApiDb:274 - Set plugin database path to: /opt/st/stm32cubeide_1.17.0_2/plugins/com.st.stm32cube.common.mx_6.13.0.202411220809//db//plugins/boardmanager/
2025-07-03 10:27:37,443 [INFO] ApiDb:261 - Set plugin images path to: /opt/st/stm32cubeide_1.17.0_2/plugins/com.st.stm32cube.common.mx_6.13.0.202411220809//db//plugins/mcufinder/images/
2025-07-03 10:27:37,444 [WARN] DbFile:41 - Overriding database path with different value: /home/nikolai/.stmcufinder/plugins/mcufinder/ => /home/nikolai/.stmcufinder/plugins/mcufinder
2025-07-03 10:27:37,444 [INFO] ApiDb:250 - Set database path to: /home/nikolai/.stmcufinder/plugins/mcufinder//mcu/
2025-07-03 10:27:37,444 [WARN] DbFile:41 - Overriding database path with different value: /home/nikolai/.stmcufinder/plugins/mcufinder/ => /home/nikolai/.stmcufinder/plugins/mcufinder
2025-07-03 10:27:37,444 [INFO] DbMcusAds:125 - Set database path to: /home/nikolai/.stmcufinder/plugins/mcufinder//mcu/
2025-07-03 10:27:37,444 [WARN] DbFile:41 - Overriding database path with different value: /home/nikolai/.stmcufinder/plugins/mcufinder/ => /home/nikolai/.stmcufinder/plugins/mcufinder
2025-07-03 10:27:37,444 [WARN] DbFile:41 - Overriding database path with different value: /home/nikolai/.stmcufinder/plugins/mcufinder/ => /home/nikolai/.stmcufinder/plugins/mcufinder
2025-07-03 10:27:37,444 [INFO] CrossReferenceDbSqlite:203 - Set database path to: /home/nikolai/.stmcufinder/plugins/mcufinder//mcu/cs/
2025-07-03 10:27:37,454 [INFO] ApplicationProperties:184 - Using Application install path: /opt/st/stm32cubeide_1.17.0_2/plugins/com.st.stm32cube.common.mx_6.13.0.202411220809
2025-07-03 10:27:37,455 [INFO] PluginManage:196 - Search for loadable plugins [exclusion list=, ]
2025-07-03 10:27:37,456 [INFO] PluginManage:310 - Check plugin analytics
2025-07-03 10:27:37,531 [INFO] AnalyticsPlugin:253 - Accepted Software Licenses: 
2025-07-03 10:27:37,531 [INFO] AnalyticsPlugin:255 - Accepted CMSIS Pack Licenses: 
2025-07-03 10:27:37,531 [INFO] AnalyticsPlugin:257 - Accepted Firmware Licenses: FW.L4.1.18.0,FW.G4.1.5.0,FW.G4.1.6.0
2025-07-03 10:27:37,532 [INFO] PluginManage:359 - Loaded plugin analytics (category:tool,tabindex:-1)
2025-07-03 10:27:37,532 [INFO] PluginManage:310 - Check plugin cadmodel
2025-07-03 10:27:37,535 [INFO] CADModel:105 - Init CAD model plugin
2025-07-03 10:27:37,535 [INFO] PluginManage:359 - Loaded plugin cadmodel (category:power,tabindex:5)
2025-07-03 10:27:37,535 [INFO] PluginManage:310 - Check plugin clock
2025-07-03 10:27:37,540 [INFO] PluginManage:359 - Loaded plugin clock (category:base,tabindex:2)
2025-07-03 10:27:37,540 [INFO] PluginManage:310 - Check plugin ddr
2025-07-03 10:27:37,541 [INFO] PluginManage:359 - Loaded plugin ddr (category:tool,tabindex:6)
2025-07-03 10:27:37,541 [INFO] PluginManage:310 - Check plugin filemanager
2025-07-03 10:27:37,618 [INFO] PluginManage:359 - Loaded plugin filemanager (category:base,tabindex:10)
2025-07-03 10:27:37,619 [INFO] PluginManage:310 - Check plugin ipmanager
2025-07-03 10:27:37,621 [INFO] PluginManage:359 - Loaded plugin ipmanager (category:base,tabindex:5)
2025-07-03 10:27:37,622 [INFO] PluginManage:310 - Check plugin lpbam
2025-07-03 10:27:37,626 [INFO] PluginManage:359 - Loaded plugin lpbam (category:base,tabindex:0)
2025-07-03 10:27:37,626 [INFO] PluginManage:310 - Check plugin memorymap
2025-07-03 10:27:37,632 [INFO] PluginManage:359 - Loaded plugin memorymap (category:base,tabindex:4)
2025-07-03 10:27:37,632 [INFO] PluginManage:310 - Check plugin pinoutandconfiguration
2025-07-03 10:27:37,636 [INFO] PluginManage:359 - Loaded plugin pinoutandconfiguration (category:base,tabindex:1)
2025-07-03 10:27:37,636 [INFO] PluginManage:310 - Check plugin pinoutconfig
2025-07-03 10:27:37,682 [WARN] SupportedApi:132 - Cannot load RTOS API schema: s4s-elt-must-match.1: The content of 'definitions' must match (annotation?, (simpleType | complexType)?, (unique | key | keyref)*)). A problem was found starting at: attribute.
2025-07-03 10:27:37,750 [INFO] PluginManage:359 - Loaded plugin pinoutconfig (category:base,tabindex:0)
2025-07-03 10:27:37,750 [INFO] PluginManage:310 - Check plugin power
2025-07-03 10:27:37,755 [INFO] PluginManage:359 - Loaded plugin power (category:power,tabindex:4)
2025-07-03 10:27:37,755 [INFO] PluginManage:310 - Check plugin projectmanager
2025-07-03 10:27:37,764 [INFO] PluginManage:359 - Loaded plugin projectmanager (category:projectmanager,tabindex:4)
2025-07-03 10:27:37,765 [INFO] PluginManage:310 - Check plugin rif
2025-07-03 10:27:37,769 [INFO] PluginManage:359 - Loaded plugin rif (category:base,tabindex:3)
2025-07-03 10:27:37,769 [INFO] PluginManage:310 - Check plugin thirdparty
2025-07-03 10:27:37,829 [INFO] PluginManage:359 - Loaded plugin thirdparty (category:base,tabindex:-1)
2025-07-03 10:27:37,829 [INFO] PluginManage:310 - Check plugin tools
2025-07-03 10:27:37,829 [WARN] IntegrityCheckThread:84 - waiting for thirdparty lock release [integrity check]
2025-07-03 10:27:37,829 [INFO] IntegrityCheckThread:86 - entering critical section [integrity check]
2025-07-03 10:27:37,830 [INFO] ThirdPartyUpdaterWithRetryManager:70 - Updater plugin not ready yet. [1/15]
2025-07-03 10:27:37,830 [INFO] PluginManage:359 - Loaded plugin tools (category:base,tabindex:7)
2025-07-03 10:27:37,830 [INFO] PluginManage:310 - Check plugin tutovideos
2025-07-03 10:27:37,918 [INFO] PluginManage:359 - Loaded plugin tutovideos (category:base,tabindex:-1)
2025-07-03 10:27:37,918 [INFO] PluginManage:310 - Check plugin updater
2025-07-03 10:27:37,930 [INFO] PluginManage:359 - Loaded plugin updater (category:base,tabindex:12)
2025-07-03 10:27:37,930 [INFO] PluginManage:310 - Check plugin userauth
2025-07-03 10:27:37,933 [INFO] UserAuth:118 - Init User Auth plugin
2025-07-03 10:27:37,933 [INFO] PluginManage:359 - Loaded plugin userauth (category:base,tabindex:14)
2025-07-03 10:27:37,933 [INFO] PluginManage:283 - PluginManage : Loaded plugins [18]
2025-07-03 10:27:38,032 [INFO] PinOutPanel:1589 - setPackage(No Configuration,No Configuration)
2025-07-03 10:27:38,069 [INFO] CADModel:165 - CPN selected for project level
2025-07-03 10:27:38,069 [INFO] CADModel:114 - Register for checkConnection events
2025-07-03 10:27:38,075 [INFO] IPUIPlugin:80 - create IPUIPlugin
2025-07-03 10:27:38,075 [INFO] PluginManager:220 - loadIPPluginJar : add hash
2025-07-03 10:27:38,078 [INFO] IPUIPlugin:80 - create IPUIPlugin
2025-07-03 10:27:38,079 [INFO] PluginManager:220 - loadIPPluginJar : add plateformsettings
2025-07-03 10:27:38,080 [INFO] IPUIPlugin:80 - create IPUIPlugin
2025-07-03 10:27:38,081 [INFO] PluginManager:220 - loadIPPluginJar : add i2c
2025-07-03 10:27:38,081 [INFO] IPUIPlugin:80 - create IPUIPlugin
2025-07-03 10:27:38,081 [INFO] PluginManager:220 - loadIPPluginJar : add comp
2025-07-03 10:27:38,082 [INFO] IPUIPlugin:80 - create IPUIPlugin
2025-07-03 10:27:38,082 [INFO] PluginManager:220 - loadIPPluginJar : add quadspi
2025-07-03 10:27:38,084 [INFO] IPUIPlugin:80 - create IPUIPlugin
2025-07-03 10:27:38,084 [INFO] PluginManager:220 - loadIPPluginJar : add opamp
2025-07-03 10:27:38,086 [INFO] IPUIPlugin:80 - create IPUIPlugin
2025-07-03 10:27:38,086 [INFO] PluginManager:220 - loadIPPluginJar : add stm32_wpan
2025-07-03 10:27:38,087 [INFO] IPUIPlugin:80 - create IPUIPlugin
2025-07-03 10:27:38,087 [INFO] PluginManager:220 - loadIPPluginJar : add cryp
2025-07-03 10:27:38,088 [INFO] IPUIPlugin:80 - create IPUIPlugin
2025-07-03 10:27:38,088 [INFO] PluginManager:220 - loadIPPluginJar : add can
2025-07-03 10:27:38,089 [INFO] IPUIPlugin:80 - create IPUIPlugin
2025-07-03 10:27:38,089 [INFO] PluginManager:220 - loadIPPluginJar : add i2s
2025-07-03 10:27:38,090 [INFO] IPUIPlugin:80 - create IPUIPlugin
2025-07-03 10:27:38,090 [INFO] PluginManager:220 - loadIPPluginJar : add gtzc
2025-07-03 10:27:38,092 [INFO] IPUIPlugin:80 - create IPUIPlugin
2025-07-03 10:27:38,092 [INFO] PluginManager:220 - loadIPPluginJar : add ipddr
2025-07-03 10:27:38,093 [INFO] IPUIPlugin:80 - create IPUIPlugin
2025-07-03 10:27:38,093 [INFO] PluginManager:220 - loadIPPluginJar : add sai
2025-07-03 10:27:38,095 [INFO] IPUIPlugin:80 - create IPUIPlugin
2025-07-03 10:27:38,095 [INFO] PluginManager:220 - loadIPPluginJar : add fmc
2025-07-03 10:27:38,096 [INFO] IPUIPlugin:80 - create IPUIPlugin
2025-07-03 10:27:38,096 [INFO] PluginManager:220 - loadIPPluginJar : add lorawan
2025-07-03 10:27:38,098 [INFO] IPUIPlugin:80 - create IPUIPlugin
2025-07-03 10:27:38,098 [INFO] PluginManager:220 - loadIPPluginJar : add gic
2025-07-03 10:27:38,101 [INFO] IPUIPlugin:80 - create IPUIPlugin
2025-07-03 10:27:38,101 [INFO] PluginManager:220 - loadIPPluginJar : add dma
2025-07-03 10:27:38,102 [INFO] IPUIPlugin:80 - create IPUIPlugin
2025-07-03 10:27:38,102 [INFO] PluginManager:220 - loadIPPluginJar : add dma3
2025-07-03 10:27:38,105 [INFO] IPUIPlugin:80 - create IPUIPlugin
2025-07-03 10:27:38,105 [INFO] PluginManager:220 - loadIPPluginJar : add freertos
2025-07-03 10:27:38,106 [INFO] IPUIPlugin:80 - create IPUIPlugin
2025-07-03 10:27:38,106 [INFO] PluginManager:220 - loadIPPluginJar : add pdm2pcm
2025-07-03 10:27:38,107 [INFO] IPUIPlugin:80 - create IPUIPlugin
2025-07-03 10:27:38,107 [INFO] PluginManager:220 - loadIPPluginJar : add usbx
2025-07-03 10:27:38,108 [INFO] IPUIPlugin:80 - create IPUIPlugin
2025-07-03 10:27:38,108 [INFO] PluginManager:220 - loadIPPluginJar : add ddr_ctrl_phy
2025-07-03 10:27:38,109 [INFO] IPUIPlugin:80 - create IPUIPlugin
2025-07-03 10:27:38,110 [INFO] PluginManager:220 - loadIPPluginJar : add openamp
2025-07-03 10:27:38,110 [INFO] IPUIPlugin:80 - create IPUIPlugin
2025-07-03 10:27:38,111 [INFO] PluginManager:220 - loadIPPluginJar : add i3c
2025-07-03 10:27:38,112 [INFO] IPUIPlugin:80 - create IPUIPlugin
2025-07-03 10:27:38,112 [INFO] PluginManager:220 - loadIPPluginJar : add extmemmanager
2025-07-03 10:27:38,113 [INFO] IPUIPlugin:80 - create IPUIPlugin
2025-07-03 10:27:38,113 [INFO] PluginManager:220 - loadIPPluginJar : add dfsdm
2025-07-03 10:27:38,113 [INFO] IPUIPlugin:80 - create IPUIPlugin
2025-07-03 10:27:38,114 [INFO] PluginManager:220 - loadIPPluginJar : add radio
2025-07-03 10:27:38,114 [INFO] IPUIPlugin:80 - create IPUIPlugin
2025-07-03 10:27:38,114 [INFO] PluginManager:220 - loadIPPluginJar : add tracer_emb
2025-07-03 10:27:38,116 [INFO] IPUIPlugin:80 - create IPUIPlugin
2025-07-03 10:27:38,117 [INFO] PluginManager:220 - loadIPPluginJar : add gpio
2025-07-03 10:27:38,117 [INFO] IPUIPlugin:80 - create IPUIPlugin
2025-07-03 10:27:38,118 [INFO] PluginManager:220 - loadIPPluginJar : add aes
2025-07-03 10:27:38,118 [INFO] IPUIPlugin:80 - create IPUIPlugin
2025-07-03 10:27:38,118 [INFO] PluginManager:220 - loadIPPluginJar : add tim
2025-07-03 10:27:38,122 [INFO] IPUIPlugin:80 - create IPUIPlugin
2025-07-03 10:27:38,122 [INFO] PluginManager:220 - loadIPPluginJar : add linkedlist
2025-07-03 10:27:38,123 [INFO] IPUIPlugin:80 - create IPUIPlugin
2025-07-03 10:27:38,123 [INFO] PluginManager:220 - loadIPPluginJar : add ts
2025-07-03 10:27:38,124 [INFO] IPUIPlugin:80 - create IPUIPlugin
2025-07-03 10:27:38,124 [INFO] PluginManager:220 - loadIPPluginJar : add spi
2025-07-03 10:27:38,127 [INFO] IPUIPlugin:80 - create IPUIPlugin
2025-07-03 10:27:38,127 [INFO] PluginManager:220 - loadIPPluginJar : add mdma
2025-07-03 10:27:38,128 [INFO] IPUIPlugin:80 - create IPUIPlugin
2025-07-03 10:27:38,128 [INFO] PluginManager:220 - loadIPPluginJar : add nvic
2025-07-03 10:27:38,129 [INFO] IPUIPlugin:80 - create IPUIPlugin
2025-07-03 10:27:38,129 [INFO] PluginManager:220 - loadIPPluginJar : add tsc
2025-07-03 10:27:38,129 [INFO] IPUIPlugin:80 - create IPUIPlugin
2025-07-03 10:27:38,129 [INFO] PluginManager:220 - loadIPPluginJar : add ucpd
2025-07-03 10:27:38,131 [INFO] IPUIPlugin:80 - create IPUIPlugin
2025-07-03 10:27:38,131 [INFO] PluginManager:220 - loadIPPluginJar : add touchsensing
2025-07-03 10:27:38,131 [INFO] IPUIPlugin:80 - create IPUIPlugin
2025-07-03 10:27:38,131 [INFO] PluginManager:220 - loadIPPluginJar : add genericplugin
2025-07-03 10:27:38,134 [INFO] IPUIPlugin:80 - create IPUIPlugin
2025-07-03 10:27:38,134 [INFO] PluginManager:220 - loadIPPluginJar : add adc
2025-07-03 10:27:38,135 [INFO] IPUIPlugin:80 - create IPUIPlugin
2025-07-03 10:27:38,135 [INFO] PluginManager:220 - loadIPPluginJar : add usart
2025-07-03 10:27:38,136 [INFO] IPUIPlugin:80 - create IPUIPlugin
2025-07-03 10:27:38,136 [INFO] PluginManager:220 - loadIPPluginJar : add gfxmmu
2025-07-03 10:27:38,137 [INFO] IPUIPlugin:80 - create IPUIPlugin
2025-07-03 10:27:38,137 [INFO] PluginManager:220 - loadIPPluginJar : add ltdc
2025-07-03 10:27:38,138 [INFO] IPUIPlugin:80 - create IPUIPlugin
2025-07-03 10:27:38,138 [INFO] PluginManager:220 - loadIPPluginJar : add fatfs
2025-07-03 10:27:38,139 [INFO] IPUIPlugin:80 - create IPUIPlugin
2025-07-03 10:27:38,139 [INFO] PluginManager:220 - loadIPPluginJar : add resmgrutility
2025-07-03 10:27:38,227 [FATAL] Updater:351 - Updater called before beeing initialized
2025-07-03 10:27:38,243 [INFO] RulesReader:64 - Compatibility file has been processed (297 Rules)
2025-07-03 10:27:38,249 [INFO] RulesReader:64 - Compatibility file has been processed (297 Rules)
2025-07-03 10:27:38,252 [INFO] CADModel:165 - CPN selected for project level
2025-07-03 10:27:38,252 [INFO] CADModel:114 - Register for checkConnection events
2025-07-03 10:27:38,252 [FATAL] Updater:351 - Updater called before beeing initialized
2025-07-03 10:27:38,252 [ERROR] CADModel:125 - Updater not yet initialized, retry later 
2025-07-03 10:27:38,329 [FATAL] Updater:351 - Updater called before beeing initialized
2025-07-03 10:27:38,330 [INFO] CADModel:165 - CPN selected for project level
2025-07-03 10:27:38,330 [INFO] CADModel:114 - Register for checkConnection events
2025-07-03 10:27:38,330 [FATAL] Updater:351 - Updater called before beeing initialized
2025-07-03 10:27:38,331 [ERROR] CADModel:125 - Updater not yet initialized, retry later 
2025-07-03 10:27:38,332 [FATAL] Updater:351 - Updater called before beeing initialized
2025-07-03 10:27:38,395 [FATAL] Updater:351 - Updater called before beeing initialized
2025-07-03 10:27:38,398 [INFO] DbMcusAds:53 - JSON generation date=Wed May 07 03:07:55 MDT 2025 (1746608875484)
2025-07-03 10:27:38,398 [FATAL] Updater:351 - Updater called before beeing initialized
2025-07-03 10:27:38,418 [WARN] DetailPanel:346 - Failed to get advertising image, set to default
2025-07-03 10:27:38,542 [FATAL] Updater:351 - Updater called before beeing initialized
2025-07-03 10:27:38,543 [FATAL] Updater:351 - Updater called before beeing initialized
2025-07-03 10:27:38,543 [FATAL] Updater:351 - Updater called before beeing initialized
2025-07-03 10:27:38,543 [WARN] DetailPanel:346 - Failed to get advertising image, set to default
2025-07-03 10:27:38,544 [FATAL] Updater:351 - Updater called before beeing initialized
2025-07-03 10:27:38,559 [ERROR] Updater:1198 - MainUpdater not yet initialized. External WinMGr cannot be set.
2025-07-03 10:27:38,560 [INFO] Updater:1134 - Updater Version found : 6.13.0
2025-07-03 10:27:38,569 [INFO] ApplicationProperties:184 - Using Application install path: /opt/st/stm32cubeide_1.17.0_2/plugins/com.st.stm32cube.common.mx_6.13.0.202411220809
2025-07-03 10:27:38,766 [INFO] MainUpdater:2872 - connection check result : 10
2025-07-03 10:27:38,766 [INFO] MainUpdater:3566 - Updater definition file requires update
2025-07-03 10:27:38,766 [INFO] MainUpdater:289 - Updater Check For Update Now.
2025-07-03 10:27:38,766 [INFO] MicroXplorer:498 - Change Database Version : DB.6.0.130
2025-07-03 10:27:38,768 [INFO] McuFinderGlobals:63 - Set McuFinder mode to 2 (CubeIDE integrated)
2025-07-03 10:27:38,769 [INFO] UserAuth:486 - Internet connection configuration mode: 1
2025-07-03 10:27:38,776 [INFO] JxBrowserEngine:152 - Initiate JxBrowser Engine with user profile folder
2025-07-03 10:27:38,795 [INFO] ServerAccessManage:473 - Download File updaters.zip
2025-07-03 10:27:38,896 [INFO] FileExtend:240 - Unzip File : updaters.zip
2025-07-03 10:27:38,896 [INFO] FileExtend:255 - Standard Zip Deflate
2025-07-03 10:27:39,000 [INFO] ServerAccessManage:473 - Download File PacksControlFlags.xml
2025-07-03 10:27:39,046 [INFO] ServerAccessManage:473 - Download File cubemx.pidx
2025-07-03 10:27:39,299 [INFO] ServerAccessManage:473 - Download File STMicroelectronics.FP-SNS-STAIOTCFT.pdsc
2025-07-03 10:27:39,459 [INFO] ServerAccessManage:473 - Download File STMicroelectronics.X-CUBE-AI.pdsc
2025-07-03 10:27:39,471 [INFO] WebApp:168 - Instantiating new browser for Auth
2025-07-03 10:27:39,940 [INFO] WebApp:449 - Apply proxy settings
2025-07-03 10:27:39,941 [INFO] WebApp:534 - Chromium requires no authentication
2025-07-03 10:27:39,945 [INFO] WebApp:477 - Direct internet connection detected
2025-07-03 10:27:39,955 [INFO] WebApp:880 - Register for checkConnection events
2025-07-03 10:27:39,955 [INFO] WebApp:449 - Apply proxy settings
2025-07-03 10:27:39,955 [INFO] WebApp:534 - Chromium requires no authentication
2025-07-03 10:27:39,955 [INFO] WebApp:477 - Direct internet connection detected
2025-07-03 10:27:40,030 [INFO] WebApp:221 - Starting web application
2025-07-03 10:27:40,030 [INFO] WebApp:579 - Web application path used /opt/st/stm32cubeide_1.17.0_2/plugins/com.st.stm32cube.common.mx_6.13.0.202411220809/db/plugins/mcufinder/reactClient1/index.html
2025-07-03 10:27:40,095 [INFO] UserAuth:486 - Internet connection configuration mode: 1
2025-07-03 10:27:40,337 [INFO] WebApp:187 - Connection restablished
2025-07-03 10:27:40,830 [WARN] MainUpdater:1193 - Updater busy. Cannot search thirdparties
2025-07-03 10:27:40,830 [INFO] ThirdPartyUpdaterWithRetryManager:96 - Updater plugin is busy. [1/15]
2025-07-03 10:27:40,979 [INFO] ServerAccessManage:473 - Download File STMicroelectronics.X-CUBE-MEMS1.pdsc
2025-07-03 10:27:41,082 [ERROR] LogOutputStream:75 - [STDERR_REDIRECT] 10:27:41.081 ERROR Chromium process exit code: 133
2025-07-03 10:27:41,082 [ERROR] LogOutputStream:75 - [STDERR_REDIRECT] 
2025-07-03 10:27:41,083 [ERROR] LogOutputStream:75 - [STDERR_REDIRECT] 10:27:41.083 ERROR Crash dump dir: /home/nikolai/.config/jxbrowser/7.39.2/crash-reports
2025-07-03 10:27:41,083 [ERROR] LogOutputStream:75 - [STDERR_REDIRECT] 
2025-07-03 10:27:41,083 [ERROR] WebApp:398 - JxBrowser engine crashed! Exit code: 133
2025-07-03 10:27:43,035 [INFO] ServerAccessManage:473 - Download File STMicroelectronics.X-CUBE-ST67W61.pdsc
2025-07-03 10:27:43,194 [INFO] ServerAccessManage:473 - Download File STMicroelectronics.X-CUBE-PM33A1.pdsc
2025-07-03 10:27:43,517 [WARN] PackLoader:240 - Cannot read IP mode file for STMicroelectronics.FP-SNS-STAIOTCFT.1.0.0
2025-07-03 10:27:43,520 [WARN] PackLoader:240 - Cannot read IP mode file for STMicroelectronics.X-CUBE-AI.10.1.0
2025-07-03 10:27:43,558 [WARN] PackLoader:240 - Cannot read IP mode file for STMicroelectronics.X-CUBE-MEMS1.11.3.0
2025-07-03 10:27:43,632 [INFO] CheckServerUpdateThread:120 - End of CheckServer Thread
2025-07-03 10:27:43,635 [WARN] PackLoader:240 - Cannot read IP mode file for STMicroelectronics.X-CUBE-ST67W61.1.0.0
2025-07-03 10:27:43,637 [WARN] PackLoader:240 - Cannot read IP mode file for STMicroelectronics.X-CUBE-PM33A1.1.0.0
2025-07-03 10:27:43,638 [INFO] PopulateThirdPartyThread:66 - Ending populate Thread
2025-07-03 10:27:43,639 [INFO] ThirdParty:1030 - CMSIS Pack Vendor :STMicroelectronics X-CUBE-AI 10.1.0
2025-07-03 10:27:43,639 [INFO] ThirdParty:1030 - CMSIS Pack Vendor :STMicroelectronics X-CUBE-ST67W61 1.0.0
2025-07-03 10:27:43,639 [INFO] ThirdParty:1030 - CMSIS Pack Vendor :STMicroelectronics X-CUBE-PM33A1 1.0.0
2025-07-03 10:27:43,639 [INFO] ThirdParty:1030 - CMSIS Pack Vendor :STMicroelectronics FP-SNS-STAIOTCFT 1.0.0
2025-07-03 10:27:43,639 [INFO] ThirdParty:1030 - CMSIS Pack Vendor :STMicroelectronics X-CUBE-MEMS1 11.3.0
2025-07-03 10:27:43,639 [INFO] LoadServerUpdatesThread:375 - End of LoadServerUpdate Thread
2025-07-03 10:27:43,890 [WARN] PackLoader:240 - Cannot read IP mode file for STMicroelectronics.FP-SNS-MOTENVWB1.1.4.0
2025-07-03 10:27:43,891 [WARN] PackLoader:240 - Cannot read IP mode file for STMicroelectronics.FP-ATR-ASTRA1.2.0.2
2025-07-03 10:27:43,893 [WARN] PackLoader:240 - Cannot read IP mode file for STMicroelectronics.FP-ATR-ASTRA1.2.0.1
2025-07-03 10:27:43,896 [WARN] PackLoader:240 - Cannot read IP mode file for STMicroelectronics.X-CUBE-SMBUS.2.1.0
2025-07-03 10:27:43,898 [WARN] PackLoader:240 - Cannot read IP mode file for STMicroelectronics.X-CUBE-WB05N.1.1.0
2025-07-03 10:27:43,900 [WARN] PackLoader:240 - Cannot read IP mode file for STMicroelectronics.X-CUBE-ST60.1.0.0
2025-07-03 10:27:43,902 [WARN] PackLoader:240 - Cannot read IP mode file for STMicroelectronics.X-CUBE-TOUCHGFX.4.23.0
2025-07-03 10:27:43,904 [WARN] PackLoader:240 - Cannot read IP mode file for STMicroelectronics.X-CUBE-TOUCHGFX.4.23.2
2025-07-03 10:27:43,912 [WARN] PackLoader:240 - Cannot read IP mode file for STMicroelectronics.X-CUBE-AZRTOS-F7.1.1.0
2025-07-03 10:27:43,915 [WARN] PackLoader:240 - Cannot read IP mode file for STMicroelectronics.FP-SNS-MOTENV1.4.3.2
2025-07-03 10:27:43,931 [WARN] PackLoader:240 - Cannot read IP mode file for STMicroelectronics.X-CUBE-MEMS1.11.0.0
2025-07-03 10:27:44,005 [WARN] PackLoader:240 - Cannot read IP mode file for STMicroelectronics.FP-SNS-FLIGHT1.5.0.2
2025-07-03 10:27:44,009 [WARN] PackLoader:240 - Cannot read IP mode file for STMicroelectronics.X-CUBE-DISPLAY.3.0.0
2025-07-03 10:27:44,012 [WARN] PackLoader:240 - Cannot read IP mode file for STMicroelectronics.X-CUBE-BLE1.7.0.0
2025-07-03 10:27:44,014 [WARN] PackLoader:240 - Cannot read IP mode file for STMicroelectronics.X-CUBE-NFC10.1.0.0
2025-07-03 10:27:44,019 [WARN] PackLoader:240 - Cannot read IP mode file for STMicroelectronics.X-CUBE-BLEMGR.4.0.0
2025-07-03 10:27:44,022 [WARN] PackLoader:240 - Cannot read IP mode file for emotas.I-CUBE-CANOPEN.1.3.0
2025-07-03 10:27:44,027 [WARN] PackLoader:240 - Cannot read IP mode file for STMicroelectronics.X-CUBE-BLEMGR.3.1.0
2025-07-03 10:27:44,031 [WARN] PackLoader:240 - Cannot read IP mode file for STMicroelectronics.X-CUBE-AI.10.0.0
2025-07-03 10:27:44,034 [WARN] PackLoader:240 - Cannot read IP mode file for STMicroelectronics.FP-SNS-SMARTAG2.1.2.0
2025-07-03 10:27:44,036 [WARN] PackLoader:240 - Cannot read IP mode file for STMicroelectronics.FP-SNS-FLIGHT1.5.1.0
2025-07-03 10:27:44,067 [WARN] PackLoader:240 - Cannot read IP mode file for STMicroelectronics.X-CUBE-MEMS1.11.1.0
2025-07-03 10:27:44,216 [INFO] LogOutputStream:77 - [STDOUT_REDIRECT] 1 : Invalid condition id : UX_CORESTACK_Condition cause : null
2025-07-03 10:27:44,217 [INFO] LogOutputStream:77 - [STDOUT_REDIRECT] 1 : Invalid condition id : UX_CORESTACK_Condition cause : null
2025-07-03 10:27:44,217 [INFO] LogOutputStream:77 - [STDOUT_REDIRECT] 1 : Invalid condition id : UX_CORESTACK_Condition cause : null
2025-07-03 10:27:44,217 [INFO] LogOutputStream:77 - [STDOUT_REDIRECT] 1 : Invalid condition id : UX_CORESTACK_Condition cause : null
2025-07-03 10:27:44,217 [INFO] LogOutputStream:77 - [STDOUT_REDIRECT] 1 : Invalid condition id : UX_CORESTACK_Condition cause : null
2025-07-03 10:27:44,218 [WARN] PackLoader:240 - Cannot read IP mode file for STMicroelectronics.X-CUBE-AZRTOS-WL.2.0.0
2025-07-03 10:27:44,220 [WARN] PackLoader:240 - Cannot read IP mode file for STMicroelectronics.FP-SNS-MOTENV1.5.0.0
2025-07-03 10:27:44,222 [WARN] PackLoader:240 - Cannot read IP mode file for wolfSSL.I-CUBE-wolfMQTT.1.19.0
2025-07-03 10:27:44,224 [WARN] PackLoader:240 - Cannot read IP mode file for WES.I-CUBE-Cesium.1.3.0
2025-07-03 10:27:44,226 [WARN] PackLoader:240 - Cannot read IP mode file for STMicroelectronics.X-CUBE-BLE2.3.3.0
2025-07-03 10:27:44,228 [WARN] PackLoader:240 - Cannot read IP mode file for STMicroelectronics.X-CUBE-NFC9.1.0.0
2025-07-03 10:27:44,231 [WARN] PackLoader:240 - Cannot read IP mode file for STMicroelectronics.X-CUBE-BLE1.7.1.0
2025-07-03 10:27:44,233 [WARN] PackLoader:240 - Cannot read IP mode file for STMicroelectronics.X-CUBE-TCPP.4.1.0
2025-07-03 10:27:44,234 [WARN] PackLoader:240 - Cannot read IP mode file for STMicroelectronics.X-CUBE-AI.10.1.0
2025-07-03 10:27:44,236 [WARN] PackLoader:240 - Cannot read IP mode file for STMicroelectronics.X-CUBE-ALGOBUILD.1.3.0
2025-07-03 10:27:44,252 [WARN] PackLoader:240 - Cannot read IP mode file for STMicroelectronics.X-CUBE-MEMS1.11.2.0
2025-07-03 10:27:44,310 [WARN] PackLoader:240 - Cannot read IP mode file for STMicroelectronics.X-CUBE-AZRTOS-G0.1.1.0
2025-07-03 10:27:44,320 [WARN] PackLoader:240 - Cannot read IP mode file for STMicroelectronics.X-CUBE-SAFEA1.1.2.2
2025-07-03 10:27:44,324 [WARN] PackLoader:240 - Cannot read IP mode file for STMicroelectronics.X-CUBE-NFC4.3.0.0
2025-07-03 10:27:44,331 [WARN] PackLoader:240 - Cannot read IP mode file for EmbeddedOffice.I-CUBE-FS-RTOS.1.0.1
2025-07-03 10:27:44,335 [WARN] PackLoader:240 - Cannot read IP mode file for STMicroelectronics.X-CUBE-WB05N.2.0.0
2025-07-03 10:27:44,342 [WARN] PackLoader:240 - Cannot read IP mode file for STMicroelectronics.X-CUBE-BLEMGR.3.0.0
2025-07-03 10:27:44,347 [WARN] PackLoader:240 - Cannot read IP mode file for STMicroelectronics.X-CUBE-TCPP.4.2.0
2025-07-03 10:27:44,349 [WARN] PackLoader:240 - Cannot read IP mode file for RealThread.X-CUBE-RT-Thread_Nano.4.1.1
2025-07-03 10:27:44,350 [WARN] PackLoader:240 - Cannot read IP mode file for STMicroelectronics.FP-ATR-SIGFOX1.3.2.0
2025-07-03 10:27:44,351 [WARN] ConditionMgr:438 - getConditionDescription Invalid condition id : Cortex-A Device cause : null
2025-07-03 10:27:44,355 [WARN] ConditionMgr:1044 - genDependencies : Invalid condition id : Cortex-A Device cause : null
2025-07-03 10:27:44,355 [WARN] ConditionMgr:1044 - genDependencies : Invalid condition id : Cortex-A Device cause : null
2025-07-03 10:27:44,355 [WARN] ConditionMgr:1044 - genDependencies : Invalid condition id : Cortex-A Device cause : null
2025-07-03 10:27:44,358 [WARN] PackLoader:240 - Cannot read IP mode file for STMicroelectronics.X-CUBE-EEPRMA1.5.1.0
2025-07-03 10:27:44,361 [WARN] PackLoader:240 - Cannot read IP mode file for STMicroelectronics.X-CUBE-ST67W61.1.0.0
2025-07-03 10:27:44,371 [WARN] PackLoader:240 - Cannot read IP mode file for SEGGER.I-CUBE-embOS.1.3.1
2025-07-03 10:27:44,385 [WARN] PackLoader:240 - Cannot read IP mode file for STMicroelectronics.X-CUBE-ALGOBUILD.1.4.0
2025-07-03 10:27:44,402 [WARN] PackLoader:240 - Cannot read IP mode file for STMicroelectronics.X-CUBE-MEMS1.11.3.0
2025-07-03 10:27:44,450 [WARN] PackLoader:240 - Cannot read IP mode file for STMicroelectronics.X-CUBE-AI.9.1.0
2025-07-03 10:27:44,451 [WARN] PackLoader:240 - Cannot read IP mode file for STMicroelectronics.X-CUBE-PM33A1.1.0.0
2025-07-03 10:27:44,453 [WARN] PackLoader:240 - Cannot read IP mode file for STMicroelectronics.X-CUBE-GNSS1.6.0.0
2025-07-03 10:27:44,460 [WARN] PackLoader:240 - Cannot read IP mode file for STMicroelectronics.X-CUBE-AZRTOS-F4.1.1.0
2025-07-03 10:27:44,462 [WARN] PackLoader:240 - Cannot read IP mode file for Avnet-IotConnect.X-CUBE-IoTC-DA16k-PMOD.1.0.0
2025-07-03 10:27:44,463 [WARN] PackLoader:240 - Cannot read IP mode file for STMicroelectronics.X-CUBE-ISPU.2.1.0
2025-07-03 10:27:44,465 [WARN] PackLoader:240 - Cannot read IP mode file for STMicroelectronics.X-CUBE-FREERTOS.1.2.0
2025-07-03 10:27:44,467 [WARN] PackLoader:240 - Cannot read IP mode file for wolfSSL.I-CUBE-wolfSSL.5.6.6
2025-07-03 10:27:44,473 [WARN] PackLoader:240 - Cannot read IP mode file for STMicroelectronics.X-CUBE-AZRTOS-L5.2.0.0
2025-07-03 10:27:44,476 [WARN] PackLoader:240 - Cannot read IP mode file for STMicroelectronics.X-CUBE-EEPRMA1.4.2.0
2025-07-03 10:27:44,479 [WARN] PackLoader:240 - Cannot read IP mode file for STMicroelectronics.X-CUBE-NFC6.3.1.0
2025-07-03 10:27:44,481 [WARN] PackLoader:240 - Cannot read IP mode file for ITTIA_DB.I-CUBE-ITTIADB.8.8.0
2025-07-03 10:27:44,483 [WARN] PackLoader:240 - Cannot read IP mode file for STMicroelectronics.X-CUBE-DPower.1.2.0
2025-07-03 10:27:44,485 [WARN] PackLoader:240 - Cannot read IP mode file for STMicroelectronics.X-CUBE-AI.9.0.0
2025-07-03 10:27:44,486 [WARN] PackLoader:240 - Cannot read IP mode file for STMicroelectronics.X-CUBE-FREERTOS.1.3.1
2025-07-03 10:27:44,488 [WARN] PackLoader:240 - Cannot read IP mode file for STMicroelectronics.X-CUBE-FREERTOS.1.3.0
2025-07-03 10:27:44,490 [WARN] PackLoader:240 - Cannot read IP mode file for STMicroelectronics.X-CUBE-NFC7.1.0.1
2025-07-03 10:27:44,491 [WARN] PackLoader:240 - Cannot read IP mode file for wolfSSL.I-CUBE-wolfTPM.3.2.0
2025-07-03 10:27:44,493 [WARN] PackLoader:240 - Cannot read IP mode file for STMicroelectronics.X-CUBE-NFC6.3.0.0
2025-07-03 10:27:44,495 [WARN] PackLoader:240 - Cannot read IP mode file for STMicroelectronics.FP-SNS-STAIOTCFT.1.0.0
2025-07-03 10:27:44,497 [WARN] PackLoader:240 - Cannot read IP mode file for STMicroelectronics.X-CUBE-DPower.1.3.0
2025-07-03 10:27:44,498 [WARN] PackLoader:240 - Cannot read IP mode file for STMicroelectronics.X-CUBE-AI.8.1.0
2025-07-03 10:27:44,504 [WARN] ConditionMgr:438 - getConditionDescription Invalid condition id : LAN8742 Phy interface Condition cause : null
2025-07-03 10:27:44,504 [WARN] PackLoader:240 - Cannot read IP mode file for STMicroelectronics.X-CUBE-AZRTOS-L4.2.0.0
2025-07-03 10:27:44,505 [WARN] ConditionMgr:1044 - genDependencies : Invalid condition id : LAN8742 Phy interface Condition cause : null
2025-07-03 10:27:44,505 [WARN] ConditionMgr:1044 - genDependencies : Invalid condition id : LAN8742 Phy interface Condition cause : null
2025-07-03 10:27:44,505 [WARN] ConditionMgr:1044 - genDependencies : Invalid condition id : LAN8742 Phy interface Condition cause : null
2025-07-03 10:27:44,508 [WARN] PackLoader:240 - Cannot read IP mode file for STMicroelectronics.X-CUBE-SFXS2LP1.4.0.0
2025-07-03 10:27:44,514 [WARN] PackLoader:240 - Cannot read IP mode file for STMicroelectronics.X-CUBE-AZRTOS-H7.3.3.0
2025-07-03 10:27:44,518 [WARN] PackLoader:240 - Cannot read IP mode file for STMicroelectronics.X-CUBE-IPS.3.0.0
2025-07-03 10:27:44,523 [WARN] ConditionMgr:438 - getConditionDescription Invalid condition id : UX DEVICE CLASS RTOS Condition cause : null
2025-07-03 10:27:44,523 [WARN] ConditionMgr:438 - getConditionDescription Invalid condition id : UX DEVICE CLASS RTOS Condition cause : null
2025-07-03 10:27:44,524 [WARN] PackLoader:240 - Cannot read IP mode file for STMicroelectronics.X-CUBE-AZRTOS-WB.2.0.0
2025-07-03 10:27:44,524 [WARN] ConditionMgr:1044 - genDependencies : Invalid condition id : UX DEVICE CLASS RTOS Condition cause : null
2025-07-03 10:27:44,524 [WARN] ConditionMgr:1044 - genDependencies : Invalid condition id : UX DEVICE CLASS RTOS Condition cause : null
2025-07-03 10:27:44,525 [WARN] ConditionMgr:1044 - genDependencies : Invalid condition id : UX DEVICE CLASS RTOS Condition cause : null
2025-07-03 10:27:44,525 [WARN] ConditionMgr:1044 - genDependencies : Invalid condition id : UX DEVICE CLASS RTOS Condition cause : null
2025-07-03 10:27:44,525 [WARN] ConditionMgr:1044 - genDependencies : Invalid condition id : UX DEVICE CLASS RTOS Condition cause : null
2025-07-03 10:27:44,527 [WARN] PackLoader:240 - Cannot read IP mode file for STMicroelectronics.X-CUBE-GNSS1.7.0.0
2025-07-03 10:27:44,528 [WARN] PackLoader:240 - Cannot read IP mode file for STMicroelectronics.X-CUBE-GNSS1.7.0.1
2025-07-03 10:27:44,533 [WARN] PackLoader:240 - Cannot read IP mode file for STMicroelectronics.X-CUBE-TOUCHGFX.4.25.0
2025-07-03 10:27:44,535 [WARN] PackLoader:240 - Cannot read IP mode file for STMicroelectronics.FP-SNS-STBOX1.2.0.0
2025-07-03 10:27:44,540 [WARN] PackLoader:240 - Cannot read IP mode file for STMicroelectronics.X-CUBE-SUBG2.5.0.0
2025-07-03 10:27:44,549 [WARN] PackLoader:240 - Cannot read IP mode file for STMicroelectronics.X-CUBE-AZRTOS-H7RS.1.1.0
2025-07-03 10:27:44,555 [WARN] PackLoader:240 - Cannot read IP mode file for STMicroelectronics.X-CUBE-AZRTOS-G4.2.0.0
2025-07-03 10:27:44,560 [WARN] PackLoader:240 - Cannot read IP mode file for Infineon.AIROC-Wi-Fi-Bluetooth-STM32.1.5.1
2025-07-03 10:27:44,562 [WARN] PackLoader:240 - Cannot read IP mode file for STMicroelectronics.X-CUBE-NFC7.2.0.0
2025-07-03 10:27:44,563 [WARN] PackLoader:240 - Cannot read IP mode file for STMicroelectronics.FP-SNS-MOTENVWB1.1.3.1
2025-07-03 10:27:44,564 [WARN] PackLoader:240 - Cannot read IP mode file for STMicroelectronics.X-CUBE-ISPU.2.0.0
2025-07-03 10:27:44,567 [WARN] PackLoader:240 - Cannot read IP mode file for STMicroelectronics.X-CUBE-IPS.3.1.0
2025-07-03 10:27:44,571 [WARN] PackLoader:240 - Cannot read IP mode file for STMicroelectronics.X-CUBE-ALS.1.0.2
2025-07-03 10:27:44,584 [WARN] PackLoader:240 - Cannot read IP mode file for STMicroelectronics.X-CUBE-MEMS1.10.0.0
2025-07-03 10:27:44,616 [WARN] PackLoader:240 - Cannot read IP mode file for STMicroelectronics.X-CUBE-FREERTOS.1.1.0
2025-07-03 10:27:44,617 [WARN] PackLoader:240 - Cannot read IP mode file for STMicroelectronics.X-CUBE-TOUCHGFX.4.24.0
2025-07-03 10:27:44,618 [WARN] PackLoader:240 - Cannot read IP mode file for STMicroelectronics.X-CUBE-TOUCHGFX.4.24.2
2025-07-03 10:27:44,618 [WARN] PackLoader:240 - Cannot read IP mode file for STMicroelectronics.X-CUBE-TOUCHGFX.4.24.1
2025-07-03 10:27:44,620 [WARN] PackLoader:240 - Cannot read IP mode file for portGmbH.I-Cube-SoM-uGOAL.1.1.0
2025-07-03 10:27:44,621 [WARN] PackLoader:240 - Cannot read IP mode file for STMicroelectronics.X-CUBE-ALS.1.0.1
2025-07-03 10:27:44,627 [WARN] PackLoader:240 - Cannot read IP mode file for STMicroelectronics.X-CUBE-AZRTOS-H7RS.1.0.0
2025-07-03 10:27:44,628 [WARN] PackLoader:240 - Cannot read IP mode file for STMicroelectronics.FP-ATR-ASTRA1.2.0.0
2025-07-03 10:27:44,631 [WARN] PackLoader:240 - Cannot read IP mode file for STMicroelectronics.X-CUBE-TOF1.3.4.2
2025-07-03 10:27:44,638 [WARN] PackLoader:240 - Cannot read IP mode file for STMicroelectronics.X-CUBE-TOF1.3.4.3
2025-07-03 10:27:44,646 [WARN] PackLoader:240 - Cannot read IP mode file for STMicroelectronics.X-CUBE-TOF1.3.4.0
2025-07-03 10:27:44,652 [WARN] PackLoader:240 - Cannot read IP mode file for STMicroelectronics.X-CUBE-TOF1.3.4.1
2025-07-03 10:27:44,661 [WARN] PackLoader:240 - Cannot read IP mode file for STMicroelectronics.X-CUBE-AZRTOS-H7.3.2.0
2025-07-03 10:27:44,663 [WARN] PackLoader:240 - Cannot read IP mode file for wolfSSL.I-CUBE-wolfSSH.1.4.17
2025-07-03 10:27:44,664 [INFO] ThirdParty:978 - Integrity check success = true
2025-07-03 10:27:44,664 [INFO] IntegrityCheckThread:100 - exiting critical section [integrity check]
2025-07-03 10:27:44,664 [INFO] IntegrityCheckThread:103 - End integrity checks thread
2025-07-03 11:49:28,655 [ERROR] LogOutputStream:75 - [STDERR_REDIRECT] 
