2024-12-16 20:45:23,794 [INFO] TasksAndQueuesTab:757 - Static
2024-12-16 20:45:23,796 [INFO] TasksAndQueuesTab:757 - Static
2024-12-16 20:45:23,797 [INFO] TasksAndQueuesTab:757 - Static
2024-12-16 20:45:23,797 [INFO] TasksAndQueuesTab:757 - Static
2024-12-16 20:45:23,797 [INFO] TasksAndQueuesTab:757 - Static
2024-12-16 20:45:57,695 [INFO] UtilMem:75 - End SaveConfig() Used Memory: 542256480 Bytes (1073741824)
2024-12-16 20:45:57,832 [INFO] UtilMem:75 - End SaveConfig() Used Memory: 559560032 Bytes (1073741824)
2024-12-16 20:45:58,127 [INFO] UtilMem:75 - End SaveConfig() Used Memory: 640300384 Bytes (1073741824)
2024-12-16 20:45:58,320 [INFO] BlockDiagram:2766 - set Specific Code input for plugin: SPI
2024-12-16 20:45:58,320 [INFO] BlockDiagram:2766 - set Specific Code input for plugin: FDCAN
2024-12-16 20:45:58,320 [INFO] BlockDiagram:2766 - set Specific Code input for plugin: FREERTOS
2024-12-16 20:45:58,320 [INFO] BlockDiagram:2766 - set Specific Code input for plugin: USB_Device
2024-12-16 20:45:58,320 [INFO] BlockDiagram:2766 - set Specific Code input for plugin: SYS
2024-12-16 20:45:58,320 [INFO] BlockDiagram:2766 - set Specific Code input for plugin: RCC
2024-12-16 20:45:58,320 [INFO] BlockDiagram:2766 - set Specific Code input for plugin: I2C
2024-12-16 20:45:58,320 [INFO] BlockDiagram:2766 - set Specific Code input for plugin: NVIC
2024-12-16 20:45:58,320 [INFO] BlockDiagram:2766 - set Specific Code input for plugin: USART
2024-12-16 20:45:58,320 [INFO] BlockDiagram:2766 - set Specific Code input for plugin: USB
2024-12-16 20:45:58,321 [INFO] BlockDiagram:2766 - set Specific Code input for plugin: GPIO
2024-12-16 20:45:58,321 [INFO] BlockDiagram:2766 - set Specific Code input for plugin: FDCAN
2024-12-16 20:45:58,321 [INFO] CodeGenerator:896 - code generatio: config db path: /opt/st/stm32cubeide_1.17.0_2/plugins/com.st.stm32cube.common.mx_6.13.0.202411220809//db/
2024-12-16 20:45:58,324 [WARN] IP:2251 - MessageRAMOffset not found: check if there is a RefParameter without a condition.
2024-12-16 20:45:58,324 [WARN] IP:2251 - RxFifo0ElmtsNbr not found: check if there is a RefParameter without a condition.
2024-12-16 20:45:58,324 [WARN] IP:2251 - RxFifo0ElmtSize not found: check if there is a RefParameter without a condition.
2024-12-16 20:45:58,324 [WARN] IP:2251 - RxFifo1ElmtsNbr not found: check if there is a RefParameter without a condition.
2024-12-16 20:45:58,324 [WARN] IP:2251 - RxFifo1ElmtSize not found: check if there is a RefParameter without a condition.
2024-12-16 20:45:58,324 [WARN] IP:2251 - RxBuffersNbr not found: check if there is a RefParameter without a condition.
2024-12-16 20:45:58,325 [WARN] IP:2251 - RxBufferSize not found: check if there is a RefParameter without a condition.
2024-12-16 20:45:58,325 [WARN] IP:2251 - TxEventsNbr not found: check if there is a RefParameter without a condition.
2024-12-16 20:45:58,325 [WARN] IP:2251 - TxBuffersNbr not found: check if there is a RefParameter without a condition.
2024-12-16 20:45:58,325 [WARN] IP:2251 - TxFifoQueueElmtsNbr not found: check if there is a RefParameter without a condition.
2024-12-16 20:45:58,325 [WARN] IP:2251 - TxElmtSize not found: check if there is a RefParameter without a condition.
2024-12-16 20:45:58,325 [WARN] IP:2251 - ClockCalibrationCCU not found: check if there is a RefParameter without a condition.
2024-12-16 20:45:58,325 [WARN] IP:2251 - ClockDividerCCU not found: check if there is a RefParameter without a condition.
2024-12-16 20:45:58,325 [WARN] IP:2251 - MinOscClkPeriodsCCU not found: check if there is a RefParameter without a condition.
2024-12-16 20:45:58,325 [WARN] IP:2251 - TimeQuantaPerBitTimeCCU not found: check if there is a RefParameter without a condition.
2024-12-16 20:45:58,325 [WARN] IP:2251 - WatchdogStartValueCCU not found: check if there is a RefParameter without a condition.
2024-12-16 20:45:58,327 [WARN] IP:2251 - MessageRAMOffset not found: check if there is a RefParameter without a condition.
2024-12-16 20:45:58,327 [WARN] IP:2251 - RxFifo0ElmtsNbr not found: check if there is a RefParameter without a condition.
2024-12-16 20:45:58,327 [WARN] IP:2251 - RxFifo0ElmtSize not found: check if there is a RefParameter without a condition.
2024-12-16 20:45:58,327 [WARN] IP:2251 - RxFifo1ElmtsNbr not found: check if there is a RefParameter without a condition.
2024-12-16 20:45:58,327 [WARN] IP:2251 - RxFifo1ElmtSize not found: check if there is a RefParameter without a condition.
2024-12-16 20:45:58,327 [WARN] IP:2251 - RxBuffersNbr not found: check if there is a RefParameter without a condition.
2024-12-16 20:45:58,327 [WARN] IP:2251 - RxBufferSize not found: check if there is a RefParameter without a condition.
2024-12-16 20:45:58,327 [WARN] IP:2251 - TxEventsNbr not found: check if there is a RefParameter without a condition.
2024-12-16 20:45:58,327 [WARN] IP:2251 - TxBuffersNbr not found: check if there is a RefParameter without a condition.
2024-12-16 20:45:58,327 [WARN] IP:2251 - TxFifoQueueElmtsNbr not found: check if there is a RefParameter without a condition.
2024-12-16 20:45:58,327 [WARN] IP:2251 - TxElmtSize not found: check if there is a RefParameter without a condition.
2024-12-16 20:45:58,327 [WARN] IP:2251 - ClockCalibrationCCU not found: check if there is a RefParameter without a condition.
2024-12-16 20:45:58,327 [WARN] IP:2251 - ClockDividerCCU not found: check if there is a RefParameter without a condition.
2024-12-16 20:45:58,328 [WARN] IP:2251 - MinOscClkPeriodsCCU not found: check if there is a RefParameter without a condition.
2024-12-16 20:45:58,328 [WARN] IP:2251 - TimeQuantaPerBitTimeCCU not found: check if there is a RefParameter without a condition.
2024-12-16 20:45:58,328 [WARN] IP:2251 - WatchdogStartValueCCU not found: check if there is a RefParameter without a condition.
2024-12-16 20:45:58,381 [INFO] CodeEngine:255 - oldGeneratedFile, /home/nikolai/Documents/NP1_DRONE/software/STM32/Flight Control Computer/MXTmpFiles/license.tmp_save
2024-12-16 20:45:58,560 [INFO] CodeEngine:279 - Generated code: /home/nikolai/Documents/NP1_DRONE/software/STM32/Flight Control Computer/MXTmpFiles/license.tmp
2024-12-16 20:45:58,631 [INFO] CodeEngine:255 - oldGeneratedFile, /home/nikolai/Documents/NP1_DRONE/software/STM32/Flight Control Computer/Core/Src/gpio.c_save
2024-12-16 20:45:58,713 [INFO] CodeEngine:279 - Generated code: /home/nikolai/Documents/NP1_DRONE/software/STM32/Flight Control Computer/Core/Src/gpio.c
2024-12-16 20:45:58,714 [INFO] CodeEngine:255 - oldGeneratedFile, /home/nikolai/Documents/NP1_DRONE/software/STM32/Flight Control Computer/Core/Inc/gpio.h_save
2024-12-16 20:45:58,763 [INFO] CodeEngine:279 - Generated code: /home/nikolai/Documents/NP1_DRONE/software/STM32/Flight Control Computer/Core/Inc/gpio.h
2024-12-16 20:45:58,856 [INFO] CodeEngine:255 - oldGeneratedFile, /home/nikolai/Documents/NP1_DRONE/software/STM32/Flight Control Computer/MXTmpFiles/usb_vars.tmp_save
2024-12-16 20:45:58,905 [INFO] CodeEngine:279 - Generated code: /home/nikolai/Documents/NP1_DRONE/software/STM32/Flight Control Computer/MXTmpFiles/usb_vars.tmp
2024-12-16 20:45:58,906 [INFO] CodeEngine:255 - oldGeneratedFile, /home/nikolai/Documents/NP1_DRONE/software/STM32/Flight Control Computer/MXTmpFiles/usb_inc.tmp_save
2024-12-16 20:45:58,949 [INFO] CodeEngine:279 - Generated code: /home/nikolai/Documents/NP1_DRONE/software/STM32/Flight Control Computer/MXTmpFiles/usb_inc.tmp
2024-12-16 20:45:58,950 [INFO] CodeEngine:255 - oldGeneratedFile, /home/nikolai/Documents/NP1_DRONE/software/STM32/Flight Control Computer/MXTmpFiles/usb_HalInit.tmp_save
2024-12-16 20:45:59,003 [INFO] CodeEngine:279 - Generated code: /home/nikolai/Documents/NP1_DRONE/software/STM32/Flight Control Computer/MXTmpFiles/usb_HalInit.tmp
2024-12-16 20:45:59,004 [INFO] CodeEngine:255 - oldGeneratedFile, /home/nikolai/Documents/NP1_DRONE/software/STM32/Flight Control Computer/MXTmpFiles/usb_Msp.tmp_save
2024-12-16 20:45:59,067 [INFO] CodeEngine:279 - Generated code: /home/nikolai/Documents/NP1_DRONE/software/STM32/Flight Control Computer/MXTmpFiles/usb_Msp.tmp
2024-12-16 20:45:59,522 [INFO] Middleware:1450 - No code input for Bsp Dependency
2024-12-16 20:45:59,523 [INFO] CodeEngine:255 - oldGeneratedFile, /home/nikolai/Documents/NP1_DRONE/software/STM32/Flight Control Computer/MXTmpFiles/rtos_inc.tmp_save
2024-12-16 20:45:59,556 [INFO] CodeEngine:279 - Generated code: /home/nikolai/Documents/NP1_DRONE/software/STM32/Flight Control Computer/MXTmpFiles/rtos_inc.tmp
2024-12-16 20:45:59,557 [INFO] CodeEngine:255 - oldGeneratedFile, /home/nikolai/Documents/NP1_DRONE/software/STM32/Flight Control Computer/MXTmpFiles/rtos_kernelInit.tmp_save
2024-12-16 20:45:59,589 [INFO] CodeEngine:279 - Generated code: /home/nikolai/Documents/NP1_DRONE/software/STM32/Flight Control Computer/MXTmpFiles/rtos_kernelInit.tmp
2024-12-16 20:45:59,590 [INFO] CodeEngine:255 - oldGeneratedFile, /home/nikolai/Documents/NP1_DRONE/software/STM32/Flight Control Computer/MXTmpFiles/rtos_kernelStart.tmp_save
2024-12-16 20:45:59,622 [INFO] CodeEngine:279 - Generated code: /home/nikolai/Documents/NP1_DRONE/software/STM32/Flight Control Computer/MXTmpFiles/rtos_kernelStart.tmp
2024-12-16 20:45:59,623 [INFO] CodeEngine:255 - oldGeneratedFile, /home/nikolai/Documents/NP1_DRONE/software/STM32/Flight Control Computer/MXTmpFiles/rtos_typedefs.tmp_save
2024-12-16 20:45:59,655 [INFO] CodeEngine:279 - Generated code: /home/nikolai/Documents/NP1_DRONE/software/STM32/Flight Control Computer/MXTmpFiles/rtos_typedefs.tmp
2024-12-16 20:45:59,656 [INFO] CodeEngine:255 - oldGeneratedFile, /home/nikolai/Documents/NP1_DRONE/software/STM32/Flight Control Computer/MXTmpFiles/rtos_vars.tmp_save
2024-12-16 20:45:59,688 [INFO] CodeEngine:279 - Generated code: /home/nikolai/Documents/NP1_DRONE/software/STM32/Flight Control Computer/MXTmpFiles/rtos_vars.tmp
2024-12-16 20:45:59,689 [INFO] CodeEngine:255 - oldGeneratedFile, /home/nikolai/Documents/NP1_DRONE/software/STM32/Flight Control Computer/MXTmpFiles/rtos_pfp.tmp_save
2024-12-16 20:45:59,722 [INFO] CodeEngine:279 - Generated code: /home/nikolai/Documents/NP1_DRONE/software/STM32/Flight Control Computer/MXTmpFiles/rtos_pfp.tmp
2024-12-16 20:45:59,723 [INFO] CodeEngine:255 - oldGeneratedFile, /home/nikolai/Documents/NP1_DRONE/software/STM32/Flight Control Computer/MXTmpFiles/rtos_obj_creat.tmp_save
2024-12-16 20:45:59,760 [INFO] CodeEngine:279 - Generated code: /home/nikolai/Documents/NP1_DRONE/software/STM32/Flight Control Computer/MXTmpFiles/rtos_obj_creat.tmp
2024-12-16 20:45:59,761 [INFO] CodeEngine:255 - oldGeneratedFile, /home/nikolai/Documents/NP1_DRONE/software/STM32/Flight Control Computer/MXTmpFiles/rtos_default_thread.tmp_save
2024-12-16 20:45:59,792 [INFO] CodeEngine:279 - Generated code: /home/nikolai/Documents/NP1_DRONE/software/STM32/Flight Control Computer/MXTmpFiles/rtos_default_thread.tmp
2024-12-16 20:45:59,792 [INFO] CodeEngine:255 - oldGeneratedFile, /home/nikolai/Documents/NP1_DRONE/software/STM32/Flight Control Computer/MXTmpFiles/rtos_threads.tmp_save
2024-12-16 20:45:59,823 [INFO] CodeEngine:279 - Generated code: /home/nikolai/Documents/NP1_DRONE/software/STM32/Flight Control Computer/MXTmpFiles/rtos_threads.tmp
2024-12-16 20:45:59,828 [INFO] Middleware:1450 - No code input for Bsp Dependency
2024-12-16 20:45:59,834 [INFO] Middleware:1450 - No code input for Bsp Dependency
2024-12-16 20:45:59,835 [INFO] CodeEngine:255 - oldGeneratedFile, /home/nikolai/Documents/NP1_DRONE/software/STM32/Flight Control Computer/MXTmpFiles/rtos_inc.tmp_save
2024-12-16 20:45:59,867 [INFO] CodeEngine:279 - Generated code: /home/nikolai/Documents/NP1_DRONE/software/STM32/Flight Control Computer/MXTmpFiles/rtos_inc.tmp
2024-12-16 20:45:59,867 [INFO] CodeEngine:255 - oldGeneratedFile, /home/nikolai/Documents/NP1_DRONE/software/STM32/Flight Control Computer/MXTmpFiles/rtos_kernelInit.tmp_save
2024-12-16 20:45:59,897 [INFO] CodeEngine:279 - Generated code: /home/nikolai/Documents/NP1_DRONE/software/STM32/Flight Control Computer/MXTmpFiles/rtos_kernelInit.tmp
2024-12-16 20:45:59,898 [INFO] CodeEngine:255 - oldGeneratedFile, /home/nikolai/Documents/NP1_DRONE/software/STM32/Flight Control Computer/MXTmpFiles/rtos_kernelStart.tmp_save
2024-12-16 20:45:59,928 [INFO] CodeEngine:279 - Generated code: /home/nikolai/Documents/NP1_DRONE/software/STM32/Flight Control Computer/MXTmpFiles/rtos_kernelStart.tmp
2024-12-16 20:45:59,929 [INFO] CodeEngine:255 - oldGeneratedFile, /home/nikolai/Documents/NP1_DRONE/software/STM32/Flight Control Computer/MXTmpFiles/rtos_typedefs.tmp_save
2024-12-16 20:45:59,959 [INFO] CodeEngine:279 - Generated code: /home/nikolai/Documents/NP1_DRONE/software/STM32/Flight Control Computer/MXTmpFiles/rtos_typedefs.tmp
2024-12-16 20:45:59,960 [INFO] CodeEngine:255 - oldGeneratedFile, /home/nikolai/Documents/NP1_DRONE/software/STM32/Flight Control Computer/MXTmpFiles/rtos_vars.tmp_save
2024-12-16 20:45:59,993 [INFO] CodeEngine:279 - Generated code: /home/nikolai/Documents/NP1_DRONE/software/STM32/Flight Control Computer/MXTmpFiles/rtos_vars.tmp
2024-12-16 20:45:59,994 [INFO] CodeEngine:255 - oldGeneratedFile, /home/nikolai/Documents/NP1_DRONE/software/STM32/Flight Control Computer/MXTmpFiles/rtos_pfp.tmp_save
2024-12-16 20:46:00,024 [INFO] CodeEngine:279 - Generated code: /home/nikolai/Documents/NP1_DRONE/software/STM32/Flight Control Computer/MXTmpFiles/rtos_pfp.tmp
2024-12-16 20:46:00,024 [INFO] CodeEngine:255 - oldGeneratedFile, /home/nikolai/Documents/NP1_DRONE/software/STM32/Flight Control Computer/MXTmpFiles/rtos_obj_creat.tmp_save
2024-12-16 20:46:00,056 [INFO] CodeEngine:279 - Generated code: /home/nikolai/Documents/NP1_DRONE/software/STM32/Flight Control Computer/MXTmpFiles/rtos_obj_creat.tmp
2024-12-16 20:46:00,057 [INFO] CodeEngine:255 - oldGeneratedFile, /home/nikolai/Documents/NP1_DRONE/software/STM32/Flight Control Computer/MXTmpFiles/rtos_default_thread.tmp_save
2024-12-16 20:46:00,087 [INFO] CodeEngine:279 - Generated code: /home/nikolai/Documents/NP1_DRONE/software/STM32/Flight Control Computer/MXTmpFiles/rtos_default_thread.tmp
2024-12-16 20:46:00,087 [INFO] CodeEngine:255 - oldGeneratedFile, /home/nikolai/Documents/NP1_DRONE/software/STM32/Flight Control Computer/MXTmpFiles/rtos_threads.tmp_save
2024-12-16 20:46:00,118 [INFO] CodeEngine:279 - Generated code: /home/nikolai/Documents/NP1_DRONE/software/STM32/Flight Control Computer/MXTmpFiles/rtos_threads.tmp
2024-12-16 20:46:00,119 [INFO] CodeEngine:255 - oldGeneratedFile, /home/nikolai/Documents/NP1_DRONE/software/STM32/Flight Control Computer/Core/Inc/FreeRTOSConfig.h_save
2024-12-16 20:46:00,161 [INFO] CodeEngine:279 - Generated code: /home/nikolai/Documents/NP1_DRONE/software/STM32/Flight Control Computer/Core/Inc/FreeRTOSConfig.h
2024-12-16 20:46:00,162 [INFO] CodeEngine:255 - oldGeneratedFile, /home/nikolai/Documents/NP1_DRONE/software/STM32/Flight Control Computer/Core/Src/app_freertos.c_save
2024-12-16 20:46:00,205 [INFO] CodeEngine:279 - Generated code: /home/nikolai/Documents/NP1_DRONE/software/STM32/Flight Control Computer/Core/Src/app_freertos.c
2024-12-16 20:46:00,207 [INFO] CodeEngine:255 - oldGeneratedFile, /home/nikolai/Documents/NP1_DRONE/software/STM32/Flight Control Computer/Core/Src/fdcan.c_save
2024-12-16 20:46:00,258 [INFO] CodeEngine:279 - Generated code: /home/nikolai/Documents/NP1_DRONE/software/STM32/Flight Control Computer/Core/Src/fdcan.c
2024-12-16 20:46:00,258 [INFO] CodeEngine:255 - oldGeneratedFile, /home/nikolai/Documents/NP1_DRONE/software/STM32/Flight Control Computer/Core/Inc/fdcan.h_save
2024-12-16 20:46:00,291 [INFO] CodeEngine:279 - Generated code: /home/nikolai/Documents/NP1_DRONE/software/STM32/Flight Control Computer/Core/Inc/fdcan.h
2024-12-16 20:46:00,292 [INFO] CodeEngine:255 - oldGeneratedFile, /home/nikolai/Documents/NP1_DRONE/software/STM32/Flight Control Computer/Core/Src/i2c.c_save
2024-12-16 20:46:00,337 [INFO] CodeEngine:279 - Generated code: /home/nikolai/Documents/NP1_DRONE/software/STM32/Flight Control Computer/Core/Src/i2c.c
2024-12-16 20:46:00,337 [INFO] CodeEngine:255 - oldGeneratedFile, /home/nikolai/Documents/NP1_DRONE/software/STM32/Flight Control Computer/Core/Inc/i2c.h_save
2024-12-16 20:46:00,367 [INFO] CodeEngine:279 - Generated code: /home/nikolai/Documents/NP1_DRONE/software/STM32/Flight Control Computer/Core/Inc/i2c.h
2024-12-16 20:46:00,369 [INFO] CodeEngine:255 - oldGeneratedFile, /home/nikolai/Documents/NP1_DRONE/software/STM32/Flight Control Computer/Core/Src/spi.c_save
2024-12-16 20:46:00,411 [INFO] CodeEngine:279 - Generated code: /home/nikolai/Documents/NP1_DRONE/software/STM32/Flight Control Computer/Core/Src/spi.c
2024-12-16 20:46:00,411 [INFO] CodeEngine:255 - oldGeneratedFile, /home/nikolai/Documents/NP1_DRONE/software/STM32/Flight Control Computer/Core/Inc/spi.h_save
2024-12-16 20:46:00,441 [INFO] CodeEngine:279 - Generated code: /home/nikolai/Documents/NP1_DRONE/software/STM32/Flight Control Computer/Core/Inc/spi.h
2024-12-16 20:46:00,442 [INFO] CodeEngine:255 - oldGeneratedFile, /home/nikolai/Documents/NP1_DRONE/software/STM32/Flight Control Computer/Core/Src/usart.c_save
2024-12-16 20:46:00,485 [INFO] CodeEngine:279 - Generated code: /home/nikolai/Documents/NP1_DRONE/software/STM32/Flight Control Computer/Core/Src/usart.c
2024-12-16 20:46:00,485 [INFO] CodeEngine:255 - oldGeneratedFile, /home/nikolai/Documents/NP1_DRONE/software/STM32/Flight Control Computer/Core/Inc/usart.h_save
2024-12-16 20:46:00,514 [INFO] CodeEngine:279 - Generated code: /home/nikolai/Documents/NP1_DRONE/software/STM32/Flight Control Computer/Core/Inc/usart.h
2024-12-16 20:46:00,518 [INFO] Middleware:1450 - No code input for Bsp Dependency
2024-12-16 20:46:00,520 [INFO] CodeEngine:255 - oldGeneratedFile, /home/nikolai/Documents/NP1_DRONE/software/STM32/Flight Control Computer/USB_Device/App/usb_device.c_save
2024-12-16 20:46:00,561 [INFO] CodeEngine:279 - Generated code: /home/nikolai/Documents/NP1_DRONE/software/STM32/Flight Control Computer/USB_Device/App/usb_device.c
2024-12-16 20:46:00,562 [INFO] CodeEngine:255 - oldGeneratedFile, /home/nikolai/Documents/NP1_DRONE/software/STM32/Flight Control Computer/USB_Device/App/usb_device.h_save
2024-12-16 20:46:00,592 [INFO] CodeEngine:279 - Generated code: /home/nikolai/Documents/NP1_DRONE/software/STM32/Flight Control Computer/USB_Device/App/usb_device.h
2024-12-16 20:46:00,593 [INFO] CodeEngine:255 - oldGeneratedFile, /home/nikolai/Documents/NP1_DRONE/software/STM32/Flight Control Computer/USB_Device/Target/usbd_conf.h_save
2024-12-16 20:46:00,622 [INFO] CodeEngine:279 - Generated code: /home/nikolai/Documents/NP1_DRONE/software/STM32/Flight Control Computer/USB_Device/Target/usbd_conf.h
2024-12-16 20:46:00,622 [INFO] CodeEngine:255 - oldGeneratedFile, /home/nikolai/Documents/NP1_DRONE/software/STM32/Flight Control Computer/USB_Device/Target/usbd_conf.c_save
2024-12-16 20:46:00,658 [INFO] CodeEngine:279 - Generated code: /home/nikolai/Documents/NP1_DRONE/software/STM32/Flight Control Computer/USB_Device/Target/usbd_conf.c
2024-12-16 20:46:00,660 [INFO] CodeEngine:255 - oldGeneratedFile, /home/nikolai/Documents/NP1_DRONE/software/STM32/Flight Control Computer/USB_Device/App/usbd_desc.h_save
2024-12-16 20:46:00,689 [INFO] CodeEngine:279 - Generated code: /home/nikolai/Documents/NP1_DRONE/software/STM32/Flight Control Computer/USB_Device/App/usbd_desc.h
2024-12-16 20:46:00,690 [INFO] CodeEngine:255 - oldGeneratedFile, /home/nikolai/Documents/NP1_DRONE/software/STM32/Flight Control Computer/USB_Device/App/usbd_desc.c_save
2024-12-16 20:46:00,722 [INFO] CodeEngine:279 - Generated code: /home/nikolai/Documents/NP1_DRONE/software/STM32/Flight Control Computer/USB_Device/App/usbd_desc.c
2024-12-16 20:46:00,723 [INFO] CodeEngine:255 - oldGeneratedFile, /home/nikolai/Documents/NP1_DRONE/software/STM32/Flight Control Computer/USB_Device/App/usbd_cdc_if.h_save
2024-12-16 20:46:00,753 [INFO] CodeEngine:279 - Generated code: /home/nikolai/Documents/NP1_DRONE/software/STM32/Flight Control Computer/USB_Device/App/usbd_cdc_if.h
2024-12-16 20:46:00,754 [INFO] CodeEngine:255 - oldGeneratedFile, /home/nikolai/Documents/NP1_DRONE/software/STM32/Flight Control Computer/USB_Device/App/usbd_cdc_if.c_save
2024-12-16 20:46:00,789 [INFO] CodeEngine:279 - Generated code: /home/nikolai/Documents/NP1_DRONE/software/STM32/Flight Control Computer/USB_Device/App/usbd_cdc_if.c
2024-12-16 20:46:00,793 [INFO] CodeEngine:255 - oldGeneratedFile, /home/nikolai/Documents/NP1_DRONE/software/STM32/Flight Control Computer/Core/Src/stm32g4xx_it.c_save
2024-12-16 20:46:00,884 [INFO] CodeEngine:279 - Generated code: /home/nikolai/Documents/NP1_DRONE/software/STM32/Flight Control Computer/Core/Src/stm32g4xx_it.c
2024-12-16 20:46:00,886 [INFO] CodeEngine:255 - oldGeneratedFile, /home/nikolai/Documents/NP1_DRONE/software/STM32/Flight Control Computer/Core/Inc/stm32g4xx_it.h_save
2024-12-16 20:46:00,939 [INFO] CodeEngine:279 - Generated code: /home/nikolai/Documents/NP1_DRONE/software/STM32/Flight Control Computer/Core/Inc/stm32g4xx_it.h
2024-12-16 20:46:00,945 [INFO] CodeEngine:255 - oldGeneratedFile, /home/nikolai/Documents/NP1_DRONE/software/STM32/Flight Control Computer/Core/Src/stm32g4xx_hal_msp.c_save
2024-12-16 20:46:00,988 [INFO] CodeEngine:279 - Generated code: /home/nikolai/Documents/NP1_DRONE/software/STM32/Flight Control Computer/Core/Src/stm32g4xx_hal_msp.c
2024-12-16 20:46:00,989 [INFO] CodeEngine:255 - oldGeneratedFile, /home/nikolai/Documents/NP1_DRONE/software/STM32/Flight Control Computer/MXTmpFiles/system.tmp_save
2024-12-16 20:46:01,018 [INFO] CodeEngine:279 - Generated code: /home/nikolai/Documents/NP1_DRONE/software/STM32/Flight Control Computer/MXTmpFiles/system.tmp
2024-12-16 20:46:01,018 [INFO] CodeEngine:255 - oldGeneratedFile, /home/nikolai/Documents/NP1_DRONE/software/STM32/Flight Control Computer/Core/Src/stm32g4xx_hal_timebase_tim.c_save
2024-12-16 20:46:01,050 [INFO] CodeEngine:279 - Generated code: /home/nikolai/Documents/NP1_DRONE/software/STM32/Flight Control Computer/Core/Src/stm32g4xx_hal_timebase_tim.c
2024-12-16 20:46:01,052 [INFO] CodeEngine:311 - oldGeneratedFile, /home/nikolai/Documents/NP1_DRONE/software/STM32/Flight Control Computer/Core/Inc/stm32g4xx_hal_conf.h_save
2024-12-16 20:46:01,083 [INFO] CodeEngine:335 - Generated code: /home/nikolai/Documents/NP1_DRONE/software/STM32/Flight Control Computer/Core/Inc/stm32g4xx_hal_conf.h
2024-12-16 20:46:01,091 [WARN] IPConfigManager:3034 - Warning: the RefConfig RCC_CommonPeriphClockConfig is not available in your config.xml file
2024-12-16 20:46:01,098 [INFO] CodeEngine:255 - oldGeneratedFile, /home/nikolai/Documents/NP1_DRONE/software/STM32/Flight Control Computer/Core/Inc/main.h_save
2024-12-16 20:46:01,130 [INFO] CodeEngine:279 - Generated code: /home/nikolai/Documents/NP1_DRONE/software/STM32/Flight Control Computer/Core/Inc/main.h
2024-12-16 20:46:01,130 [INFO] CodeEngine:255 - oldGeneratedFile, /home/nikolai/Documents/NP1_DRONE/software/STM32/Flight Control Computer/Core/Src/main.c_save
2024-12-16 20:46:01,174 [INFO] CodeEngine:279 - Generated code: /home/nikolai/Documents/NP1_DRONE/software/STM32/Flight Control Computer/Core/Src/main.c
2024-12-16 20:46:01,260 [INFO] ProjectBuilder:3289 - Time for Copy HAL[1] : 14mS.
2024-12-16 20:46:01,261 [INFO] ProjectBuilder:4876 - Project Generator version: 4.5.0-RC5
2024-12-16 20:46:01,298 [INFO] ConfigFileManager:1579 - The Die is : DIE469
2024-12-16 20:46:01,639 [INFO] ProjectBuilder:5154 - Time for Generating toolchain IDE Files: 377mS.
2024-12-16 20:46:01,639 [INFO] ProjectBuilder:3146 - Time for Copy CMSIS : 0mS.
2024-12-16 20:46:01,640 [INFO] ProjectBuilder:3146 - Time for Copy CMSIS : 0mS.
