2025-02-10 20:44:40,257 [INFO] Activator:176 - 


2025-02-10 20:44:40,259 [INFO] Activator:177 - !SESSION log4j initialized
2025-02-10 20:44:42,976 [INFO] LogOutputStream:77 - [STDOUT_REDIRECT] 
2025-02-10 20:44:43,444 [INFO] ApplicationProperties:184 - Using Application install path: /opt/st/stm32cubeide_1.17.0_2/plugins/com.st.stm32cube.common.mx_6.13.0.202411220809
2025-02-10 20:44:43,455 [INFO] DbMcusXml:78 - Set database path to: /opt/st/stm32cubeide_1.17.0_2/plugins/com.st.stm32cube.common.mx_6.13.0.202411220809//db//mcu/
2025-02-10 20:44:43,455 [INFO] ApiDb:274 - Set plugin database path to: /opt/st/stm32cubeide_1.17.0_2/plugins/com.st.stm32cube.common.mx_6.13.0.202411220809//db//plugins/boardmanager/
2025-02-10 20:44:43,456 [WARN] ApiDb:259 - Overriding images path with different value:  => /opt/st/stm32cubeide_1.17.0_2/plugins/com.st.stm32cube.common.mx_6.13.0.202411220809//db//plugins/mcufinder/images/
2025-02-10 20:44:43,460 [INFO] ApiDb:250 - Set database path to: /home/nikolai/.stmcufinder/plugins/mcufinder//mcu/
2025-02-10 20:44:43,461 [INFO] DbMcusAds:125 - Set database path to: /home/nikolai/.stmcufinder/plugins/mcufinder//mcu/
2025-02-10 20:44:43,462 [INFO] CrossReferenceDbSqlite:203 - Set database path to: /home/nikolai/.stmcufinder/plugins/mcufinder//mcu/cs/
2025-02-10 20:44:43,526 [INFO] RulesReader:64 - Compatibility file has been processed (297 Rules)
2025-02-10 20:44:43,570 [INFO] DbMcusXml:78 - Set database path to: /opt/st/stm32cubeide_1.17.0_2/plugins/com.st.stm32cube.common.mx_6.13.0.202411220809//db//mcu/
2025-02-10 20:44:43,571 [INFO] ApiDb:274 - Set plugin database path to: /opt/st/stm32cubeide_1.17.0_2/plugins/com.st.stm32cube.common.mx_6.13.0.202411220809//db//plugins/boardmanager/
2025-02-10 20:44:43,571 [INFO] ApiDb:261 - Set plugin images path to: /opt/st/stm32cubeide_1.17.0_2/plugins/com.st.stm32cube.common.mx_6.13.0.202411220809//db//plugins/mcufinder/images/
2025-02-10 20:44:43,571 [WARN] DbFile:41 - Overriding database path with different value: /home/nikolai/.stmcufinder/plugins/mcufinder/ => /home/nikolai/.stmcufinder/plugins/mcufinder
2025-02-10 20:44:43,571 [INFO] ApiDb:250 - Set database path to: /home/nikolai/.stmcufinder/plugins/mcufinder//mcu/
2025-02-10 20:44:43,571 [WARN] DbFile:41 - Overriding database path with different value: /home/nikolai/.stmcufinder/plugins/mcufinder/ => /home/nikolai/.stmcufinder/plugins/mcufinder
2025-02-10 20:44:43,571 [INFO] DbMcusAds:125 - Set database path to: /home/nikolai/.stmcufinder/plugins/mcufinder//mcu/
2025-02-10 20:44:43,571 [WARN] DbFile:41 - Overriding database path with different value: /home/nikolai/.stmcufinder/plugins/mcufinder/ => /home/nikolai/.stmcufinder/plugins/mcufinder
2025-02-10 20:44:43,571 [WARN] DbFile:41 - Overriding database path with different value: /home/nikolai/.stmcufinder/plugins/mcufinder/ => /home/nikolai/.stmcufinder/plugins/mcufinder
2025-02-10 20:44:43,571 [INFO] CrossReferenceDbSqlite:203 - Set database path to: /home/nikolai/.stmcufinder/plugins/mcufinder//mcu/cs/
2025-02-10 20:44:43,611 [INFO] MainPanel:272 - HeapMemory: 268435456
2025-02-10 20:44:43,695 [INFO] DbMcusXml:78 - Set database path to: /opt/st/stm32cubeide_1.17.0_2/plugins/com.st.stm32cube.common.mx_6.13.0.202411220809//db//mcu/
2025-02-10 20:44:43,695 [INFO] ApiDb:274 - Set plugin database path to: /opt/st/stm32cubeide_1.17.0_2/plugins/com.st.stm32cube.common.mx_6.13.0.202411220809//db//plugins/boardmanager/
2025-02-10 20:44:43,695 [INFO] ApiDb:261 - Set plugin images path to: /opt/st/stm32cubeide_1.17.0_2/plugins/com.st.stm32cube.common.mx_6.13.0.202411220809//db//plugins/mcufinder/images/
2025-02-10 20:44:43,695 [WARN] DbFile:41 - Overriding database path with different value: /home/nikolai/.stmcufinder/plugins/mcufinder/ => /home/nikolai/.stmcufinder/plugins/mcufinder
2025-02-10 20:44:43,695 [INFO] ApiDb:250 - Set database path to: /home/nikolai/.stmcufinder/plugins/mcufinder//mcu/
2025-02-10 20:44:43,695 [WARN] DbFile:41 - Overriding database path with different value: /home/nikolai/.stmcufinder/plugins/mcufinder/ => /home/nikolai/.stmcufinder/plugins/mcufinder
2025-02-10 20:44:43,695 [INFO] DbMcusAds:125 - Set database path to: /home/nikolai/.stmcufinder/plugins/mcufinder//mcu/
2025-02-10 20:44:43,695 [WARN] DbFile:41 - Overriding database path with different value: /home/nikolai/.stmcufinder/plugins/mcufinder/ => /home/nikolai/.stmcufinder/plugins/mcufinder
2025-02-10 20:44:43,695 [WARN] DbFile:41 - Overriding database path with different value: /home/nikolai/.stmcufinder/plugins/mcufinder/ => /home/nikolai/.stmcufinder/plugins/mcufinder
2025-02-10 20:44:43,695 [INFO] CrossReferenceDbSqlite:203 - Set database path to: /home/nikolai/.stmcufinder/plugins/mcufinder//mcu/cs/
2025-02-10 20:44:43,704 [INFO] ApplicationProperties:184 - Using Application install path: /opt/st/stm32cubeide_1.17.0_2/plugins/com.st.stm32cube.common.mx_6.13.0.202411220809
2025-02-10 20:44:43,705 [INFO] PluginManage:196 - Search for loadable plugins [exclusion list=, ]
2025-02-10 20:44:43,705 [INFO] PluginManage:310 - Check plugin analytics
2025-02-10 20:44:43,780 [INFO] AnalyticsPlugin:253 - Accepted Software Licenses: 
2025-02-10 20:44:43,780 [INFO] AnalyticsPlugin:255 - Accepted CMSIS Pack Licenses: 
2025-02-10 20:44:43,780 [INFO] AnalyticsPlugin:257 - Accepted Firmware Licenses: FW.L4.1.18.0,FW.G4.1.5.0,FW.G4.1.6.0
2025-02-10 20:44:43,781 [INFO] PluginManage:359 - Loaded plugin analytics (category:tool,tabindex:-1)
2025-02-10 20:44:43,782 [INFO] PluginManage:310 - Check plugin cadmodel
2025-02-10 20:44:43,784 [INFO] CADModel:105 - Init CAD model plugin
2025-02-10 20:44:43,784 [INFO] PluginManage:359 - Loaded plugin cadmodel (category:power,tabindex:5)
2025-02-10 20:44:43,785 [INFO] PluginManage:310 - Check plugin clock
2025-02-10 20:44:43,790 [INFO] PluginManage:359 - Loaded plugin clock (category:base,tabindex:2)
2025-02-10 20:44:43,790 [INFO] PluginManage:310 - Check plugin ddr
2025-02-10 20:44:43,791 [INFO] PluginManage:359 - Loaded plugin ddr (category:tool,tabindex:6)
2025-02-10 20:44:43,791 [INFO] PluginManage:310 - Check plugin filemanager
2025-02-10 20:44:43,875 [INFO] PluginManage:359 - Loaded plugin filemanager (category:base,tabindex:10)
2025-02-10 20:44:43,875 [INFO] PluginManage:310 - Check plugin ipmanager
2025-02-10 20:44:43,878 [INFO] PluginManage:359 - Loaded plugin ipmanager (category:base,tabindex:5)
2025-02-10 20:44:43,878 [INFO] PluginManage:310 - Check plugin lpbam
2025-02-10 20:44:43,883 [INFO] PluginManage:359 - Loaded plugin lpbam (category:base,tabindex:0)
2025-02-10 20:44:43,883 [INFO] PluginManage:310 - Check plugin memorymap
2025-02-10 20:44:43,889 [INFO] PluginManage:359 - Loaded plugin memorymap (category:base,tabindex:4)
2025-02-10 20:44:43,889 [INFO] PluginManage:310 - Check plugin pinoutandconfiguration
2025-02-10 20:44:43,893 [INFO] PluginManage:359 - Loaded plugin pinoutandconfiguration (category:base,tabindex:1)
2025-02-10 20:44:43,894 [INFO] PluginManage:310 - Check plugin pinoutconfig
2025-02-10 20:44:43,947 [WARN] SupportedApi:132 - Cannot load RTOS API schema: s4s-elt-must-match.1: The content of 'definitions' must match (annotation?, (simpleType | complexType)?, (unique | key | keyref)*)). A problem was found starting at: attribute.
2025-02-10 20:44:44,019 [INFO] PluginManage:359 - Loaded plugin pinoutconfig (category:base,tabindex:0)
2025-02-10 20:44:44,020 [INFO] PluginManage:310 - Check plugin power
2025-02-10 20:44:44,024 [INFO] PluginManage:359 - Loaded plugin power (category:power,tabindex:4)
2025-02-10 20:44:44,024 [INFO] PluginManage:310 - Check plugin projectmanager
2025-02-10 20:44:44,033 [INFO] PluginManage:359 - Loaded plugin projectmanager (category:projectmanager,tabindex:4)
2025-02-10 20:44:44,033 [INFO] PluginManage:310 - Check plugin rif
2025-02-10 20:44:44,038 [INFO] PluginManage:359 - Loaded plugin rif (category:base,tabindex:3)
2025-02-10 20:44:44,038 [INFO] PluginManage:310 - Check plugin thirdparty
2025-02-10 20:44:44,108 [INFO] PluginManage:359 - Loaded plugin thirdparty (category:base,tabindex:-1)
2025-02-10 20:44:44,108 [WARN] IntegrityCheckThread:84 - waiting for thirdparty lock release [integrity check]
2025-02-10 20:44:44,108 [INFO] PluginManage:310 - Check plugin tools
2025-02-10 20:44:44,108 [INFO] IntegrityCheckThread:86 - entering critical section [integrity check]
2025-02-10 20:44:44,108 [INFO] ThirdPartyUpdaterWithRetryManager:70 - Updater plugin not ready yet. [1/15]
2025-02-10 20:44:44,109 [INFO] PluginManage:359 - Loaded plugin tools (category:base,tabindex:7)
2025-02-10 20:44:44,110 [INFO] PluginManage:310 - Check plugin tutovideos
2025-02-10 20:44:44,207 [INFO] PluginManage:359 - Loaded plugin tutovideos (category:base,tabindex:-1)
2025-02-10 20:44:44,207 [INFO] PluginManage:310 - Check plugin updater
2025-02-10 20:44:44,221 [INFO] PluginManage:359 - Loaded plugin updater (category:base,tabindex:12)
2025-02-10 20:44:44,221 [INFO] PluginManage:310 - Check plugin userauth
2025-02-10 20:44:44,224 [INFO] UserAuth:118 - Init User Auth plugin
2025-02-10 20:44:44,224 [INFO] PluginManage:359 - Loaded plugin userauth (category:base,tabindex:14)
2025-02-10 20:44:44,225 [INFO] PluginManage:283 - PluginManage : Loaded plugins [18]
2025-02-10 20:44:44,330 [INFO] PinOutPanel:1589 - setPackage(No Configuration,No Configuration)
2025-02-10 20:44:44,371 [INFO] CADModel:165 - CPN selected for project level
2025-02-10 20:44:44,372 [INFO] CADModel:114 - Register for checkConnection events
2025-02-10 20:44:44,379 [INFO] IPUIPlugin:80 - create IPUIPlugin
2025-02-10 20:44:44,379 [INFO] PluginManager:220 - loadIPPluginJar : add hash
2025-02-10 20:44:44,382 [INFO] IPUIPlugin:80 - create IPUIPlugin
2025-02-10 20:44:44,383 [INFO] PluginManager:220 - loadIPPluginJar : add plateformsettings
2025-02-10 20:44:44,385 [INFO] IPUIPlugin:80 - create IPUIPlugin
2025-02-10 20:44:44,385 [INFO] PluginManager:220 - loadIPPluginJar : add i2c
2025-02-10 20:44:44,386 [INFO] IPUIPlugin:80 - create IPUIPlugin
2025-02-10 20:44:44,386 [INFO] PluginManager:220 - loadIPPluginJar : add comp
2025-02-10 20:44:44,386 [INFO] IPUIPlugin:80 - create IPUIPlugin
2025-02-10 20:44:44,386 [INFO] PluginManager:220 - loadIPPluginJar : add quadspi
2025-02-10 20:44:44,389 [INFO] IPUIPlugin:80 - create IPUIPlugin
2025-02-10 20:44:44,389 [INFO] PluginManager:220 - loadIPPluginJar : add opamp
2025-02-10 20:44:44,392 [INFO] IPUIPlugin:80 - create IPUIPlugin
2025-02-10 20:44:44,392 [INFO] PluginManager:220 - loadIPPluginJar : add stm32_wpan
2025-02-10 20:44:44,393 [INFO] IPUIPlugin:80 - create IPUIPlugin
2025-02-10 20:44:44,393 [INFO] PluginManager:220 - loadIPPluginJar : add cryp
2025-02-10 20:44:44,394 [INFO] IPUIPlugin:80 - create IPUIPlugin
2025-02-10 20:44:44,394 [INFO] PluginManager:220 - loadIPPluginJar : add can
2025-02-10 20:44:44,395 [INFO] IPUIPlugin:80 - create IPUIPlugin
2025-02-10 20:44:44,395 [INFO] PluginManager:220 - loadIPPluginJar : add i2s
2025-02-10 20:44:44,396 [INFO] IPUIPlugin:80 - create IPUIPlugin
2025-02-10 20:44:44,396 [INFO] PluginManager:220 - loadIPPluginJar : add gtzc
2025-02-10 20:44:44,398 [INFO] IPUIPlugin:80 - create IPUIPlugin
2025-02-10 20:44:44,398 [INFO] PluginManager:220 - loadIPPluginJar : add ipddr
2025-02-10 20:44:44,399 [INFO] IPUIPlugin:80 - create IPUIPlugin
2025-02-10 20:44:44,399 [INFO] PluginManager:220 - loadIPPluginJar : add sai
2025-02-10 20:44:44,402 [INFO] IPUIPlugin:80 - create IPUIPlugin
2025-02-10 20:44:44,402 [INFO] PluginManager:220 - loadIPPluginJar : add fmc
2025-02-10 20:44:44,403 [INFO] IPUIPlugin:80 - create IPUIPlugin
2025-02-10 20:44:44,403 [INFO] PluginManager:220 - loadIPPluginJar : add lorawan
2025-02-10 20:44:44,406 [INFO] IPUIPlugin:80 - create IPUIPlugin
2025-02-10 20:44:44,406 [INFO] PluginManager:220 - loadIPPluginJar : add gic
2025-02-10 20:44:44,409 [INFO] IPUIPlugin:80 - create IPUIPlugin
2025-02-10 20:44:44,409 [INFO] PluginManager:220 - loadIPPluginJar : add dma
2025-02-10 20:44:44,410 [INFO] IPUIPlugin:80 - create IPUIPlugin
2025-02-10 20:44:44,410 [INFO] PluginManager:220 - loadIPPluginJar : add dma3
2025-02-10 20:44:44,413 [INFO] IPUIPlugin:80 - create IPUIPlugin
2025-02-10 20:44:44,413 [INFO] PluginManager:220 - loadIPPluginJar : add freertos
2025-02-10 20:44:44,414 [INFO] IPUIPlugin:80 - create IPUIPlugin
2025-02-10 20:44:44,414 [INFO] PluginManager:220 - loadIPPluginJar : add pdm2pcm
2025-02-10 20:44:44,416 [INFO] IPUIPlugin:80 - create IPUIPlugin
2025-02-10 20:44:44,416 [INFO] PluginManager:220 - loadIPPluginJar : add usbx
2025-02-10 20:44:44,417 [INFO] IPUIPlugin:80 - create IPUIPlugin
2025-02-10 20:44:44,417 [INFO] PluginManager:220 - loadIPPluginJar : add ddr_ctrl_phy
2025-02-10 20:44:44,419 [INFO] IPUIPlugin:80 - create IPUIPlugin
2025-02-10 20:44:44,419 [INFO] PluginManager:220 - loadIPPluginJar : add openamp
2025-02-10 20:44:44,420 [INFO] IPUIPlugin:80 - create IPUIPlugin
2025-02-10 20:44:44,420 [INFO] PluginManager:220 - loadIPPluginJar : add i3c
2025-02-10 20:44:44,422 [INFO] IPUIPlugin:80 - create IPUIPlugin
2025-02-10 20:44:44,422 [INFO] PluginManager:220 - loadIPPluginJar : add extmemmanager
2025-02-10 20:44:44,423 [INFO] IPUIPlugin:80 - create IPUIPlugin
2025-02-10 20:44:44,423 [INFO] PluginManager:220 - loadIPPluginJar : add dfsdm
2025-02-10 20:44:44,423 [INFO] IPUIPlugin:80 - create IPUIPlugin
2025-02-10 20:44:44,424 [INFO] PluginManager:220 - loadIPPluginJar : add radio
2025-02-10 20:44:44,425 [INFO] IPUIPlugin:80 - create IPUIPlugin
2025-02-10 20:44:44,425 [INFO] PluginManager:220 - loadIPPluginJar : add tracer_emb
2025-02-10 20:44:44,427 [INFO] IPUIPlugin:80 - create IPUIPlugin
2025-02-10 20:44:44,427 [INFO] PluginManager:220 - loadIPPluginJar : add gpio
2025-02-10 20:44:44,428 [INFO] IPUIPlugin:80 - create IPUIPlugin
2025-02-10 20:44:44,428 [INFO] PluginManager:220 - loadIPPluginJar : add aes
2025-02-10 20:44:44,429 [INFO] IPUIPlugin:80 - create IPUIPlugin
2025-02-10 20:44:44,429 [INFO] PluginManager:220 - loadIPPluginJar : add tim
2025-02-10 20:44:44,433 [INFO] IPUIPlugin:80 - create IPUIPlugin
2025-02-10 20:44:44,433 [INFO] PluginManager:220 - loadIPPluginJar : add linkedlist
2025-02-10 20:44:44,434 [INFO] IPUIPlugin:80 - create IPUIPlugin
2025-02-10 20:44:44,434 [INFO] PluginManager:220 - loadIPPluginJar : add ts
2025-02-10 20:44:44,435 [INFO] IPUIPlugin:80 - create IPUIPlugin
2025-02-10 20:44:44,435 [INFO] PluginManager:220 - loadIPPluginJar : add spi
2025-02-10 20:44:44,438 [INFO] IPUIPlugin:80 - create IPUIPlugin
2025-02-10 20:44:44,438 [INFO] PluginManager:220 - loadIPPluginJar : add mdma
2025-02-10 20:44:44,440 [INFO] IPUIPlugin:80 - create IPUIPlugin
2025-02-10 20:44:44,440 [INFO] PluginManager:220 - loadIPPluginJar : add nvic
2025-02-10 20:44:44,440 [INFO] IPUIPlugin:80 - create IPUIPlugin
2025-02-10 20:44:44,440 [INFO] PluginManager:220 - loadIPPluginJar : add tsc
2025-02-10 20:44:44,441 [INFO] IPUIPlugin:80 - create IPUIPlugin
2025-02-10 20:44:44,441 [INFO] PluginManager:220 - loadIPPluginJar : add ucpd
2025-02-10 20:44:44,443 [INFO] IPUIPlugin:80 - create IPUIPlugin
2025-02-10 20:44:44,443 [INFO] PluginManager:220 - loadIPPluginJar : add touchsensing
2025-02-10 20:44:44,443 [INFO] IPUIPlugin:80 - create IPUIPlugin
2025-02-10 20:44:44,443 [INFO] PluginManager:220 - loadIPPluginJar : add genericplugin
2025-02-10 20:44:44,447 [INFO] IPUIPlugin:80 - create IPUIPlugin
2025-02-10 20:44:44,447 [INFO] PluginManager:220 - loadIPPluginJar : add adc
2025-02-10 20:44:44,448 [INFO] IPUIPlugin:80 - create IPUIPlugin
2025-02-10 20:44:44,448 [INFO] PluginManager:220 - loadIPPluginJar : add usart
2025-02-10 20:44:44,449 [INFO] IPUIPlugin:80 - create IPUIPlugin
2025-02-10 20:44:44,449 [INFO] PluginManager:220 - loadIPPluginJar : add gfxmmu
2025-02-10 20:44:44,450 [INFO] IPUIPlugin:80 - create IPUIPlugin
2025-02-10 20:44:44,450 [INFO] PluginManager:220 - loadIPPluginJar : add ltdc
2025-02-10 20:44:44,450 [INFO] IPUIPlugin:80 - create IPUIPlugin
2025-02-10 20:44:44,450 [INFO] PluginManager:220 - loadIPPluginJar : add fatfs
2025-02-10 20:44:44,452 [INFO] IPUIPlugin:80 - create IPUIPlugin
2025-02-10 20:44:44,452 [INFO] PluginManager:220 - loadIPPluginJar : add resmgrutility
2025-02-10 20:44:44,539 [FATAL] Updater:351 - Updater called before beeing initialized
2025-02-10 20:44:44,553 [INFO] RulesReader:64 - Compatibility file has been processed (297 Rules)
2025-02-10 20:44:44,559 [INFO] RulesReader:64 - Compatibility file has been processed (297 Rules)
2025-02-10 20:44:44,563 [INFO] CADModel:165 - CPN selected for project level
2025-02-10 20:44:44,563 [INFO] CADModel:114 - Register for checkConnection events
2025-02-10 20:44:44,563 [FATAL] Updater:351 - Updater called before beeing initialized
2025-02-10 20:44:44,563 [ERROR] CADModel:125 - Updater not yet initialized, retry later 
2025-02-10 20:44:44,646 [FATAL] Updater:351 - Updater called before beeing initialized
2025-02-10 20:44:44,648 [INFO] CADModel:165 - CPN selected for project level
2025-02-10 20:44:44,648 [INFO] CADModel:114 - Register for checkConnection events
2025-02-10 20:44:44,648 [FATAL] Updater:351 - Updater called before beeing initialized
2025-02-10 20:44:44,648 [ERROR] CADModel:125 - Updater not yet initialized, retry later 
2025-02-10 20:44:44,661 [FATAL] Updater:351 - Updater called before beeing initialized
2025-02-10 20:44:44,726 [FATAL] Updater:351 - Updater called before beeing initialized
2025-02-10 20:44:44,729 [INFO] DbMcusAds:53 - JSON generation date=Thu Sep 30 00:55:09 MDT 2021 (1632984909247)
2025-02-10 20:44:44,729 [FATAL] Updater:351 - Updater called before beeing initialized
2025-02-10 20:44:44,749 [WARN] DetailPanel:346 - Failed to get advertising image, set to default
2025-02-10 20:44:44,886 [FATAL] Updater:351 - Updater called before beeing initialized
2025-02-10 20:44:44,887 [FATAL] Updater:351 - Updater called before beeing initialized
2025-02-10 20:44:44,887 [FATAL] Updater:351 - Updater called before beeing initialized
2025-02-10 20:44:44,888 [WARN] DetailPanel:346 - Failed to get advertising image, set to default
2025-02-10 20:44:44,888 [FATAL] Updater:351 - Updater called before beeing initialized
2025-02-10 20:44:44,905 [ERROR] Updater:1198 - MainUpdater not yet initialized. External WinMGr cannot be set.
2025-02-10 20:44:44,906 [INFO] Updater:1134 - Updater Version found : 6.13.0
2025-02-10 20:44:44,916 [INFO] ApplicationProperties:184 - Using Application install path: /opt/st/stm32cubeide_1.17.0_2/plugins/com.st.stm32cube.common.mx_6.13.0.202411220809
2025-02-10 20:44:45,114 [INFO] MainUpdater:2872 - connection check result : 10
2025-02-10 20:44:45,114 [INFO] MainUpdater:3566 - Updater definition file requires update
2025-02-10 20:44:45,114 [INFO] MainUpdater:289 - Updater Check For Update Now.
2025-02-10 20:44:45,114 [INFO] MicroXplorer:498 - Change Database Version : DB.6.0.130
2025-02-10 20:44:45,116 [INFO] McuFinderGlobals:63 - Set McuFinder mode to 2 (CubeIDE integrated)
2025-02-10 20:44:45,117 [INFO] UserAuth:486 - Internet connection configuration mode: 1
2025-02-10 20:44:45,127 [INFO] JxBrowserEngine:152 - Initiate JxBrowser Engine with user profile folder
2025-02-10 20:44:45,152 [INFO] ServerAccessManage:473 - Download File updaters.zip
2025-02-10 20:44:45,326 [INFO] FileExtend:240 - Unzip File : updaters.zip
2025-02-10 20:44:45,326 [INFO] FileExtend:255 - Standard Zip Deflate
2025-02-10 20:44:45,433 [INFO] ServerAccessManage:473 - Download File PacksControlFlags.xml
2025-02-10 20:44:45,494 [INFO] ServerAccessManage:473 - Download File cubemx.pidx
2025-02-10 20:44:45,542 [INFO] LoadServerUpdatesThread:375 - End of LoadServerUpdate Thread
2025-02-10 20:44:45,675 [INFO] CheckServerUpdateThread:120 - End of CheckServer Thread
2025-02-10 20:44:45,845 [INFO] WebApp:168 - Instantiating new browser for Auth
2025-02-10 20:44:46,302 [INFO] WebApp:449 - Apply proxy settings
2025-02-10 20:44:46,302 [INFO] WebApp:534 - Chromium requires no authentication
2025-02-10 20:44:46,306 [INFO] WebApp:477 - Direct internet connection detected
2025-02-10 20:44:46,317 [INFO] WebApp:880 - Register for checkConnection events
2025-02-10 20:44:46,317 [INFO] WebApp:449 - Apply proxy settings
2025-02-10 20:44:46,317 [INFO] WebApp:534 - Chromium requires no authentication
2025-02-10 20:44:46,317 [INFO] WebApp:477 - Direct internet connection detected
2025-02-10 20:44:46,390 [INFO] WebApp:221 - Starting web application
2025-02-10 20:44:46,390 [INFO] WebApp:579 - Web application path used /opt/st/stm32cubeide_1.17.0_2/plugins/com.st.stm32cube.common.mx_6.13.0.202411220809/db/plugins/mcufinder/reactClient1/index.html
2025-02-10 20:44:46,528 [INFO] WebApp:187 - Connection restablished
2025-02-10 20:44:46,568 [INFO] UserAuth:486 - Internet connection configuration mode: 1
2025-02-10 20:44:47,176 [WARN] PackLoader:240 - Cannot read IP mode file for STMicroelectronics.FP-SNS-MOTENVWB1.1.4.0
2025-02-10 20:44:47,182 [WARN] PackLoader:240 - Cannot read IP mode file for STMicroelectronics.FP-ATR-ASTRA1.2.0.1
2025-02-10 20:44:47,187 [WARN] PackLoader:240 - Cannot read IP mode file for STMicroelectronics.X-CUBE-SMBUS.2.1.0
2025-02-10 20:44:47,192 [WARN] PackLoader:240 - Cannot read IP mode file for STMicroelectronics.X-CUBE-WB05N.1.1.0
2025-02-10 20:44:47,195 [WARN] PackLoader:240 - Cannot read IP mode file for STMicroelectronics.X-CUBE-TOUCHGFX.4.23.0
2025-02-10 20:44:47,196 [WARN] PackLoader:240 - Cannot read IP mode file for STMicroelectronics.X-CUBE-TOUCHGFX.4.23.2
2025-02-10 20:44:47,212 [WARN] PackLoader:240 - Cannot read IP mode file for STMicroelectronics.X-CUBE-AZRTOS-F7.1.1.0
2025-02-10 20:44:47,219 [WARN] PackLoader:240 - Cannot read IP mode file for STMicroelectronics.FP-SNS-MOTENV1.4.3.2
2025-02-10 20:44:47,254 [WARN] PackLoader:240 - Cannot read IP mode file for STMicroelectronics.X-CUBE-MEMS1.11.0.0
2025-02-10 20:44:47,337 [WARN] PackLoader:240 - Cannot read IP mode file for STMicroelectronics.FP-SNS-FLIGHT1.5.0.2
2025-02-10 20:44:47,341 [WARN] PackLoader:240 - Cannot read IP mode file for STMicroelectronics.X-CUBE-DISPLAY.3.0.0
2025-02-10 20:44:47,346 [WARN] PackLoader:240 - Cannot read IP mode file for STMicroelectronics.X-CUBE-BLE1.7.0.0
2025-02-10 20:44:47,351 [WARN] PackLoader:240 - Cannot read IP mode file for STMicroelectronics.X-CUBE-NFC10.1.0.0
2025-02-10 20:44:47,362 [WARN] PackLoader:240 - Cannot read IP mode file for STMicroelectronics.X-CUBE-BLEMGR.4.0.0
2025-02-10 20:44:47,366 [WARN] PackLoader:240 - Cannot read IP mode file for emotas.I-CUBE-CANOPEN.1.3.0
2025-02-10 20:44:47,371 [WARN] PackLoader:240 - Cannot read IP mode file for STMicroelectronics.X-CUBE-BLEMGR.3.1.0
2025-02-10 20:44:47,374 [WARN] PackLoader:240 - Cannot read IP mode file for STMicroelectronics.X-CUBE-AI.10.0.0
2025-02-10 20:44:47,378 [WARN] PackLoader:240 - Cannot read IP mode file for STMicroelectronics.FP-SNS-SMARTAG2.1.2.0
2025-02-10 20:44:47,415 [WARN] PackLoader:240 - Cannot read IP mode file for STMicroelectronics.X-CUBE-MEMS1.11.1.0
2025-02-10 20:44:47,482 [INFO] LogOutputStream:77 - [STDOUT_REDIRECT] 1 : Invalid condition id : UX_CORESTACK_Condition cause : null
2025-02-10 20:44:47,483 [INFO] LogOutputStream:77 - [STDOUT_REDIRECT] 1 : Invalid condition id : UX_CORESTACK_Condition cause : null
2025-02-10 20:44:47,483 [INFO] LogOutputStream:77 - [STDOUT_REDIRECT] 1 : Invalid condition id : UX_CORESTACK_Condition cause : null
2025-02-10 20:44:47,483 [INFO] LogOutputStream:77 - [STDOUT_REDIRECT] 1 : Invalid condition id : UX_CORESTACK_Condition cause : null
2025-02-10 20:44:47,484 [INFO] LogOutputStream:77 - [STDOUT_REDIRECT] 1 : Invalid condition id : UX_CORESTACK_Condition cause : null
2025-02-10 20:44:47,487 [WARN] PackLoader:240 - Cannot read IP mode file for STMicroelectronics.X-CUBE-AZRTOS-WL.2.0.0
2025-02-10 20:44:47,492 [WARN] PackLoader:240 - Cannot read IP mode file for STMicroelectronics.FP-SNS-MOTENV1.5.0.0
2025-02-10 20:44:47,496 [WARN] PackLoader:240 - Cannot read IP mode file for wolfSSL.I-CUBE-wolfMQTT.1.19.0
2025-02-10 20:44:47,501 [WARN] PackLoader:240 - Cannot read IP mode file for WES.I-CUBE-Cesium.1.3.0
2025-02-10 20:44:47,504 [WARN] PackLoader:240 - Cannot read IP mode file for STMicroelectronics.X-CUBE-BLE2.3.3.0
2025-02-10 20:44:47,510 [WARN] PackLoader:240 - Cannot read IP mode file for STMicroelectronics.X-CUBE-NFC9.1.0.0
2025-02-10 20:44:47,515 [WARN] PackLoader:240 - Cannot read IP mode file for STMicroelectronics.X-CUBE-TCPP.4.1.0
2025-02-10 20:44:47,520 [WARN] PackLoader:240 - Cannot read IP mode file for STMicroelectronics.X-CUBE-ALGOBUILD.1.3.0
2025-02-10 20:44:47,541 [WARN] PackLoader:240 - Cannot read IP mode file for STMicroelectronics.X-CUBE-AZRTOS-G0.1.1.0
2025-02-10 20:44:47,546 [WARN] PackLoader:240 - Cannot read IP mode file for STMicroelectronics.X-CUBE-SAFEA1.1.2.2
2025-02-10 20:44:47,550 [WARN] PackLoader:240 - Cannot read IP mode file for STMicroelectronics.X-CUBE-NFC4.3.0.0
2025-02-10 20:44:47,557 [WARN] PackLoader:240 - Cannot read IP mode file for EmbeddedOffice.I-CUBE-FS-RTOS.1.0.1
2025-02-10 20:44:47,562 [WARN] PackLoader:240 - Cannot read IP mode file for STMicroelectronics.X-CUBE-BLEMGR.3.0.0
2025-02-10 20:44:47,566 [WARN] PackLoader:240 - Cannot read IP mode file for STMicroelectronics.X-CUBE-TCPP.4.2.0
2025-02-10 20:44:47,569 [WARN] PackLoader:240 - Cannot read IP mode file for RealThread.X-CUBE-RT-Thread_Nano.4.1.1
2025-02-10 20:44:47,572 [WARN] PackLoader:240 - Cannot read IP mode file for STMicroelectronics.FP-ATR-SIGFOX1.3.2.0
2025-02-10 20:44:47,575 [WARN] ConditionMgr:438 - getConditionDescription Invalid condition id : Cortex-A Device cause : null
2025-02-10 20:44:47,583 [WARN] ConditionMgr:1044 - genDependencies : Invalid condition id : Cortex-A Device cause : null
2025-02-10 20:44:47,583 [WARN] ConditionMgr:1044 - genDependencies : Invalid condition id : Cortex-A Device cause : null
2025-02-10 20:44:47,583 [WARN] ConditionMgr:1044 - genDependencies : Invalid condition id : Cortex-A Device cause : null
2025-02-10 20:44:47,587 [WARN] PackLoader:240 - Cannot read IP mode file for STMicroelectronics.X-CUBE-EEPRMA1.5.1.0
2025-02-10 20:44:47,609 [WARN] PackLoader:240 - Cannot read IP mode file for SEGGER.I-CUBE-embOS.1.3.1
2025-02-10 20:44:47,640 [WARN] PackLoader:240 - Cannot read IP mode file for STMicroelectronics.X-CUBE-ALGOBUILD.1.4.0
2025-02-10 20:44:47,643 [WARN] PackLoader:240 - Cannot read IP mode file for STMicroelectronics.X-CUBE-AI.9.1.0
2025-02-10 20:44:47,647 [WARN] PackLoader:240 - Cannot read IP mode file for STMicroelectronics.X-CUBE-GNSS1.6.0.0
2025-02-10 20:44:47,656 [WARN] PackLoader:240 - Cannot read IP mode file for STMicroelectronics.X-CUBE-AZRTOS-F4.1.1.0
2025-02-10 20:44:47,659 [WARN] PackLoader:240 - Cannot read IP mode file for STMicroelectronics.X-CUBE-ISPU.2.1.0
2025-02-10 20:44:47,661 [WARN] PackLoader:240 - Cannot read IP mode file for STMicroelectronics.X-CUBE-FREERTOS.1.2.0
2025-02-10 20:44:47,663 [WARN] PackLoader:240 - Cannot read IP mode file for wolfSSL.I-CUBE-wolfSSL.5.6.6
2025-02-10 20:44:47,670 [WARN] PackLoader:240 - Cannot read IP mode file for STMicroelectronics.X-CUBE-AZRTOS-L5.2.0.0
2025-02-10 20:44:47,673 [WARN] PackLoader:240 - Cannot read IP mode file for STMicroelectronics.X-CUBE-EEPRMA1.4.2.0
2025-02-10 20:44:47,676 [WARN] PackLoader:240 - Cannot read IP mode file for STMicroelectronics.X-CUBE-NFC6.3.1.0
2025-02-10 20:44:47,679 [WARN] PackLoader:240 - Cannot read IP mode file for ITTIA_DB.I-CUBE-ITTIADB.8.8.0
2025-02-10 20:44:47,681 [WARN] PackLoader:240 - Cannot read IP mode file for STMicroelectronics.X-CUBE-DPower.1.2.0
2025-02-10 20:44:47,682 [WARN] PackLoader:240 - Cannot read IP mode file for STMicroelectronics.X-CUBE-AI.9.0.0
2025-02-10 20:44:47,684 [WARN] PackLoader:240 - Cannot read IP mode file for STMicroelectronics.X-CUBE-FREERTOS.1.3.0
2025-02-10 20:44:47,687 [WARN] PackLoader:240 - Cannot read IP mode file for STMicroelectronics.X-CUBE-NFC7.1.0.1
2025-02-10 20:44:47,688 [WARN] PackLoader:240 - Cannot read IP mode file for wolfSSL.I-CUBE-wolfTPM.3.2.0
2025-02-10 20:44:47,691 [WARN] PackLoader:240 - Cannot read IP mode file for STMicroelectronics.X-CUBE-NFC6.3.0.0
2025-02-10 20:44:47,693 [WARN] PackLoader:240 - Cannot read IP mode file for STMicroelectronics.X-CUBE-AI.8.1.0
2025-02-10 20:44:47,706 [WARN] ConditionMgr:438 - getConditionDescription Invalid condition id : LAN8742 Phy interface Condition cause : null
2025-02-10 20:44:47,707 [WARN] PackLoader:240 - Cannot read IP mode file for STMicroelectronics.X-CUBE-AZRTOS-L4.2.0.0
2025-02-10 20:44:47,708 [WARN] ConditionMgr:1044 - genDependencies : Invalid condition id : LAN8742 Phy interface Condition cause : null
2025-02-10 20:44:47,708 [WARN] ConditionMgr:1044 - genDependencies : Invalid condition id : LAN8742 Phy interface Condition cause : null
2025-02-10 20:44:47,709 [WARN] ConditionMgr:1044 - genDependencies : Invalid condition id : LAN8742 Phy interface Condition cause : null
2025-02-10 20:44:47,714 [WARN] PackLoader:240 - Cannot read IP mode file for STMicroelectronics.X-CUBE-SFXS2LP1.4.0.0
2025-02-10 20:44:47,727 [WARN] PackLoader:240 - Cannot read IP mode file for STMicroelectronics.X-CUBE-AZRTOS-H7.3.3.0
2025-02-10 20:44:47,731 [ERROR] LogOutputStream:75 - [STDERR_REDIRECT] 20:44:47.730 ERROR Chromium process exit code: 133
2025-02-10 20:44:47,732 [ERROR] LogOutputStream:75 - [STDERR_REDIRECT] 
2025-02-10 20:44:47,732 [ERROR] LogOutputStream:75 - [STDERR_REDIRECT] 20:44:47.732 ERROR Crash dump dir: /home/nikolai/.config/jxbrowser/7.39.2/crash-reports
2025-02-10 20:44:47,732 [ERROR] LogOutputStream:75 - [STDERR_REDIRECT] 
2025-02-10 20:44:47,733 [WARN] PackLoader:240 - Cannot read IP mode file for STMicroelectronics.X-CUBE-IPS.3.0.0
2025-02-10 20:44:47,733 [ERROR] WebApp:398 - JxBrowser engine crashed! Exit code: 133
2025-02-10 20:44:47,738 [WARN] ConditionMgr:438 - getConditionDescription Invalid condition id : UX DEVICE CLASS RTOS Condition cause : null
2025-02-10 20:44:47,738 [WARN] ConditionMgr:438 - getConditionDescription Invalid condition id : UX DEVICE CLASS RTOS Condition cause : null
2025-02-10 20:44:47,739 [WARN] PackLoader:240 - Cannot read IP mode file for STMicroelectronics.X-CUBE-AZRTOS-WB.2.0.0
2025-02-10 20:44:47,739 [WARN] ConditionMgr:1044 - genDependencies : Invalid condition id : UX DEVICE CLASS RTOS Condition cause : null
2025-02-10 20:44:47,739 [WARN] ConditionMgr:1044 - genDependencies : Invalid condition id : UX DEVICE CLASS RTOS Condition cause : null
2025-02-10 20:44:47,740 [WARN] ConditionMgr:1044 - genDependencies : Invalid condition id : UX DEVICE CLASS RTOS Condition cause : null
2025-02-10 20:44:47,740 [WARN] ConditionMgr:1044 - genDependencies : Invalid condition id : UX DEVICE CLASS RTOS Condition cause : null
2025-02-10 20:44:47,740 [WARN] ConditionMgr:1044 - genDependencies : Invalid condition id : UX DEVICE CLASS RTOS Condition cause : null
2025-02-10 20:44:47,742 [WARN] PackLoader:240 - Cannot read IP mode file for STMicroelectronics.X-CUBE-GNSS1.7.0.0
2025-02-10 20:44:47,744 [WARN] PackLoader:240 - Cannot read IP mode file for STMicroelectronics.X-CUBE-GNSS1.7.0.1
2025-02-10 20:44:47,747 [WARN] PackLoader:240 - Cannot read IP mode file for STMicroelectronics.FP-SNS-STBOX1.2.0.0
2025-02-10 20:44:47,752 [WARN] PackLoader:240 - Cannot read IP mode file for STMicroelectronics.X-CUBE-SUBG2.5.0.0
2025-02-10 20:44:47,759 [WARN] PackLoader:240 - Cannot read IP mode file for STMicroelectronics.X-CUBE-AZRTOS-G4.2.0.0
2025-02-10 20:44:47,767 [WARN] PackLoader:240 - Cannot read IP mode file for Infineon.AIROC-Wi-Fi-Bluetooth-STM32.1.5.1
2025-02-10 20:44:47,771 [WARN] PackLoader:240 - Cannot read IP mode file for STMicroelectronics.FP-SNS-MOTENVWB1.1.3.1
2025-02-10 20:44:47,774 [WARN] PackLoader:240 - Cannot read IP mode file for STMicroelectronics.X-CUBE-ISPU.2.0.0
2025-02-10 20:44:47,780 [WARN] PackLoader:240 - Cannot read IP mode file for STMicroelectronics.X-CUBE-IPS.3.1.0
2025-02-10 20:44:47,785 [WARN] PackLoader:240 - Cannot read IP mode file for STMicroelectronics.X-CUBE-ALS.1.0.2
2025-02-10 20:44:47,799 [WARN] PackLoader:240 - Cannot read IP mode file for STMicroelectronics.X-CUBE-MEMS1.10.0.0
2025-02-10 20:44:47,840 [WARN] PackLoader:240 - Cannot read IP mode file for STMicroelectronics.X-CUBE-FREERTOS.1.1.0
2025-02-10 20:44:47,842 [WARN] PackLoader:240 - Cannot read IP mode file for STMicroelectronics.X-CUBE-TOUCHGFX.4.24.0
2025-02-10 20:44:47,843 [WARN] PackLoader:240 - Cannot read IP mode file for STMicroelectronics.X-CUBE-TOUCHGFX.4.24.2
2025-02-10 20:44:47,844 [WARN] PackLoader:240 - Cannot read IP mode file for STMicroelectronics.X-CUBE-TOUCHGFX.4.24.1
2025-02-10 20:44:47,847 [WARN] PackLoader:240 - Cannot read IP mode file for portGmbH.I-Cube-SoM-uGOAL.1.1.0
2025-02-10 20:44:47,850 [WARN] PackLoader:240 - Cannot read IP mode file for STMicroelectronics.X-CUBE-ALS.1.0.1
2025-02-10 20:44:47,857 [WARN] PackLoader:240 - Cannot read IP mode file for STMicroelectronics.X-CUBE-AZRTOS-H7RS.1.0.0
2025-02-10 20:44:47,860 [WARN] PackLoader:240 - Cannot read IP mode file for STMicroelectronics.FP-ATR-ASTRA1.2.0.0
2025-02-10 20:44:47,864 [WARN] PackLoader:240 - Cannot read IP mode file for STMicroelectronics.X-CUBE-TOF1.3.4.2
2025-02-10 20:44:47,872 [WARN] PackLoader:240 - Cannot read IP mode file for STMicroelectronics.X-CUBE-TOF1.3.4.0
2025-02-10 20:44:47,880 [WARN] PackLoader:240 - Cannot read IP mode file for STMicroelectronics.X-CUBE-TOF1.3.4.1
2025-02-10 20:44:47,890 [WARN] PackLoader:240 - Cannot read IP mode file for STMicroelectronics.X-CUBE-AZRTOS-H7.3.2.0
2025-02-10 20:44:47,892 [WARN] PackLoader:240 - Cannot read IP mode file for wolfSSL.I-CUBE-wolfSSH.1.4.17
2025-02-10 20:44:47,893 [INFO] ThirdParty:978 - Integrity check success = true
2025-02-10 20:44:47,893 [INFO] IntegrityCheckThread:100 - exiting critical section [integrity check]
2025-02-10 20:44:47,893 [INFO] IntegrityCheckThread:103 - End integrity checks thread
