2025-05-05 22:25:17,565 [ERROR] RtosPanel:558 - Can not restore the selected Tab for FREERTOS(A reason can be that the tab is no more available.)
2025-05-05 22:25:22,215 [INFO] TasksAndQueuesTab:757 - Static
2025-05-05 22:25:22,215 [INFO] TasksAndQueuesTab:757 - Static
2025-05-05 22:25:22,215 [INFO] TasksAndQueuesTab:757 - Static
2025-05-05 22:25:22,215 [INFO] TasksAndQueuesTab:757 - Static
2025-05-05 22:25:22,215 [INFO] TasksAndQueuesTab:757 - Static
2025-05-05 22:25:22,215 [INFO] TasksAndQueuesTab:757 - Static
2025-05-05 22:25:22,215 [INFO] TasksAndQueuesTab:757 - Static
2025-05-05 22:25:22,215 [INFO] TasksAndQueuesTab:757 - Static
2025-05-05 22:25:36,760 [INFO] EditThreadDialog:704 - RAM SIZE (in KB): 128
2025-05-05 22:25:36,760 [INFO] EditThreadDialog:706 - RAM SIZE (in words): 32768
2025-05-05 22:31:35,653 [INFO] TasksAndQueuesTab:757 - Static
2025-05-05 22:31:35,654 [INFO] TasksAndQueuesTab:757 - Static
2025-05-05 22:31:35,654 [INFO] TasksAndQueuesTab:757 - Static
2025-05-05 22:31:35,654 [INFO] TasksAndQueuesTab:757 - Static
2025-05-05 22:31:35,654 [INFO] TasksAndQueuesTab:757 - Static
2025-05-05 22:31:35,654 [INFO] TasksAndQueuesTab:757 - Static
2025-05-05 22:31:35,654 [INFO] TasksAndQueuesTab:757 - Static
2025-05-05 22:31:35,654 [INFO] TasksAndQueuesTab:757 - Static
2025-05-05 22:32:07,706 [INFO] UtilMem:75 - End SaveConfig() Used Memory: 514057968 Bytes (907018240)
2025-05-05 22:32:07,764 [INFO] UtilMem:75 - End SaveConfig() Used Memory: 532406000 Bytes (907018240)
2025-05-05 22:32:08,116 [INFO] UtilMem:75 - End SaveConfig() Used Memory: 431422720 Bytes (907018240)
2025-05-05 22:32:08,312 [INFO] BlockDiagram:2766 - set Specific Code input for plugin: SPI
2025-05-05 22:32:08,313 [INFO] BlockDiagram:2766 - set Specific Code input for plugin: FDCAN
2025-05-05 22:32:08,313 [INFO] BlockDiagram:2766 - set Specific Code input for plugin: FREERTOS
2025-05-05 22:32:08,313 [INFO] BlockDiagram:2766 - set Specific Code input for plugin: USB_Device
2025-05-05 22:32:08,313 [INFO] BlockDiagram:2766 - set Specific Code input for plugin: SYS
2025-05-05 22:32:08,313 [INFO] BlockDiagram:2766 - set Specific Code input for plugin: RCC
2025-05-05 22:32:08,313 [INFO] BlockDiagram:2766 - set Specific Code input for plugin: CRC
2025-05-05 22:32:08,313 [INFO] BlockDiagram:2766 - set Specific Code input for plugin: I2C
2025-05-05 22:32:08,313 [INFO] BlockDiagram:2766 - set Specific Code input for plugin: NVIC
2025-05-05 22:32:08,313 [INFO] BlockDiagram:2766 - set Specific Code input for plugin: USART
2025-05-05 22:32:08,313 [INFO] BlockDiagram:2766 - set Specific Code input for plugin: DMA
2025-05-05 22:32:08,314 [INFO] BlockDiagram:2766 - set Specific Code input for plugin: TIM1_8G4
2025-05-05 22:32:08,314 [INFO] BlockDiagram:2766 - set Specific Code input for plugin: USB
2025-05-05 22:32:08,314 [INFO] BlockDiagram:2766 - set Specific Code input for plugin: STMicroelectronics.X-CUBE-MEMS1.11.1.0
2025-05-05 22:32:08,314 [INFO] BlockDiagram:2766 - set Specific Code input for plugin: GPIO
2025-05-05 22:32:08,314 [INFO] BlockDiagram:2766 - set Specific Code input for plugin: FDCAN
2025-05-05 22:32:08,315 [WARN] ThirdPartyIpManager:480 - Condition 'CM0_GCC' not fulfilled in pack 'STMicroelectronics.X-CUBE-MEMS1.11.1.0'
2025-05-05 22:32:08,315 [WARN] ThirdPartyIpManager:480 - Condition 'CM0_IAR' not fulfilled in pack 'STMicroelectronics.X-CUBE-MEMS1.11.1.0'
2025-05-05 22:32:08,316 [WARN] ThirdPartyIpManager:480 - Condition 'CM0_Keil' not fulfilled in pack 'STMicroelectronics.X-CUBE-MEMS1.11.1.0'
2025-05-05 22:32:08,316 [WARN] ThirdPartyIpManager:480 - Condition 'CM3_GCC' not fulfilled in pack 'STMicroelectronics.X-CUBE-MEMS1.11.1.0'
2025-05-05 22:32:08,316 [WARN] ThirdPartyIpManager:480 - Condition 'CM3_IAR' not fulfilled in pack 'STMicroelectronics.X-CUBE-MEMS1.11.1.0'
2025-05-05 22:32:08,316 [WARN] ThirdPartyIpManager:480 - Condition 'CM3_Keil' not fulfilled in pack 'STMicroelectronics.X-CUBE-MEMS1.11.1.0'
2025-05-05 22:32:08,316 [WARN] ThirdPartyIpManager:480 - Condition 'CM4_IAR' not fulfilled in pack 'STMicroelectronics.X-CUBE-MEMS1.11.1.0'
2025-05-05 22:32:08,317 [WARN] ThirdPartyIpManager:480 - Condition 'CM4_Keil' not fulfilled in pack 'STMicroelectronics.X-CUBE-MEMS1.11.1.0'
2025-05-05 22:32:08,317 [WARN] ThirdPartyIpManager:480 - Condition 'CM4_GCC_NoFPU' not fulfilled in pack 'STMicroelectronics.X-CUBE-MEMS1.11.1.0'
2025-05-05 22:32:08,317 [WARN] ThirdPartyIpManager:480 - Condition 'CM4_IAR_NoFPU' not fulfilled in pack 'STMicroelectronics.X-CUBE-MEMS1.11.1.0'
2025-05-05 22:32:08,317 [WARN] ThirdPartyIpManager:480 - Condition 'CM4_Keil_NoFPU' not fulfilled in pack 'STMicroelectronics.X-CUBE-MEMS1.11.1.0'
2025-05-05 22:32:08,317 [WARN] ThirdPartyIpManager:480 - Condition 'CM7_GCC' not fulfilled in pack 'STMicroelectronics.X-CUBE-MEMS1.11.1.0'
2025-05-05 22:32:08,317 [WARN] ThirdPartyIpManager:480 - Condition 'CM7_IAR' not fulfilled in pack 'STMicroelectronics.X-CUBE-MEMS1.11.1.0'
2025-05-05 22:32:08,318 [WARN] ThirdPartyIpManager:480 - Condition 'CM7_Keil' not fulfilled in pack 'STMicroelectronics.X-CUBE-MEMS1.11.1.0'
2025-05-05 22:32:08,318 [WARN] ThirdPartyIpManager:480 - Condition 'CM33_GCC' not fulfilled in pack 'STMicroelectronics.X-CUBE-MEMS1.11.1.0'
2025-05-05 22:32:08,318 [WARN] ThirdPartyIpManager:480 - Condition 'CM33_IAR' not fulfilled in pack 'STMicroelectronics.X-CUBE-MEMS1.11.1.0'
2025-05-05 22:32:08,318 [WARN] ThirdPartyIpManager:480 - Condition 'CM33_Keil' not fulfilled in pack 'STMicroelectronics.X-CUBE-MEMS1.11.1.0'
2025-05-05 22:32:08,319 [INFO] CodeGenerator:896 - code generatio: config db path: /opt/st/stm32cubeide_1.17.0_2/plugins/com.st.stm32cube.common.mx_6.13.0.202411220809//db/
2025-05-05 22:32:08,325 [WARN] IP:2251 - MessageRAMOffset not found: check if there is a RefParameter without a condition.
2025-05-05 22:32:08,325 [WARN] IP:2251 - RxFifo0ElmtsNbr not found: check if there is a RefParameter without a condition.
2025-05-05 22:32:08,325 [WARN] IP:2251 - RxFifo0ElmtSize not found: check if there is a RefParameter without a condition.
2025-05-05 22:32:08,325 [WARN] IP:2251 - RxFifo1ElmtsNbr not found: check if there is a RefParameter without a condition.
2025-05-05 22:32:08,325 [WARN] IP:2251 - RxFifo1ElmtSize not found: check if there is a RefParameter without a condition.
2025-05-05 22:32:08,325 [WARN] IP:2251 - RxBuffersNbr not found: check if there is a RefParameter without a condition.
2025-05-05 22:32:08,325 [WARN] IP:2251 - RxBufferSize not found: check if there is a RefParameter without a condition.
2025-05-05 22:32:08,325 [WARN] IP:2251 - TxEventsNbr not found: check if there is a RefParameter without a condition.
2025-05-05 22:32:08,325 [WARN] IP:2251 - TxBuffersNbr not found: check if there is a RefParameter without a condition.
2025-05-05 22:32:08,325 [WARN] IP:2251 - TxFifoQueueElmtsNbr not found: check if there is a RefParameter without a condition.
2025-05-05 22:32:08,325 [WARN] IP:2251 - TxElmtSize not found: check if there is a RefParameter without a condition.
2025-05-05 22:32:08,326 [WARN] IP:2251 - ClockCalibrationCCU not found: check if there is a RefParameter without a condition.
2025-05-05 22:32:08,326 [WARN] IP:2251 - ClockDividerCCU not found: check if there is a RefParameter without a condition.
2025-05-05 22:32:08,326 [WARN] IP:2251 - MinOscClkPeriodsCCU not found: check if there is a RefParameter without a condition.
2025-05-05 22:32:08,326 [WARN] IP:2251 - TimeQuantaPerBitTimeCCU not found: check if there is a RefParameter without a condition.
2025-05-05 22:32:08,326 [WARN] IP:2251 - WatchdogStartValueCCU not found: check if there is a RefParameter without a condition.
2025-05-05 22:32:08,327 [WARN] IP:2251 - MessageRAMOffset not found: check if there is a RefParameter without a condition.
2025-05-05 22:32:08,327 [WARN] IP:2251 - RxFifo0ElmtsNbr not found: check if there is a RefParameter without a condition.
2025-05-05 22:32:08,327 [WARN] IP:2251 - RxFifo0ElmtSize not found: check if there is a RefParameter without a condition.
2025-05-05 22:32:08,327 [WARN] IP:2251 - RxFifo1ElmtsNbr not found: check if there is a RefParameter without a condition.
2025-05-05 22:32:08,327 [WARN] IP:2251 - RxFifo1ElmtSize not found: check if there is a RefParameter without a condition.
2025-05-05 22:32:08,327 [WARN] IP:2251 - RxBuffersNbr not found: check if there is a RefParameter without a condition.
2025-05-05 22:32:08,327 [WARN] IP:2251 - RxBufferSize not found: check if there is a RefParameter without a condition.
2025-05-05 22:32:08,327 [WARN] IP:2251 - TxEventsNbr not found: check if there is a RefParameter without a condition.
2025-05-05 22:32:08,327 [WARN] IP:2251 - TxBuffersNbr not found: check if there is a RefParameter without a condition.
2025-05-05 22:32:08,327 [WARN] IP:2251 - TxFifoQueueElmtsNbr not found: check if there is a RefParameter without a condition.
2025-05-05 22:32:08,327 [WARN] IP:2251 - TxElmtSize not found: check if there is a RefParameter without a condition.
2025-05-05 22:32:08,327 [WARN] IP:2251 - ClockCalibrationCCU not found: check if there is a RefParameter without a condition.
2025-05-05 22:32:08,327 [WARN] IP:2251 - ClockDividerCCU not found: check if there is a RefParameter without a condition.
2025-05-05 22:32:08,327 [WARN] IP:2251 - MinOscClkPeriodsCCU not found: check if there is a RefParameter without a condition.
2025-05-05 22:32:08,327 [WARN] IP:2251 - TimeQuantaPerBitTimeCCU not found: check if there is a RefParameter without a condition.
2025-05-05 22:32:08,327 [WARN] IP:2251 - WatchdogStartValueCCU not found: check if there is a RefParameter without a condition.
2025-05-05 22:32:08,344 [INFO] Argument:325 - Argument : hdmavalue: null
2025-05-05 22:32:08,344 [INFO] Argument:327 - 	 sub Args: 
2025-05-05 22:32:08,344 [INFO] Argument:325 - Argument : Instancevalue: DMA1_Channel1
2025-05-05 22:32:08,344 [INFO] Argument:335 - Argument : Instancevalue: DMA1_Channel1
2025-05-05 22:32:08,344 [INFO] Argument:325 - Argument : Initvalue: null
2025-05-05 22:32:08,344 [INFO] Argument:327 - 	 sub Args: 
2025-05-05 22:32:08,344 [INFO] Argument:325 - Argument : Requestvalue: DMA_REQUEST_USART2_RX
2025-05-05 22:32:08,344 [INFO] Argument:335 - Argument : Requestvalue: DMA_REQUEST_USART2_RX
2025-05-05 22:32:08,344 [INFO] Argument:325 - Argument : Directionvalue: DMA_PERIPH_TO_MEMORY
2025-05-05 22:32:08,344 [INFO] Argument:335 - Argument : Directionvalue: DMA_PERIPH_TO_MEMORY
2025-05-05 22:32:08,344 [INFO] Argument:325 - Argument : PeriphIncvalue: DMA_PINC_DISABLE
2025-05-05 22:32:08,344 [INFO] Argument:335 - Argument : PeriphIncvalue: DMA_PINC_DISABLE
2025-05-05 22:32:08,344 [INFO] Argument:325 - Argument : MemIncvalue: DMA_MINC_ENABLE
2025-05-05 22:32:08,344 [INFO] Argument:335 - Argument : MemIncvalue: DMA_MINC_ENABLE
2025-05-05 22:32:08,344 [INFO] Argument:325 - Argument : PeriphDataAlignmentvalue: DMA_PDATAALIGN_BYTE
2025-05-05 22:32:08,344 [INFO] Argument:335 - Argument : PeriphDataAlignmentvalue: DMA_PDATAALIGN_BYTE
2025-05-05 22:32:08,344 [INFO] Argument:325 - Argument : MemDataAlignmentvalue: DMA_MDATAALIGN_BYTE
2025-05-05 22:32:08,344 [INFO] Argument:335 - Argument : MemDataAlignmentvalue: DMA_MDATAALIGN_BYTE
2025-05-05 22:32:08,344 [INFO] Argument:325 - Argument : Modevalue: DMA_NORMAL
2025-05-05 22:32:08,345 [INFO] Argument:335 - Argument : Modevalue: DMA_NORMAL
2025-05-05 22:32:08,345 [INFO] Argument:325 - Argument : Priorityvalue: DMA_PRIORITY_LOW
2025-05-05 22:32:08,345 [INFO] Argument:335 - Argument : Priorityvalue: DMA_PRIORITY_LOW
2025-05-05 22:32:08,345 [INFO] Argument:325 - Argument : Lockvalue: null
2025-05-05 22:32:08,345 [INFO] Argument:335 - Argument : Lockvalue: null
2025-05-05 22:32:08,345 [INFO] Argument:325 - Argument : Statevalue: null
2025-05-05 22:32:08,345 [INFO] Argument:335 - Argument : Statevalue: null
2025-05-05 22:32:08,345 [INFO] Argument:325 - Argument : Parentvalue: null
2025-05-05 22:32:08,345 [INFO] Argument:335 - Argument : Parentvalue: null
2025-05-05 22:32:08,345 [INFO] Argument:325 - Argument : XferCpltCallbackvalue: null
2025-05-05 22:32:08,345 [INFO] Argument:335 - Argument : XferCpltCallbackvalue: null
2025-05-05 22:32:08,345 [INFO] Argument:325 - Argument : XferHalfCpltCallbackvalue: null
2025-05-05 22:32:08,345 [INFO] Argument:335 - Argument : XferHalfCpltCallbackvalue: null
2025-05-05 22:32:08,345 [INFO] Argument:325 - Argument : XferErrorCallbackvalue: null
2025-05-05 22:32:08,346 [INFO] Argument:335 - Argument : XferErrorCallbackvalue: null
2025-05-05 22:32:08,346 [INFO] Argument:325 - Argument : XferAbortCallbackvalue: null
2025-05-05 22:32:08,346 [INFO] Argument:335 - Argument : XferAbortCallbackvalue: null
2025-05-05 22:32:08,346 [INFO] Argument:325 - Argument : ErrorCodevalue: null
2025-05-05 22:32:08,346 [INFO] Argument:335 - Argument : ErrorCodevalue: null
2025-05-05 22:32:08,346 [INFO] Argument:325 - Argument : ChannelIndexvalue: null
2025-05-05 22:32:08,346 [INFO] Argument:335 - Argument : ChannelIndexvalue: null
2025-05-05 22:32:08,346 [INFO] Argument:325 - Argument : DMAmuxChannelvalue: null
2025-05-05 22:32:08,346 [INFO] Argument:335 - Argument : DMAmuxChannelvalue: null
2025-05-05 22:32:08,346 [INFO] Argument:325 - Argument : DMAmuxChannelStatusvalue: null
2025-05-05 22:32:08,346 [INFO] Argument:335 - Argument : DMAmuxChannelStatusvalue: null
2025-05-05 22:32:08,346 [INFO] Argument:325 - Argument : DMAmuxChannelStatusMaskvalue: null
2025-05-05 22:32:08,346 [INFO] Argument:335 - Argument : DMAmuxChannelStatusMaskvalue: null
2025-05-05 22:32:08,346 [INFO] Argument:325 - Argument : DMAmuxRequestGenvalue: null
2025-05-05 22:32:08,346 [INFO] Argument:335 - Argument : DMAmuxRequestGenvalue: null
2025-05-05 22:32:08,346 [INFO] Argument:325 - Argument : DMAmuxRequestGenStatusvalue: null
2025-05-05 22:32:08,346 [INFO] Argument:335 - Argument : DMAmuxRequestGenStatusvalue: null
2025-05-05 22:32:08,346 [INFO] Argument:325 - Argument : DMAmuxRequestGenStatusMaskvalue: null
2025-05-05 22:32:08,346 [INFO] Argument:335 - Argument : DMAmuxRequestGenStatusMaskvalue: null
2025-05-05 22:32:08,347 [INFO] Argument:325 - Argument : hdmavalue: null
2025-05-05 22:32:08,347 [INFO] Argument:327 - 	 sub Args: 
2025-05-05 22:32:08,347 [INFO] Argument:325 - Argument : Instancevalue: DMA1_Channel2
2025-05-05 22:32:08,347 [INFO] Argument:335 - Argument : Instancevalue: DMA1_Channel2
2025-05-05 22:32:08,347 [INFO] Argument:325 - Argument : Initvalue: null
2025-05-05 22:32:08,347 [INFO] Argument:327 - 	 sub Args: 
2025-05-05 22:32:08,347 [INFO] Argument:325 - Argument : Requestvalue: DMA_REQUEST_USART2_TX
2025-05-05 22:32:08,347 [INFO] Argument:335 - Argument : Requestvalue: DMA_REQUEST_USART2_TX
2025-05-05 22:32:08,347 [INFO] Argument:325 - Argument : Directionvalue: DMA_MEMORY_TO_PERIPH
2025-05-05 22:32:08,347 [INFO] Argument:335 - Argument : Directionvalue: DMA_MEMORY_TO_PERIPH
2025-05-05 22:32:08,347 [INFO] Argument:325 - Argument : PeriphIncvalue: DMA_PINC_DISABLE
2025-05-05 22:32:08,347 [INFO] Argument:335 - Argument : PeriphIncvalue: DMA_PINC_DISABLE
2025-05-05 22:32:08,347 [INFO] Argument:325 - Argument : MemIncvalue: DMA_MINC_ENABLE
2025-05-05 22:32:08,347 [INFO] Argument:335 - Argument : MemIncvalue: DMA_MINC_ENABLE
2025-05-05 22:32:08,347 [INFO] Argument:325 - Argument : PeriphDataAlignmentvalue: DMA_PDATAALIGN_BYTE
2025-05-05 22:32:08,347 [INFO] Argument:335 - Argument : PeriphDataAlignmentvalue: DMA_PDATAALIGN_BYTE
2025-05-05 22:32:08,347 [INFO] Argument:325 - Argument : MemDataAlignmentvalue: DMA_MDATAALIGN_BYTE
2025-05-05 22:32:08,347 [INFO] Argument:335 - Argument : MemDataAlignmentvalue: DMA_MDATAALIGN_BYTE
2025-05-05 22:32:08,347 [INFO] Argument:325 - Argument : Modevalue: DMA_NORMAL
2025-05-05 22:32:08,347 [INFO] Argument:335 - Argument : Modevalue: DMA_NORMAL
2025-05-05 22:32:08,347 [INFO] Argument:325 - Argument : Priorityvalue: DMA_PRIORITY_LOW
2025-05-05 22:32:08,347 [INFO] Argument:335 - Argument : Priorityvalue: DMA_PRIORITY_LOW
2025-05-05 22:32:08,347 [INFO] Argument:325 - Argument : Lockvalue: null
2025-05-05 22:32:08,347 [INFO] Argument:335 - Argument : Lockvalue: null
2025-05-05 22:32:08,347 [INFO] Argument:325 - Argument : Statevalue: null
2025-05-05 22:32:08,347 [INFO] Argument:335 - Argument : Statevalue: null
2025-05-05 22:32:08,347 [INFO] Argument:325 - Argument : Parentvalue: null
2025-05-05 22:32:08,347 [INFO] Argument:335 - Argument : Parentvalue: null
2025-05-05 22:32:08,348 [INFO] Argument:325 - Argument : XferCpltCallbackvalue: null
2025-05-05 22:32:08,348 [INFO] Argument:335 - Argument : XferCpltCallbackvalue: null
2025-05-05 22:32:08,348 [INFO] Argument:325 - Argument : XferHalfCpltCallbackvalue: null
2025-05-05 22:32:08,348 [INFO] Argument:335 - Argument : XferHalfCpltCallbackvalue: null
2025-05-05 22:32:08,348 [INFO] Argument:325 - Argument : XferErrorCallbackvalue: null
2025-05-05 22:32:08,348 [INFO] Argument:335 - Argument : XferErrorCallbackvalue: null
2025-05-05 22:32:08,348 [INFO] Argument:325 - Argument : XferAbortCallbackvalue: null
2025-05-05 22:32:08,348 [INFO] Argument:335 - Argument : XferAbortCallbackvalue: null
2025-05-05 22:32:08,348 [INFO] Argument:325 - Argument : ErrorCodevalue: null
2025-05-05 22:32:08,348 [INFO] Argument:335 - Argument : ErrorCodevalue: null
2025-05-05 22:32:08,348 [INFO] Argument:325 - Argument : ChannelIndexvalue: null
2025-05-05 22:32:08,348 [INFO] Argument:335 - Argument : ChannelIndexvalue: null
2025-05-05 22:32:08,348 [INFO] Argument:325 - Argument : DMAmuxChannelvalue: null
2025-05-05 22:32:08,348 [INFO] Argument:335 - Argument : DMAmuxChannelvalue: null
2025-05-05 22:32:08,348 [INFO] Argument:325 - Argument : DMAmuxChannelStatusvalue: null
2025-05-05 22:32:08,348 [INFO] Argument:335 - Argument : DMAmuxChannelStatusvalue: null
2025-05-05 22:32:08,348 [INFO] Argument:325 - Argument : DMAmuxChannelStatusMaskvalue: null
2025-05-05 22:32:08,348 [INFO] Argument:335 - Argument : DMAmuxChannelStatusMaskvalue: null
2025-05-05 22:32:08,348 [INFO] Argument:325 - Argument : DMAmuxRequestGenvalue: null
2025-05-05 22:32:08,348 [INFO] Argument:335 - Argument : DMAmuxRequestGenvalue: null
2025-05-05 22:32:08,348 [INFO] Argument:325 - Argument : DMAmuxRequestGenStatusvalue: null
2025-05-05 22:32:08,348 [INFO] Argument:335 - Argument : DMAmuxRequestGenStatusvalue: null
2025-05-05 22:32:08,348 [INFO] Argument:325 - Argument : DMAmuxRequestGenStatusMaskvalue: null
2025-05-05 22:32:08,348 [INFO] Argument:335 - Argument : DMAmuxRequestGenStatusMaskvalue: null
2025-05-05 22:32:08,393 [INFO] IP:3348 - RTE Config file name : RTE_Component
2025-05-05 22:32:08,393 [INFO] IP:3366 - RTE template : RTE_Components.ftl
2025-05-05 22:32:08,396 [INFO] CodeEngine:255 - oldGeneratedFile, /home/nikolai/Documents/NP1_DRONE/software/STM32/Flight Control Computer/MXTmpFiles/license.tmp_save
2025-05-05 22:32:08,515 [INFO] CodeEngine:279 - Generated code: /home/nikolai/Documents/NP1_DRONE/software/STM32/Flight Control Computer/MXTmpFiles/license.tmp
2025-05-05 22:32:08,590 [INFO] CodeEngine:255 - oldGeneratedFile, /home/nikolai/Documents/NP1_DRONE/software/STM32/Flight Control Computer/Core/Src/gpio.c_save
2025-05-05 22:32:08,650 [INFO] CodeEngine:279 - Generated code: /home/nikolai/Documents/NP1_DRONE/software/STM32/Flight Control Computer/Core/Src/gpio.c
2025-05-05 22:32:08,652 [INFO] CodeEngine:255 - oldGeneratedFile, /home/nikolai/Documents/NP1_DRONE/software/STM32/Flight Control Computer/Core/Inc/gpio.h_save
2025-05-05 22:32:08,701 [INFO] CodeEngine:279 - Generated code: /home/nikolai/Documents/NP1_DRONE/software/STM32/Flight Control Computer/Core/Inc/gpio.h
2025-05-05 22:32:08,808 [INFO] CodeEngine:255 - oldGeneratedFile, /home/nikolai/Documents/NP1_DRONE/software/STM32/Flight Control Computer/MXTmpFiles/usb_vars.tmp_save
2025-05-05 22:32:08,853 [INFO] CodeEngine:279 - Generated code: /home/nikolai/Documents/NP1_DRONE/software/STM32/Flight Control Computer/MXTmpFiles/usb_vars.tmp
2025-05-05 22:32:08,854 [INFO] CodeEngine:255 - oldGeneratedFile, /home/nikolai/Documents/NP1_DRONE/software/STM32/Flight Control Computer/MXTmpFiles/usb_inc.tmp_save
2025-05-05 22:32:08,890 [INFO] CodeEngine:279 - Generated code: /home/nikolai/Documents/NP1_DRONE/software/STM32/Flight Control Computer/MXTmpFiles/usb_inc.tmp
2025-05-05 22:32:08,891 [INFO] CodeEngine:255 - oldGeneratedFile, /home/nikolai/Documents/NP1_DRONE/software/STM32/Flight Control Computer/MXTmpFiles/usb_HalInit.tmp_save
2025-05-05 22:32:08,938 [INFO] CodeEngine:279 - Generated code: /home/nikolai/Documents/NP1_DRONE/software/STM32/Flight Control Computer/MXTmpFiles/usb_HalInit.tmp
2025-05-05 22:32:08,939 [INFO] CodeEngine:255 - oldGeneratedFile, /home/nikolai/Documents/NP1_DRONE/software/STM32/Flight Control Computer/MXTmpFiles/usb_Msp.tmp_save
2025-05-05 22:32:08,988 [INFO] CodeEngine:279 - Generated code: /home/nikolai/Documents/NP1_DRONE/software/STM32/Flight Control Computer/MXTmpFiles/usb_Msp.tmp
2025-05-05 22:32:09,726 [INFO] Middleware:1450 - No code input for Bsp Dependency
2025-05-05 22:32:09,730 [INFO] CodeEngine:255 - oldGeneratedFile, /home/nikolai/Documents/NP1_DRONE/software/STM32/Flight Control Computer/MXTmpFiles/rtos_inc.tmp_save
2025-05-05 22:32:09,766 [INFO] CodeEngine:279 - Generated code: /home/nikolai/Documents/NP1_DRONE/software/STM32/Flight Control Computer/MXTmpFiles/rtos_inc.tmp
2025-05-05 22:32:09,767 [INFO] CodeEngine:255 - oldGeneratedFile, /home/nikolai/Documents/NP1_DRONE/software/STM32/Flight Control Computer/MXTmpFiles/rtos_kernelInit.tmp_save
2025-05-05 22:32:09,798 [INFO] CodeEngine:279 - Generated code: /home/nikolai/Documents/NP1_DRONE/software/STM32/Flight Control Computer/MXTmpFiles/rtos_kernelInit.tmp
2025-05-05 22:32:09,798 [INFO] CodeEngine:255 - oldGeneratedFile, /home/nikolai/Documents/NP1_DRONE/software/STM32/Flight Control Computer/MXTmpFiles/rtos_kernelStart.tmp_save
2025-05-05 22:32:09,830 [INFO] CodeEngine:279 - Generated code: /home/nikolai/Documents/NP1_DRONE/software/STM32/Flight Control Computer/MXTmpFiles/rtos_kernelStart.tmp
2025-05-05 22:32:09,831 [INFO] CodeEngine:255 - oldGeneratedFile, /home/nikolai/Documents/NP1_DRONE/software/STM32/Flight Control Computer/MXTmpFiles/rtos_typedefs.tmp_save
2025-05-05 22:32:09,863 [INFO] CodeEngine:279 - Generated code: /home/nikolai/Documents/NP1_DRONE/software/STM32/Flight Control Computer/MXTmpFiles/rtos_typedefs.tmp
2025-05-05 22:32:09,864 [INFO] CodeEngine:255 - oldGeneratedFile, /home/nikolai/Documents/NP1_DRONE/software/STM32/Flight Control Computer/MXTmpFiles/rtos_vars.tmp_save
2025-05-05 22:32:09,899 [INFO] CodeEngine:279 - Generated code: /home/nikolai/Documents/NP1_DRONE/software/STM32/Flight Control Computer/MXTmpFiles/rtos_vars.tmp
2025-05-05 22:32:09,900 [INFO] CodeEngine:255 - oldGeneratedFile, /home/nikolai/Documents/NP1_DRONE/software/STM32/Flight Control Computer/MXTmpFiles/rtos_pfp.tmp_save
2025-05-05 22:32:09,937 [INFO] CodeEngine:279 - Generated code: /home/nikolai/Documents/NP1_DRONE/software/STM32/Flight Control Computer/MXTmpFiles/rtos_pfp.tmp
2025-05-05 22:32:09,938 [INFO] CodeEngine:255 - oldGeneratedFile, /home/nikolai/Documents/NP1_DRONE/software/STM32/Flight Control Computer/MXTmpFiles/rtos_obj_creat.tmp_save
2025-05-05 22:32:09,973 [INFO] CodeEngine:279 - Generated code: /home/nikolai/Documents/NP1_DRONE/software/STM32/Flight Control Computer/MXTmpFiles/rtos_obj_creat.tmp
2025-05-05 22:32:09,974 [INFO] CodeEngine:255 - oldGeneratedFile, /home/nikolai/Documents/NP1_DRONE/software/STM32/Flight Control Computer/MXTmpFiles/rtos_default_thread.tmp_save
2025-05-05 22:32:10,006 [INFO] CodeEngine:279 - Generated code: /home/nikolai/Documents/NP1_DRONE/software/STM32/Flight Control Computer/MXTmpFiles/rtos_default_thread.tmp
2025-05-05 22:32:10,007 [INFO] CodeEngine:255 - oldGeneratedFile, /home/nikolai/Documents/NP1_DRONE/software/STM32/Flight Control Computer/MXTmpFiles/rtos_threads.tmp_save
2025-05-05 22:32:10,039 [INFO] CodeEngine:279 - Generated code: /home/nikolai/Documents/NP1_DRONE/software/STM32/Flight Control Computer/MXTmpFiles/rtos_threads.tmp
2025-05-05 22:32:10,065 [INFO] Middleware:1450 - No code input for Bsp Dependency
2025-05-05 22:32:10,070 [INFO] Middleware:1450 - No code input for Bsp Dependency
2025-05-05 22:32:10,075 [INFO] Middleware:1450 - No code input for Bsp Dependency
2025-05-05 22:32:10,076 [INFO] CodeEngine:255 - oldGeneratedFile, /home/nikolai/Documents/NP1_DRONE/software/STM32/Flight Control Computer/MXTmpFiles/rtos_inc.tmp_save
2025-05-05 22:32:10,115 [INFO] CodeEngine:279 - Generated code: /home/nikolai/Documents/NP1_DRONE/software/STM32/Flight Control Computer/MXTmpFiles/rtos_inc.tmp
2025-05-05 22:32:10,116 [INFO] CodeEngine:255 - oldGeneratedFile, /home/nikolai/Documents/NP1_DRONE/software/STM32/Flight Control Computer/MXTmpFiles/rtos_kernelInit.tmp_save
2025-05-05 22:32:10,149 [INFO] CodeEngine:279 - Generated code: /home/nikolai/Documents/NP1_DRONE/software/STM32/Flight Control Computer/MXTmpFiles/rtos_kernelInit.tmp
2025-05-05 22:32:10,149 [INFO] CodeEngine:255 - oldGeneratedFile, /home/nikolai/Documents/NP1_DRONE/software/STM32/Flight Control Computer/MXTmpFiles/rtos_kernelStart.tmp_save
2025-05-05 22:32:10,183 [INFO] CodeEngine:279 - Generated code: /home/nikolai/Documents/NP1_DRONE/software/STM32/Flight Control Computer/MXTmpFiles/rtos_kernelStart.tmp
2025-05-05 22:32:10,184 [INFO] CodeEngine:255 - oldGeneratedFile, /home/nikolai/Documents/NP1_DRONE/software/STM32/Flight Control Computer/MXTmpFiles/rtos_typedefs.tmp_save
2025-05-05 22:32:10,217 [INFO] CodeEngine:279 - Generated code: /home/nikolai/Documents/NP1_DRONE/software/STM32/Flight Control Computer/MXTmpFiles/rtos_typedefs.tmp
2025-05-05 22:32:10,218 [INFO] CodeEngine:255 - oldGeneratedFile, /home/nikolai/Documents/NP1_DRONE/software/STM32/Flight Control Computer/MXTmpFiles/rtos_vars.tmp_save
2025-05-05 22:32:10,251 [INFO] CodeEngine:279 - Generated code: /home/nikolai/Documents/NP1_DRONE/software/STM32/Flight Control Computer/MXTmpFiles/rtos_vars.tmp
2025-05-05 22:32:10,252 [INFO] CodeEngine:255 - oldGeneratedFile, /home/nikolai/Documents/NP1_DRONE/software/STM32/Flight Control Computer/MXTmpFiles/rtos_pfp.tmp_save
2025-05-05 22:32:10,282 [INFO] CodeEngine:279 - Generated code: /home/nikolai/Documents/NP1_DRONE/software/STM32/Flight Control Computer/MXTmpFiles/rtos_pfp.tmp
2025-05-05 22:32:10,283 [INFO] CodeEngine:255 - oldGeneratedFile, /home/nikolai/Documents/NP1_DRONE/software/STM32/Flight Control Computer/MXTmpFiles/rtos_obj_creat.tmp_save
2025-05-05 22:32:10,315 [INFO] CodeEngine:279 - Generated code: /home/nikolai/Documents/NP1_DRONE/software/STM32/Flight Control Computer/MXTmpFiles/rtos_obj_creat.tmp
2025-05-05 22:32:10,316 [INFO] CodeEngine:255 - oldGeneratedFile, /home/nikolai/Documents/NP1_DRONE/software/STM32/Flight Control Computer/MXTmpFiles/rtos_default_thread.tmp_save
2025-05-05 22:32:10,348 [INFO] CodeEngine:279 - Generated code: /home/nikolai/Documents/NP1_DRONE/software/STM32/Flight Control Computer/MXTmpFiles/rtos_default_thread.tmp
2025-05-05 22:32:10,348 [INFO] CodeEngine:255 - oldGeneratedFile, /home/nikolai/Documents/NP1_DRONE/software/STM32/Flight Control Computer/MXTmpFiles/rtos_threads.tmp_save
2025-05-05 22:32:10,380 [INFO] CodeEngine:279 - Generated code: /home/nikolai/Documents/NP1_DRONE/software/STM32/Flight Control Computer/MXTmpFiles/rtos_threads.tmp
2025-05-05 22:32:10,381 [INFO] CodeEngine:255 - oldGeneratedFile, /home/nikolai/Documents/NP1_DRONE/software/STM32/Flight Control Computer/Core/Inc/FreeRTOSConfig.h_save
2025-05-05 22:32:10,424 [INFO] CodeEngine:279 - Generated code: /home/nikolai/Documents/NP1_DRONE/software/STM32/Flight Control Computer/Core/Inc/FreeRTOSConfig.h
2025-05-05 22:32:10,425 [INFO] CodeEngine:255 - oldGeneratedFile, /home/nikolai/Documents/NP1_DRONE/software/STM32/Flight Control Computer/Core/Src/app_freertos.c_save
2025-05-05 22:32:10,475 [INFO] CodeEngine:279 - Generated code: /home/nikolai/Documents/NP1_DRONE/software/STM32/Flight Control Computer/Core/Src/app_freertos.c
2025-05-05 22:32:10,477 [INFO] CodeEngine:255 - oldGeneratedFile, /home/nikolai/Documents/NP1_DRONE/software/STM32/Flight Control Computer/Core/Src/crc.c_save
2025-05-05 22:32:10,524 [INFO] CodeEngine:279 - Generated code: /home/nikolai/Documents/NP1_DRONE/software/STM32/Flight Control Computer/Core/Src/crc.c
2025-05-05 22:32:10,524 [INFO] CodeEngine:255 - oldGeneratedFile, /home/nikolai/Documents/NP1_DRONE/software/STM32/Flight Control Computer/Core/Inc/crc.h_save
2025-05-05 22:32:10,556 [INFO] CodeEngine:279 - Generated code: /home/nikolai/Documents/NP1_DRONE/software/STM32/Flight Control Computer/Core/Inc/crc.h
2025-05-05 22:32:10,594 [INFO] CodeEngine:255 - oldGeneratedFile, /home/nikolai/Documents/NP1_DRONE/software/STM32/Flight Control Computer/Core/Src/dma.c_save
2025-05-05 22:32:10,626 [INFO] CodeEngine:279 - Generated code: /home/nikolai/Documents/NP1_DRONE/software/STM32/Flight Control Computer/Core/Src/dma.c
2025-05-05 22:32:10,626 [INFO] CodeEngine:255 - oldGeneratedFile, /home/nikolai/Documents/NP1_DRONE/software/STM32/Flight Control Computer/Core/Inc/dma.h_save
2025-05-05 22:32:10,657 [INFO] CodeEngine:279 - Generated code: /home/nikolai/Documents/NP1_DRONE/software/STM32/Flight Control Computer/Core/Inc/dma.h
2025-05-05 22:32:10,658 [INFO] CodeEngine:255 - oldGeneratedFile, /home/nikolai/Documents/NP1_DRONE/software/STM32/Flight Control Computer/Core/Src/fdcan.c_save
2025-05-05 22:32:10,708 [INFO] CodeEngine:279 - Generated code: /home/nikolai/Documents/NP1_DRONE/software/STM32/Flight Control Computer/Core/Src/fdcan.c
2025-05-05 22:32:10,709 [INFO] CodeEngine:255 - oldGeneratedFile, /home/nikolai/Documents/NP1_DRONE/software/STM32/Flight Control Computer/Core/Inc/fdcan.h_save
2025-05-05 22:32:10,741 [INFO] CodeEngine:279 - Generated code: /home/nikolai/Documents/NP1_DRONE/software/STM32/Flight Control Computer/Core/Inc/fdcan.h
2025-05-05 22:32:10,743 [INFO] CodeEngine:255 - oldGeneratedFile, /home/nikolai/Documents/NP1_DRONE/software/STM32/Flight Control Computer/Core/Src/i2c.c_save
2025-05-05 22:32:10,788 [INFO] CodeEngine:279 - Generated code: /home/nikolai/Documents/NP1_DRONE/software/STM32/Flight Control Computer/Core/Src/i2c.c
2025-05-05 22:32:10,789 [INFO] CodeEngine:255 - oldGeneratedFile, /home/nikolai/Documents/NP1_DRONE/software/STM32/Flight Control Computer/Core/Inc/i2c.h_save
2025-05-05 22:32:10,820 [INFO] CodeEngine:279 - Generated code: /home/nikolai/Documents/NP1_DRONE/software/STM32/Flight Control Computer/Core/Inc/i2c.h
2025-05-05 22:32:10,822 [INFO] CodeEngine:255 - oldGeneratedFile, /home/nikolai/Documents/NP1_DRONE/software/STM32/Flight Control Computer/Core/Src/spi.c_save
2025-05-05 22:32:10,867 [INFO] CodeEngine:279 - Generated code: /home/nikolai/Documents/NP1_DRONE/software/STM32/Flight Control Computer/Core/Src/spi.c
2025-05-05 22:32:10,867 [INFO] CodeEngine:255 - oldGeneratedFile, /home/nikolai/Documents/NP1_DRONE/software/STM32/Flight Control Computer/Core/Inc/spi.h_save
2025-05-05 22:32:10,899 [INFO] CodeEngine:279 - Generated code: /home/nikolai/Documents/NP1_DRONE/software/STM32/Flight Control Computer/Core/Inc/spi.h
2025-05-05 22:32:10,927 [INFO] Middleware:1450 - No code input for Bsp Dependency
2025-05-05 22:32:10,929 [INFO] CodeEngine:255 - oldGeneratedFile, /home/nikolai/Documents/NP1_DRONE/software/STM32/Flight Control Computer/Core/Src/tim.c_save
2025-05-05 22:32:10,977 [INFO] CodeEngine:279 - Generated code: /home/nikolai/Documents/NP1_DRONE/software/STM32/Flight Control Computer/Core/Src/tim.c
2025-05-05 22:32:10,978 [INFO] CodeEngine:255 - oldGeneratedFile, /home/nikolai/Documents/NP1_DRONE/software/STM32/Flight Control Computer/Core/Inc/tim.h_save
2025-05-05 22:32:11,011 [INFO] CodeEngine:279 - Generated code: /home/nikolai/Documents/NP1_DRONE/software/STM32/Flight Control Computer/Core/Inc/tim.h
2025-05-05 22:32:11,013 [INFO] CodeEngine:255 - oldGeneratedFile, /home/nikolai/Documents/NP1_DRONE/software/STM32/Flight Control Computer/Core/Src/usart.c_save
2025-05-05 22:32:11,061 [INFO] CodeEngine:279 - Generated code: /home/nikolai/Documents/NP1_DRONE/software/STM32/Flight Control Computer/Core/Src/usart.c
2025-05-05 22:32:11,062 [INFO] CodeEngine:255 - oldGeneratedFile, /home/nikolai/Documents/NP1_DRONE/software/STM32/Flight Control Computer/Core/Inc/usart.h_save
2025-05-05 22:32:11,094 [INFO] CodeEngine:279 - Generated code: /home/nikolai/Documents/NP1_DRONE/software/STM32/Flight Control Computer/Core/Inc/usart.h
2025-05-05 22:32:11,099 [INFO] Middleware:1450 - No code input for Bsp Dependency
2025-05-05 22:32:11,101 [INFO] CodeEngine:255 - oldGeneratedFile, /home/nikolai/Documents/NP1_DRONE/software/STM32/Flight Control Computer/USB_Device/App/usb_device.c_save
2025-05-05 22:32:11,147 [INFO] CodeEngine:279 - Generated code: /home/nikolai/Documents/NP1_DRONE/software/STM32/Flight Control Computer/USB_Device/App/usb_device.c
2025-05-05 22:32:11,148 [INFO] CodeEngine:255 - oldGeneratedFile, /home/nikolai/Documents/NP1_DRONE/software/STM32/Flight Control Computer/USB_Device/App/usb_device.h_save
2025-05-05 22:32:11,182 [INFO] CodeEngine:279 - Generated code: /home/nikolai/Documents/NP1_DRONE/software/STM32/Flight Control Computer/USB_Device/App/usb_device.h
2025-05-05 22:32:11,182 [INFO] CodeEngine:255 - oldGeneratedFile, /home/nikolai/Documents/NP1_DRONE/software/STM32/Flight Control Computer/USB_Device/Target/usbd_conf.h_save
2025-05-05 22:32:11,215 [INFO] CodeEngine:279 - Generated code: /home/nikolai/Documents/NP1_DRONE/software/STM32/Flight Control Computer/USB_Device/Target/usbd_conf.h
2025-05-05 22:32:11,216 [INFO] CodeEngine:255 - oldGeneratedFile, /home/nikolai/Documents/NP1_DRONE/software/STM32/Flight Control Computer/USB_Device/Target/usbd_conf.c_save
2025-05-05 22:32:11,264 [INFO] CodeEngine:279 - Generated code: /home/nikolai/Documents/NP1_DRONE/software/STM32/Flight Control Computer/USB_Device/Target/usbd_conf.c
2025-05-05 22:32:11,265 [INFO] CodeEngine:255 - oldGeneratedFile, /home/nikolai/Documents/NP1_DRONE/software/STM32/Flight Control Computer/USB_Device/App/usbd_desc.h_save
2025-05-05 22:32:11,298 [INFO] CodeEngine:279 - Generated code: /home/nikolai/Documents/NP1_DRONE/software/STM32/Flight Control Computer/USB_Device/App/usbd_desc.h
2025-05-05 22:32:11,299 [INFO] CodeEngine:255 - oldGeneratedFile, /home/nikolai/Documents/NP1_DRONE/software/STM32/Flight Control Computer/USB_Device/App/usbd_desc.c_save
2025-05-05 22:32:11,333 [INFO] CodeEngine:279 - Generated code: /home/nikolai/Documents/NP1_DRONE/software/STM32/Flight Control Computer/USB_Device/App/usbd_desc.c
2025-05-05 22:32:11,334 [INFO] CodeEngine:255 - oldGeneratedFile, /home/nikolai/Documents/NP1_DRONE/software/STM32/Flight Control Computer/USB_Device/App/usbd_cdc_if.h_save
2025-05-05 22:32:11,367 [INFO] CodeEngine:279 - Generated code: /home/nikolai/Documents/NP1_DRONE/software/STM32/Flight Control Computer/USB_Device/App/usbd_cdc_if.h
2025-05-05 22:32:11,368 [INFO] CodeEngine:255 - oldGeneratedFile, /home/nikolai/Documents/NP1_DRONE/software/STM32/Flight Control Computer/USB_Device/App/usbd_cdc_if.c_save
2025-05-05 22:32:11,404 [INFO] CodeEngine:279 - Generated code: /home/nikolai/Documents/NP1_DRONE/software/STM32/Flight Control Computer/USB_Device/App/usbd_cdc_if.c
2025-05-05 22:32:11,411 [INFO] CodeEngine:255 - oldGeneratedFile, /home/nikolai/Documents/NP1_DRONE/software/STM32/Flight Control Computer/Core/Src/stm32g4xx_it.c_save
2025-05-05 22:32:11,494 [INFO] CodeEngine:279 - Generated code: /home/nikolai/Documents/NP1_DRONE/software/STM32/Flight Control Computer/Core/Src/stm32g4xx_it.c
2025-05-05 22:32:11,495 [INFO] CodeEngine:255 - oldGeneratedFile, /home/nikolai/Documents/NP1_DRONE/software/STM32/Flight Control Computer/Core/Inc/stm32g4xx_it.h_save
2025-05-05 22:32:11,526 [INFO] CodeEngine:279 - Generated code: /home/nikolai/Documents/NP1_DRONE/software/STM32/Flight Control Computer/Core/Inc/stm32g4xx_it.h
2025-05-05 22:32:11,535 [INFO] CodeEngine:255 - oldGeneratedFile, /home/nikolai/Documents/NP1_DRONE/software/STM32/Flight Control Computer/Core/Src/stm32g4xx_hal_msp.c_save
2025-05-05 22:32:11,580 [INFO] CodeEngine:279 - Generated code: /home/nikolai/Documents/NP1_DRONE/software/STM32/Flight Control Computer/Core/Src/stm32g4xx_hal_msp.c
2025-05-05 22:32:11,585 [INFO] CodeEngine:255 - oldGeneratedFile, /home/nikolai/Documents/NP1_DRONE/software/STM32/Flight Control Computer/MXTmpFiles/system.tmp_save
2025-05-05 22:32:11,621 [INFO] CodeEngine:279 - Generated code: /home/nikolai/Documents/NP1_DRONE/software/STM32/Flight Control Computer/MXTmpFiles/system.tmp
2025-05-05 22:32:11,622 [INFO] CodeEngine:255 - oldGeneratedFile, /home/nikolai/Documents/NP1_DRONE/software/STM32/Flight Control Computer/Core/Src/stm32g4xx_hal_timebase_tim.c_save
2025-05-05 22:32:11,722 [INFO] CodeEngine:279 - Generated code: /home/nikolai/Documents/NP1_DRONE/software/STM32/Flight Control Computer/Core/Src/stm32g4xx_hal_timebase_tim.c
2025-05-05 22:32:11,724 [INFO] CodeEngine:311 - oldGeneratedFile, /home/nikolai/Documents/NP1_DRONE/software/STM32/Flight Control Computer/Core/Inc/stm32g4xx_hal_conf.h_save
2025-05-05 22:32:11,759 [INFO] CodeEngine:335 - Generated code: /home/nikolai/Documents/NP1_DRONE/software/STM32/Flight Control Computer/Core/Inc/stm32g4xx_hal_conf.h
2025-05-05 22:32:11,766 [WARN] IPConfigManager:3034 - Warning: the RefConfig RCC_CommonPeriphClockConfig is not available in your config.xml file
2025-05-05 22:32:11,777 [INFO] CodeEngine:255 - oldGeneratedFile, /home/nikolai/Documents/NP1_DRONE/software/STM32/Flight Control Computer/Core/Inc/main.h_save
2025-05-05 22:32:11,813 [INFO] CodeEngine:279 - Generated code: /home/nikolai/Documents/NP1_DRONE/software/STM32/Flight Control Computer/Core/Inc/main.h
2025-05-05 22:32:11,814 [INFO] CodeEngine:255 - oldGeneratedFile, /home/nikolai/Documents/NP1_DRONE/software/STM32/Flight Control Computer/Core/Src/main.c_save
2025-05-05 22:32:11,860 [INFO] CodeEngine:279 - Generated code: /home/nikolai/Documents/NP1_DRONE/software/STM32/Flight Control Computer/Core/Src/main.c
2025-05-05 22:32:11,999 [INFO] ProjectBuilder:3289 - Time for Copy HAL[1] : 64mS.
2025-05-05 22:32:11,999 [WARN] ThirdPartyIpManager:480 - Condition 'CM0_GCC' not fulfilled in pack 'STMicroelectronics.X-CUBE-MEMS1.11.1.0'
2025-05-05 22:32:11,999 [WARN] ThirdPartyIpManager:480 - Condition 'CM0_IAR' not fulfilled in pack 'STMicroelectronics.X-CUBE-MEMS1.11.1.0'
2025-05-05 22:32:11,999 [WARN] ThirdPartyIpManager:480 - Condition 'CM0_Keil' not fulfilled in pack 'STMicroelectronics.X-CUBE-MEMS1.11.1.0'
2025-05-05 22:32:11,999 [WARN] ThirdPartyIpManager:480 - Condition 'CM3_GCC' not fulfilled in pack 'STMicroelectronics.X-CUBE-MEMS1.11.1.0'
2025-05-05 22:32:11,999 [WARN] ThirdPartyIpManager:480 - Condition 'CM3_IAR' not fulfilled in pack 'STMicroelectronics.X-CUBE-MEMS1.11.1.0'
2025-05-05 22:32:11,999 [WARN] ThirdPartyIpManager:480 - Condition 'CM3_Keil' not fulfilled in pack 'STMicroelectronics.X-CUBE-MEMS1.11.1.0'
2025-05-05 22:32:12,000 [WARN] ThirdPartyIpManager:480 - Condition 'CM4_IAR' not fulfilled in pack 'STMicroelectronics.X-CUBE-MEMS1.11.1.0'
2025-05-05 22:32:12,000 [WARN] ThirdPartyIpManager:480 - Condition 'CM4_Keil' not fulfilled in pack 'STMicroelectronics.X-CUBE-MEMS1.11.1.0'
2025-05-05 22:32:12,000 [WARN] ThirdPartyIpManager:480 - Condition 'CM4_GCC_NoFPU' not fulfilled in pack 'STMicroelectronics.X-CUBE-MEMS1.11.1.0'
2025-05-05 22:32:12,000 [WARN] ThirdPartyIpManager:480 - Condition 'CM4_IAR_NoFPU' not fulfilled in pack 'STMicroelectronics.X-CUBE-MEMS1.11.1.0'
2025-05-05 22:32:12,000 [WARN] ThirdPartyIpManager:480 - Condition 'CM4_Keil_NoFPU' not fulfilled in pack 'STMicroelectronics.X-CUBE-MEMS1.11.1.0'
2025-05-05 22:32:12,000 [WARN] ThirdPartyIpManager:480 - Condition 'CM7_GCC' not fulfilled in pack 'STMicroelectronics.X-CUBE-MEMS1.11.1.0'
2025-05-05 22:32:12,000 [WARN] ThirdPartyIpManager:480 - Condition 'CM7_IAR' not fulfilled in pack 'STMicroelectronics.X-CUBE-MEMS1.11.1.0'
2025-05-05 22:32:12,000 [WARN] ThirdPartyIpManager:480 - Condition 'CM7_Keil' not fulfilled in pack 'STMicroelectronics.X-CUBE-MEMS1.11.1.0'
2025-05-05 22:32:12,000 [WARN] ThirdPartyIpManager:480 - Condition 'CM33_GCC' not fulfilled in pack 'STMicroelectronics.X-CUBE-MEMS1.11.1.0'
2025-05-05 22:32:12,000 [WARN] ThirdPartyIpManager:480 - Condition 'CM33_IAR' not fulfilled in pack 'STMicroelectronics.X-CUBE-MEMS1.11.1.0'
2025-05-05 22:32:12,000 [WARN] ThirdPartyIpManager:480 - Condition 'CM33_Keil' not fulfilled in pack 'STMicroelectronics.X-CUBE-MEMS1.11.1.0'
2025-05-05 22:32:12,002 [INFO] ProjectBuilder:9095 - Time for Copy ThirdParty[1] : 2mS.
2025-05-05 22:32:12,004 [INFO] ProjectBuilder:4876 - Project Generator version: 4.5.0-RC5
2025-05-05 22:32:12,042 [INFO] ConfigFileManager:1579 - The Die is : DIE469
2025-05-05 22:32:12,552 [INFO] ProjectBuilder:5154 - Time for Generating toolchain IDE Files: 548mS.
2025-05-05 22:32:12,553 [INFO] ProjectBuilder:3146 - Time for Copy CMSIS : 0mS.
2025-05-05 22:32:12,554 [INFO] ProjectBuilder:3146 - Time for Copy CMSIS : 0mS.
2025-05-05 22:34:21,999 [INFO] EditThreadDialog:704 - RAM SIZE (in KB): 128
2025-05-05 22:34:21,999 [INFO] EditThreadDialog:706 - RAM SIZE (in words): 32768
2025-05-05 22:34:32,780 [INFO] TasksAndQueuesTab:757 - Static
2025-05-05 22:34:32,780 [INFO] TasksAndQueuesTab:757 - Static
2025-05-05 22:34:32,780 [INFO] TasksAndQueuesTab:757 - Static
2025-05-05 22:34:32,780 [INFO] TasksAndQueuesTab:757 - Static
2025-05-05 22:34:32,780 [INFO] TasksAndQueuesTab:757 - Static
2025-05-05 22:34:32,780 [INFO] TasksAndQueuesTab:757 - Static
2025-05-05 22:34:32,780 [INFO] TasksAndQueuesTab:757 - Static
2025-05-05 22:34:32,780 [INFO] TasksAndQueuesTab:757 - Static
2025-05-05 22:34:34,375 [INFO] UtilMem:75 - End SaveConfig() Used Memory: 605177832 Bytes (907018240)
2025-05-05 22:34:34,484 [INFO] UtilMem:75 - End SaveConfig() Used Memory: 624052200 Bytes (907018240)
2025-05-05 22:34:34,791 [INFO] UtilMem:75 - End SaveConfig() Used Memory: 710035432 Bytes (907018240)
2025-05-05 22:34:34,881 [INFO] BlockDiagram:2766 - set Specific Code input for plugin: SPI
2025-05-05 22:34:34,881 [INFO] BlockDiagram:2766 - set Specific Code input for plugin: FDCAN
2025-05-05 22:34:34,881 [INFO] BlockDiagram:2766 - set Specific Code input for plugin: FREERTOS
2025-05-05 22:34:34,881 [INFO] BlockDiagram:2766 - set Specific Code input for plugin: USB_Device
2025-05-05 22:34:34,881 [INFO] BlockDiagram:2766 - set Specific Code input for plugin: SYS
2025-05-05 22:34:34,881 [INFO] BlockDiagram:2766 - set Specific Code input for plugin: RCC
2025-05-05 22:34:34,881 [INFO] BlockDiagram:2766 - set Specific Code input for plugin: CRC
2025-05-05 22:34:34,881 [INFO] BlockDiagram:2766 - set Specific Code input for plugin: I2C
2025-05-05 22:34:34,881 [INFO] BlockDiagram:2766 - set Specific Code input for plugin: NVIC
2025-05-05 22:34:34,881 [INFO] BlockDiagram:2766 - set Specific Code input for plugin: USART
2025-05-05 22:34:34,881 [INFO] BlockDiagram:2766 - set Specific Code input for plugin: DMA
2025-05-05 22:34:34,881 [INFO] BlockDiagram:2766 - set Specific Code input for plugin: TIM1_8G4
2025-05-05 22:34:34,881 [INFO] BlockDiagram:2766 - set Specific Code input for plugin: USB
2025-05-05 22:34:34,881 [INFO] BlockDiagram:2766 - set Specific Code input for plugin: STMicroelectronics.X-CUBE-MEMS1.11.1.0
2025-05-05 22:34:34,881 [INFO] BlockDiagram:2766 - set Specific Code input for plugin: GPIO
2025-05-05 22:34:34,881 [INFO] BlockDiagram:2766 - set Specific Code input for plugin: FDCAN
2025-05-05 22:34:34,881 [WARN] ThirdPartyIpManager:480 - Condition 'CM0_GCC' not fulfilled in pack 'STMicroelectronics.X-CUBE-MEMS1.11.1.0'
2025-05-05 22:34:34,881 [WARN] ThirdPartyIpManager:480 - Condition 'CM0_IAR' not fulfilled in pack 'STMicroelectronics.X-CUBE-MEMS1.11.1.0'
2025-05-05 22:34:34,881 [WARN] ThirdPartyIpManager:480 - Condition 'CM0_Keil' not fulfilled in pack 'STMicroelectronics.X-CUBE-MEMS1.11.1.0'
2025-05-05 22:34:34,882 [WARN] ThirdPartyIpManager:480 - Condition 'CM3_GCC' not fulfilled in pack 'STMicroelectronics.X-CUBE-MEMS1.11.1.0'
2025-05-05 22:34:34,882 [WARN] ThirdPartyIpManager:480 - Condition 'CM3_IAR' not fulfilled in pack 'STMicroelectronics.X-CUBE-MEMS1.11.1.0'
2025-05-05 22:34:34,882 [WARN] ThirdPartyIpManager:480 - Condition 'CM3_Keil' not fulfilled in pack 'STMicroelectronics.X-CUBE-MEMS1.11.1.0'
2025-05-05 22:34:34,882 [WARN] ThirdPartyIpManager:480 - Condition 'CM4_IAR' not fulfilled in pack 'STMicroelectronics.X-CUBE-MEMS1.11.1.0'
2025-05-05 22:34:34,882 [WARN] ThirdPartyIpManager:480 - Condition 'CM4_Keil' not fulfilled in pack 'STMicroelectronics.X-CUBE-MEMS1.11.1.0'
2025-05-05 22:34:34,882 [WARN] ThirdPartyIpManager:480 - Condition 'CM4_GCC_NoFPU' not fulfilled in pack 'STMicroelectronics.X-CUBE-MEMS1.11.1.0'
2025-05-05 22:34:34,882 [WARN] ThirdPartyIpManager:480 - Condition 'CM4_IAR_NoFPU' not fulfilled in pack 'STMicroelectronics.X-CUBE-MEMS1.11.1.0'
2025-05-05 22:34:34,882 [WARN] ThirdPartyIpManager:480 - Condition 'CM4_Keil_NoFPU' not fulfilled in pack 'STMicroelectronics.X-CUBE-MEMS1.11.1.0'
2025-05-05 22:34:34,882 [WARN] ThirdPartyIpManager:480 - Condition 'CM7_GCC' not fulfilled in pack 'STMicroelectronics.X-CUBE-MEMS1.11.1.0'
2025-05-05 22:34:34,882 [WARN] ThirdPartyIpManager:480 - Condition 'CM7_IAR' not fulfilled in pack 'STMicroelectronics.X-CUBE-MEMS1.11.1.0'
2025-05-05 22:34:34,882 [WARN] ThirdPartyIpManager:480 - Condition 'CM7_Keil' not fulfilled in pack 'STMicroelectronics.X-CUBE-MEMS1.11.1.0'
2025-05-05 22:34:34,882 [WARN] ThirdPartyIpManager:480 - Condition 'CM33_GCC' not fulfilled in pack 'STMicroelectronics.X-CUBE-MEMS1.11.1.0'
2025-05-05 22:34:34,882 [WARN] ThirdPartyIpManager:480 - Condition 'CM33_IAR' not fulfilled in pack 'STMicroelectronics.X-CUBE-MEMS1.11.1.0'
2025-05-05 22:34:34,882 [WARN] ThirdPartyIpManager:480 - Condition 'CM33_Keil' not fulfilled in pack 'STMicroelectronics.X-CUBE-MEMS1.11.1.0'
2025-05-05 22:34:34,883 [INFO] CodeGenerator:896 - code generatio: config db path: /opt/st/stm32cubeide_1.17.0_2/plugins/com.st.stm32cube.common.mx_6.13.0.202411220809//db/
2025-05-05 22:34:34,886 [WARN] IP:2251 - MessageRAMOffset not found: check if there is a RefParameter without a condition.
2025-05-05 22:34:34,886 [WARN] IP:2251 - RxFifo0ElmtsNbr not found: check if there is a RefParameter without a condition.
2025-05-05 22:34:34,886 [WARN] IP:2251 - RxFifo0ElmtSize not found: check if there is a RefParameter without a condition.
2025-05-05 22:34:34,886 [WARN] IP:2251 - RxFifo1ElmtsNbr not found: check if there is a RefParameter without a condition.
2025-05-05 22:34:34,886 [WARN] IP:2251 - RxFifo1ElmtSize not found: check if there is a RefParameter without a condition.
2025-05-05 22:34:34,886 [WARN] IP:2251 - RxBuffersNbr not found: check if there is a RefParameter without a condition.
2025-05-05 22:34:34,886 [WARN] IP:2251 - RxBufferSize not found: check if there is a RefParameter without a condition.
2025-05-05 22:34:34,886 [WARN] IP:2251 - TxEventsNbr not found: check if there is a RefParameter without a condition.
2025-05-05 22:34:34,886 [WARN] IP:2251 - TxBuffersNbr not found: check if there is a RefParameter without a condition.
2025-05-05 22:34:34,886 [WARN] IP:2251 - TxFifoQueueElmtsNbr not found: check if there is a RefParameter without a condition.
2025-05-05 22:34:34,886 [WARN] IP:2251 - TxElmtSize not found: check if there is a RefParameter without a condition.
2025-05-05 22:34:34,886 [WARN] IP:2251 - ClockCalibrationCCU not found: check if there is a RefParameter without a condition.
2025-05-05 22:34:34,886 [WARN] IP:2251 - ClockDividerCCU not found: check if there is a RefParameter without a condition.
2025-05-05 22:34:34,886 [WARN] IP:2251 - MinOscClkPeriodsCCU not found: check if there is a RefParameter without a condition.
2025-05-05 22:34:34,886 [WARN] IP:2251 - TimeQuantaPerBitTimeCCU not found: check if there is a RefParameter without a condition.
2025-05-05 22:34:34,886 [WARN] IP:2251 - WatchdogStartValueCCU not found: check if there is a RefParameter without a condition.
2025-05-05 22:34:34,887 [WARN] IP:2251 - MessageRAMOffset not found: check if there is a RefParameter without a condition.
2025-05-05 22:34:34,887 [WARN] IP:2251 - RxFifo0ElmtsNbr not found: check if there is a RefParameter without a condition.
2025-05-05 22:34:34,887 [WARN] IP:2251 - RxFifo0ElmtSize not found: check if there is a RefParameter without a condition.
2025-05-05 22:34:34,887 [WARN] IP:2251 - RxFifo1ElmtsNbr not found: check if there is a RefParameter without a condition.
2025-05-05 22:34:34,887 [WARN] IP:2251 - RxFifo1ElmtSize not found: check if there is a RefParameter without a condition.
2025-05-05 22:34:34,887 [WARN] IP:2251 - RxBuffersNbr not found: check if there is a RefParameter without a condition.
2025-05-05 22:34:34,887 [WARN] IP:2251 - RxBufferSize not found: check if there is a RefParameter without a condition.
2025-05-05 22:34:34,887 [WARN] IP:2251 - TxEventsNbr not found: check if there is a RefParameter without a condition.
2025-05-05 22:34:34,887 [WARN] IP:2251 - TxBuffersNbr not found: check if there is a RefParameter without a condition.
2025-05-05 22:34:34,887 [WARN] IP:2251 - TxFifoQueueElmtsNbr not found: check if there is a RefParameter without a condition.
2025-05-05 22:34:34,887 [WARN] IP:2251 - TxElmtSize not found: check if there is a RefParameter without a condition.
2025-05-05 22:34:34,887 [WARN] IP:2251 - ClockCalibrationCCU not found: check if there is a RefParameter without a condition.
2025-05-05 22:34:34,887 [WARN] IP:2251 - ClockDividerCCU not found: check if there is a RefParameter without a condition.
2025-05-05 22:34:34,887 [WARN] IP:2251 - MinOscClkPeriodsCCU not found: check if there is a RefParameter without a condition.
2025-05-05 22:34:34,887 [WARN] IP:2251 - TimeQuantaPerBitTimeCCU not found: check if there is a RefParameter without a condition.
2025-05-05 22:34:34,887 [WARN] IP:2251 - WatchdogStartValueCCU not found: check if there is a RefParameter without a condition.
2025-05-05 22:34:34,901 [INFO] Argument:325 - Argument : hdmavalue: null
2025-05-05 22:34:34,901 [INFO] Argument:327 - 	 sub Args: 
2025-05-05 22:34:34,901 [INFO] Argument:325 - Argument : Instancevalue: DMA1_Channel1
2025-05-05 22:34:34,901 [INFO] Argument:335 - Argument : Instancevalue: DMA1_Channel1
2025-05-05 22:34:34,901 [INFO] Argument:325 - Argument : Initvalue: null
2025-05-05 22:34:34,901 [INFO] Argument:327 - 	 sub Args: 
2025-05-05 22:34:34,901 [INFO] Argument:325 - Argument : Requestvalue: DMA_REQUEST_USART2_RX
2025-05-05 22:34:34,901 [INFO] Argument:335 - Argument : Requestvalue: DMA_REQUEST_USART2_RX
2025-05-05 22:34:34,901 [INFO] Argument:325 - Argument : Directionvalue: DMA_PERIPH_TO_MEMORY
2025-05-05 22:34:34,901 [INFO] Argument:335 - Argument : Directionvalue: DMA_PERIPH_TO_MEMORY
2025-05-05 22:34:34,901 [INFO] Argument:325 - Argument : PeriphIncvalue: DMA_PINC_DISABLE
2025-05-05 22:34:34,901 [INFO] Argument:335 - Argument : PeriphIncvalue: DMA_PINC_DISABLE
2025-05-05 22:34:34,901 [INFO] Argument:325 - Argument : MemIncvalue: DMA_MINC_ENABLE
2025-05-05 22:34:34,901 [INFO] Argument:335 - Argument : MemIncvalue: DMA_MINC_ENABLE
2025-05-05 22:34:34,901 [INFO] Argument:325 - Argument : PeriphDataAlignmentvalue: DMA_PDATAALIGN_BYTE
2025-05-05 22:34:34,901 [INFO] Argument:335 - Argument : PeriphDataAlignmentvalue: DMA_PDATAALIGN_BYTE
2025-05-05 22:34:34,901 [INFO] Argument:325 - Argument : MemDataAlignmentvalue: DMA_MDATAALIGN_BYTE
2025-05-05 22:34:34,901 [INFO] Argument:335 - Argument : MemDataAlignmentvalue: DMA_MDATAALIGN_BYTE
2025-05-05 22:34:34,901 [INFO] Argument:325 - Argument : Modevalue: DMA_NORMAL
2025-05-05 22:34:34,901 [INFO] Argument:335 - Argument : Modevalue: DMA_NORMAL
2025-05-05 22:34:34,901 [INFO] Argument:325 - Argument : Priorityvalue: DMA_PRIORITY_LOW
2025-05-05 22:34:34,901 [INFO] Argument:335 - Argument : Priorityvalue: DMA_PRIORITY_LOW
2025-05-05 22:34:34,901 [INFO] Argument:325 - Argument : Lockvalue: null
2025-05-05 22:34:34,901 [INFO] Argument:335 - Argument : Lockvalue: null
2025-05-05 22:34:34,901 [INFO] Argument:325 - Argument : Statevalue: null
2025-05-05 22:34:34,901 [INFO] Argument:335 - Argument : Statevalue: null
2025-05-05 22:34:34,901 [INFO] Argument:325 - Argument : Parentvalue: null
2025-05-05 22:34:34,901 [INFO] Argument:335 - Argument : Parentvalue: null
2025-05-05 22:34:34,901 [INFO] Argument:325 - Argument : XferCpltCallbackvalue: null
2025-05-05 22:34:34,901 [INFO] Argument:335 - Argument : XferCpltCallbackvalue: null
2025-05-05 22:34:34,901 [INFO] Argument:325 - Argument : XferHalfCpltCallbackvalue: null
2025-05-05 22:34:34,901 [INFO] Argument:335 - Argument : XferHalfCpltCallbackvalue: null
2025-05-05 22:34:34,901 [INFO] Argument:325 - Argument : XferErrorCallbackvalue: null
2025-05-05 22:34:34,901 [INFO] Argument:335 - Argument : XferErrorCallbackvalue: null
2025-05-05 22:34:34,901 [INFO] Argument:325 - Argument : XferAbortCallbackvalue: null
2025-05-05 22:34:34,901 [INFO] Argument:335 - Argument : XferAbortCallbackvalue: null
2025-05-05 22:34:34,901 [INFO] Argument:325 - Argument : ErrorCodevalue: null
2025-05-05 22:34:34,902 [INFO] Argument:335 - Argument : ErrorCodevalue: null
2025-05-05 22:34:34,902 [INFO] Argument:325 - Argument : ChannelIndexvalue: null
2025-05-05 22:34:34,902 [INFO] Argument:335 - Argument : ChannelIndexvalue: null
2025-05-05 22:34:34,902 [INFO] Argument:325 - Argument : DMAmuxChannelvalue: null
2025-05-05 22:34:34,902 [INFO] Argument:335 - Argument : DMAmuxChannelvalue: null
2025-05-05 22:34:34,902 [INFO] Argument:325 - Argument : DMAmuxChannelStatusvalue: null
2025-05-05 22:34:34,902 [INFO] Argument:335 - Argument : DMAmuxChannelStatusvalue: null
2025-05-05 22:34:34,902 [INFO] Argument:325 - Argument : DMAmuxChannelStatusMaskvalue: null
2025-05-05 22:34:34,902 [INFO] Argument:335 - Argument : DMAmuxChannelStatusMaskvalue: null
2025-05-05 22:34:34,902 [INFO] Argument:325 - Argument : DMAmuxRequestGenvalue: null
2025-05-05 22:34:34,902 [INFO] Argument:335 - Argument : DMAmuxRequestGenvalue: null
2025-05-05 22:34:34,902 [INFO] Argument:325 - Argument : DMAmuxRequestGenStatusvalue: null
2025-05-05 22:34:34,902 [INFO] Argument:335 - Argument : DMAmuxRequestGenStatusvalue: null
2025-05-05 22:34:34,902 [INFO] Argument:325 - Argument : DMAmuxRequestGenStatusMaskvalue: null
2025-05-05 22:34:34,902 [INFO] Argument:335 - Argument : DMAmuxRequestGenStatusMaskvalue: null
2025-05-05 22:34:34,902 [INFO] Argument:325 - Argument : hdmavalue: null
2025-05-05 22:34:34,902 [INFO] Argument:327 - 	 sub Args: 
2025-05-05 22:34:34,902 [INFO] Argument:325 - Argument : Instancevalue: DMA1_Channel2
2025-05-05 22:34:34,902 [INFO] Argument:335 - Argument : Instancevalue: DMA1_Channel2
2025-05-05 22:34:34,902 [INFO] Argument:325 - Argument : Initvalue: null
2025-05-05 22:34:34,902 [INFO] Argument:327 - 	 sub Args: 
2025-05-05 22:34:34,902 [INFO] Argument:325 - Argument : Requestvalue: DMA_REQUEST_USART2_TX
2025-05-05 22:34:34,902 [INFO] Argument:335 - Argument : Requestvalue: DMA_REQUEST_USART2_TX
2025-05-05 22:34:34,902 [INFO] Argument:325 - Argument : Directionvalue: DMA_MEMORY_TO_PERIPH
2025-05-05 22:34:34,902 [INFO] Argument:335 - Argument : Directionvalue: DMA_MEMORY_TO_PERIPH
2025-05-05 22:34:34,902 [INFO] Argument:325 - Argument : PeriphIncvalue: DMA_PINC_DISABLE
2025-05-05 22:34:34,902 [INFO] Argument:335 - Argument : PeriphIncvalue: DMA_PINC_DISABLE
2025-05-05 22:34:34,902 [INFO] Argument:325 - Argument : MemIncvalue: DMA_MINC_ENABLE
2025-05-05 22:34:34,902 [INFO] Argument:335 - Argument : MemIncvalue: DMA_MINC_ENABLE
2025-05-05 22:34:34,902 [INFO] Argument:325 - Argument : PeriphDataAlignmentvalue: DMA_PDATAALIGN_BYTE
2025-05-05 22:34:34,902 [INFO] Argument:335 - Argument : PeriphDataAlignmentvalue: DMA_PDATAALIGN_BYTE
2025-05-05 22:34:34,902 [INFO] Argument:325 - Argument : MemDataAlignmentvalue: DMA_MDATAALIGN_BYTE
2025-05-05 22:34:34,902 [INFO] Argument:335 - Argument : MemDataAlignmentvalue: DMA_MDATAALIGN_BYTE
2025-05-05 22:34:34,902 [INFO] Argument:325 - Argument : Modevalue: DMA_NORMAL
2025-05-05 22:34:34,902 [INFO] Argument:335 - Argument : Modevalue: DMA_NORMAL
2025-05-05 22:34:34,902 [INFO] Argument:325 - Argument : Priorityvalue: DMA_PRIORITY_LOW
2025-05-05 22:34:34,902 [INFO] Argument:335 - Argument : Priorityvalue: DMA_PRIORITY_LOW
2025-05-05 22:34:34,902 [INFO] Argument:325 - Argument : Lockvalue: null
2025-05-05 22:34:34,902 [INFO] Argument:335 - Argument : Lockvalue: null
2025-05-05 22:34:34,902 [INFO] Argument:325 - Argument : Statevalue: null
2025-05-05 22:34:34,903 [INFO] Argument:335 - Argument : Statevalue: null
2025-05-05 22:34:34,903 [INFO] Argument:325 - Argument : Parentvalue: null
2025-05-05 22:34:34,903 [INFO] Argument:335 - Argument : Parentvalue: null
2025-05-05 22:34:34,903 [INFO] Argument:325 - Argument : XferCpltCallbackvalue: null
2025-05-05 22:34:34,903 [INFO] Argument:335 - Argument : XferCpltCallbackvalue: null
2025-05-05 22:34:34,903 [INFO] Argument:325 - Argument : XferHalfCpltCallbackvalue: null
2025-05-05 22:34:34,903 [INFO] Argument:335 - Argument : XferHalfCpltCallbackvalue: null
2025-05-05 22:34:34,903 [INFO] Argument:325 - Argument : XferErrorCallbackvalue: null
2025-05-05 22:34:34,903 [INFO] Argument:335 - Argument : XferErrorCallbackvalue: null
2025-05-05 22:34:34,903 [INFO] Argument:325 - Argument : XferAbortCallbackvalue: null
2025-05-05 22:34:34,903 [INFO] Argument:335 - Argument : XferAbortCallbackvalue: null
2025-05-05 22:34:34,903 [INFO] Argument:325 - Argument : ErrorCodevalue: null
2025-05-05 22:34:34,903 [INFO] Argument:335 - Argument : ErrorCodevalue: null
2025-05-05 22:34:34,903 [INFO] Argument:325 - Argument : ChannelIndexvalue: null
2025-05-05 22:34:34,903 [INFO] Argument:335 - Argument : ChannelIndexvalue: null
2025-05-05 22:34:34,903 [INFO] Argument:325 - Argument : DMAmuxChannelvalue: null
2025-05-05 22:34:34,903 [INFO] Argument:335 - Argument : DMAmuxChannelvalue: null
2025-05-05 22:34:34,903 [INFO] Argument:325 - Argument : DMAmuxChannelStatusvalue: null
2025-05-05 22:34:34,903 [INFO] Argument:335 - Argument : DMAmuxChannelStatusvalue: null
2025-05-05 22:34:34,903 [INFO] Argument:325 - Argument : DMAmuxChannelStatusMaskvalue: null
2025-05-05 22:34:34,903 [INFO] Argument:335 - Argument : DMAmuxChannelStatusMaskvalue: null
2025-05-05 22:34:34,903 [INFO] Argument:325 - Argument : DMAmuxRequestGenvalue: null
2025-05-05 22:34:34,903 [INFO] Argument:335 - Argument : DMAmuxRequestGenvalue: null
2025-05-05 22:34:34,903 [INFO] Argument:325 - Argument : DMAmuxRequestGenStatusvalue: null
2025-05-05 22:34:34,903 [INFO] Argument:335 - Argument : DMAmuxRequestGenStatusvalue: null
2025-05-05 22:34:34,903 [INFO] Argument:325 - Argument : DMAmuxRequestGenStatusMaskvalue: null
2025-05-05 22:34:34,903 [INFO] Argument:335 - Argument : DMAmuxRequestGenStatusMaskvalue: null
2025-05-05 22:34:34,938 [INFO] IP:3348 - RTE Config file name : RTE_Component
2025-05-05 22:34:34,938 [INFO] IP:3366 - RTE template : RTE_Components.ftl
2025-05-05 22:34:34,940 [INFO] CodeEngine:255 - oldGeneratedFile, /home/nikolai/Documents/NP1_DRONE/software/STM32/Flight Control Computer/MXTmpFiles/license.tmp_save
2025-05-05 22:34:34,975 [INFO] CodeEngine:279 - Generated code: /home/nikolai/Documents/NP1_DRONE/software/STM32/Flight Control Computer/MXTmpFiles/license.tmp
2025-05-05 22:34:35,018 [INFO] CodeEngine:255 - oldGeneratedFile, /home/nikolai/Documents/NP1_DRONE/software/STM32/Flight Control Computer/Core/Src/gpio.c_save
2025-05-05 22:34:35,056 [INFO] CodeEngine:279 - Generated code: /home/nikolai/Documents/NP1_DRONE/software/STM32/Flight Control Computer/Core/Src/gpio.c
2025-05-05 22:34:35,057 [INFO] CodeEngine:255 - oldGeneratedFile, /home/nikolai/Documents/NP1_DRONE/software/STM32/Flight Control Computer/Core/Inc/gpio.h_save
2025-05-05 22:34:35,089 [INFO] CodeEngine:279 - Generated code: /home/nikolai/Documents/NP1_DRONE/software/STM32/Flight Control Computer/Core/Inc/gpio.h
2025-05-05 22:34:35,166 [INFO] CodeEngine:255 - oldGeneratedFile, /home/nikolai/Documents/NP1_DRONE/software/STM32/Flight Control Computer/MXTmpFiles/usb_vars.tmp_save
2025-05-05 22:34:35,196 [INFO] CodeEngine:279 - Generated code: /home/nikolai/Documents/NP1_DRONE/software/STM32/Flight Control Computer/MXTmpFiles/usb_vars.tmp
2025-05-05 22:34:35,196 [INFO] CodeEngine:255 - oldGeneratedFile, /home/nikolai/Documents/NP1_DRONE/software/STM32/Flight Control Computer/MXTmpFiles/usb_inc.tmp_save
2025-05-05 22:34:35,226 [INFO] CodeEngine:279 - Generated code: /home/nikolai/Documents/NP1_DRONE/software/STM32/Flight Control Computer/MXTmpFiles/usb_inc.tmp
2025-05-05 22:34:35,227 [INFO] CodeEngine:255 - oldGeneratedFile, /home/nikolai/Documents/NP1_DRONE/software/STM32/Flight Control Computer/MXTmpFiles/usb_HalInit.tmp_save
2025-05-05 22:34:35,263 [INFO] CodeEngine:279 - Generated code: /home/nikolai/Documents/NP1_DRONE/software/STM32/Flight Control Computer/MXTmpFiles/usb_HalInit.tmp
2025-05-05 22:34:35,264 [INFO] CodeEngine:255 - oldGeneratedFile, /home/nikolai/Documents/NP1_DRONE/software/STM32/Flight Control Computer/MXTmpFiles/usb_Msp.tmp_save
2025-05-05 22:34:35,314 [INFO] CodeEngine:279 - Generated code: /home/nikolai/Documents/NP1_DRONE/software/STM32/Flight Control Computer/MXTmpFiles/usb_Msp.tmp
2025-05-05 22:34:35,901 [INFO] Middleware:1450 - No code input for Bsp Dependency
2025-05-05 22:34:35,903 [INFO] CodeEngine:255 - oldGeneratedFile, /home/nikolai/Documents/NP1_DRONE/software/STM32/Flight Control Computer/MXTmpFiles/rtos_inc.tmp_save
2025-05-05 22:34:35,933 [INFO] CodeEngine:279 - Generated code: /home/nikolai/Documents/NP1_DRONE/software/STM32/Flight Control Computer/MXTmpFiles/rtos_inc.tmp
2025-05-05 22:34:35,933 [INFO] CodeEngine:255 - oldGeneratedFile, /home/nikolai/Documents/NP1_DRONE/software/STM32/Flight Control Computer/MXTmpFiles/rtos_kernelInit.tmp_save
2025-05-05 22:34:35,964 [INFO] CodeEngine:279 - Generated code: /home/nikolai/Documents/NP1_DRONE/software/STM32/Flight Control Computer/MXTmpFiles/rtos_kernelInit.tmp
2025-05-05 22:34:35,965 [INFO] CodeEngine:255 - oldGeneratedFile, /home/nikolai/Documents/NP1_DRONE/software/STM32/Flight Control Computer/MXTmpFiles/rtos_kernelStart.tmp_save
2025-05-05 22:34:35,995 [INFO] CodeEngine:279 - Generated code: /home/nikolai/Documents/NP1_DRONE/software/STM32/Flight Control Computer/MXTmpFiles/rtos_kernelStart.tmp
2025-05-05 22:34:35,995 [INFO] CodeEngine:255 - oldGeneratedFile, /home/nikolai/Documents/NP1_DRONE/software/STM32/Flight Control Computer/MXTmpFiles/rtos_typedefs.tmp_save
2025-05-05 22:34:36,025 [INFO] CodeEngine:279 - Generated code: /home/nikolai/Documents/NP1_DRONE/software/STM32/Flight Control Computer/MXTmpFiles/rtos_typedefs.tmp
2025-05-05 22:34:36,025 [INFO] CodeEngine:255 - oldGeneratedFile, /home/nikolai/Documents/NP1_DRONE/software/STM32/Flight Control Computer/MXTmpFiles/rtos_vars.tmp_save
2025-05-05 22:34:36,058 [INFO] CodeEngine:279 - Generated code: /home/nikolai/Documents/NP1_DRONE/software/STM32/Flight Control Computer/MXTmpFiles/rtos_vars.tmp
2025-05-05 22:34:36,059 [INFO] CodeEngine:255 - oldGeneratedFile, /home/nikolai/Documents/NP1_DRONE/software/STM32/Flight Control Computer/MXTmpFiles/rtos_pfp.tmp_save
2025-05-05 22:34:36,089 [INFO] CodeEngine:279 - Generated code: /home/nikolai/Documents/NP1_DRONE/software/STM32/Flight Control Computer/MXTmpFiles/rtos_pfp.tmp
2025-05-05 22:34:36,090 [INFO] CodeEngine:255 - oldGeneratedFile, /home/nikolai/Documents/NP1_DRONE/software/STM32/Flight Control Computer/MXTmpFiles/rtos_obj_creat.tmp_save
2025-05-05 22:34:36,120 [INFO] CodeEngine:279 - Generated code: /home/nikolai/Documents/NP1_DRONE/software/STM32/Flight Control Computer/MXTmpFiles/rtos_obj_creat.tmp
2025-05-05 22:34:36,121 [INFO] CodeEngine:255 - oldGeneratedFile, /home/nikolai/Documents/NP1_DRONE/software/STM32/Flight Control Computer/MXTmpFiles/rtos_default_thread.tmp_save
2025-05-05 22:34:36,152 [INFO] CodeEngine:279 - Generated code: /home/nikolai/Documents/NP1_DRONE/software/STM32/Flight Control Computer/MXTmpFiles/rtos_default_thread.tmp
2025-05-05 22:34:36,152 [INFO] CodeEngine:255 - oldGeneratedFile, /home/nikolai/Documents/NP1_DRONE/software/STM32/Flight Control Computer/MXTmpFiles/rtos_threads.tmp_save
2025-05-05 22:34:36,181 [INFO] CodeEngine:279 - Generated code: /home/nikolai/Documents/NP1_DRONE/software/STM32/Flight Control Computer/MXTmpFiles/rtos_threads.tmp
2025-05-05 22:34:36,199 [INFO] Middleware:1450 - No code input for Bsp Dependency
2025-05-05 22:34:36,203 [INFO] Middleware:1450 - No code input for Bsp Dependency
2025-05-05 22:34:36,208 [INFO] Middleware:1450 - No code input for Bsp Dependency
2025-05-05 22:34:36,209 [INFO] CodeEngine:255 - oldGeneratedFile, /home/nikolai/Documents/NP1_DRONE/software/STM32/Flight Control Computer/MXTmpFiles/rtos_inc.tmp_save
2025-05-05 22:34:36,240 [INFO] CodeEngine:279 - Generated code: /home/nikolai/Documents/NP1_DRONE/software/STM32/Flight Control Computer/MXTmpFiles/rtos_inc.tmp
2025-05-05 22:34:36,241 [INFO] CodeEngine:255 - oldGeneratedFile, /home/nikolai/Documents/NP1_DRONE/software/STM32/Flight Control Computer/MXTmpFiles/rtos_kernelInit.tmp_save
2025-05-05 22:34:36,284 [INFO] CodeEngine:279 - Generated code: /home/nikolai/Documents/NP1_DRONE/software/STM32/Flight Control Computer/MXTmpFiles/rtos_kernelInit.tmp
2025-05-05 22:34:36,284 [INFO] CodeEngine:255 - oldGeneratedFile, /home/nikolai/Documents/NP1_DRONE/software/STM32/Flight Control Computer/MXTmpFiles/rtos_kernelStart.tmp_save
2025-05-05 22:34:36,336 [INFO] CodeEngine:279 - Generated code: /home/nikolai/Documents/NP1_DRONE/software/STM32/Flight Control Computer/MXTmpFiles/rtos_kernelStart.tmp
2025-05-05 22:34:36,337 [INFO] CodeEngine:255 - oldGeneratedFile, /home/nikolai/Documents/NP1_DRONE/software/STM32/Flight Control Computer/MXTmpFiles/rtos_typedefs.tmp_save
2025-05-05 22:34:36,372 [INFO] CodeEngine:279 - Generated code: /home/nikolai/Documents/NP1_DRONE/software/STM32/Flight Control Computer/MXTmpFiles/rtos_typedefs.tmp
2025-05-05 22:34:36,373 [INFO] CodeEngine:255 - oldGeneratedFile, /home/nikolai/Documents/NP1_DRONE/software/STM32/Flight Control Computer/MXTmpFiles/rtos_vars.tmp_save
2025-05-05 22:34:36,406 [INFO] CodeEngine:279 - Generated code: /home/nikolai/Documents/NP1_DRONE/software/STM32/Flight Control Computer/MXTmpFiles/rtos_vars.tmp
2025-05-05 22:34:36,406 [INFO] CodeEngine:255 - oldGeneratedFile, /home/nikolai/Documents/NP1_DRONE/software/STM32/Flight Control Computer/MXTmpFiles/rtos_pfp.tmp_save
2025-05-05 22:34:36,436 [INFO] CodeEngine:279 - Generated code: /home/nikolai/Documents/NP1_DRONE/software/STM32/Flight Control Computer/MXTmpFiles/rtos_pfp.tmp
2025-05-05 22:34:36,437 [INFO] CodeEngine:255 - oldGeneratedFile, /home/nikolai/Documents/NP1_DRONE/software/STM32/Flight Control Computer/MXTmpFiles/rtos_obj_creat.tmp_save
2025-05-05 22:34:36,468 [INFO] CodeEngine:279 - Generated code: /home/nikolai/Documents/NP1_DRONE/software/STM32/Flight Control Computer/MXTmpFiles/rtos_obj_creat.tmp
2025-05-05 22:34:36,469 [INFO] CodeEngine:255 - oldGeneratedFile, /home/nikolai/Documents/NP1_DRONE/software/STM32/Flight Control Computer/MXTmpFiles/rtos_default_thread.tmp_save
2025-05-05 22:34:36,497 [INFO] CodeEngine:279 - Generated code: /home/nikolai/Documents/NP1_DRONE/software/STM32/Flight Control Computer/MXTmpFiles/rtos_default_thread.tmp
2025-05-05 22:34:36,498 [INFO] CodeEngine:255 - oldGeneratedFile, /home/nikolai/Documents/NP1_DRONE/software/STM32/Flight Control Computer/MXTmpFiles/rtos_threads.tmp_save
2025-05-05 22:34:36,527 [INFO] CodeEngine:279 - Generated code: /home/nikolai/Documents/NP1_DRONE/software/STM32/Flight Control Computer/MXTmpFiles/rtos_threads.tmp
2025-05-05 22:34:36,528 [INFO] CodeEngine:255 - oldGeneratedFile, /home/nikolai/Documents/NP1_DRONE/software/STM32/Flight Control Computer/Core/Inc/FreeRTOSConfig.h_save
2025-05-05 22:34:36,568 [INFO] CodeEngine:279 - Generated code: /home/nikolai/Documents/NP1_DRONE/software/STM32/Flight Control Computer/Core/Inc/FreeRTOSConfig.h
2025-05-05 22:34:36,569 [INFO] CodeEngine:255 - oldGeneratedFile, /home/nikolai/Documents/NP1_DRONE/software/STM32/Flight Control Computer/Core/Src/app_freertos.c_save
2025-05-05 22:34:36,612 [INFO] CodeEngine:279 - Generated code: /home/nikolai/Documents/NP1_DRONE/software/STM32/Flight Control Computer/Core/Src/app_freertos.c
2025-05-05 22:34:36,614 [INFO] CodeEngine:255 - oldGeneratedFile, /home/nikolai/Documents/NP1_DRONE/software/STM32/Flight Control Computer/Core/Src/crc.c_save
2025-05-05 22:34:36,655 [INFO] CodeEngine:279 - Generated code: /home/nikolai/Documents/NP1_DRONE/software/STM32/Flight Control Computer/Core/Src/crc.c
2025-05-05 22:34:36,655 [INFO] CodeEngine:255 - oldGeneratedFile, /home/nikolai/Documents/NP1_DRONE/software/STM32/Flight Control Computer/Core/Inc/crc.h_save
2025-05-05 22:34:36,685 [INFO] CodeEngine:279 - Generated code: /home/nikolai/Documents/NP1_DRONE/software/STM32/Flight Control Computer/Core/Inc/crc.h
2025-05-05 22:34:36,721 [INFO] CodeEngine:255 - oldGeneratedFile, /home/nikolai/Documents/NP1_DRONE/software/STM32/Flight Control Computer/Core/Src/dma.c_save
2025-05-05 22:34:36,753 [INFO] CodeEngine:279 - Generated code: /home/nikolai/Documents/NP1_DRONE/software/STM32/Flight Control Computer/Core/Src/dma.c
2025-05-05 22:34:36,753 [INFO] CodeEngine:255 - oldGeneratedFile, /home/nikolai/Documents/NP1_DRONE/software/STM32/Flight Control Computer/Core/Inc/dma.h_save
2025-05-05 22:34:36,782 [INFO] CodeEngine:279 - Generated code: /home/nikolai/Documents/NP1_DRONE/software/STM32/Flight Control Computer/Core/Inc/dma.h
2025-05-05 22:34:36,784 [INFO] CodeEngine:255 - oldGeneratedFile, /home/nikolai/Documents/NP1_DRONE/software/STM32/Flight Control Computer/Core/Src/fdcan.c_save
2025-05-05 22:34:36,831 [INFO] CodeEngine:279 - Generated code: /home/nikolai/Documents/NP1_DRONE/software/STM32/Flight Control Computer/Core/Src/fdcan.c
2025-05-05 22:34:36,831 [INFO] CodeEngine:255 - oldGeneratedFile, /home/nikolai/Documents/NP1_DRONE/software/STM32/Flight Control Computer/Core/Inc/fdcan.h_save
2025-05-05 22:34:36,864 [INFO] CodeEngine:279 - Generated code: /home/nikolai/Documents/NP1_DRONE/software/STM32/Flight Control Computer/Core/Inc/fdcan.h
2025-05-05 22:34:36,865 [INFO] CodeEngine:255 - oldGeneratedFile, /home/nikolai/Documents/NP1_DRONE/software/STM32/Flight Control Computer/Core/Src/i2c.c_save
2025-05-05 22:34:36,910 [INFO] CodeEngine:279 - Generated code: /home/nikolai/Documents/NP1_DRONE/software/STM32/Flight Control Computer/Core/Src/i2c.c
2025-05-05 22:34:36,910 [INFO] CodeEngine:255 - oldGeneratedFile, /home/nikolai/Documents/NP1_DRONE/software/STM32/Flight Control Computer/Core/Inc/i2c.h_save
2025-05-05 22:34:36,940 [INFO] CodeEngine:279 - Generated code: /home/nikolai/Documents/NP1_DRONE/software/STM32/Flight Control Computer/Core/Inc/i2c.h
2025-05-05 22:34:36,941 [INFO] CodeEngine:255 - oldGeneratedFile, /home/nikolai/Documents/NP1_DRONE/software/STM32/Flight Control Computer/Core/Src/spi.c_save
2025-05-05 22:34:36,984 [INFO] CodeEngine:279 - Generated code: /home/nikolai/Documents/NP1_DRONE/software/STM32/Flight Control Computer/Core/Src/spi.c
2025-05-05 22:34:36,984 [INFO] CodeEngine:255 - oldGeneratedFile, /home/nikolai/Documents/NP1_DRONE/software/STM32/Flight Control Computer/Core/Inc/spi.h_save
2025-05-05 22:34:37,015 [INFO] CodeEngine:279 - Generated code: /home/nikolai/Documents/NP1_DRONE/software/STM32/Flight Control Computer/Core/Inc/spi.h
2025-05-05 22:34:37,036 [INFO] Middleware:1450 - No code input for Bsp Dependency
2025-05-05 22:34:37,037 [INFO] CodeEngine:255 - oldGeneratedFile, /home/nikolai/Documents/NP1_DRONE/software/STM32/Flight Control Computer/Core/Src/tim.c_save
2025-05-05 22:34:37,082 [INFO] CodeEngine:279 - Generated code: /home/nikolai/Documents/NP1_DRONE/software/STM32/Flight Control Computer/Core/Src/tim.c
2025-05-05 22:34:37,083 [INFO] CodeEngine:255 - oldGeneratedFile, /home/nikolai/Documents/NP1_DRONE/software/STM32/Flight Control Computer/Core/Inc/tim.h_save
2025-05-05 22:34:37,113 [INFO] CodeEngine:279 - Generated code: /home/nikolai/Documents/NP1_DRONE/software/STM32/Flight Control Computer/Core/Inc/tim.h
2025-05-05 22:34:37,115 [INFO] CodeEngine:255 - oldGeneratedFile, /home/nikolai/Documents/NP1_DRONE/software/STM32/Flight Control Computer/Core/Src/usart.c_save
2025-05-05 22:34:37,162 [INFO] CodeEngine:279 - Generated code: /home/nikolai/Documents/NP1_DRONE/software/STM32/Flight Control Computer/Core/Src/usart.c
2025-05-05 22:34:37,163 [INFO] CodeEngine:255 - oldGeneratedFile, /home/nikolai/Documents/NP1_DRONE/software/STM32/Flight Control Computer/Core/Inc/usart.h_save
2025-05-05 22:34:37,195 [INFO] CodeEngine:279 - Generated code: /home/nikolai/Documents/NP1_DRONE/software/STM32/Flight Control Computer/Core/Inc/usart.h
2025-05-05 22:34:37,199 [INFO] Middleware:1450 - No code input for Bsp Dependency
2025-05-05 22:34:37,201 [INFO] CodeEngine:255 - oldGeneratedFile, /home/nikolai/Documents/NP1_DRONE/software/STM32/Flight Control Computer/USB_Device/App/usb_device.c_save
2025-05-05 22:34:37,236 [INFO] CodeEngine:279 - Generated code: /home/nikolai/Documents/NP1_DRONE/software/STM32/Flight Control Computer/USB_Device/App/usb_device.c
2025-05-05 22:34:37,236 [INFO] CodeEngine:255 - oldGeneratedFile, /home/nikolai/Documents/NP1_DRONE/software/STM32/Flight Control Computer/USB_Device/App/usb_device.h_save
2025-05-05 22:34:37,268 [INFO] CodeEngine:279 - Generated code: /home/nikolai/Documents/NP1_DRONE/software/STM32/Flight Control Computer/USB_Device/App/usb_device.h
2025-05-05 22:34:37,268 [INFO] CodeEngine:255 - oldGeneratedFile, /home/nikolai/Documents/NP1_DRONE/software/STM32/Flight Control Computer/USB_Device/Target/usbd_conf.h_save
2025-05-05 22:34:37,299 [INFO] CodeEngine:279 - Generated code: /home/nikolai/Documents/NP1_DRONE/software/STM32/Flight Control Computer/USB_Device/Target/usbd_conf.h
2025-05-05 22:34:37,300 [INFO] CodeEngine:255 - oldGeneratedFile, /home/nikolai/Documents/NP1_DRONE/software/STM32/Flight Control Computer/USB_Device/Target/usbd_conf.c_save
2025-05-05 22:34:37,347 [INFO] CodeEngine:279 - Generated code: /home/nikolai/Documents/NP1_DRONE/software/STM32/Flight Control Computer/USB_Device/Target/usbd_conf.c
2025-05-05 22:34:37,348 [INFO] CodeEngine:255 - oldGeneratedFile, /home/nikolai/Documents/NP1_DRONE/software/STM32/Flight Control Computer/USB_Device/App/usbd_desc.h_save
2025-05-05 22:34:37,381 [INFO] CodeEngine:279 - Generated code: /home/nikolai/Documents/NP1_DRONE/software/STM32/Flight Control Computer/USB_Device/App/usbd_desc.h
2025-05-05 22:34:37,381 [INFO] CodeEngine:255 - oldGeneratedFile, /home/nikolai/Documents/NP1_DRONE/software/STM32/Flight Control Computer/USB_Device/App/usbd_desc.c_save
2025-05-05 22:34:37,415 [INFO] CodeEngine:279 - Generated code: /home/nikolai/Documents/NP1_DRONE/software/STM32/Flight Control Computer/USB_Device/App/usbd_desc.c
2025-05-05 22:34:37,416 [INFO] CodeEngine:255 - oldGeneratedFile, /home/nikolai/Documents/NP1_DRONE/software/STM32/Flight Control Computer/USB_Device/App/usbd_cdc_if.h_save
2025-05-05 22:34:37,447 [INFO] CodeEngine:279 - Generated code: /home/nikolai/Documents/NP1_DRONE/software/STM32/Flight Control Computer/USB_Device/App/usbd_cdc_if.h
2025-05-05 22:34:37,448 [INFO] CodeEngine:255 - oldGeneratedFile, /home/nikolai/Documents/NP1_DRONE/software/STM32/Flight Control Computer/USB_Device/App/usbd_cdc_if.c_save
2025-05-05 22:34:37,483 [INFO] CodeEngine:279 - Generated code: /home/nikolai/Documents/NP1_DRONE/software/STM32/Flight Control Computer/USB_Device/App/usbd_cdc_if.c
2025-05-05 22:34:37,490 [INFO] CodeEngine:255 - oldGeneratedFile, /home/nikolai/Documents/NP1_DRONE/software/STM32/Flight Control Computer/Core/Src/stm32g4xx_it.c_save
2025-05-05 22:34:37,531 [INFO] CodeEngine:279 - Generated code: /home/nikolai/Documents/NP1_DRONE/software/STM32/Flight Control Computer/Core/Src/stm32g4xx_it.c
2025-05-05 22:34:37,532 [INFO] CodeEngine:255 - oldGeneratedFile, /home/nikolai/Documents/NP1_DRONE/software/STM32/Flight Control Computer/Core/Inc/stm32g4xx_it.h_save
2025-05-05 22:34:37,564 [INFO] CodeEngine:279 - Generated code: /home/nikolai/Documents/NP1_DRONE/software/STM32/Flight Control Computer/Core/Inc/stm32g4xx_it.h
2025-05-05 22:34:37,573 [INFO] CodeEngine:255 - oldGeneratedFile, /home/nikolai/Documents/NP1_DRONE/software/STM32/Flight Control Computer/Core/Src/stm32g4xx_hal_msp.c_save
2025-05-05 22:34:37,617 [INFO] CodeEngine:279 - Generated code: /home/nikolai/Documents/NP1_DRONE/software/STM32/Flight Control Computer/Core/Src/stm32g4xx_hal_msp.c
2025-05-05 22:34:37,618 [INFO] CodeEngine:255 - oldGeneratedFile, /home/nikolai/Documents/NP1_DRONE/software/STM32/Flight Control Computer/MXTmpFiles/system.tmp_save
2025-05-05 22:34:37,648 [INFO] CodeEngine:279 - Generated code: /home/nikolai/Documents/NP1_DRONE/software/STM32/Flight Control Computer/MXTmpFiles/system.tmp
2025-05-05 22:34:37,648 [INFO] CodeEngine:255 - oldGeneratedFile, /home/nikolai/Documents/NP1_DRONE/software/STM32/Flight Control Computer/Core/Src/stm32g4xx_hal_timebase_tim.c_save
2025-05-05 22:34:37,680 [INFO] CodeEngine:279 - Generated code: /home/nikolai/Documents/NP1_DRONE/software/STM32/Flight Control Computer/Core/Src/stm32g4xx_hal_timebase_tim.c
2025-05-05 22:34:37,682 [INFO] CodeEngine:311 - oldGeneratedFile, /home/nikolai/Documents/NP1_DRONE/software/STM32/Flight Control Computer/Core/Inc/stm32g4xx_hal_conf.h_save
2025-05-05 22:34:37,714 [INFO] CodeEngine:335 - Generated code: /home/nikolai/Documents/NP1_DRONE/software/STM32/Flight Control Computer/Core/Inc/stm32g4xx_hal_conf.h
2025-05-05 22:34:37,721 [WARN] IPConfigManager:3034 - Warning: the RefConfig RCC_CommonPeriphClockConfig is not available in your config.xml file
2025-05-05 22:34:37,731 [INFO] CodeEngine:255 - oldGeneratedFile, /home/nikolai/Documents/NP1_DRONE/software/STM32/Flight Control Computer/Core/Inc/main.h_save
2025-05-05 22:34:37,761 [INFO] CodeEngine:279 - Generated code: /home/nikolai/Documents/NP1_DRONE/software/STM32/Flight Control Computer/Core/Inc/main.h
2025-05-05 22:34:37,762 [INFO] CodeEngine:255 - oldGeneratedFile, /home/nikolai/Documents/NP1_DRONE/software/STM32/Flight Control Computer/Core/Src/main.c_save
2025-05-05 22:34:37,805 [INFO] CodeEngine:279 - Generated code: /home/nikolai/Documents/NP1_DRONE/software/STM32/Flight Control Computer/Core/Src/main.c
2025-05-05 22:34:37,888 [INFO] ProjectBuilder:3289 - Time for Copy HAL[1] : 15mS.
2025-05-05 22:34:37,889 [WARN] ThirdPartyIpManager:480 - Condition 'CM0_GCC' not fulfilled in pack 'STMicroelectronics.X-CUBE-MEMS1.11.1.0'
2025-05-05 22:34:37,889 [WARN] ThirdPartyIpManager:480 - Condition 'CM0_IAR' not fulfilled in pack 'STMicroelectronics.X-CUBE-MEMS1.11.1.0'
2025-05-05 22:34:37,889 [WARN] ThirdPartyIpManager:480 - Condition 'CM0_Keil' not fulfilled in pack 'STMicroelectronics.X-CUBE-MEMS1.11.1.0'
2025-05-05 22:34:37,889 [WARN] ThirdPartyIpManager:480 - Condition 'CM3_GCC' not fulfilled in pack 'STMicroelectronics.X-CUBE-MEMS1.11.1.0'
2025-05-05 22:34:37,889 [WARN] ThirdPartyIpManager:480 - Condition 'CM3_IAR' not fulfilled in pack 'STMicroelectronics.X-CUBE-MEMS1.11.1.0'
2025-05-05 22:34:37,889 [WARN] ThirdPartyIpManager:480 - Condition 'CM3_Keil' not fulfilled in pack 'STMicroelectronics.X-CUBE-MEMS1.11.1.0'
2025-05-05 22:34:37,889 [WARN] ThirdPartyIpManager:480 - Condition 'CM4_IAR' not fulfilled in pack 'STMicroelectronics.X-CUBE-MEMS1.11.1.0'
2025-05-05 22:34:37,889 [WARN] ThirdPartyIpManager:480 - Condition 'CM4_Keil' not fulfilled in pack 'STMicroelectronics.X-CUBE-MEMS1.11.1.0'
2025-05-05 22:34:37,889 [WARN] ThirdPartyIpManager:480 - Condition 'CM4_GCC_NoFPU' not fulfilled in pack 'STMicroelectronics.X-CUBE-MEMS1.11.1.0'
2025-05-05 22:34:37,889 [WARN] ThirdPartyIpManager:480 - Condition 'CM4_IAR_NoFPU' not fulfilled in pack 'STMicroelectronics.X-CUBE-MEMS1.11.1.0'
2025-05-05 22:34:37,889 [WARN] ThirdPartyIpManager:480 - Condition 'CM4_Keil_NoFPU' not fulfilled in pack 'STMicroelectronics.X-CUBE-MEMS1.11.1.0'
2025-05-05 22:34:37,889 [WARN] ThirdPartyIpManager:480 - Condition 'CM7_GCC' not fulfilled in pack 'STMicroelectronics.X-CUBE-MEMS1.11.1.0'
2025-05-05 22:34:37,889 [WARN] ThirdPartyIpManager:480 - Condition 'CM7_IAR' not fulfilled in pack 'STMicroelectronics.X-CUBE-MEMS1.11.1.0'
2025-05-05 22:34:37,889 [WARN] ThirdPartyIpManager:480 - Condition 'CM7_Keil' not fulfilled in pack 'STMicroelectronics.X-CUBE-MEMS1.11.1.0'
2025-05-05 22:34:37,889 [WARN] ThirdPartyIpManager:480 - Condition 'CM33_GCC' not fulfilled in pack 'STMicroelectronics.X-CUBE-MEMS1.11.1.0'
2025-05-05 22:34:37,889 [WARN] ThirdPartyIpManager:480 - Condition 'CM33_IAR' not fulfilled in pack 'STMicroelectronics.X-CUBE-MEMS1.11.1.0'
2025-05-05 22:34:37,889 [WARN] ThirdPartyIpManager:480 - Condition 'CM33_Keil' not fulfilled in pack 'STMicroelectronics.X-CUBE-MEMS1.11.1.0'
2025-05-05 22:34:37,890 [INFO] ProjectBuilder:9095 - Time for Copy ThirdParty[1] : 1mS.
2025-05-05 22:34:37,891 [INFO] ProjectBuilder:4876 - Project Generator version: 4.5.0-RC5
2025-05-05 22:34:37,939 [INFO] ConfigFileManager:1579 - The Die is : DIE469
2025-05-05 22:34:38,437 [INFO] ProjectBuilder:5154 - Time for Generating toolchain IDE Files: 546mS.
2025-05-05 22:34:38,437 [INFO] ProjectBuilder:3146 - Time for Copy CMSIS : 0mS.
2025-05-05 22:34:38,438 [INFO] ProjectBuilder:3146 - Time for Copy CMSIS : 0mS.
