2025-03-07 00:05:41,553 [INFO] TasksAndQueuesTab:757 - Static
2025-03-07 00:05:41,555 [INFO] TasksAndQueuesTab:757 - Static
2025-03-07 00:05:41,555 [INFO] TasksAndQueuesTab:757 - Static
2025-03-07 00:05:41,555 [INFO] TasksAndQueuesTab:757 - Static
2025-03-07 00:05:41,555 [INFO] TasksAndQueuesTab:757 - Static
2025-03-07 00:05:41,555 [INFO] TasksAndQueuesTab:757 - Static
2025-03-07 00:15:08,651 [INFO] EditThreadDialog:704 - RAM SIZE (in KB): 128
2025-03-07 00:15:08,651 [INFO] EditThreadDialog:706 - RAM SIZE (in words): 32768
2025-03-07 00:15:12,757 [INFO] TasksAndQueuesTab:757 - Static
2025-03-07 00:15:12,757 [INFO] TasksAndQueuesTab:757 - Static
2025-03-07 00:15:12,757 [INFO] TasksAndQueuesTab:757 - Static
2025-03-07 00:15:12,757 [INFO] TasksAndQueuesTab:757 - Static
2025-03-07 00:15:12,757 [INFO] TasksAndQueuesTab:757 - Static
2025-03-07 00:15:12,757 [INFO] TasksAndQueuesTab:757 - Static
2025-03-07 00:15:18,208 [INFO] UtilMem:75 - End SaveConfig() Used Memory: 536721400 Bytes (835715072)
2025-03-07 00:15:18,372 [INFO] UtilMem:75 - End SaveConfig() Used Memory: 554546480 Bytes (835715072)
2025-03-07 00:15:18,773 [INFO] UtilMem:75 - End SaveConfig() Used Memory: 593343976 Bytes (835715072)
2025-03-07 00:15:19,037 [INFO] BlockDiagram:2766 - set Specific Code input for plugin: SPI
2025-03-07 00:15:19,038 [INFO] BlockDiagram:2766 - set Specific Code input for plugin: FDCAN
2025-03-07 00:15:19,038 [INFO] BlockDiagram:2766 - set Specific Code input for plugin: FREERTOS
2025-03-07 00:15:19,038 [INFO] BlockDiagram:2766 - set Specific Code input for plugin: USB_Device
2025-03-07 00:15:19,038 [INFO] BlockDiagram:2766 - set Specific Code input for plugin: SYS
2025-03-07 00:15:19,038 [INFO] BlockDiagram:2766 - set Specific Code input for plugin: RCC
2025-03-07 00:15:19,038 [INFO] BlockDiagram:2766 - set Specific Code input for plugin: CRC
2025-03-07 00:15:19,038 [INFO] BlockDiagram:2766 - set Specific Code input for plugin: I2C
2025-03-07 00:15:19,038 [INFO] BlockDiagram:2766 - set Specific Code input for plugin: NVIC
2025-03-07 00:15:19,039 [INFO] BlockDiagram:2766 - set Specific Code input for plugin: USART
2025-03-07 00:15:19,039 [INFO] BlockDiagram:2766 - set Specific Code input for plugin: TIM1_8G4
2025-03-07 00:15:19,039 [INFO] BlockDiagram:2766 - set Specific Code input for plugin: USB
2025-03-07 00:15:19,039 [INFO] BlockDiagram:2766 - set Specific Code input for plugin: STMicroelectronics.X-CUBE-MEMS1.11.1.0
2025-03-07 00:15:19,039 [INFO] BlockDiagram:2766 - set Specific Code input for plugin: GPIO
2025-03-07 00:15:19,039 [INFO] BlockDiagram:2766 - set Specific Code input for plugin: FDCAN
2025-03-07 00:15:19,040 [WARN] ThirdPartyIpManager:480 - Condition 'CM0_GCC' not fulfilled in pack 'STMicroelectronics.X-CUBE-MEMS1.11.1.0'
2025-03-07 00:15:19,041 [WARN] ThirdPartyIpManager:480 - Condition 'CM0_IAR' not fulfilled in pack 'STMicroelectronics.X-CUBE-MEMS1.11.1.0'
2025-03-07 00:15:19,041 [WARN] ThirdPartyIpManager:480 - Condition 'CM0_Keil' not fulfilled in pack 'STMicroelectronics.X-CUBE-MEMS1.11.1.0'
2025-03-07 00:15:19,041 [WARN] ThirdPartyIpManager:480 - Condition 'CM3_GCC' not fulfilled in pack 'STMicroelectronics.X-CUBE-MEMS1.11.1.0'
2025-03-07 00:15:19,041 [WARN] ThirdPartyIpManager:480 - Condition 'CM3_IAR' not fulfilled in pack 'STMicroelectronics.X-CUBE-MEMS1.11.1.0'
2025-03-07 00:15:19,041 [WARN] ThirdPartyIpManager:480 - Condition 'CM3_Keil' not fulfilled in pack 'STMicroelectronics.X-CUBE-MEMS1.11.1.0'
2025-03-07 00:15:19,041 [WARN] ThirdPartyIpManager:480 - Condition 'CM4_IAR' not fulfilled in pack 'STMicroelectronics.X-CUBE-MEMS1.11.1.0'
2025-03-07 00:15:19,042 [WARN] ThirdPartyIpManager:480 - Condition 'CM4_Keil' not fulfilled in pack 'STMicroelectronics.X-CUBE-MEMS1.11.1.0'
2025-03-07 00:15:19,042 [WARN] ThirdPartyIpManager:480 - Condition 'CM4_GCC_NoFPU' not fulfilled in pack 'STMicroelectronics.X-CUBE-MEMS1.11.1.0'
2025-03-07 00:15:19,042 [WARN] ThirdPartyIpManager:480 - Condition 'CM4_IAR_NoFPU' not fulfilled in pack 'STMicroelectronics.X-CUBE-MEMS1.11.1.0'
2025-03-07 00:15:19,042 [WARN] ThirdPartyIpManager:480 - Condition 'CM4_Keil_NoFPU' not fulfilled in pack 'STMicroelectronics.X-CUBE-MEMS1.11.1.0'
2025-03-07 00:15:19,042 [WARN] ThirdPartyIpManager:480 - Condition 'CM7_GCC' not fulfilled in pack 'STMicroelectronics.X-CUBE-MEMS1.11.1.0'
2025-03-07 00:15:19,043 [WARN] ThirdPartyIpManager:480 - Condition 'CM7_IAR' not fulfilled in pack 'STMicroelectronics.X-CUBE-MEMS1.11.1.0'
2025-03-07 00:15:19,043 [WARN] ThirdPartyIpManager:480 - Condition 'CM7_Keil' not fulfilled in pack 'STMicroelectronics.X-CUBE-MEMS1.11.1.0'
2025-03-07 00:15:19,043 [WARN] ThirdPartyIpManager:480 - Condition 'CM33_GCC' not fulfilled in pack 'STMicroelectronics.X-CUBE-MEMS1.11.1.0'
2025-03-07 00:15:19,043 [WARN] ThirdPartyIpManager:480 - Condition 'CM33_IAR' not fulfilled in pack 'STMicroelectronics.X-CUBE-MEMS1.11.1.0'
2025-03-07 00:15:19,043 [WARN] ThirdPartyIpManager:480 - Condition 'CM33_Keil' not fulfilled in pack 'STMicroelectronics.X-CUBE-MEMS1.11.1.0'
2025-03-07 00:15:19,044 [INFO] CodeGenerator:896 - code generatio: config db path: /opt/st/stm32cubeide_1.17.0_2/plugins/com.st.stm32cube.common.mx_6.13.0.202411220809//db/
2025-03-07 00:15:19,050 [WARN] IP:2251 - MessageRAMOffset not found: check if there is a RefParameter without a condition.
2025-03-07 00:15:19,050 [WARN] IP:2251 - RxFifo0ElmtsNbr not found: check if there is a RefParameter without a condition.
2025-03-07 00:15:19,050 [WARN] IP:2251 - RxFifo0ElmtSize not found: check if there is a RefParameter without a condition.
2025-03-07 00:15:19,051 [WARN] IP:2251 - RxFifo1ElmtsNbr not found: check if there is a RefParameter without a condition.
2025-03-07 00:15:19,051 [WARN] IP:2251 - RxFifo1ElmtSize not found: check if there is a RefParameter without a condition.
2025-03-07 00:15:19,051 [WARN] IP:2251 - RxBuffersNbr not found: check if there is a RefParameter without a condition.
2025-03-07 00:15:19,051 [WARN] IP:2251 - RxBufferSize not found: check if there is a RefParameter without a condition.
2025-03-07 00:15:19,051 [WARN] IP:2251 - TxEventsNbr not found: check if there is a RefParameter without a condition.
2025-03-07 00:15:19,051 [WARN] IP:2251 - TxBuffersNbr not found: check if there is a RefParameter without a condition.
2025-03-07 00:15:19,051 [WARN] IP:2251 - TxFifoQueueElmtsNbr not found: check if there is a RefParameter without a condition.
2025-03-07 00:15:19,051 [WARN] IP:2251 - TxElmtSize not found: check if there is a RefParameter without a condition.
2025-03-07 00:15:19,051 [WARN] IP:2251 - ClockCalibrationCCU not found: check if there is a RefParameter without a condition.
2025-03-07 00:15:19,051 [WARN] IP:2251 - ClockDividerCCU not found: check if there is a RefParameter without a condition.
2025-03-07 00:15:19,051 [WARN] IP:2251 - MinOscClkPeriodsCCU not found: check if there is a RefParameter without a condition.
2025-03-07 00:15:19,051 [WARN] IP:2251 - TimeQuantaPerBitTimeCCU not found: check if there is a RefParameter without a condition.
2025-03-07 00:15:19,051 [WARN] IP:2251 - WatchdogStartValueCCU not found: check if there is a RefParameter without a condition.
2025-03-07 00:15:19,054 [WARN] IP:2251 - MessageRAMOffset not found: check if there is a RefParameter without a condition.
2025-03-07 00:15:19,054 [WARN] IP:2251 - RxFifo0ElmtsNbr not found: check if there is a RefParameter without a condition.
2025-03-07 00:15:19,054 [WARN] IP:2251 - RxFifo0ElmtSize not found: check if there is a RefParameter without a condition.
2025-03-07 00:15:19,054 [WARN] IP:2251 - RxFifo1ElmtsNbr not found: check if there is a RefParameter without a condition.
2025-03-07 00:15:19,054 [WARN] IP:2251 - RxFifo1ElmtSize not found: check if there is a RefParameter without a condition.
2025-03-07 00:15:19,054 [WARN] IP:2251 - RxBuffersNbr not found: check if there is a RefParameter without a condition.
2025-03-07 00:15:19,054 [WARN] IP:2251 - RxBufferSize not found: check if there is a RefParameter without a condition.
2025-03-07 00:15:19,054 [WARN] IP:2251 - TxEventsNbr not found: check if there is a RefParameter without a condition.
2025-03-07 00:15:19,055 [WARN] IP:2251 - TxBuffersNbr not found: check if there is a RefParameter without a condition.
2025-03-07 00:15:19,055 [WARN] IP:2251 - TxFifoQueueElmtsNbr not found: check if there is a RefParameter without a condition.
2025-03-07 00:15:19,055 [WARN] IP:2251 - TxElmtSize not found: check if there is a RefParameter without a condition.
2025-03-07 00:15:19,055 [WARN] IP:2251 - ClockCalibrationCCU not found: check if there is a RefParameter without a condition.
2025-03-07 00:15:19,055 [WARN] IP:2251 - ClockDividerCCU not found: check if there is a RefParameter without a condition.
2025-03-07 00:15:19,055 [WARN] IP:2251 - MinOscClkPeriodsCCU not found: check if there is a RefParameter without a condition.
2025-03-07 00:15:19,055 [WARN] IP:2251 - TimeQuantaPerBitTimeCCU not found: check if there is a RefParameter without a condition.
2025-03-07 00:15:19,055 [WARN] IP:2251 - WatchdogStartValueCCU not found: check if there is a RefParameter without a condition.
2025-03-07 00:15:19,146 [INFO] IP:3348 - RTE Config file name : RTE_Component
2025-03-07 00:15:19,146 [INFO] IP:3366 - RTE template : RTE_Components.ftl
2025-03-07 00:15:19,147 [INFO] CodeEngine:255 - oldGeneratedFile, /home/nikolai/Documents/NP1_DRONE/software/STM32/Flight Control Computer/MXTmpFiles/license.tmp_save
2025-03-07 00:15:19,359 [INFO] CodeEngine:279 - Generated code: /home/nikolai/Documents/NP1_DRONE/software/STM32/Flight Control Computer/MXTmpFiles/license.tmp
2025-03-07 00:15:19,477 [INFO] CodeEngine:255 - oldGeneratedFile, /home/nikolai/Documents/NP1_DRONE/software/STM32/Flight Control Computer/Core/Src/gpio.c_save
2025-03-07 00:15:19,581 [INFO] CodeEngine:279 - Generated code: /home/nikolai/Documents/NP1_DRONE/software/STM32/Flight Control Computer/Core/Src/gpio.c
2025-03-07 00:15:19,584 [INFO] CodeEngine:255 - oldGeneratedFile, /home/nikolai/Documents/NP1_DRONE/software/STM32/Flight Control Computer/Core/Inc/gpio.h_save
2025-03-07 00:15:19,650 [INFO] CodeEngine:279 - Generated code: /home/nikolai/Documents/NP1_DRONE/software/STM32/Flight Control Computer/Core/Inc/gpio.h
2025-03-07 00:15:19,819 [INFO] CodeEngine:255 - oldGeneratedFile, /home/nikolai/Documents/NP1_DRONE/software/STM32/Flight Control Computer/MXTmpFiles/usb_vars.tmp_save
2025-03-07 00:15:19,878 [INFO] CodeEngine:279 - Generated code: /home/nikolai/Documents/NP1_DRONE/software/STM32/Flight Control Computer/MXTmpFiles/usb_vars.tmp
2025-03-07 00:15:19,879 [INFO] CodeEngine:255 - oldGeneratedFile, /home/nikolai/Documents/NP1_DRONE/software/STM32/Flight Control Computer/MXTmpFiles/usb_inc.tmp_save
2025-03-07 00:15:19,944 [INFO] CodeEngine:279 - Generated code: /home/nikolai/Documents/NP1_DRONE/software/STM32/Flight Control Computer/MXTmpFiles/usb_inc.tmp
2025-03-07 00:15:19,945 [INFO] CodeEngine:255 - oldGeneratedFile, /home/nikolai/Documents/NP1_DRONE/software/STM32/Flight Control Computer/MXTmpFiles/usb_HalInit.tmp_save
2025-03-07 00:15:20,008 [INFO] CodeEngine:279 - Generated code: /home/nikolai/Documents/NP1_DRONE/software/STM32/Flight Control Computer/MXTmpFiles/usb_HalInit.tmp
2025-03-07 00:15:20,009 [INFO] CodeEngine:255 - oldGeneratedFile, /home/nikolai/Documents/NP1_DRONE/software/STM32/Flight Control Computer/MXTmpFiles/usb_Msp.tmp_save
2025-03-07 00:15:20,060 [INFO] CodeEngine:279 - Generated code: /home/nikolai/Documents/NP1_DRONE/software/STM32/Flight Control Computer/MXTmpFiles/usb_Msp.tmp
2025-03-07 00:15:20,704 [INFO] Middleware:1450 - No code input for Bsp Dependency
2025-03-07 00:15:20,707 [INFO] CodeEngine:255 - oldGeneratedFile, /home/nikolai/Documents/NP1_DRONE/software/STM32/Flight Control Computer/MXTmpFiles/rtos_inc.tmp_save
2025-03-07 00:15:20,758 [INFO] CodeEngine:279 - Generated code: /home/nikolai/Documents/NP1_DRONE/software/STM32/Flight Control Computer/MXTmpFiles/rtos_inc.tmp
2025-03-07 00:15:20,759 [INFO] CodeEngine:255 - oldGeneratedFile, /home/nikolai/Documents/NP1_DRONE/software/STM32/Flight Control Computer/MXTmpFiles/rtos_kernelInit.tmp_save
2025-03-07 00:15:20,795 [INFO] CodeEngine:279 - Generated code: /home/nikolai/Documents/NP1_DRONE/software/STM32/Flight Control Computer/MXTmpFiles/rtos_kernelInit.tmp
2025-03-07 00:15:20,795 [INFO] CodeEngine:255 - oldGeneratedFile, /home/nikolai/Documents/NP1_DRONE/software/STM32/Flight Control Computer/MXTmpFiles/rtos_kernelStart.tmp_save
2025-03-07 00:15:20,833 [INFO] CodeEngine:279 - Generated code: /home/nikolai/Documents/NP1_DRONE/software/STM32/Flight Control Computer/MXTmpFiles/rtos_kernelStart.tmp
2025-03-07 00:15:20,834 [INFO] CodeEngine:255 - oldGeneratedFile, /home/nikolai/Documents/NP1_DRONE/software/STM32/Flight Control Computer/MXTmpFiles/rtos_typedefs.tmp_save
2025-03-07 00:15:20,871 [INFO] CodeEngine:279 - Generated code: /home/nikolai/Documents/NP1_DRONE/software/STM32/Flight Control Computer/MXTmpFiles/rtos_typedefs.tmp
2025-03-07 00:15:20,873 [INFO] CodeEngine:255 - oldGeneratedFile, /home/nikolai/Documents/NP1_DRONE/software/STM32/Flight Control Computer/MXTmpFiles/rtos_vars.tmp_save
2025-03-07 00:15:20,913 [INFO] CodeEngine:279 - Generated code: /home/nikolai/Documents/NP1_DRONE/software/STM32/Flight Control Computer/MXTmpFiles/rtos_vars.tmp
2025-03-07 00:15:20,913 [INFO] CodeEngine:255 - oldGeneratedFile, /home/nikolai/Documents/NP1_DRONE/software/STM32/Flight Control Computer/MXTmpFiles/rtos_pfp.tmp_save
2025-03-07 00:15:20,948 [INFO] CodeEngine:279 - Generated code: /home/nikolai/Documents/NP1_DRONE/software/STM32/Flight Control Computer/MXTmpFiles/rtos_pfp.tmp
2025-03-07 00:15:20,949 [INFO] CodeEngine:255 - oldGeneratedFile, /home/nikolai/Documents/NP1_DRONE/software/STM32/Flight Control Computer/MXTmpFiles/rtos_obj_creat.tmp_save
2025-03-07 00:15:20,988 [INFO] CodeEngine:279 - Generated code: /home/nikolai/Documents/NP1_DRONE/software/STM32/Flight Control Computer/MXTmpFiles/rtos_obj_creat.tmp
2025-03-07 00:15:20,989 [INFO] CodeEngine:255 - oldGeneratedFile, /home/nikolai/Documents/NP1_DRONE/software/STM32/Flight Control Computer/MXTmpFiles/rtos_default_thread.tmp_save
2025-03-07 00:15:21,025 [INFO] CodeEngine:279 - Generated code: /home/nikolai/Documents/NP1_DRONE/software/STM32/Flight Control Computer/MXTmpFiles/rtos_default_thread.tmp
2025-03-07 00:15:21,025 [INFO] CodeEngine:255 - oldGeneratedFile, /home/nikolai/Documents/NP1_DRONE/software/STM32/Flight Control Computer/MXTmpFiles/rtos_threads.tmp_save
2025-03-07 00:15:21,068 [INFO] CodeEngine:279 - Generated code: /home/nikolai/Documents/NP1_DRONE/software/STM32/Flight Control Computer/MXTmpFiles/rtos_threads.tmp
2025-03-07 00:15:21,096 [INFO] Middleware:1450 - No code input for Bsp Dependency
2025-03-07 00:15:21,101 [INFO] Middleware:1450 - No code input for Bsp Dependency
2025-03-07 00:15:21,106 [INFO] Middleware:1450 - No code input for Bsp Dependency
2025-03-07 00:15:21,108 [INFO] CodeEngine:255 - oldGeneratedFile, /home/nikolai/Documents/NP1_DRONE/software/STM32/Flight Control Computer/MXTmpFiles/rtos_inc.tmp_save
2025-03-07 00:15:21,144 [INFO] CodeEngine:279 - Generated code: /home/nikolai/Documents/NP1_DRONE/software/STM32/Flight Control Computer/MXTmpFiles/rtos_inc.tmp
2025-03-07 00:15:21,145 [INFO] CodeEngine:255 - oldGeneratedFile, /home/nikolai/Documents/NP1_DRONE/software/STM32/Flight Control Computer/MXTmpFiles/rtos_kernelInit.tmp_save
2025-03-07 00:15:21,178 [INFO] CodeEngine:279 - Generated code: /home/nikolai/Documents/NP1_DRONE/software/STM32/Flight Control Computer/MXTmpFiles/rtos_kernelInit.tmp
2025-03-07 00:15:21,179 [INFO] CodeEngine:255 - oldGeneratedFile, /home/nikolai/Documents/NP1_DRONE/software/STM32/Flight Control Computer/MXTmpFiles/rtos_kernelStart.tmp_save
2025-03-07 00:15:21,213 [INFO] CodeEngine:279 - Generated code: /home/nikolai/Documents/NP1_DRONE/software/STM32/Flight Control Computer/MXTmpFiles/rtos_kernelStart.tmp
2025-03-07 00:15:21,214 [INFO] CodeEngine:255 - oldGeneratedFile, /home/nikolai/Documents/NP1_DRONE/software/STM32/Flight Control Computer/MXTmpFiles/rtos_typedefs.tmp_save
2025-03-07 00:15:21,247 [INFO] CodeEngine:279 - Generated code: /home/nikolai/Documents/NP1_DRONE/software/STM32/Flight Control Computer/MXTmpFiles/rtos_typedefs.tmp
2025-03-07 00:15:21,248 [INFO] CodeEngine:255 - oldGeneratedFile, /home/nikolai/Documents/NP1_DRONE/software/STM32/Flight Control Computer/MXTmpFiles/rtos_vars.tmp_save
2025-03-07 00:15:21,283 [INFO] CodeEngine:279 - Generated code: /home/nikolai/Documents/NP1_DRONE/software/STM32/Flight Control Computer/MXTmpFiles/rtos_vars.tmp
2025-03-07 00:15:21,284 [INFO] CodeEngine:255 - oldGeneratedFile, /home/nikolai/Documents/NP1_DRONE/software/STM32/Flight Control Computer/MXTmpFiles/rtos_pfp.tmp_save
2025-03-07 00:15:21,319 [INFO] CodeEngine:279 - Generated code: /home/nikolai/Documents/NP1_DRONE/software/STM32/Flight Control Computer/MXTmpFiles/rtos_pfp.tmp
2025-03-07 00:15:21,320 [INFO] CodeEngine:255 - oldGeneratedFile, /home/nikolai/Documents/NP1_DRONE/software/STM32/Flight Control Computer/MXTmpFiles/rtos_obj_creat.tmp_save
2025-03-07 00:15:21,357 [INFO] CodeEngine:279 - Generated code: /home/nikolai/Documents/NP1_DRONE/software/STM32/Flight Control Computer/MXTmpFiles/rtos_obj_creat.tmp
2025-03-07 00:15:21,358 [INFO] CodeEngine:255 - oldGeneratedFile, /home/nikolai/Documents/NP1_DRONE/software/STM32/Flight Control Computer/MXTmpFiles/rtos_default_thread.tmp_save
2025-03-07 00:15:21,392 [INFO] CodeEngine:279 - Generated code: /home/nikolai/Documents/NP1_DRONE/software/STM32/Flight Control Computer/MXTmpFiles/rtos_default_thread.tmp
2025-03-07 00:15:21,392 [INFO] CodeEngine:255 - oldGeneratedFile, /home/nikolai/Documents/NP1_DRONE/software/STM32/Flight Control Computer/MXTmpFiles/rtos_threads.tmp_save
2025-03-07 00:15:21,429 [INFO] CodeEngine:279 - Generated code: /home/nikolai/Documents/NP1_DRONE/software/STM32/Flight Control Computer/MXTmpFiles/rtos_threads.tmp
2025-03-07 00:15:21,430 [INFO] CodeEngine:255 - oldGeneratedFile, /home/nikolai/Documents/NP1_DRONE/software/STM32/Flight Control Computer/Core/Inc/FreeRTOSConfig.h_save
2025-03-07 00:15:21,485 [INFO] CodeEngine:279 - Generated code: /home/nikolai/Documents/NP1_DRONE/software/STM32/Flight Control Computer/Core/Inc/FreeRTOSConfig.h
2025-03-07 00:15:21,486 [INFO] CodeEngine:255 - oldGeneratedFile, /home/nikolai/Documents/NP1_DRONE/software/STM32/Flight Control Computer/Core/Src/app_freertos.c_save
2025-03-07 00:15:21,536 [INFO] CodeEngine:279 - Generated code: /home/nikolai/Documents/NP1_DRONE/software/STM32/Flight Control Computer/Core/Src/app_freertos.c
2025-03-07 00:15:21,538 [INFO] CodeEngine:255 - oldGeneratedFile, /home/nikolai/Documents/NP1_DRONE/software/STM32/Flight Control Computer/Core/Src/crc.c_save
2025-03-07 00:15:21,595 [INFO] CodeEngine:279 - Generated code: /home/nikolai/Documents/NP1_DRONE/software/STM32/Flight Control Computer/Core/Src/crc.c
2025-03-07 00:15:21,596 [INFO] CodeEngine:255 - oldGeneratedFile, /home/nikolai/Documents/NP1_DRONE/software/STM32/Flight Control Computer/Core/Inc/crc.h_save
2025-03-07 00:15:21,628 [INFO] CodeEngine:279 - Generated code: /home/nikolai/Documents/NP1_DRONE/software/STM32/Flight Control Computer/Core/Inc/crc.h
2025-03-07 00:15:21,631 [INFO] CodeEngine:255 - oldGeneratedFile, /home/nikolai/Documents/NP1_DRONE/software/STM32/Flight Control Computer/Core/Src/fdcan.c_save
2025-03-07 00:15:21,685 [INFO] CodeEngine:279 - Generated code: /home/nikolai/Documents/NP1_DRONE/software/STM32/Flight Control Computer/Core/Src/fdcan.c
2025-03-07 00:15:21,686 [INFO] CodeEngine:255 - oldGeneratedFile, /home/nikolai/Documents/NP1_DRONE/software/STM32/Flight Control Computer/Core/Inc/fdcan.h_save
2025-03-07 00:15:21,718 [INFO] CodeEngine:279 - Generated code: /home/nikolai/Documents/NP1_DRONE/software/STM32/Flight Control Computer/Core/Inc/fdcan.h
2025-03-07 00:15:21,720 [INFO] CodeEngine:255 - oldGeneratedFile, /home/nikolai/Documents/NP1_DRONE/software/STM32/Flight Control Computer/Core/Src/i2c.c_save
2025-03-07 00:15:21,775 [INFO] CodeEngine:279 - Generated code: /home/nikolai/Documents/NP1_DRONE/software/STM32/Flight Control Computer/Core/Src/i2c.c
2025-03-07 00:15:21,776 [INFO] CodeEngine:255 - oldGeneratedFile, /home/nikolai/Documents/NP1_DRONE/software/STM32/Flight Control Computer/Core/Inc/i2c.h_save
2025-03-07 00:15:21,811 [INFO] CodeEngine:279 - Generated code: /home/nikolai/Documents/NP1_DRONE/software/STM32/Flight Control Computer/Core/Inc/i2c.h
2025-03-07 00:15:21,813 [INFO] CodeEngine:255 - oldGeneratedFile, /home/nikolai/Documents/NP1_DRONE/software/STM32/Flight Control Computer/Core/Src/spi.c_save
2025-03-07 00:15:21,867 [INFO] CodeEngine:279 - Generated code: /home/nikolai/Documents/NP1_DRONE/software/STM32/Flight Control Computer/Core/Src/spi.c
2025-03-07 00:15:21,867 [INFO] CodeEngine:255 - oldGeneratedFile, /home/nikolai/Documents/NP1_DRONE/software/STM32/Flight Control Computer/Core/Inc/spi.h_save
2025-03-07 00:15:21,901 [INFO] CodeEngine:279 - Generated code: /home/nikolai/Documents/NP1_DRONE/software/STM32/Flight Control Computer/Core/Inc/spi.h
2025-03-07 00:15:21,922 [INFO] Middleware:1450 - No code input for Bsp Dependency
2025-03-07 00:15:21,924 [INFO] CodeEngine:255 - oldGeneratedFile, /home/nikolai/Documents/NP1_DRONE/software/STM32/Flight Control Computer/Core/Src/tim.c_save
2025-03-07 00:15:21,976 [INFO] CodeEngine:279 - Generated code: /home/nikolai/Documents/NP1_DRONE/software/STM32/Flight Control Computer/Core/Src/tim.c
2025-03-07 00:15:21,977 [INFO] CodeEngine:255 - oldGeneratedFile, /home/nikolai/Documents/NP1_DRONE/software/STM32/Flight Control Computer/Core/Inc/tim.h_save
2025-03-07 00:15:22,017 [INFO] CodeEngine:279 - Generated code: /home/nikolai/Documents/NP1_DRONE/software/STM32/Flight Control Computer/Core/Inc/tim.h
2025-03-07 00:15:22,019 [INFO] CodeEngine:255 - oldGeneratedFile, /home/nikolai/Documents/NP1_DRONE/software/STM32/Flight Control Computer/Core/Src/usart.c_save
2025-03-07 00:15:22,069 [INFO] CodeEngine:279 - Generated code: /home/nikolai/Documents/NP1_DRONE/software/STM32/Flight Control Computer/Core/Src/usart.c
2025-03-07 00:15:22,070 [INFO] CodeEngine:255 - oldGeneratedFile, /home/nikolai/Documents/NP1_DRONE/software/STM32/Flight Control Computer/Core/Inc/usart.h_save
2025-03-07 00:15:22,105 [INFO] CodeEngine:279 - Generated code: /home/nikolai/Documents/NP1_DRONE/software/STM32/Flight Control Computer/Core/Inc/usart.h
2025-03-07 00:15:22,109 [INFO] Middleware:1450 - No code input for Bsp Dependency
2025-03-07 00:15:22,112 [INFO] CodeEngine:255 - oldGeneratedFile, /home/nikolai/Documents/NP1_DRONE/software/STM32/Flight Control Computer/USB_Device/App/usb_device.c_save
2025-03-07 00:15:22,166 [INFO] CodeEngine:279 - Generated code: /home/nikolai/Documents/NP1_DRONE/software/STM32/Flight Control Computer/USB_Device/App/usb_device.c
2025-03-07 00:15:22,166 [INFO] CodeEngine:255 - oldGeneratedFile, /home/nikolai/Documents/NP1_DRONE/software/STM32/Flight Control Computer/USB_Device/App/usb_device.h_save
2025-03-07 00:15:22,202 [INFO] CodeEngine:279 - Generated code: /home/nikolai/Documents/NP1_DRONE/software/STM32/Flight Control Computer/USB_Device/App/usb_device.h
2025-03-07 00:15:22,203 [INFO] CodeEngine:255 - oldGeneratedFile, /home/nikolai/Documents/NP1_DRONE/software/STM32/Flight Control Computer/USB_Device/Target/usbd_conf.h_save
2025-03-07 00:15:22,236 [INFO] CodeEngine:279 - Generated code: /home/nikolai/Documents/NP1_DRONE/software/STM32/Flight Control Computer/USB_Device/Target/usbd_conf.h
2025-03-07 00:15:22,237 [INFO] CodeEngine:255 - oldGeneratedFile, /home/nikolai/Documents/NP1_DRONE/software/STM32/Flight Control Computer/USB_Device/Target/usbd_conf.c_save
2025-03-07 00:15:22,304 [INFO] CodeEngine:279 - Generated code: /home/nikolai/Documents/NP1_DRONE/software/STM32/Flight Control Computer/USB_Device/Target/usbd_conf.c
2025-03-07 00:15:22,306 [INFO] CodeEngine:255 - oldGeneratedFile, /home/nikolai/Documents/NP1_DRONE/software/STM32/Flight Control Computer/USB_Device/App/usbd_desc.h_save
2025-03-07 00:15:22,374 [INFO] CodeEngine:279 - Generated code: /home/nikolai/Documents/NP1_DRONE/software/STM32/Flight Control Computer/USB_Device/App/usbd_desc.h
2025-03-07 00:15:22,375 [INFO] CodeEngine:255 - oldGeneratedFile, /home/nikolai/Documents/NP1_DRONE/software/STM32/Flight Control Computer/USB_Device/App/usbd_desc.c_save
2025-03-07 00:15:22,419 [INFO] CodeEngine:279 - Generated code: /home/nikolai/Documents/NP1_DRONE/software/STM32/Flight Control Computer/USB_Device/App/usbd_desc.c
2025-03-07 00:15:22,421 [INFO] CodeEngine:255 - oldGeneratedFile, /home/nikolai/Documents/NP1_DRONE/software/STM32/Flight Control Computer/USB_Device/App/usbd_cdc_if.h_save
2025-03-07 00:15:22,457 [INFO] CodeEngine:279 - Generated code: /home/nikolai/Documents/NP1_DRONE/software/STM32/Flight Control Computer/USB_Device/App/usbd_cdc_if.h
2025-03-07 00:15:22,458 [INFO] CodeEngine:255 - oldGeneratedFile, /home/nikolai/Documents/NP1_DRONE/software/STM32/Flight Control Computer/USB_Device/App/usbd_cdc_if.c_save
2025-03-07 00:15:22,502 [INFO] CodeEngine:279 - Generated code: /home/nikolai/Documents/NP1_DRONE/software/STM32/Flight Control Computer/USB_Device/App/usbd_cdc_if.c
2025-03-07 00:15:22,509 [INFO] CodeEngine:255 - oldGeneratedFile, /home/nikolai/Documents/NP1_DRONE/software/STM32/Flight Control Computer/Core/Src/stm32g4xx_it.c_save
2025-03-07 00:15:22,595 [INFO] CodeEngine:279 - Generated code: /home/nikolai/Documents/NP1_DRONE/software/STM32/Flight Control Computer/Core/Src/stm32g4xx_it.c
2025-03-07 00:15:22,596 [INFO] CodeEngine:255 - oldGeneratedFile, /home/nikolai/Documents/NP1_DRONE/software/STM32/Flight Control Computer/Core/Inc/stm32g4xx_it.h_save
2025-03-07 00:15:22,631 [INFO] CodeEngine:279 - Generated code: /home/nikolai/Documents/NP1_DRONE/software/STM32/Flight Control Computer/Core/Inc/stm32g4xx_it.h
2025-03-07 00:15:22,638 [INFO] CodeEngine:255 - oldGeneratedFile, /home/nikolai/Documents/NP1_DRONE/software/STM32/Flight Control Computer/Core/Src/stm32g4xx_hal_msp.c_save
2025-03-07 00:15:22,687 [INFO] CodeEngine:279 - Generated code: /home/nikolai/Documents/NP1_DRONE/software/STM32/Flight Control Computer/Core/Src/stm32g4xx_hal_msp.c
2025-03-07 00:15:22,688 [INFO] CodeEngine:255 - oldGeneratedFile, /home/nikolai/Documents/NP1_DRONE/software/STM32/Flight Control Computer/MXTmpFiles/system.tmp_save
2025-03-07 00:15:22,720 [INFO] CodeEngine:279 - Generated code: /home/nikolai/Documents/NP1_DRONE/software/STM32/Flight Control Computer/MXTmpFiles/system.tmp
2025-03-07 00:15:22,720 [INFO] CodeEngine:255 - oldGeneratedFile, /home/nikolai/Documents/NP1_DRONE/software/STM32/Flight Control Computer/Core/Src/stm32g4xx_hal_timebase_tim.c_save
2025-03-07 00:15:22,758 [INFO] CodeEngine:279 - Generated code: /home/nikolai/Documents/NP1_DRONE/software/STM32/Flight Control Computer/Core/Src/stm32g4xx_hal_timebase_tim.c
2025-03-07 00:15:22,760 [INFO] CodeEngine:311 - oldGeneratedFile, /home/nikolai/Documents/NP1_DRONE/software/STM32/Flight Control Computer/Core/Inc/stm32g4xx_hal_conf.h_save
2025-03-07 00:15:22,793 [INFO] CodeEngine:335 - Generated code: /home/nikolai/Documents/NP1_DRONE/software/STM32/Flight Control Computer/Core/Inc/stm32g4xx_hal_conf.h
2025-03-07 00:15:22,801 [WARN] IPConfigManager:3034 - Warning: the RefConfig RCC_CommonPeriphClockConfig is not available in your config.xml file
2025-03-07 00:15:22,811 [INFO] CodeEngine:255 - oldGeneratedFile, /home/nikolai/Documents/NP1_DRONE/software/STM32/Flight Control Computer/Core/Inc/main.h_save
2025-03-07 00:15:22,847 [INFO] CodeEngine:279 - Generated code: /home/nikolai/Documents/NP1_DRONE/software/STM32/Flight Control Computer/Core/Inc/main.h
2025-03-07 00:15:22,848 [INFO] CodeEngine:255 - oldGeneratedFile, /home/nikolai/Documents/NP1_DRONE/software/STM32/Flight Control Computer/Core/Src/main.c_save
2025-03-07 00:15:22,896 [INFO] CodeEngine:279 - Generated code: /home/nikolai/Documents/NP1_DRONE/software/STM32/Flight Control Computer/Core/Src/main.c
2025-03-07 00:15:23,002 [INFO] ProjectBuilder:3289 - Time for Copy HAL[1] : 20mS.
2025-03-07 00:15:23,003 [WARN] ThirdPartyIpManager:480 - Condition 'CM0_GCC' not fulfilled in pack 'STMicroelectronics.X-CUBE-MEMS1.11.1.0'
2025-03-07 00:15:23,003 [WARN] ThirdPartyIpManager:480 - Condition 'CM0_IAR' not fulfilled in pack 'STMicroelectronics.X-CUBE-MEMS1.11.1.0'
2025-03-07 00:15:23,003 [WARN] ThirdPartyIpManager:480 - Condition 'CM0_Keil' not fulfilled in pack 'STMicroelectronics.X-CUBE-MEMS1.11.1.0'
2025-03-07 00:15:23,003 [WARN] ThirdPartyIpManager:480 - Condition 'CM3_GCC' not fulfilled in pack 'STMicroelectronics.X-CUBE-MEMS1.11.1.0'
2025-03-07 00:15:23,003 [WARN] ThirdPartyIpManager:480 - Condition 'CM3_IAR' not fulfilled in pack 'STMicroelectronics.X-CUBE-MEMS1.11.1.0'
2025-03-07 00:15:23,003 [WARN] ThirdPartyIpManager:480 - Condition 'CM3_Keil' not fulfilled in pack 'STMicroelectronics.X-CUBE-MEMS1.11.1.0'
2025-03-07 00:15:23,003 [WARN] ThirdPartyIpManager:480 - Condition 'CM4_IAR' not fulfilled in pack 'STMicroelectronics.X-CUBE-MEMS1.11.1.0'
2025-03-07 00:15:23,003 [WARN] ThirdPartyIpManager:480 - Condition 'CM4_Keil' not fulfilled in pack 'STMicroelectronics.X-CUBE-MEMS1.11.1.0'
2025-03-07 00:15:23,003 [WARN] ThirdPartyIpManager:480 - Condition 'CM4_GCC_NoFPU' not fulfilled in pack 'STMicroelectronics.X-CUBE-MEMS1.11.1.0'
2025-03-07 00:15:23,003 [WARN] ThirdPartyIpManager:480 - Condition 'CM4_IAR_NoFPU' not fulfilled in pack 'STMicroelectronics.X-CUBE-MEMS1.11.1.0'
2025-03-07 00:15:23,003 [WARN] ThirdPartyIpManager:480 - Condition 'CM4_Keil_NoFPU' not fulfilled in pack 'STMicroelectronics.X-CUBE-MEMS1.11.1.0'
2025-03-07 00:15:23,003 [WARN] ThirdPartyIpManager:480 - Condition 'CM7_GCC' not fulfilled in pack 'STMicroelectronics.X-CUBE-MEMS1.11.1.0'
2025-03-07 00:15:23,003 [WARN] ThirdPartyIpManager:480 - Condition 'CM7_IAR' not fulfilled in pack 'STMicroelectronics.X-CUBE-MEMS1.11.1.0'
2025-03-07 00:15:23,003 [WARN] ThirdPartyIpManager:480 - Condition 'CM7_Keil' not fulfilled in pack 'STMicroelectronics.X-CUBE-MEMS1.11.1.0'
2025-03-07 00:15:23,003 [WARN] ThirdPartyIpManager:480 - Condition 'CM33_GCC' not fulfilled in pack 'STMicroelectronics.X-CUBE-MEMS1.11.1.0'
2025-03-07 00:15:23,003 [WARN] ThirdPartyIpManager:480 - Condition 'CM33_IAR' not fulfilled in pack 'STMicroelectronics.X-CUBE-MEMS1.11.1.0'
2025-03-07 00:15:23,003 [WARN] ThirdPartyIpManager:480 - Condition 'CM33_Keil' not fulfilled in pack 'STMicroelectronics.X-CUBE-MEMS1.11.1.0'
2025-03-07 00:15:23,004 [INFO] ProjectBuilder:9095 - Time for Copy ThirdParty[1] : 0mS.
2025-03-07 00:15:23,006 [INFO] ProjectBuilder:4876 - Project Generator version: 4.5.0-RC5
2025-03-07 00:15:23,049 [INFO] ConfigFileManager:1579 - The Die is : DIE469
2025-03-07 00:15:23,488 [INFO] ProjectBuilder:5154 - Time for Generating toolchain IDE Files: 481mS.
2025-03-07 00:15:23,488 [INFO] ProjectBuilder:3146 - Time for Copy CMSIS : 0mS.
2025-03-07 00:15:23,490 [INFO] ProjectBuilder:3146 - Time for Copy CMSIS : 0mS.
2025-03-07 00:15:40,193 [INFO] Gpio:277 - dependency for GPIO [FDCAN1, FDCAN2, I2C2, RCC, SPI1, SYS, USART2, USB]
2025-03-07 00:15:41,532 [INFO] NvicIntPanel:101 - NVIC parent = com.st.microxplorer.plugins.ip.nvic.MultiNvicIntPanel[,2,26,950x565,layout=javax.swing.BoxLayout,alignmentX=0.0,alignmentY=0.0,border=,flags=9,maximumSize=,minimumSize=,preferredSize=]
2025-03-07 00:17:06,692 [INFO] Gpio:277 - dependency for GPIO [FDCAN1, FDCAN2, I2C2, RCC, SPI1, SYS, USART2, USB]
2025-03-07 00:17:09,518 [INFO] NvicIntPanel:101 - NVIC parent = com.st.microxplorer.plugins.ip.nvic.MultiNvicIntPanel[,2,26,950x565,layout=javax.swing.BoxLayout,alignmentX=0.0,alignmentY=0.0,border=,flags=9,maximumSize=,minimumSize=,preferredSize=]
2025-03-07 00:18:31,063 [ERROR] RtosPanel:558 - Can not restore the selected Tab for FREERTOS(A reason can be that the tab is no more available.)
2025-03-07 00:19:03,920 [INFO] TasksAndQueuesTab:757 - Static
2025-03-07 00:19:03,920 [INFO] TasksAndQueuesTab:757 - Static
2025-03-07 00:19:03,920 [INFO] TasksAndQueuesTab:757 - Static
2025-03-07 00:19:03,920 [INFO] TasksAndQueuesTab:757 - Static
2025-03-07 00:19:03,920 [INFO] TasksAndQueuesTab:757 - Static
2025-03-07 00:19:03,920 [INFO] TasksAndQueuesTab:757 - Static
2025-03-07 00:19:25,836 [INFO] UtilMem:75 - End SaveConfig() Used Memory: 570728888 Bytes (835715072)
2025-03-07 00:19:25,970 [INFO] UtilMem:75 - End SaveConfig() Used Memory: 589076920 Bytes (835715072)
2025-03-07 00:19:26,346 [INFO] UtilMem:75 - End SaveConfig() Used Memory: 637837752 Bytes (835715072)
2025-03-07 00:19:26,405 [INFO] BlockDiagram:2766 - set Specific Code input for plugin: SPI
2025-03-07 00:19:26,406 [INFO] BlockDiagram:2766 - set Specific Code input for plugin: FDCAN
2025-03-07 00:19:26,406 [INFO] BlockDiagram:2766 - set Specific Code input for plugin: FREERTOS
2025-03-07 00:19:26,406 [INFO] BlockDiagram:2766 - set Specific Code input for plugin: USB_Device
2025-03-07 00:19:26,406 [INFO] BlockDiagram:2766 - set Specific Code input for plugin: SYS
2025-03-07 00:19:26,406 [INFO] BlockDiagram:2766 - set Specific Code input for plugin: RCC
2025-03-07 00:19:26,406 [INFO] BlockDiagram:2766 - set Specific Code input for plugin: CRC
2025-03-07 00:19:26,406 [INFO] BlockDiagram:2766 - set Specific Code input for plugin: I2C
2025-03-07 00:19:26,406 [INFO] BlockDiagram:2766 - set Specific Code input for plugin: NVIC
2025-03-07 00:19:26,406 [INFO] BlockDiagram:2766 - set Specific Code input for plugin: USART
2025-03-07 00:19:26,406 [INFO] BlockDiagram:2766 - set Specific Code input for plugin: TIM1_8G4
2025-03-07 00:19:26,406 [INFO] BlockDiagram:2766 - set Specific Code input for plugin: USB
2025-03-07 00:19:26,406 [INFO] BlockDiagram:2766 - set Specific Code input for plugin: STMicroelectronics.X-CUBE-MEMS1.11.1.0
2025-03-07 00:19:26,406 [INFO] BlockDiagram:2766 - set Specific Code input for plugin: GPIO
2025-03-07 00:19:26,406 [INFO] BlockDiagram:2766 - set Specific Code input for plugin: FDCAN
2025-03-07 00:19:26,407 [WARN] ThirdPartyIpManager:480 - Condition 'CM0_GCC' not fulfilled in pack 'STMicroelectronics.X-CUBE-MEMS1.11.1.0'
2025-03-07 00:19:26,407 [WARN] ThirdPartyIpManager:480 - Condition 'CM0_IAR' not fulfilled in pack 'STMicroelectronics.X-CUBE-MEMS1.11.1.0'
2025-03-07 00:19:26,407 [WARN] ThirdPartyIpManager:480 - Condition 'CM0_Keil' not fulfilled in pack 'STMicroelectronics.X-CUBE-MEMS1.11.1.0'
2025-03-07 00:19:26,407 [WARN] ThirdPartyIpManager:480 - Condition 'CM3_GCC' not fulfilled in pack 'STMicroelectronics.X-CUBE-MEMS1.11.1.0'
2025-03-07 00:19:26,407 [WARN] ThirdPartyIpManager:480 - Condition 'CM3_IAR' not fulfilled in pack 'STMicroelectronics.X-CUBE-MEMS1.11.1.0'
2025-03-07 00:19:26,407 [WARN] ThirdPartyIpManager:480 - Condition 'CM3_Keil' not fulfilled in pack 'STMicroelectronics.X-CUBE-MEMS1.11.1.0'
2025-03-07 00:19:26,407 [WARN] ThirdPartyIpManager:480 - Condition 'CM4_IAR' not fulfilled in pack 'STMicroelectronics.X-CUBE-MEMS1.11.1.0'
2025-03-07 00:19:26,408 [WARN] ThirdPartyIpManager:480 - Condition 'CM4_Keil' not fulfilled in pack 'STMicroelectronics.X-CUBE-MEMS1.11.1.0'
2025-03-07 00:19:26,408 [WARN] ThirdPartyIpManager:480 - Condition 'CM4_GCC_NoFPU' not fulfilled in pack 'STMicroelectronics.X-CUBE-MEMS1.11.1.0'
2025-03-07 00:19:26,408 [WARN] ThirdPartyIpManager:480 - Condition 'CM4_IAR_NoFPU' not fulfilled in pack 'STMicroelectronics.X-CUBE-MEMS1.11.1.0'
2025-03-07 00:19:26,408 [WARN] ThirdPartyIpManager:480 - Condition 'CM4_Keil_NoFPU' not fulfilled in pack 'STMicroelectronics.X-CUBE-MEMS1.11.1.0'
2025-03-07 00:19:26,408 [WARN] ThirdPartyIpManager:480 - Condition 'CM7_GCC' not fulfilled in pack 'STMicroelectronics.X-CUBE-MEMS1.11.1.0'
2025-03-07 00:19:26,408 [WARN] ThirdPartyIpManager:480 - Condition 'CM7_IAR' not fulfilled in pack 'STMicroelectronics.X-CUBE-MEMS1.11.1.0'
2025-03-07 00:19:26,408 [WARN] ThirdPartyIpManager:480 - Condition 'CM7_Keil' not fulfilled in pack 'STMicroelectronics.X-CUBE-MEMS1.11.1.0'
2025-03-07 00:19:26,408 [WARN] ThirdPartyIpManager:480 - Condition 'CM33_GCC' not fulfilled in pack 'STMicroelectronics.X-CUBE-MEMS1.11.1.0'
2025-03-07 00:19:26,408 [WARN] ThirdPartyIpManager:480 - Condition 'CM33_IAR' not fulfilled in pack 'STMicroelectronics.X-CUBE-MEMS1.11.1.0'
2025-03-07 00:19:26,408 [WARN] ThirdPartyIpManager:480 - Condition 'CM33_Keil' not fulfilled in pack 'STMicroelectronics.X-CUBE-MEMS1.11.1.0'
2025-03-07 00:19:26,408 [INFO] CodeGenerator:896 - code generatio: config db path: /opt/st/stm32cubeide_1.17.0_2/plugins/com.st.stm32cube.common.mx_6.13.0.202411220809//db/
2025-03-07 00:19:26,413 [WARN] IP:2251 - MessageRAMOffset not found: check if there is a RefParameter without a condition.
2025-03-07 00:19:26,413 [WARN] IP:2251 - RxFifo0ElmtsNbr not found: check if there is a RefParameter without a condition.
2025-03-07 00:19:26,413 [WARN] IP:2251 - RxFifo0ElmtSize not found: check if there is a RefParameter without a condition.
2025-03-07 00:19:26,413 [WARN] IP:2251 - RxFifo1ElmtsNbr not found: check if there is a RefParameter without a condition.
2025-03-07 00:19:26,413 [WARN] IP:2251 - RxFifo1ElmtSize not found: check if there is a RefParameter without a condition.
2025-03-07 00:19:26,413 [WARN] IP:2251 - RxBuffersNbr not found: check if there is a RefParameter without a condition.
2025-03-07 00:19:26,413 [WARN] IP:2251 - RxBufferSize not found: check if there is a RefParameter without a condition.
2025-03-07 00:19:26,413 [WARN] IP:2251 - TxEventsNbr not found: check if there is a RefParameter without a condition.
2025-03-07 00:19:26,413 [WARN] IP:2251 - TxBuffersNbr not found: check if there is a RefParameter without a condition.
2025-03-07 00:19:26,413 [WARN] IP:2251 - TxFifoQueueElmtsNbr not found: check if there is a RefParameter without a condition.
2025-03-07 00:19:26,413 [WARN] IP:2251 - TxElmtSize not found: check if there is a RefParameter without a condition.
2025-03-07 00:19:26,413 [WARN] IP:2251 - ClockCalibrationCCU not found: check if there is a RefParameter without a condition.
2025-03-07 00:19:26,413 [WARN] IP:2251 - ClockDividerCCU not found: check if there is a RefParameter without a condition.
2025-03-07 00:19:26,413 [WARN] IP:2251 - MinOscClkPeriodsCCU not found: check if there is a RefParameter without a condition.
2025-03-07 00:19:26,413 [WARN] IP:2251 - TimeQuantaPerBitTimeCCU not found: check if there is a RefParameter without a condition.
2025-03-07 00:19:26,413 [WARN] IP:2251 - WatchdogStartValueCCU not found: check if there is a RefParameter without a condition.
2025-03-07 00:19:26,415 [WARN] IP:2251 - MessageRAMOffset not found: check if there is a RefParameter without a condition.
2025-03-07 00:19:26,415 [WARN] IP:2251 - RxFifo0ElmtsNbr not found: check if there is a RefParameter without a condition.
2025-03-07 00:19:26,415 [WARN] IP:2251 - RxFifo0ElmtSize not found: check if there is a RefParameter without a condition.
2025-03-07 00:19:26,415 [WARN] IP:2251 - RxFifo1ElmtsNbr not found: check if there is a RefParameter without a condition.
2025-03-07 00:19:26,415 [WARN] IP:2251 - RxFifo1ElmtSize not found: check if there is a RefParameter without a condition.
2025-03-07 00:19:26,415 [WARN] IP:2251 - RxBuffersNbr not found: check if there is a RefParameter without a condition.
2025-03-07 00:19:26,415 [WARN] IP:2251 - RxBufferSize not found: check if there is a RefParameter without a condition.
2025-03-07 00:19:26,415 [WARN] IP:2251 - TxEventsNbr not found: check if there is a RefParameter without a condition.
2025-03-07 00:19:26,415 [WARN] IP:2251 - TxBuffersNbr not found: check if there is a RefParameter without a condition.
2025-03-07 00:19:26,415 [WARN] IP:2251 - TxFifoQueueElmtsNbr not found: check if there is a RefParameter without a condition.
2025-03-07 00:19:26,415 [WARN] IP:2251 - TxElmtSize not found: check if there is a RefParameter without a condition.
2025-03-07 00:19:26,415 [WARN] IP:2251 - ClockCalibrationCCU not found: check if there is a RefParameter without a condition.
2025-03-07 00:19:26,415 [WARN] IP:2251 - ClockDividerCCU not found: check if there is a RefParameter without a condition.
2025-03-07 00:19:26,415 [WARN] IP:2251 - MinOscClkPeriodsCCU not found: check if there is a RefParameter without a condition.
2025-03-07 00:19:26,415 [WARN] IP:2251 - TimeQuantaPerBitTimeCCU not found: check if there is a RefParameter without a condition.
2025-03-07 00:19:26,415 [WARN] IP:2251 - WatchdogStartValueCCU not found: check if there is a RefParameter without a condition.
2025-03-07 00:19:26,472 [INFO] IP:3348 - RTE Config file name : RTE_Component
2025-03-07 00:19:26,472 [INFO] IP:3366 - RTE template : RTE_Components.ftl
2025-03-07 00:19:26,474 [INFO] CodeEngine:255 - oldGeneratedFile, /home/nikolai/Documents/NP1_DRONE/software/STM32/Flight Control Computer/MXTmpFiles/license.tmp_save
2025-03-07 00:19:26,511 [INFO] CodeEngine:279 - Generated code: /home/nikolai/Documents/NP1_DRONE/software/STM32/Flight Control Computer/MXTmpFiles/license.tmp
2025-03-07 00:19:26,562 [INFO] CodeEngine:255 - oldGeneratedFile, /home/nikolai/Documents/NP1_DRONE/software/STM32/Flight Control Computer/Core/Src/gpio.c_save
2025-03-07 00:19:26,602 [INFO] CodeEngine:279 - Generated code: /home/nikolai/Documents/NP1_DRONE/software/STM32/Flight Control Computer/Core/Src/gpio.c
2025-03-07 00:19:26,603 [INFO] CodeEngine:255 - oldGeneratedFile, /home/nikolai/Documents/NP1_DRONE/software/STM32/Flight Control Computer/Core/Inc/gpio.h_save
2025-03-07 00:19:26,633 [INFO] CodeEngine:279 - Generated code: /home/nikolai/Documents/NP1_DRONE/software/STM32/Flight Control Computer/Core/Inc/gpio.h
2025-03-07 00:19:26,712 [INFO] CodeEngine:255 - oldGeneratedFile, /home/nikolai/Documents/NP1_DRONE/software/STM32/Flight Control Computer/MXTmpFiles/usb_vars.tmp_save
2025-03-07 00:19:26,744 [INFO] CodeEngine:279 - Generated code: /home/nikolai/Documents/NP1_DRONE/software/STM32/Flight Control Computer/MXTmpFiles/usb_vars.tmp
2025-03-07 00:19:26,745 [INFO] CodeEngine:255 - oldGeneratedFile, /home/nikolai/Documents/NP1_DRONE/software/STM32/Flight Control Computer/MXTmpFiles/usb_inc.tmp_save
2025-03-07 00:19:26,779 [INFO] CodeEngine:279 - Generated code: /home/nikolai/Documents/NP1_DRONE/software/STM32/Flight Control Computer/MXTmpFiles/usb_inc.tmp
2025-03-07 00:19:26,779 [INFO] CodeEngine:255 - oldGeneratedFile, /home/nikolai/Documents/NP1_DRONE/software/STM32/Flight Control Computer/MXTmpFiles/usb_HalInit.tmp_save
2025-03-07 00:19:26,816 [INFO] CodeEngine:279 - Generated code: /home/nikolai/Documents/NP1_DRONE/software/STM32/Flight Control Computer/MXTmpFiles/usb_HalInit.tmp
2025-03-07 00:19:26,816 [INFO] CodeEngine:255 - oldGeneratedFile, /home/nikolai/Documents/NP1_DRONE/software/STM32/Flight Control Computer/MXTmpFiles/usb_Msp.tmp_save
2025-03-07 00:19:26,857 [INFO] CodeEngine:279 - Generated code: /home/nikolai/Documents/NP1_DRONE/software/STM32/Flight Control Computer/MXTmpFiles/usb_Msp.tmp
2025-03-07 00:19:27,362 [INFO] Middleware:1450 - No code input for Bsp Dependency
2025-03-07 00:19:27,364 [INFO] CodeEngine:255 - oldGeneratedFile, /home/nikolai/Documents/NP1_DRONE/software/STM32/Flight Control Computer/MXTmpFiles/rtos_inc.tmp_save
2025-03-07 00:19:27,399 [INFO] CodeEngine:279 - Generated code: /home/nikolai/Documents/NP1_DRONE/software/STM32/Flight Control Computer/MXTmpFiles/rtos_inc.tmp
2025-03-07 00:19:27,399 [INFO] CodeEngine:255 - oldGeneratedFile, /home/nikolai/Documents/NP1_DRONE/software/STM32/Flight Control Computer/MXTmpFiles/rtos_kernelInit.tmp_save
2025-03-07 00:19:27,429 [INFO] CodeEngine:279 - Generated code: /home/nikolai/Documents/NP1_DRONE/software/STM32/Flight Control Computer/MXTmpFiles/rtos_kernelInit.tmp
2025-03-07 00:19:27,429 [INFO] CodeEngine:255 - oldGeneratedFile, /home/nikolai/Documents/NP1_DRONE/software/STM32/Flight Control Computer/MXTmpFiles/rtos_kernelStart.tmp_save
2025-03-07 00:19:27,461 [INFO] CodeEngine:279 - Generated code: /home/nikolai/Documents/NP1_DRONE/software/STM32/Flight Control Computer/MXTmpFiles/rtos_kernelStart.tmp
2025-03-07 00:19:27,462 [INFO] CodeEngine:255 - oldGeneratedFile, /home/nikolai/Documents/NP1_DRONE/software/STM32/Flight Control Computer/MXTmpFiles/rtos_typedefs.tmp_save
2025-03-07 00:19:27,495 [INFO] CodeEngine:279 - Generated code: /home/nikolai/Documents/NP1_DRONE/software/STM32/Flight Control Computer/MXTmpFiles/rtos_typedefs.tmp
2025-03-07 00:19:27,496 [INFO] CodeEngine:255 - oldGeneratedFile, /home/nikolai/Documents/NP1_DRONE/software/STM32/Flight Control Computer/MXTmpFiles/rtos_vars.tmp_save
2025-03-07 00:19:27,531 [INFO] CodeEngine:279 - Generated code: /home/nikolai/Documents/NP1_DRONE/software/STM32/Flight Control Computer/MXTmpFiles/rtos_vars.tmp
2025-03-07 00:19:27,531 [INFO] CodeEngine:255 - oldGeneratedFile, /home/nikolai/Documents/NP1_DRONE/software/STM32/Flight Control Computer/MXTmpFiles/rtos_pfp.tmp_save
2025-03-07 00:19:27,564 [INFO] CodeEngine:279 - Generated code: /home/nikolai/Documents/NP1_DRONE/software/STM32/Flight Control Computer/MXTmpFiles/rtos_pfp.tmp
2025-03-07 00:19:27,565 [INFO] CodeEngine:255 - oldGeneratedFile, /home/nikolai/Documents/NP1_DRONE/software/STM32/Flight Control Computer/MXTmpFiles/rtos_obj_creat.tmp_save
2025-03-07 00:19:27,600 [INFO] CodeEngine:279 - Generated code: /home/nikolai/Documents/NP1_DRONE/software/STM32/Flight Control Computer/MXTmpFiles/rtos_obj_creat.tmp
2025-03-07 00:19:27,600 [INFO] CodeEngine:255 - oldGeneratedFile, /home/nikolai/Documents/NP1_DRONE/software/STM32/Flight Control Computer/MXTmpFiles/rtos_default_thread.tmp_save
2025-03-07 00:19:27,634 [INFO] CodeEngine:279 - Generated code: /home/nikolai/Documents/NP1_DRONE/software/STM32/Flight Control Computer/MXTmpFiles/rtos_default_thread.tmp
2025-03-07 00:19:27,634 [INFO] CodeEngine:255 - oldGeneratedFile, /home/nikolai/Documents/NP1_DRONE/software/STM32/Flight Control Computer/MXTmpFiles/rtos_threads.tmp_save
2025-03-07 00:19:27,667 [INFO] CodeEngine:279 - Generated code: /home/nikolai/Documents/NP1_DRONE/software/STM32/Flight Control Computer/MXTmpFiles/rtos_threads.tmp
2025-03-07 00:19:27,692 [INFO] Middleware:1450 - No code input for Bsp Dependency
2025-03-07 00:19:27,696 [INFO] Middleware:1450 - No code input for Bsp Dependency
2025-03-07 00:19:27,700 [INFO] Middleware:1450 - No code input for Bsp Dependency
2025-03-07 00:19:27,701 [INFO] CodeEngine:255 - oldGeneratedFile, /home/nikolai/Documents/NP1_DRONE/software/STM32/Flight Control Computer/MXTmpFiles/rtos_inc.tmp_save
2025-03-07 00:19:27,734 [INFO] CodeEngine:279 - Generated code: /home/nikolai/Documents/NP1_DRONE/software/STM32/Flight Control Computer/MXTmpFiles/rtos_inc.tmp
2025-03-07 00:19:27,735 [INFO] CodeEngine:255 - oldGeneratedFile, /home/nikolai/Documents/NP1_DRONE/software/STM32/Flight Control Computer/MXTmpFiles/rtos_kernelInit.tmp_save
2025-03-07 00:19:27,767 [INFO] CodeEngine:279 - Generated code: /home/nikolai/Documents/NP1_DRONE/software/STM32/Flight Control Computer/MXTmpFiles/rtos_kernelInit.tmp
2025-03-07 00:19:27,768 [INFO] CodeEngine:255 - oldGeneratedFile, /home/nikolai/Documents/NP1_DRONE/software/STM32/Flight Control Computer/MXTmpFiles/rtos_kernelStart.tmp_save
2025-03-07 00:19:27,798 [INFO] CodeEngine:279 - Generated code: /home/nikolai/Documents/NP1_DRONE/software/STM32/Flight Control Computer/MXTmpFiles/rtos_kernelStart.tmp
2025-03-07 00:19:27,799 [INFO] CodeEngine:255 - oldGeneratedFile, /home/nikolai/Documents/NP1_DRONE/software/STM32/Flight Control Computer/MXTmpFiles/rtos_typedefs.tmp_save
2025-03-07 00:19:27,831 [INFO] CodeEngine:279 - Generated code: /home/nikolai/Documents/NP1_DRONE/software/STM32/Flight Control Computer/MXTmpFiles/rtos_typedefs.tmp
2025-03-07 00:19:27,831 [INFO] CodeEngine:255 - oldGeneratedFile, /home/nikolai/Documents/NP1_DRONE/software/STM32/Flight Control Computer/MXTmpFiles/rtos_vars.tmp_save
2025-03-07 00:19:27,864 [INFO] CodeEngine:279 - Generated code: /home/nikolai/Documents/NP1_DRONE/software/STM32/Flight Control Computer/MXTmpFiles/rtos_vars.tmp
2025-03-07 00:19:27,865 [INFO] CodeEngine:255 - oldGeneratedFile, /home/nikolai/Documents/NP1_DRONE/software/STM32/Flight Control Computer/MXTmpFiles/rtos_pfp.tmp_save
2025-03-07 00:19:27,896 [INFO] CodeEngine:279 - Generated code: /home/nikolai/Documents/NP1_DRONE/software/STM32/Flight Control Computer/MXTmpFiles/rtos_pfp.tmp
2025-03-07 00:19:27,896 [INFO] CodeEngine:255 - oldGeneratedFile, /home/nikolai/Documents/NP1_DRONE/software/STM32/Flight Control Computer/MXTmpFiles/rtos_obj_creat.tmp_save
2025-03-07 00:19:27,929 [INFO] CodeEngine:279 - Generated code: /home/nikolai/Documents/NP1_DRONE/software/STM32/Flight Control Computer/MXTmpFiles/rtos_obj_creat.tmp
2025-03-07 00:19:27,929 [INFO] CodeEngine:255 - oldGeneratedFile, /home/nikolai/Documents/NP1_DRONE/software/STM32/Flight Control Computer/MXTmpFiles/rtos_default_thread.tmp_save
2025-03-07 00:19:27,960 [INFO] CodeEngine:279 - Generated code: /home/nikolai/Documents/NP1_DRONE/software/STM32/Flight Control Computer/MXTmpFiles/rtos_default_thread.tmp
2025-03-07 00:19:27,961 [INFO] CodeEngine:255 - oldGeneratedFile, /home/nikolai/Documents/NP1_DRONE/software/STM32/Flight Control Computer/MXTmpFiles/rtos_threads.tmp_save
2025-03-07 00:19:27,992 [INFO] CodeEngine:279 - Generated code: /home/nikolai/Documents/NP1_DRONE/software/STM32/Flight Control Computer/MXTmpFiles/rtos_threads.tmp
2025-03-07 00:19:27,993 [INFO] CodeEngine:255 - oldGeneratedFile, /home/nikolai/Documents/NP1_DRONE/software/STM32/Flight Control Computer/Core/Inc/FreeRTOSConfig.h_save
2025-03-07 00:19:28,036 [INFO] CodeEngine:279 - Generated code: /home/nikolai/Documents/NP1_DRONE/software/STM32/Flight Control Computer/Core/Inc/FreeRTOSConfig.h
2025-03-07 00:19:28,037 [INFO] CodeEngine:255 - oldGeneratedFile, /home/nikolai/Documents/NP1_DRONE/software/STM32/Flight Control Computer/Core/Src/app_freertos.c_save
2025-03-07 00:19:28,079 [INFO] CodeEngine:279 - Generated code: /home/nikolai/Documents/NP1_DRONE/software/STM32/Flight Control Computer/Core/Src/app_freertos.c
2025-03-07 00:19:28,081 [INFO] CodeEngine:255 - oldGeneratedFile, /home/nikolai/Documents/NP1_DRONE/software/STM32/Flight Control Computer/Core/Src/crc.c_save
2025-03-07 00:19:28,125 [INFO] CodeEngine:279 - Generated code: /home/nikolai/Documents/NP1_DRONE/software/STM32/Flight Control Computer/Core/Src/crc.c
2025-03-07 00:19:28,126 [INFO] CodeEngine:255 - oldGeneratedFile, /home/nikolai/Documents/NP1_DRONE/software/STM32/Flight Control Computer/Core/Inc/crc.h_save
2025-03-07 00:19:28,157 [INFO] CodeEngine:279 - Generated code: /home/nikolai/Documents/NP1_DRONE/software/STM32/Flight Control Computer/Core/Inc/crc.h
2025-03-07 00:19:28,159 [INFO] CodeEngine:255 - oldGeneratedFile, /home/nikolai/Documents/NP1_DRONE/software/STM32/Flight Control Computer/Core/Src/fdcan.c_save
2025-03-07 00:19:28,208 [INFO] CodeEngine:279 - Generated code: /home/nikolai/Documents/NP1_DRONE/software/STM32/Flight Control Computer/Core/Src/fdcan.c
2025-03-07 00:19:28,209 [INFO] CodeEngine:255 - oldGeneratedFile, /home/nikolai/Documents/NP1_DRONE/software/STM32/Flight Control Computer/Core/Inc/fdcan.h_save
2025-03-07 00:19:28,241 [INFO] CodeEngine:279 - Generated code: /home/nikolai/Documents/NP1_DRONE/software/STM32/Flight Control Computer/Core/Inc/fdcan.h
2025-03-07 00:19:28,243 [INFO] CodeEngine:255 - oldGeneratedFile, /home/nikolai/Documents/NP1_DRONE/software/STM32/Flight Control Computer/Core/Src/i2c.c_save
2025-03-07 00:19:28,288 [INFO] CodeEngine:279 - Generated code: /home/nikolai/Documents/NP1_DRONE/software/STM32/Flight Control Computer/Core/Src/i2c.c
2025-03-07 00:19:28,289 [INFO] CodeEngine:255 - oldGeneratedFile, /home/nikolai/Documents/NP1_DRONE/software/STM32/Flight Control Computer/Core/Inc/i2c.h_save
2025-03-07 00:19:28,321 [INFO] CodeEngine:279 - Generated code: /home/nikolai/Documents/NP1_DRONE/software/STM32/Flight Control Computer/Core/Inc/i2c.h
2025-03-07 00:19:28,322 [INFO] CodeEngine:255 - oldGeneratedFile, /home/nikolai/Documents/NP1_DRONE/software/STM32/Flight Control Computer/Core/Src/spi.c_save
2025-03-07 00:19:28,367 [INFO] CodeEngine:279 - Generated code: /home/nikolai/Documents/NP1_DRONE/software/STM32/Flight Control Computer/Core/Src/spi.c
2025-03-07 00:19:28,367 [INFO] CodeEngine:255 - oldGeneratedFile, /home/nikolai/Documents/NP1_DRONE/software/STM32/Flight Control Computer/Core/Inc/spi.h_save
2025-03-07 00:19:28,399 [INFO] CodeEngine:279 - Generated code: /home/nikolai/Documents/NP1_DRONE/software/STM32/Flight Control Computer/Core/Inc/spi.h
2025-03-07 00:19:28,422 [INFO] Middleware:1450 - No code input for Bsp Dependency
2025-03-07 00:19:28,424 [INFO] CodeEngine:255 - oldGeneratedFile, /home/nikolai/Documents/NP1_DRONE/software/STM32/Flight Control Computer/Core/Src/tim.c_save
2025-03-07 00:19:28,470 [INFO] CodeEngine:279 - Generated code: /home/nikolai/Documents/NP1_DRONE/software/STM32/Flight Control Computer/Core/Src/tim.c
2025-03-07 00:19:28,471 [INFO] CodeEngine:255 - oldGeneratedFile, /home/nikolai/Documents/NP1_DRONE/software/STM32/Flight Control Computer/Core/Inc/tim.h_save
2025-03-07 00:19:28,503 [INFO] CodeEngine:279 - Generated code: /home/nikolai/Documents/NP1_DRONE/software/STM32/Flight Control Computer/Core/Inc/tim.h
2025-03-07 00:19:28,505 [INFO] CodeEngine:255 - oldGeneratedFile, /home/nikolai/Documents/NP1_DRONE/software/STM32/Flight Control Computer/Core/Src/usart.c_save
2025-03-07 00:19:28,552 [INFO] CodeEngine:279 - Generated code: /home/nikolai/Documents/NP1_DRONE/software/STM32/Flight Control Computer/Core/Src/usart.c
2025-03-07 00:19:28,553 [INFO] CodeEngine:255 - oldGeneratedFile, /home/nikolai/Documents/NP1_DRONE/software/STM32/Flight Control Computer/Core/Inc/usart.h_save
2025-03-07 00:19:28,585 [INFO] CodeEngine:279 - Generated code: /home/nikolai/Documents/NP1_DRONE/software/STM32/Flight Control Computer/Core/Inc/usart.h
2025-03-07 00:19:28,589 [INFO] Middleware:1450 - No code input for Bsp Dependency
2025-03-07 00:19:28,591 [INFO] CodeEngine:255 - oldGeneratedFile, /home/nikolai/Documents/NP1_DRONE/software/STM32/Flight Control Computer/USB_Device/App/usb_device.c_save
2025-03-07 00:19:28,627 [INFO] CodeEngine:279 - Generated code: /home/nikolai/Documents/NP1_DRONE/software/STM32/Flight Control Computer/USB_Device/App/usb_device.c
2025-03-07 00:19:28,628 [INFO] CodeEngine:255 - oldGeneratedFile, /home/nikolai/Documents/NP1_DRONE/software/STM32/Flight Control Computer/USB_Device/App/usb_device.h_save
2025-03-07 00:19:28,661 [INFO] CodeEngine:279 - Generated code: /home/nikolai/Documents/NP1_DRONE/software/STM32/Flight Control Computer/USB_Device/App/usb_device.h
2025-03-07 00:19:28,662 [INFO] CodeEngine:255 - oldGeneratedFile, /home/nikolai/Documents/NP1_DRONE/software/STM32/Flight Control Computer/USB_Device/Target/usbd_conf.h_save
2025-03-07 00:19:28,696 [INFO] CodeEngine:279 - Generated code: /home/nikolai/Documents/NP1_DRONE/software/STM32/Flight Control Computer/USB_Device/Target/usbd_conf.h
2025-03-07 00:19:28,697 [INFO] CodeEngine:255 - oldGeneratedFile, /home/nikolai/Documents/NP1_DRONE/software/STM32/Flight Control Computer/USB_Device/Target/usbd_conf.c_save
2025-03-07 00:19:28,745 [INFO] CodeEngine:279 - Generated code: /home/nikolai/Documents/NP1_DRONE/software/STM32/Flight Control Computer/USB_Device/Target/usbd_conf.c
2025-03-07 00:19:28,746 [INFO] CodeEngine:255 - oldGeneratedFile, /home/nikolai/Documents/NP1_DRONE/software/STM32/Flight Control Computer/USB_Device/App/usbd_desc.h_save
2025-03-07 00:19:28,780 [INFO] CodeEngine:279 - Generated code: /home/nikolai/Documents/NP1_DRONE/software/STM32/Flight Control Computer/USB_Device/App/usbd_desc.h
2025-03-07 00:19:28,780 [INFO] CodeEngine:255 - oldGeneratedFile, /home/nikolai/Documents/NP1_DRONE/software/STM32/Flight Control Computer/USB_Device/App/usbd_desc.c_save
2025-03-07 00:19:28,816 [INFO] CodeEngine:279 - Generated code: /home/nikolai/Documents/NP1_DRONE/software/STM32/Flight Control Computer/USB_Device/App/usbd_desc.c
2025-03-07 00:19:28,817 [INFO] CodeEngine:255 - oldGeneratedFile, /home/nikolai/Documents/NP1_DRONE/software/STM32/Flight Control Computer/USB_Device/App/usbd_cdc_if.h_save
2025-03-07 00:19:28,850 [INFO] CodeEngine:279 - Generated code: /home/nikolai/Documents/NP1_DRONE/software/STM32/Flight Control Computer/USB_Device/App/usbd_cdc_if.h
2025-03-07 00:19:28,850 [INFO] CodeEngine:255 - oldGeneratedFile, /home/nikolai/Documents/NP1_DRONE/software/STM32/Flight Control Computer/USB_Device/App/usbd_cdc_if.c_save
2025-03-07 00:19:28,888 [INFO] CodeEngine:279 - Generated code: /home/nikolai/Documents/NP1_DRONE/software/STM32/Flight Control Computer/USB_Device/App/usbd_cdc_if.c
2025-03-07 00:19:28,894 [INFO] CodeEngine:255 - oldGeneratedFile, /home/nikolai/Documents/NP1_DRONE/software/STM32/Flight Control Computer/Core/Src/stm32g4xx_it.c_save
2025-03-07 00:19:28,935 [INFO] CodeEngine:279 - Generated code: /home/nikolai/Documents/NP1_DRONE/software/STM32/Flight Control Computer/Core/Src/stm32g4xx_it.c
2025-03-07 00:19:28,936 [INFO] CodeEngine:255 - oldGeneratedFile, /home/nikolai/Documents/NP1_DRONE/software/STM32/Flight Control Computer/Core/Inc/stm32g4xx_it.h_save
2025-03-07 00:19:28,968 [INFO] CodeEngine:279 - Generated code: /home/nikolai/Documents/NP1_DRONE/software/STM32/Flight Control Computer/Core/Inc/stm32g4xx_it.h
2025-03-07 00:19:28,976 [INFO] CodeEngine:255 - oldGeneratedFile, /home/nikolai/Documents/NP1_DRONE/software/STM32/Flight Control Computer/Core/Src/stm32g4xx_hal_msp.c_save
2025-03-07 00:19:29,023 [INFO] CodeEngine:279 - Generated code: /home/nikolai/Documents/NP1_DRONE/software/STM32/Flight Control Computer/Core/Src/stm32g4xx_hal_msp.c
2025-03-07 00:19:29,023 [INFO] CodeEngine:255 - oldGeneratedFile, /home/nikolai/Documents/NP1_DRONE/software/STM32/Flight Control Computer/MXTmpFiles/system.tmp_save
2025-03-07 00:19:29,056 [INFO] CodeEngine:279 - Generated code: /home/nikolai/Documents/NP1_DRONE/software/STM32/Flight Control Computer/MXTmpFiles/system.tmp
2025-03-07 00:19:29,057 [INFO] CodeEngine:255 - oldGeneratedFile, /home/nikolai/Documents/NP1_DRONE/software/STM32/Flight Control Computer/Core/Src/stm32g4xx_hal_timebase_tim.c_save
2025-03-07 00:19:29,094 [INFO] CodeEngine:279 - Generated code: /home/nikolai/Documents/NP1_DRONE/software/STM32/Flight Control Computer/Core/Src/stm32g4xx_hal_timebase_tim.c
2025-03-07 00:19:29,096 [INFO] CodeEngine:311 - oldGeneratedFile, /home/nikolai/Documents/NP1_DRONE/software/STM32/Flight Control Computer/Core/Inc/stm32g4xx_hal_conf.h_save
2025-03-07 00:19:29,130 [INFO] CodeEngine:335 - Generated code: /home/nikolai/Documents/NP1_DRONE/software/STM32/Flight Control Computer/Core/Inc/stm32g4xx_hal_conf.h
2025-03-07 00:19:29,135 [WARN] IPConfigManager:3034 - Warning: the RefConfig RCC_CommonPeriphClockConfig is not available in your config.xml file
2025-03-07 00:19:29,146 [INFO] CodeEngine:255 - oldGeneratedFile, /home/nikolai/Documents/NP1_DRONE/software/STM32/Flight Control Computer/Core/Inc/main.h_save
2025-03-07 00:19:29,182 [INFO] CodeEngine:279 - Generated code: /home/nikolai/Documents/NP1_DRONE/software/STM32/Flight Control Computer/Core/Inc/main.h
2025-03-07 00:19:29,183 [INFO] CodeEngine:255 - oldGeneratedFile, /home/nikolai/Documents/NP1_DRONE/software/STM32/Flight Control Computer/Core/Src/main.c_save
2025-03-07 00:19:29,234 [INFO] CodeEngine:279 - Generated code: /home/nikolai/Documents/NP1_DRONE/software/STM32/Flight Control Computer/Core/Src/main.c
2025-03-07 00:19:29,375 [INFO] ProjectBuilder:3289 - Time for Copy HAL[1] : 20mS.
2025-03-07 00:19:29,376 [WARN] ThirdPartyIpManager:480 - Condition 'CM0_GCC' not fulfilled in pack 'STMicroelectronics.X-CUBE-MEMS1.11.1.0'
2025-03-07 00:19:29,376 [WARN] ThirdPartyIpManager:480 - Condition 'CM0_IAR' not fulfilled in pack 'STMicroelectronics.X-CUBE-MEMS1.11.1.0'
2025-03-07 00:19:29,376 [WARN] ThirdPartyIpManager:480 - Condition 'CM0_Keil' not fulfilled in pack 'STMicroelectronics.X-CUBE-MEMS1.11.1.0'
2025-03-07 00:19:29,376 [WARN] ThirdPartyIpManager:480 - Condition 'CM3_GCC' not fulfilled in pack 'STMicroelectronics.X-CUBE-MEMS1.11.1.0'
2025-03-07 00:19:29,376 [WARN] ThirdPartyIpManager:480 - Condition 'CM3_IAR' not fulfilled in pack 'STMicroelectronics.X-CUBE-MEMS1.11.1.0'
2025-03-07 00:19:29,376 [WARN] ThirdPartyIpManager:480 - Condition 'CM3_Keil' not fulfilled in pack 'STMicroelectronics.X-CUBE-MEMS1.11.1.0'
2025-03-07 00:19:29,376 [WARN] ThirdPartyIpManager:480 - Condition 'CM4_IAR' not fulfilled in pack 'STMicroelectronics.X-CUBE-MEMS1.11.1.0'
2025-03-07 00:19:29,376 [WARN] ThirdPartyIpManager:480 - Condition 'CM4_Keil' not fulfilled in pack 'STMicroelectronics.X-CUBE-MEMS1.11.1.0'
2025-03-07 00:19:29,376 [WARN] ThirdPartyIpManager:480 - Condition 'CM4_GCC_NoFPU' not fulfilled in pack 'STMicroelectronics.X-CUBE-MEMS1.11.1.0'
2025-03-07 00:19:29,376 [WARN] ThirdPartyIpManager:480 - Condition 'CM4_IAR_NoFPU' not fulfilled in pack 'STMicroelectronics.X-CUBE-MEMS1.11.1.0'
2025-03-07 00:19:29,376 [WARN] ThirdPartyIpManager:480 - Condition 'CM4_Keil_NoFPU' not fulfilled in pack 'STMicroelectronics.X-CUBE-MEMS1.11.1.0'
2025-03-07 00:19:29,376 [WARN] ThirdPartyIpManager:480 - Condition 'CM7_GCC' not fulfilled in pack 'STMicroelectronics.X-CUBE-MEMS1.11.1.0'
2025-03-07 00:19:29,376 [WARN] ThirdPartyIpManager:480 - Condition 'CM7_IAR' not fulfilled in pack 'STMicroelectronics.X-CUBE-MEMS1.11.1.0'
2025-03-07 00:19:29,376 [WARN] ThirdPartyIpManager:480 - Condition 'CM7_Keil' not fulfilled in pack 'STMicroelectronics.X-CUBE-MEMS1.11.1.0'
2025-03-07 00:19:29,376 [WARN] ThirdPartyIpManager:480 - Condition 'CM33_GCC' not fulfilled in pack 'STMicroelectronics.X-CUBE-MEMS1.11.1.0'
2025-03-07 00:19:29,376 [WARN] ThirdPartyIpManager:480 - Condition 'CM33_IAR' not fulfilled in pack 'STMicroelectronics.X-CUBE-MEMS1.11.1.0'
2025-03-07 00:19:29,376 [WARN] ThirdPartyIpManager:480 - Condition 'CM33_Keil' not fulfilled in pack 'STMicroelectronics.X-CUBE-MEMS1.11.1.0'
2025-03-07 00:19:29,377 [INFO] ProjectBuilder:9095 - Time for Copy ThirdParty[1] : 0mS.
2025-03-07 00:19:29,379 [INFO] ProjectBuilder:4876 - Project Generator version: 4.5.0-RC5
2025-03-07 00:19:29,423 [INFO] ConfigFileManager:1579 - The Die is : DIE469
2025-03-07 00:19:29,719 [INFO] ProjectBuilder:5154 - Time for Generating toolchain IDE Files: 339mS.
2025-03-07 00:19:29,719 [INFO] ProjectBuilder:3146 - Time for Copy CMSIS : 0mS.
2025-03-07 00:19:29,722 [INFO] ProjectBuilder:3146 - Time for Copy CMSIS : 0mS.
2025-03-07 22:49:04,765 [INFO] UtilMem:75 - End SaveConfig() Used Memory: 458121072 Bytes (970981376)
2025-03-07 22:49:04,842 [INFO] UtilMem:75 - End SaveConfig() Used Memory: 475422576 Bytes (970981376)
2025-03-07 22:49:05,186 [INFO] UtilMem:75 - End SaveConfig() Used Memory: 579755888 Bytes (970981376)
2025-03-07 22:49:05,401 [INFO] BlockDiagram:2766 - set Specific Code input for plugin: SPI
2025-03-07 22:49:05,401 [INFO] BlockDiagram:2766 - set Specific Code input for plugin: FDCAN
2025-03-07 22:49:05,401 [INFO] BlockDiagram:2766 - set Specific Code input for plugin: FREERTOS
2025-03-07 22:49:05,401 [INFO] BlockDiagram:2766 - set Specific Code input for plugin: USB_Device
2025-03-07 22:49:05,401 [INFO] BlockDiagram:2766 - set Specific Code input for plugin: SYS
2025-03-07 22:49:05,402 [INFO] BlockDiagram:2766 - set Specific Code input for plugin: RCC
2025-03-07 22:49:05,402 [INFO] BlockDiagram:2766 - set Specific Code input for plugin: CRC
2025-03-07 22:49:05,402 [INFO] BlockDiagram:2766 - set Specific Code input for plugin: I2C
2025-03-07 22:49:05,402 [INFO] BlockDiagram:2766 - set Specific Code input for plugin: NVIC
2025-03-07 22:49:05,402 [INFO] BlockDiagram:2766 - set Specific Code input for plugin: USART
2025-03-07 22:49:05,402 [INFO] BlockDiagram:2766 - set Specific Code input for plugin: TIM1_8G4
2025-03-07 22:49:05,402 [INFO] BlockDiagram:2766 - set Specific Code input for plugin: USB
2025-03-07 22:49:05,402 [INFO] BlockDiagram:2766 - set Specific Code input for plugin: STMicroelectronics.X-CUBE-MEMS1.11.1.0
2025-03-07 22:49:05,403 [INFO] BlockDiagram:2766 - set Specific Code input for plugin: GPIO
2025-03-07 22:49:05,403 [INFO] BlockDiagram:2766 - set Specific Code input for plugin: FDCAN
2025-03-07 22:49:05,404 [WARN] ThirdPartyIpManager:480 - Condition 'CM0_GCC' not fulfilled in pack 'STMicroelectronics.X-CUBE-MEMS1.11.1.0'
2025-03-07 22:49:05,404 [WARN] ThirdPartyIpManager:480 - Condition 'CM0_IAR' not fulfilled in pack 'STMicroelectronics.X-CUBE-MEMS1.11.1.0'
2025-03-07 22:49:05,404 [WARN] ThirdPartyIpManager:480 - Condition 'CM0_Keil' not fulfilled in pack 'STMicroelectronics.X-CUBE-MEMS1.11.1.0'
2025-03-07 22:49:05,404 [WARN] ThirdPartyIpManager:480 - Condition 'CM3_GCC' not fulfilled in pack 'STMicroelectronics.X-CUBE-MEMS1.11.1.0'
2025-03-07 22:49:05,404 [WARN] ThirdPartyIpManager:480 - Condition 'CM3_IAR' not fulfilled in pack 'STMicroelectronics.X-CUBE-MEMS1.11.1.0'
2025-03-07 22:49:05,405 [WARN] ThirdPartyIpManager:480 - Condition 'CM3_Keil' not fulfilled in pack 'STMicroelectronics.X-CUBE-MEMS1.11.1.0'
2025-03-07 22:49:05,405 [WARN] ThirdPartyIpManager:480 - Condition 'CM4_IAR' not fulfilled in pack 'STMicroelectronics.X-CUBE-MEMS1.11.1.0'
2025-03-07 22:49:05,405 [WARN] ThirdPartyIpManager:480 - Condition 'CM4_Keil' not fulfilled in pack 'STMicroelectronics.X-CUBE-MEMS1.11.1.0'
2025-03-07 22:49:05,405 [WARN] ThirdPartyIpManager:480 - Condition 'CM4_GCC_NoFPU' not fulfilled in pack 'STMicroelectronics.X-CUBE-MEMS1.11.1.0'
2025-03-07 22:49:05,406 [WARN] ThirdPartyIpManager:480 - Condition 'CM4_IAR_NoFPU' not fulfilled in pack 'STMicroelectronics.X-CUBE-MEMS1.11.1.0'
2025-03-07 22:49:05,406 [WARN] ThirdPartyIpManager:480 - Condition 'CM4_Keil_NoFPU' not fulfilled in pack 'STMicroelectronics.X-CUBE-MEMS1.11.1.0'
2025-03-07 22:49:05,406 [WARN] ThirdPartyIpManager:480 - Condition 'CM7_GCC' not fulfilled in pack 'STMicroelectronics.X-CUBE-MEMS1.11.1.0'
2025-03-07 22:49:05,406 [WARN] ThirdPartyIpManager:480 - Condition 'CM7_IAR' not fulfilled in pack 'STMicroelectronics.X-CUBE-MEMS1.11.1.0'
2025-03-07 22:49:05,406 [WARN] ThirdPartyIpManager:480 - Condition 'CM7_Keil' not fulfilled in pack 'STMicroelectronics.X-CUBE-MEMS1.11.1.0'
2025-03-07 22:49:05,406 [WARN] ThirdPartyIpManager:480 - Condition 'CM33_GCC' not fulfilled in pack 'STMicroelectronics.X-CUBE-MEMS1.11.1.0'
2025-03-07 22:49:05,407 [WARN] ThirdPartyIpManager:480 - Condition 'CM33_IAR' not fulfilled in pack 'STMicroelectronics.X-CUBE-MEMS1.11.1.0'
2025-03-07 22:49:05,407 [WARN] ThirdPartyIpManager:480 - Condition 'CM33_Keil' not fulfilled in pack 'STMicroelectronics.X-CUBE-MEMS1.11.1.0'
2025-03-07 22:49:05,407 [INFO] CodeGenerator:896 - code generatio: config db path: /opt/st/stm32cubeide_1.17.0_2/plugins/com.st.stm32cube.common.mx_6.13.0.202411220809//db/
2025-03-07 22:49:05,414 [WARN] IP:2251 - MessageRAMOffset not found: check if there is a RefParameter without a condition.
2025-03-07 22:49:05,414 [WARN] IP:2251 - RxFifo0ElmtsNbr not found: check if there is a RefParameter without a condition.
2025-03-07 22:49:05,414 [WARN] IP:2251 - RxFifo0ElmtSize not found: check if there is a RefParameter without a condition.
2025-03-07 22:49:05,415 [WARN] IP:2251 - RxFifo1ElmtsNbr not found: check if there is a RefParameter without a condition.
2025-03-07 22:49:05,415 [WARN] IP:2251 - RxFifo1ElmtSize not found: check if there is a RefParameter without a condition.
2025-03-07 22:49:05,415 [WARN] IP:2251 - RxBuffersNbr not found: check if there is a RefParameter without a condition.
2025-03-07 22:49:05,415 [WARN] IP:2251 - RxBufferSize not found: check if there is a RefParameter without a condition.
2025-03-07 22:49:05,416 [WARN] IP:2251 - TxEventsNbr not found: check if there is a RefParameter without a condition.
2025-03-07 22:49:05,417 [WARN] IP:2251 - TxBuffersNbr not found: check if there is a RefParameter without a condition.
2025-03-07 22:49:05,418 [WARN] IP:2251 - TxFifoQueueElmtsNbr not found: check if there is a RefParameter without a condition.
2025-03-07 22:49:05,418 [WARN] IP:2251 - TxElmtSize not found: check if there is a RefParameter without a condition.
2025-03-07 22:49:05,418 [WARN] IP:2251 - ClockCalibrationCCU not found: check if there is a RefParameter without a condition.
2025-03-07 22:49:05,418 [WARN] IP:2251 - ClockDividerCCU not found: check if there is a RefParameter without a condition.
2025-03-07 22:49:05,418 [WARN] IP:2251 - MinOscClkPeriodsCCU not found: check if there is a RefParameter without a condition.
2025-03-07 22:49:05,418 [WARN] IP:2251 - TimeQuantaPerBitTimeCCU not found: check if there is a RefParameter without a condition.
2025-03-07 22:49:05,419 [WARN] IP:2251 - WatchdogStartValueCCU not found: check if there is a RefParameter without a condition.
2025-03-07 22:49:05,421 [WARN] IP:2251 - MessageRAMOffset not found: check if there is a RefParameter without a condition.
2025-03-07 22:49:05,421 [WARN] IP:2251 - RxFifo0ElmtsNbr not found: check if there is a RefParameter without a condition.
2025-03-07 22:49:05,421 [WARN] IP:2251 - RxFifo0ElmtSize not found: check if there is a RefParameter without a condition.
2025-03-07 22:49:05,421 [WARN] IP:2251 - RxFifo1ElmtsNbr not found: check if there is a RefParameter without a condition.
2025-03-07 22:49:05,421 [WARN] IP:2251 - RxFifo1ElmtSize not found: check if there is a RefParameter without a condition.
2025-03-07 22:49:05,421 [WARN] IP:2251 - RxBuffersNbr not found: check if there is a RefParameter without a condition.
2025-03-07 22:49:05,421 [WARN] IP:2251 - RxBufferSize not found: check if there is a RefParameter without a condition.
2025-03-07 22:49:05,422 [WARN] IP:2251 - TxEventsNbr not found: check if there is a RefParameter without a condition.
2025-03-07 22:49:05,422 [WARN] IP:2251 - TxBuffersNbr not found: check if there is a RefParameter without a condition.
2025-03-07 22:49:05,422 [WARN] IP:2251 - TxFifoQueueElmtsNbr not found: check if there is a RefParameter without a condition.
2025-03-07 22:49:05,422 [WARN] IP:2251 - TxElmtSize not found: check if there is a RefParameter without a condition.
2025-03-07 22:49:05,422 [WARN] IP:2251 - ClockCalibrationCCU not found: check if there is a RefParameter without a condition.
2025-03-07 22:49:05,422 [WARN] IP:2251 - ClockDividerCCU not found: check if there is a RefParameter without a condition.
2025-03-07 22:49:05,422 [WARN] IP:2251 - MinOscClkPeriodsCCU not found: check if there is a RefParameter without a condition.
2025-03-07 22:49:05,422 [WARN] IP:2251 - TimeQuantaPerBitTimeCCU not found: check if there is a RefParameter without a condition.
2025-03-07 22:49:05,422 [WARN] IP:2251 - WatchdogStartValueCCU not found: check if there is a RefParameter without a condition.
2025-03-07 22:49:05,493 [INFO] IP:3348 - RTE Config file name : RTE_Component
2025-03-07 22:49:05,493 [INFO] IP:3366 - RTE template : RTE_Components.ftl
2025-03-07 22:49:05,495 [INFO] CodeEngine:255 - oldGeneratedFile, /home/nikolai/Documents/NP1_DRONE/software/STM32/Flight Control Computer/MXTmpFiles/license.tmp_save
2025-03-07 22:49:05,720 [INFO] CodeEngine:279 - Generated code: /home/nikolai/Documents/NP1_DRONE/software/STM32/Flight Control Computer/MXTmpFiles/license.tmp
2025-03-07 22:49:05,813 [INFO] CodeEngine:255 - oldGeneratedFile, /home/nikolai/Documents/NP1_DRONE/software/STM32/Flight Control Computer/Core/Src/gpio.c_save
2025-03-07 22:49:05,889 [INFO] CodeEngine:279 - Generated code: /home/nikolai/Documents/NP1_DRONE/software/STM32/Flight Control Computer/Core/Src/gpio.c
2025-03-07 22:49:05,891 [INFO] CodeEngine:255 - oldGeneratedFile, /home/nikolai/Documents/NP1_DRONE/software/STM32/Flight Control Computer/Core/Inc/gpio.h_save
2025-03-07 22:49:05,930 [INFO] CodeEngine:279 - Generated code: /home/nikolai/Documents/NP1_DRONE/software/STM32/Flight Control Computer/Core/Inc/gpio.h
2025-03-07 22:49:06,043 [INFO] CodeEngine:255 - oldGeneratedFile, /home/nikolai/Documents/NP1_DRONE/software/STM32/Flight Control Computer/MXTmpFiles/usb_vars.tmp_save
2025-03-07 22:49:06,086 [INFO] CodeEngine:279 - Generated code: /home/nikolai/Documents/NP1_DRONE/software/STM32/Flight Control Computer/MXTmpFiles/usb_vars.tmp
2025-03-07 22:49:06,087 [INFO] CodeEngine:255 - oldGeneratedFile, /home/nikolai/Documents/NP1_DRONE/software/STM32/Flight Control Computer/MXTmpFiles/usb_inc.tmp_save
2025-03-07 22:49:06,118 [INFO] CodeEngine:279 - Generated code: /home/nikolai/Documents/NP1_DRONE/software/STM32/Flight Control Computer/MXTmpFiles/usb_inc.tmp
2025-03-07 22:49:06,118 [INFO] CodeEngine:255 - oldGeneratedFile, /home/nikolai/Documents/NP1_DRONE/software/STM32/Flight Control Computer/MXTmpFiles/usb_HalInit.tmp_save
2025-03-07 22:49:06,170 [INFO] CodeEngine:279 - Generated code: /home/nikolai/Documents/NP1_DRONE/software/STM32/Flight Control Computer/MXTmpFiles/usb_HalInit.tmp
2025-03-07 22:49:06,171 [INFO] CodeEngine:255 - oldGeneratedFile, /home/nikolai/Documents/NP1_DRONE/software/STM32/Flight Control Computer/MXTmpFiles/usb_Msp.tmp_save
2025-03-07 22:49:06,229 [INFO] CodeEngine:279 - Generated code: /home/nikolai/Documents/NP1_DRONE/software/STM32/Flight Control Computer/MXTmpFiles/usb_Msp.tmp
2025-03-07 22:49:06,715 [INFO] Middleware:1450 - No code input for Bsp Dependency
2025-03-07 22:49:06,717 [INFO] CodeEngine:255 - oldGeneratedFile, /home/nikolai/Documents/NP1_DRONE/software/STM32/Flight Control Computer/MXTmpFiles/rtos_inc.tmp_save
2025-03-07 22:49:06,750 [INFO] CodeEngine:279 - Generated code: /home/nikolai/Documents/NP1_DRONE/software/STM32/Flight Control Computer/MXTmpFiles/rtos_inc.tmp
2025-03-07 22:49:06,751 [INFO] CodeEngine:255 - oldGeneratedFile, /home/nikolai/Documents/NP1_DRONE/software/STM32/Flight Control Computer/MXTmpFiles/rtos_kernelInit.tmp_save
2025-03-07 22:49:06,781 [INFO] CodeEngine:279 - Generated code: /home/nikolai/Documents/NP1_DRONE/software/STM32/Flight Control Computer/MXTmpFiles/rtos_kernelInit.tmp
2025-03-07 22:49:06,782 [INFO] CodeEngine:255 - oldGeneratedFile, /home/nikolai/Documents/NP1_DRONE/software/STM32/Flight Control Computer/MXTmpFiles/rtos_kernelStart.tmp_save
2025-03-07 22:49:06,812 [INFO] CodeEngine:279 - Generated code: /home/nikolai/Documents/NP1_DRONE/software/STM32/Flight Control Computer/MXTmpFiles/rtos_kernelStart.tmp
2025-03-07 22:49:06,813 [INFO] CodeEngine:255 - oldGeneratedFile, /home/nikolai/Documents/NP1_DRONE/software/STM32/Flight Control Computer/MXTmpFiles/rtos_typedefs.tmp_save
2025-03-07 22:49:06,844 [INFO] CodeEngine:279 - Generated code: /home/nikolai/Documents/NP1_DRONE/software/STM32/Flight Control Computer/MXTmpFiles/rtos_typedefs.tmp
2025-03-07 22:49:06,844 [INFO] CodeEngine:255 - oldGeneratedFile, /home/nikolai/Documents/NP1_DRONE/software/STM32/Flight Control Computer/MXTmpFiles/rtos_vars.tmp_save
2025-03-07 22:49:06,877 [INFO] CodeEngine:279 - Generated code: /home/nikolai/Documents/NP1_DRONE/software/STM32/Flight Control Computer/MXTmpFiles/rtos_vars.tmp
2025-03-07 22:49:06,878 [INFO] CodeEngine:255 - oldGeneratedFile, /home/nikolai/Documents/NP1_DRONE/software/STM32/Flight Control Computer/MXTmpFiles/rtos_pfp.tmp_save
2025-03-07 22:49:06,908 [INFO] CodeEngine:279 - Generated code: /home/nikolai/Documents/NP1_DRONE/software/STM32/Flight Control Computer/MXTmpFiles/rtos_pfp.tmp
2025-03-07 22:49:06,909 [INFO] CodeEngine:255 - oldGeneratedFile, /home/nikolai/Documents/NP1_DRONE/software/STM32/Flight Control Computer/MXTmpFiles/rtos_obj_creat.tmp_save
2025-03-07 22:49:06,941 [INFO] CodeEngine:279 - Generated code: /home/nikolai/Documents/NP1_DRONE/software/STM32/Flight Control Computer/MXTmpFiles/rtos_obj_creat.tmp
2025-03-07 22:49:06,942 [INFO] CodeEngine:255 - oldGeneratedFile, /home/nikolai/Documents/NP1_DRONE/software/STM32/Flight Control Computer/MXTmpFiles/rtos_default_thread.tmp_save
2025-03-07 22:49:06,977 [INFO] CodeEngine:279 - Generated code: /home/nikolai/Documents/NP1_DRONE/software/STM32/Flight Control Computer/MXTmpFiles/rtos_default_thread.tmp
2025-03-07 22:49:06,978 [INFO] CodeEngine:255 - oldGeneratedFile, /home/nikolai/Documents/NP1_DRONE/software/STM32/Flight Control Computer/MXTmpFiles/rtos_threads.tmp_save
2025-03-07 22:49:07,009 [INFO] CodeEngine:279 - Generated code: /home/nikolai/Documents/NP1_DRONE/software/STM32/Flight Control Computer/MXTmpFiles/rtos_threads.tmp
2025-03-07 22:49:07,039 [INFO] Middleware:1450 - No code input for Bsp Dependency
2025-03-07 22:49:07,047 [INFO] Middleware:1450 - No code input for Bsp Dependency
2025-03-07 22:49:07,055 [INFO] Middleware:1450 - No code input for Bsp Dependency
2025-03-07 22:49:07,057 [INFO] CodeEngine:255 - oldGeneratedFile, /home/nikolai/Documents/NP1_DRONE/software/STM32/Flight Control Computer/MXTmpFiles/rtos_inc.tmp_save
2025-03-07 22:49:07,106 [INFO] CodeEngine:279 - Generated code: /home/nikolai/Documents/NP1_DRONE/software/STM32/Flight Control Computer/MXTmpFiles/rtos_inc.tmp
2025-03-07 22:49:07,108 [INFO] CodeEngine:255 - oldGeneratedFile, /home/nikolai/Documents/NP1_DRONE/software/STM32/Flight Control Computer/MXTmpFiles/rtos_kernelInit.tmp_save
2025-03-07 22:49:07,181 [INFO] CodeEngine:279 - Generated code: /home/nikolai/Documents/NP1_DRONE/software/STM32/Flight Control Computer/MXTmpFiles/rtos_kernelInit.tmp
2025-03-07 22:49:07,182 [INFO] CodeEngine:255 - oldGeneratedFile, /home/nikolai/Documents/NP1_DRONE/software/STM32/Flight Control Computer/MXTmpFiles/rtos_kernelStart.tmp_save
2025-03-07 22:49:07,212 [INFO] CodeEngine:279 - Generated code: /home/nikolai/Documents/NP1_DRONE/software/STM32/Flight Control Computer/MXTmpFiles/rtos_kernelStart.tmp
2025-03-07 22:49:07,212 [INFO] CodeEngine:255 - oldGeneratedFile, /home/nikolai/Documents/NP1_DRONE/software/STM32/Flight Control Computer/MXTmpFiles/rtos_typedefs.tmp_save
2025-03-07 22:49:07,243 [INFO] CodeEngine:279 - Generated code: /home/nikolai/Documents/NP1_DRONE/software/STM32/Flight Control Computer/MXTmpFiles/rtos_typedefs.tmp
2025-03-07 22:49:07,244 [INFO] CodeEngine:255 - oldGeneratedFile, /home/nikolai/Documents/NP1_DRONE/software/STM32/Flight Control Computer/MXTmpFiles/rtos_vars.tmp_save
2025-03-07 22:49:07,278 [INFO] CodeEngine:279 - Generated code: /home/nikolai/Documents/NP1_DRONE/software/STM32/Flight Control Computer/MXTmpFiles/rtos_vars.tmp
2025-03-07 22:49:07,279 [INFO] CodeEngine:255 - oldGeneratedFile, /home/nikolai/Documents/NP1_DRONE/software/STM32/Flight Control Computer/MXTmpFiles/rtos_pfp.tmp_save
2025-03-07 22:49:07,318 [INFO] CodeEngine:279 - Generated code: /home/nikolai/Documents/NP1_DRONE/software/STM32/Flight Control Computer/MXTmpFiles/rtos_pfp.tmp
2025-03-07 22:49:07,319 [INFO] CodeEngine:255 - oldGeneratedFile, /home/nikolai/Documents/NP1_DRONE/software/STM32/Flight Control Computer/MXTmpFiles/rtos_obj_creat.tmp_save
2025-03-07 22:49:07,350 [INFO] CodeEngine:279 - Generated code: /home/nikolai/Documents/NP1_DRONE/software/STM32/Flight Control Computer/MXTmpFiles/rtos_obj_creat.tmp
2025-03-07 22:49:07,351 [INFO] CodeEngine:255 - oldGeneratedFile, /home/nikolai/Documents/NP1_DRONE/software/STM32/Flight Control Computer/MXTmpFiles/rtos_default_thread.tmp_save
2025-03-07 22:49:07,385 [INFO] CodeEngine:279 - Generated code: /home/nikolai/Documents/NP1_DRONE/software/STM32/Flight Control Computer/MXTmpFiles/rtos_default_thread.tmp
2025-03-07 22:49:07,385 [INFO] CodeEngine:255 - oldGeneratedFile, /home/nikolai/Documents/NP1_DRONE/software/STM32/Flight Control Computer/MXTmpFiles/rtos_threads.tmp_save
2025-03-07 22:49:07,416 [INFO] CodeEngine:279 - Generated code: /home/nikolai/Documents/NP1_DRONE/software/STM32/Flight Control Computer/MXTmpFiles/rtos_threads.tmp
2025-03-07 22:49:07,417 [INFO] CodeEngine:255 - oldGeneratedFile, /home/nikolai/Documents/NP1_DRONE/software/STM32/Flight Control Computer/Core/Inc/FreeRTOSConfig.h_save
2025-03-07 22:49:07,459 [INFO] CodeEngine:279 - Generated code: /home/nikolai/Documents/NP1_DRONE/software/STM32/Flight Control Computer/Core/Inc/FreeRTOSConfig.h
2025-03-07 22:49:07,459 [INFO] CodeEngine:255 - oldGeneratedFile, /home/nikolai/Documents/NP1_DRONE/software/STM32/Flight Control Computer/Core/Src/app_freertos.c_save
2025-03-07 22:49:07,500 [INFO] CodeEngine:279 - Generated code: /home/nikolai/Documents/NP1_DRONE/software/STM32/Flight Control Computer/Core/Src/app_freertos.c
2025-03-07 22:49:07,502 [INFO] CodeEngine:255 - oldGeneratedFile, /home/nikolai/Documents/NP1_DRONE/software/STM32/Flight Control Computer/Core/Src/crc.c_save
2025-03-07 22:49:07,545 [INFO] CodeEngine:279 - Generated code: /home/nikolai/Documents/NP1_DRONE/software/STM32/Flight Control Computer/Core/Src/crc.c
2025-03-07 22:49:07,546 [INFO] CodeEngine:255 - oldGeneratedFile, /home/nikolai/Documents/NP1_DRONE/software/STM32/Flight Control Computer/Core/Inc/crc.h_save
2025-03-07 22:49:07,578 [INFO] CodeEngine:279 - Generated code: /home/nikolai/Documents/NP1_DRONE/software/STM32/Flight Control Computer/Core/Inc/crc.h
2025-03-07 22:49:07,580 [INFO] CodeEngine:255 - oldGeneratedFile, /home/nikolai/Documents/NP1_DRONE/software/STM32/Flight Control Computer/Core/Src/fdcan.c_save
2025-03-07 22:49:07,629 [INFO] CodeEngine:279 - Generated code: /home/nikolai/Documents/NP1_DRONE/software/STM32/Flight Control Computer/Core/Src/fdcan.c
2025-03-07 22:49:07,630 [INFO] CodeEngine:255 - oldGeneratedFile, /home/nikolai/Documents/NP1_DRONE/software/STM32/Flight Control Computer/Core/Inc/fdcan.h_save
2025-03-07 22:49:07,661 [INFO] CodeEngine:279 - Generated code: /home/nikolai/Documents/NP1_DRONE/software/STM32/Flight Control Computer/Core/Inc/fdcan.h
2025-03-07 22:49:07,662 [INFO] CodeEngine:255 - oldGeneratedFile, /home/nikolai/Documents/NP1_DRONE/software/STM32/Flight Control Computer/Core/Src/i2c.c_save
2025-03-07 22:49:07,706 [INFO] CodeEngine:279 - Generated code: /home/nikolai/Documents/NP1_DRONE/software/STM32/Flight Control Computer/Core/Src/i2c.c
2025-03-07 22:49:07,707 [INFO] CodeEngine:255 - oldGeneratedFile, /home/nikolai/Documents/NP1_DRONE/software/STM32/Flight Control Computer/Core/Inc/i2c.h_save
2025-03-07 22:49:07,737 [INFO] CodeEngine:279 - Generated code: /home/nikolai/Documents/NP1_DRONE/software/STM32/Flight Control Computer/Core/Inc/i2c.h
2025-03-07 22:49:07,739 [INFO] CodeEngine:255 - oldGeneratedFile, /home/nikolai/Documents/NP1_DRONE/software/STM32/Flight Control Computer/Core/Src/spi.c_save
2025-03-07 22:49:07,782 [INFO] CodeEngine:279 - Generated code: /home/nikolai/Documents/NP1_DRONE/software/STM32/Flight Control Computer/Core/Src/spi.c
2025-03-07 22:49:07,783 [INFO] CodeEngine:255 - oldGeneratedFile, /home/nikolai/Documents/NP1_DRONE/software/STM32/Flight Control Computer/Core/Inc/spi.h_save
2025-03-07 22:49:07,814 [INFO] CodeEngine:279 - Generated code: /home/nikolai/Documents/NP1_DRONE/software/STM32/Flight Control Computer/Core/Inc/spi.h
2025-03-07 22:49:07,833 [INFO] Middleware:1450 - No code input for Bsp Dependency
2025-03-07 22:49:07,835 [INFO] CodeEngine:255 - oldGeneratedFile, /home/nikolai/Documents/NP1_DRONE/software/STM32/Flight Control Computer/Core/Src/tim.c_save
2025-03-07 22:49:07,881 [INFO] CodeEngine:279 - Generated code: /home/nikolai/Documents/NP1_DRONE/software/STM32/Flight Control Computer/Core/Src/tim.c
2025-03-07 22:49:07,881 [INFO] CodeEngine:255 - oldGeneratedFile, /home/nikolai/Documents/NP1_DRONE/software/STM32/Flight Control Computer/Core/Inc/tim.h_save
2025-03-07 22:49:07,912 [INFO] CodeEngine:279 - Generated code: /home/nikolai/Documents/NP1_DRONE/software/STM32/Flight Control Computer/Core/Inc/tim.h
2025-03-07 22:49:07,914 [INFO] CodeEngine:255 - oldGeneratedFile, /home/nikolai/Documents/NP1_DRONE/software/STM32/Flight Control Computer/Core/Src/usart.c_save
2025-03-07 22:49:07,961 [INFO] CodeEngine:279 - Generated code: /home/nikolai/Documents/NP1_DRONE/software/STM32/Flight Control Computer/Core/Src/usart.c
2025-03-07 22:49:07,962 [INFO] CodeEngine:255 - oldGeneratedFile, /home/nikolai/Documents/NP1_DRONE/software/STM32/Flight Control Computer/Core/Inc/usart.h_save
2025-03-07 22:49:08,000 [INFO] CodeEngine:279 - Generated code: /home/nikolai/Documents/NP1_DRONE/software/STM32/Flight Control Computer/Core/Inc/usart.h
2025-03-07 22:49:08,005 [INFO] Middleware:1450 - No code input for Bsp Dependency
2025-03-07 22:49:08,008 [INFO] CodeEngine:255 - oldGeneratedFile, /home/nikolai/Documents/NP1_DRONE/software/STM32/Flight Control Computer/USB_Device/App/usb_device.c_save
2025-03-07 22:49:08,055 [INFO] CodeEngine:279 - Generated code: /home/nikolai/Documents/NP1_DRONE/software/STM32/Flight Control Computer/USB_Device/App/usb_device.c
2025-03-07 22:49:08,055 [INFO] CodeEngine:255 - oldGeneratedFile, /home/nikolai/Documents/NP1_DRONE/software/STM32/Flight Control Computer/USB_Device/App/usb_device.h_save
2025-03-07 22:49:08,088 [INFO] CodeEngine:279 - Generated code: /home/nikolai/Documents/NP1_DRONE/software/STM32/Flight Control Computer/USB_Device/App/usb_device.h
2025-03-07 22:49:08,089 [INFO] CodeEngine:255 - oldGeneratedFile, /home/nikolai/Documents/NP1_DRONE/software/STM32/Flight Control Computer/USB_Device/Target/usbd_conf.h_save
2025-03-07 22:49:08,124 [INFO] CodeEngine:279 - Generated code: /home/nikolai/Documents/NP1_DRONE/software/STM32/Flight Control Computer/USB_Device/Target/usbd_conf.h
2025-03-07 22:49:08,125 [INFO] CodeEngine:255 - oldGeneratedFile, /home/nikolai/Documents/NP1_DRONE/software/STM32/Flight Control Computer/USB_Device/Target/usbd_conf.c_save
2025-03-07 22:49:08,187 [INFO] CodeEngine:279 - Generated code: /home/nikolai/Documents/NP1_DRONE/software/STM32/Flight Control Computer/USB_Device/Target/usbd_conf.c
2025-03-07 22:49:08,189 [INFO] CodeEngine:255 - oldGeneratedFile, /home/nikolai/Documents/NP1_DRONE/software/STM32/Flight Control Computer/USB_Device/App/usbd_desc.h_save
2025-03-07 22:49:08,222 [INFO] CodeEngine:279 - Generated code: /home/nikolai/Documents/NP1_DRONE/software/STM32/Flight Control Computer/USB_Device/App/usbd_desc.h
2025-03-07 22:49:08,223 [INFO] CodeEngine:255 - oldGeneratedFile, /home/nikolai/Documents/NP1_DRONE/software/STM32/Flight Control Computer/USB_Device/App/usbd_desc.c_save
2025-03-07 22:49:08,259 [INFO] CodeEngine:279 - Generated code: /home/nikolai/Documents/NP1_DRONE/software/STM32/Flight Control Computer/USB_Device/App/usbd_desc.c
2025-03-07 22:49:08,260 [INFO] CodeEngine:255 - oldGeneratedFile, /home/nikolai/Documents/NP1_DRONE/software/STM32/Flight Control Computer/USB_Device/App/usbd_cdc_if.h_save
2025-03-07 22:49:08,290 [INFO] CodeEngine:279 - Generated code: /home/nikolai/Documents/NP1_DRONE/software/STM32/Flight Control Computer/USB_Device/App/usbd_cdc_if.h
2025-03-07 22:49:08,290 [INFO] CodeEngine:255 - oldGeneratedFile, /home/nikolai/Documents/NP1_DRONE/software/STM32/Flight Control Computer/USB_Device/App/usbd_cdc_if.c_save
2025-03-07 22:49:08,325 [INFO] CodeEngine:279 - Generated code: /home/nikolai/Documents/NP1_DRONE/software/STM32/Flight Control Computer/USB_Device/App/usbd_cdc_if.c
2025-03-07 22:49:08,332 [INFO] CodeEngine:255 - oldGeneratedFile, /home/nikolai/Documents/NP1_DRONE/software/STM32/Flight Control Computer/Core/Src/stm32g4xx_it.c_save
2025-03-07 22:49:08,407 [INFO] CodeEngine:279 - Generated code: /home/nikolai/Documents/NP1_DRONE/software/STM32/Flight Control Computer/Core/Src/stm32g4xx_it.c
2025-03-07 22:49:08,408 [INFO] CodeEngine:255 - oldGeneratedFile, /home/nikolai/Documents/NP1_DRONE/software/STM32/Flight Control Computer/Core/Inc/stm32g4xx_it.h_save
2025-03-07 22:49:08,439 [INFO] CodeEngine:279 - Generated code: /home/nikolai/Documents/NP1_DRONE/software/STM32/Flight Control Computer/Core/Inc/stm32g4xx_it.h
2025-03-07 22:49:08,446 [INFO] CodeEngine:255 - oldGeneratedFile, /home/nikolai/Documents/NP1_DRONE/software/STM32/Flight Control Computer/Core/Src/stm32g4xx_hal_msp.c_save
2025-03-07 22:49:08,491 [INFO] CodeEngine:279 - Generated code: /home/nikolai/Documents/NP1_DRONE/software/STM32/Flight Control Computer/Core/Src/stm32g4xx_hal_msp.c
2025-03-07 22:49:08,492 [INFO] CodeEngine:255 - oldGeneratedFile, /home/nikolai/Documents/NP1_DRONE/software/STM32/Flight Control Computer/MXTmpFiles/system.tmp_save
2025-03-07 22:49:08,523 [INFO] CodeEngine:279 - Generated code: /home/nikolai/Documents/NP1_DRONE/software/STM32/Flight Control Computer/MXTmpFiles/system.tmp
2025-03-07 22:49:08,523 [INFO] CodeEngine:255 - oldGeneratedFile, /home/nikolai/Documents/NP1_DRONE/software/STM32/Flight Control Computer/Core/Src/stm32g4xx_hal_timebase_tim.c_save
2025-03-07 22:49:08,555 [INFO] CodeEngine:279 - Generated code: /home/nikolai/Documents/NP1_DRONE/software/STM32/Flight Control Computer/Core/Src/stm32g4xx_hal_timebase_tim.c
2025-03-07 22:49:08,557 [INFO] CodeEngine:311 - oldGeneratedFile, /home/nikolai/Documents/NP1_DRONE/software/STM32/Flight Control Computer/Core/Inc/stm32g4xx_hal_conf.h_save
2025-03-07 22:49:08,587 [INFO] CodeEngine:335 - Generated code: /home/nikolai/Documents/NP1_DRONE/software/STM32/Flight Control Computer/Core/Inc/stm32g4xx_hal_conf.h
2025-03-07 22:49:08,596 [WARN] IPConfigManager:3034 - Warning: the RefConfig RCC_CommonPeriphClockConfig is not available in your config.xml file
2025-03-07 22:49:08,605 [INFO] CodeEngine:255 - oldGeneratedFile, /home/nikolai/Documents/NP1_DRONE/software/STM32/Flight Control Computer/Core/Inc/main.h_save
2025-03-07 22:49:08,637 [INFO] CodeEngine:279 - Generated code: /home/nikolai/Documents/NP1_DRONE/software/STM32/Flight Control Computer/Core/Inc/main.h
2025-03-07 22:49:08,637 [INFO] CodeEngine:255 - oldGeneratedFile, /home/nikolai/Documents/NP1_DRONE/software/STM32/Flight Control Computer/Core/Src/main.c_save
2025-03-07 22:49:08,682 [INFO] CodeEngine:279 - Generated code: /home/nikolai/Documents/NP1_DRONE/software/STM32/Flight Control Computer/Core/Src/main.c
2025-03-07 22:49:08,772 [INFO] ProjectBuilder:3289 - Time for Copy HAL[1] : 18mS.
2025-03-07 22:49:08,774 [WARN] ThirdPartyIpManager:480 - Condition 'CM0_GCC' not fulfilled in pack 'STMicroelectronics.X-CUBE-MEMS1.11.1.0'
2025-03-07 22:49:08,774 [WARN] ThirdPartyIpManager:480 - Condition 'CM0_IAR' not fulfilled in pack 'STMicroelectronics.X-CUBE-MEMS1.11.1.0'
2025-03-07 22:49:08,774 [WARN] ThirdPartyIpManager:480 - Condition 'CM0_Keil' not fulfilled in pack 'STMicroelectronics.X-CUBE-MEMS1.11.1.0'
2025-03-07 22:49:08,774 [WARN] ThirdPartyIpManager:480 - Condition 'CM3_GCC' not fulfilled in pack 'STMicroelectronics.X-CUBE-MEMS1.11.1.0'
2025-03-07 22:49:08,774 [WARN] ThirdPartyIpManager:480 - Condition 'CM3_IAR' not fulfilled in pack 'STMicroelectronics.X-CUBE-MEMS1.11.1.0'
2025-03-07 22:49:08,774 [WARN] ThirdPartyIpManager:480 - Condition 'CM3_Keil' not fulfilled in pack 'STMicroelectronics.X-CUBE-MEMS1.11.1.0'
2025-03-07 22:49:08,774 [WARN] ThirdPartyIpManager:480 - Condition 'CM4_IAR' not fulfilled in pack 'STMicroelectronics.X-CUBE-MEMS1.11.1.0'
2025-03-07 22:49:08,774 [WARN] ThirdPartyIpManager:480 - Condition 'CM4_Keil' not fulfilled in pack 'STMicroelectronics.X-CUBE-MEMS1.11.1.0'
2025-03-07 22:49:08,774 [WARN] ThirdPartyIpManager:480 - Condition 'CM4_GCC_NoFPU' not fulfilled in pack 'STMicroelectronics.X-CUBE-MEMS1.11.1.0'
2025-03-07 22:49:08,774 [WARN] ThirdPartyIpManager:480 - Condition 'CM4_IAR_NoFPU' not fulfilled in pack 'STMicroelectronics.X-CUBE-MEMS1.11.1.0'
2025-03-07 22:49:08,774 [WARN] ThirdPartyIpManager:480 - Condition 'CM4_Keil_NoFPU' not fulfilled in pack 'STMicroelectronics.X-CUBE-MEMS1.11.1.0'
2025-03-07 22:49:08,774 [WARN] ThirdPartyIpManager:480 - Condition 'CM7_GCC' not fulfilled in pack 'STMicroelectronics.X-CUBE-MEMS1.11.1.0'
2025-03-07 22:49:08,774 [WARN] ThirdPartyIpManager:480 - Condition 'CM7_IAR' not fulfilled in pack 'STMicroelectronics.X-CUBE-MEMS1.11.1.0'
2025-03-07 22:49:08,775 [WARN] ThirdPartyIpManager:480 - Condition 'CM7_Keil' not fulfilled in pack 'STMicroelectronics.X-CUBE-MEMS1.11.1.0'
2025-03-07 22:49:08,775 [WARN] ThirdPartyIpManager:480 - Condition 'CM33_GCC' not fulfilled in pack 'STMicroelectronics.X-CUBE-MEMS1.11.1.0'
2025-03-07 22:49:08,775 [WARN] ThirdPartyIpManager:480 - Condition 'CM33_IAR' not fulfilled in pack 'STMicroelectronics.X-CUBE-MEMS1.11.1.0'
2025-03-07 22:49:08,775 [WARN] ThirdPartyIpManager:480 - Condition 'CM33_Keil' not fulfilled in pack 'STMicroelectronics.X-CUBE-MEMS1.11.1.0'
2025-03-07 22:49:08,776 [INFO] ProjectBuilder:9095 - Time for Copy ThirdParty[1] : 1mS.
2025-03-07 22:49:08,779 [INFO] ProjectBuilder:4876 - Project Generator version: 4.5.0-RC5
2025-03-07 22:49:08,826 [INFO] ConfigFileManager:1579 - The Die is : DIE469
2025-03-07 22:49:09,457 [INFO] ProjectBuilder:5154 - Time for Generating toolchain IDE Files: 678mS.
2025-03-07 22:49:09,458 [INFO] ProjectBuilder:3146 - Time for Copy CMSIS : 0mS.
2025-03-07 22:49:09,460 [INFO] ProjectBuilder:3146 - Time for Copy CMSIS : 0mS.
