2024-11-14 20:53:32,662 [INFO] Activator:176 - 


2024-11-14 20:53:32,664 [INFO] Activator:177 - !SESSION log4j initialized
2024-11-14 20:53:35,314 [INFO] LogOutputStream:77 - [STDOUT_REDIRECT] 
2024-11-14 20:53:35,990 [INFO] ApplicationProperties:184 - Using Application install path: /opt/st/stm32cubeide_1.14.0/plugins/com.st.stm32cube.common.mx_6.10.0.202311202037
2024-11-14 20:53:36,001 [INFO] DbMcusXml:78 - Set database path to: /opt/st/stm32cubeide_1.14.0/plugins/com.st.stm32cube.common.mx_6.10.0.202311202037//db//mcu/
2024-11-14 20:53:36,001 [INFO] ApiDb:274 - Set plugin database path to: /opt/st/stm32cubeide_1.14.0/plugins/com.st.stm32cube.common.mx_6.10.0.202311202037//db//plugins/boardmanager/
2024-11-14 20:53:36,001 [WARN] ApiDb:259 - Overriding images path with different value:  => /opt/st/stm32cubeide_1.14.0/plugins/com.st.stm32cube.common.mx_6.10.0.202311202037//db//plugins/mcufinder/images/
2024-11-14 20:53:36,006 [INFO] ApiDb:250 - Set database path to: /home/nikolai/.stmcufinder/plugins/mcufinder//mcu/
2024-11-14 20:53:36,006 [INFO] DbMcusAds:125 - Set database path to: /home/nikolai/.stmcufinder/plugins/mcufinder//mcu/
2024-11-14 20:53:36,007 [INFO] CrossReferenceDbSqlite:203 - Set database path to: /home/nikolai/.stmcufinder/plugins/mcufinder//mcu/cs/
2024-11-14 20:53:36,063 [INFO] RulesReader:64 - Compatibility file has been processed (297 Rules)
2024-11-14 20:53:36,101 [INFO] DbMcusXml:78 - Set database path to: /opt/st/stm32cubeide_1.14.0/plugins/com.st.stm32cube.common.mx_6.10.0.202311202037//db//mcu/
2024-11-14 20:53:36,101 [INFO] ApiDb:274 - Set plugin database path to: /opt/st/stm32cubeide_1.14.0/plugins/com.st.stm32cube.common.mx_6.10.0.202311202037//db//plugins/boardmanager/
2024-11-14 20:53:36,101 [INFO] ApiDb:261 - Set plugin images path to: /opt/st/stm32cubeide_1.14.0/plugins/com.st.stm32cube.common.mx_6.10.0.202311202037//db//plugins/mcufinder/images/
2024-11-14 20:53:36,101 [WARN] DbFile:41 - Overriding database path with different value: /home/nikolai/.stmcufinder/plugins/mcufinder/ => /home/nikolai/.stmcufinder/plugins/mcufinder
2024-11-14 20:53:36,101 [INFO] ApiDb:250 - Set database path to: /home/nikolai/.stmcufinder/plugins/mcufinder//mcu/
2024-11-14 20:53:36,101 [WARN] DbFile:41 - Overriding database path with different value: /home/nikolai/.stmcufinder/plugins/mcufinder/ => /home/nikolai/.stmcufinder/plugins/mcufinder
2024-11-14 20:53:36,101 [INFO] DbMcusAds:125 - Set database path to: /home/nikolai/.stmcufinder/plugins/mcufinder//mcu/
2024-11-14 20:53:36,101 [WARN] DbFile:41 - Overriding database path with different value: /home/nikolai/.stmcufinder/plugins/mcufinder/ => /home/nikolai/.stmcufinder/plugins/mcufinder
2024-11-14 20:53:36,101 [WARN] DbFile:41 - Overriding database path with different value: /home/nikolai/.stmcufinder/plugins/mcufinder/ => /home/nikolai/.stmcufinder/plugins/mcufinder
2024-11-14 20:53:36,101 [INFO] CrossReferenceDbSqlite:203 - Set database path to: /home/nikolai/.stmcufinder/plugins/mcufinder//mcu/cs/
2024-11-14 20:53:36,136 [INFO] MainPanel:264 - HeapMemory: 268435456
2024-11-14 20:53:36,178 [INFO] DbMcusXml:78 - Set database path to: /opt/st/stm32cubeide_1.14.0/plugins/com.st.stm32cube.common.mx_6.10.0.202311202037//db//mcu/
2024-11-14 20:53:36,178 [INFO] ApiDb:274 - Set plugin database path to: /opt/st/stm32cubeide_1.14.0/plugins/com.st.stm32cube.common.mx_6.10.0.202311202037//db//plugins/boardmanager/
2024-11-14 20:53:36,178 [INFO] ApiDb:261 - Set plugin images path to: /opt/st/stm32cubeide_1.14.0/plugins/com.st.stm32cube.common.mx_6.10.0.202311202037//db//plugins/mcufinder/images/
2024-11-14 20:53:36,179 [WARN] DbFile:41 - Overriding database path with different value: /home/nikolai/.stmcufinder/plugins/mcufinder/ => /home/nikolai/.stmcufinder/plugins/mcufinder
2024-11-14 20:53:36,179 [INFO] ApiDb:250 - Set database path to: /home/nikolai/.stmcufinder/plugins/mcufinder//mcu/
2024-11-14 20:53:36,179 [WARN] DbFile:41 - Overriding database path with different value: /home/nikolai/.stmcufinder/plugins/mcufinder/ => /home/nikolai/.stmcufinder/plugins/mcufinder
2024-11-14 20:53:36,179 [INFO] DbMcusAds:125 - Set database path to: /home/nikolai/.stmcufinder/plugins/mcufinder//mcu/
2024-11-14 20:53:36,179 [WARN] DbFile:41 - Overriding database path with different value: /home/nikolai/.stmcufinder/plugins/mcufinder/ => /home/nikolai/.stmcufinder/plugins/mcufinder
2024-11-14 20:53:36,179 [WARN] DbFile:41 - Overriding database path with different value: /home/nikolai/.stmcufinder/plugins/mcufinder/ => /home/nikolai/.stmcufinder/plugins/mcufinder
2024-11-14 20:53:36,179 [INFO] CrossReferenceDbSqlite:203 - Set database path to: /home/nikolai/.stmcufinder/plugins/mcufinder//mcu/cs/
2024-11-14 20:53:36,188 [INFO] ApplicationProperties:184 - Using Application install path: /opt/st/stm32cubeide_1.14.0/plugins/com.st.stm32cube.common.mx_6.10.0.202311202037
2024-11-14 20:53:36,189 [INFO] PluginManage:196 - Search for loadable plugins [exclusion list=, ]
2024-11-14 20:53:36,190 [INFO] PluginManage:310 - Check plugin analytics
2024-11-14 20:53:36,260 [INFO] AnalyticsPlugin:253 - Accepted Software Licenses: 
2024-11-14 20:53:36,260 [INFO] AnalyticsPlugin:255 - Accepted CMSIS Pack Licenses: 
2024-11-14 20:53:36,260 [INFO] AnalyticsPlugin:257 - Accepted Firmware Licenses: FW.L4.1.18.0,FW.G4.1.5.0
2024-11-14 20:53:36,261 [INFO] PluginManage:359 - Loaded plugin analytics (category:tool,tabindex:-1)
2024-11-14 20:53:36,261 [INFO] PluginManage:310 - Check plugin cadmodel
2024-11-14 20:53:36,276 [INFO] CADModel:105 - Init CAD model plugin
2024-11-14 20:53:36,276 [INFO] PluginManage:359 - Loaded plugin cadmodel (category:power,tabindex:5)
2024-11-14 20:53:36,276 [INFO] PluginManage:310 - Check plugin clock
2024-11-14 20:53:36,281 [INFO] PluginManage:359 - Loaded plugin clock (category:base,tabindex:2)
2024-11-14 20:53:36,281 [INFO] PluginManage:310 - Check plugin ddr
2024-11-14 20:53:36,282 [INFO] PluginManage:359 - Loaded plugin ddr (category:tool,tabindex:6)
2024-11-14 20:53:36,283 [INFO] PluginManage:310 - Check plugin filemanager
2024-11-14 20:53:36,356 [INFO] PluginManage:359 - Loaded plugin filemanager (category:base,tabindex:10)
2024-11-14 20:53:36,356 [INFO] PluginManage:310 - Check plugin ipmanager
2024-11-14 20:53:36,359 [INFO] PluginManage:359 - Loaded plugin ipmanager (category:base,tabindex:5)
2024-11-14 20:53:36,359 [INFO] PluginManage:310 - Check plugin lpbam
2024-11-14 20:53:36,364 [INFO] PluginManage:359 - Loaded plugin lpbam (category:base,tabindex:0)
2024-11-14 20:53:36,364 [INFO] PluginManage:310 - Check plugin memorymap
2024-11-14 20:53:36,370 [INFO] PluginManage:359 - Loaded plugin memorymap (category:base,tabindex:4)
2024-11-14 20:53:36,370 [INFO] PluginManage:310 - Check plugin pinoutandconfiguration
2024-11-14 20:53:36,374 [INFO] PluginManage:359 - Loaded plugin pinoutandconfiguration (category:base,tabindex:1)
2024-11-14 20:53:36,374 [INFO] PluginManage:310 - Check plugin pinoutconfig
2024-11-14 20:53:36,416 [WARN] SupportedApi:132 - Cannot load RTOS API schema: s4s-elt-must-match.1: The content of 'definitions' must match (annotation?, (simpleType | complexType)?, (unique | key | keyref)*)). A problem was found starting at: attribute.
2024-11-14 20:53:36,477 [INFO] PluginManage:359 - Loaded plugin pinoutconfig (category:base,tabindex:0)
2024-11-14 20:53:36,478 [INFO] PluginManage:310 - Check plugin power
2024-11-14 20:53:36,483 [INFO] PluginManage:359 - Loaded plugin power (category:power,tabindex:4)
2024-11-14 20:53:36,483 [INFO] PluginManage:310 - Check plugin projectmanager
2024-11-14 20:53:36,493 [INFO] PluginManage:359 - Loaded plugin projectmanager (category:projectmanager,tabindex:3)
2024-11-14 20:53:36,493 [INFO] PluginManage:310 - Check plugin thirdparty
2024-11-14 20:53:36,555 [INFO] PluginManage:359 - Loaded plugin thirdparty (category:base,tabindex:-1)
2024-11-14 20:53:36,555 [WARN] IntegrityCheckThread:84 - waiting for thirdparty lock release [integrity check]
2024-11-14 20:53:36,555 [INFO] IntegrityCheckThread:86 - entering critical section [integrity check]
2024-11-14 20:53:36,555 [INFO] PluginManage:310 - Check plugin tools
2024-11-14 20:53:36,556 [INFO] ThirdPartyUpdaterWithRetryManager:70 - Updater plugin not ready yet. [1/15]
2024-11-14 20:53:36,557 [INFO] PluginManage:359 - Loaded plugin tools (category:base,tabindex:7)
2024-11-14 20:53:36,557 [INFO] PluginManage:310 - Check plugin tutovideos
2024-11-14 20:53:36,645 [INFO] PluginManage:359 - Loaded plugin tutovideos (category:base,tabindex:-1)
2024-11-14 20:53:36,645 [INFO] PluginManage:310 - Check plugin updater
2024-11-14 20:53:36,654 [INFO] PluginManage:359 - Loaded plugin updater (category:base,tabindex:12)
2024-11-14 20:53:36,654 [INFO] PluginManage:310 - Check plugin userauth
2024-11-14 20:53:36,658 [INFO] UserAuth:114 - Init User Auth plugin
2024-11-14 20:53:36,658 [INFO] PluginManage:359 - Loaded plugin userauth (category:base,tabindex:14)
2024-11-14 20:53:36,658 [INFO] PluginManage:283 - PluginManage : Loaded plugins [17]
2024-11-14 20:53:36,757 [INFO] PinOutPanel:1499 - setPackage(No Configuration,No Configuration)
2024-11-14 20:53:36,786 [INFO] CADModel:165 - CPN selected for project level
2024-11-14 20:53:36,787 [INFO] CADModel:114 - Register for checkConnection events
2024-11-14 20:53:36,793 [INFO] IPUIPlugin:80 - create IPUIPlugin
2024-11-14 20:53:36,793 [INFO] PluginManager:220 - loadIPPluginJar : add hash
2024-11-14 20:53:36,796 [INFO] IPUIPlugin:80 - create IPUIPlugin
2024-11-14 20:53:36,797 [INFO] PluginManager:220 - loadIPPluginJar : add plateformsettings
2024-11-14 20:53:36,799 [INFO] IPUIPlugin:80 - create IPUIPlugin
2024-11-14 20:53:36,799 [INFO] PluginManager:220 - loadIPPluginJar : add i2c
2024-11-14 20:53:36,799 [INFO] IPUIPlugin:80 - create IPUIPlugin
2024-11-14 20:53:36,800 [INFO] PluginManager:220 - loadIPPluginJar : add comp
2024-11-14 20:53:36,800 [INFO] IPUIPlugin:80 - create IPUIPlugin
2024-11-14 20:53:36,800 [INFO] PluginManager:220 - loadIPPluginJar : add quadspi
2024-11-14 20:53:36,802 [INFO] IPUIPlugin:80 - create IPUIPlugin
2024-11-14 20:53:36,802 [INFO] PluginManager:220 - loadIPPluginJar : add opamp
2024-11-14 20:53:36,805 [INFO] IPUIPlugin:80 - create IPUIPlugin
2024-11-14 20:53:36,805 [INFO] PluginManager:220 - loadIPPluginJar : add stm32_wpan
2024-11-14 20:53:36,806 [INFO] IPUIPlugin:80 - create IPUIPlugin
2024-11-14 20:53:36,806 [INFO] PluginManager:220 - loadIPPluginJar : add cryp
2024-11-14 20:53:36,807 [INFO] IPUIPlugin:80 - create IPUIPlugin
2024-11-14 20:53:36,807 [INFO] PluginManager:220 - loadIPPluginJar : add can
2024-11-14 20:53:36,807 [INFO] IPUIPlugin:80 - create IPUIPlugin
2024-11-14 20:53:36,808 [INFO] PluginManager:220 - loadIPPluginJar : add i2s
2024-11-14 20:53:36,809 [INFO] IPUIPlugin:80 - create IPUIPlugin
2024-11-14 20:53:36,809 [INFO] PluginManager:220 - loadIPPluginJar : add gtzc
2024-11-14 20:53:36,810 [INFO] IPUIPlugin:80 - create IPUIPlugin
2024-11-14 20:53:36,810 [INFO] PluginManager:220 - loadIPPluginJar : add ipddr
2024-11-14 20:53:36,811 [INFO] IPUIPlugin:80 - create IPUIPlugin
2024-11-14 20:53:36,811 [INFO] PluginManager:220 - loadIPPluginJar : add sai
2024-11-14 20:53:36,813 [INFO] IPUIPlugin:80 - create IPUIPlugin
2024-11-14 20:53:36,813 [INFO] PluginManager:220 - loadIPPluginJar : add fmc
2024-11-14 20:53:36,814 [INFO] IPUIPlugin:80 - create IPUIPlugin
2024-11-14 20:53:36,814 [INFO] PluginManager:220 - loadIPPluginJar : add lorawan
2024-11-14 20:53:36,817 [INFO] IPUIPlugin:80 - create IPUIPlugin
2024-11-14 20:53:36,817 [INFO] PluginManager:220 - loadIPPluginJar : add gic
2024-11-14 20:53:36,820 [INFO] IPUIPlugin:80 - create IPUIPlugin
2024-11-14 20:53:36,820 [INFO] PluginManager:220 - loadIPPluginJar : add dma
2024-11-14 20:53:36,821 [INFO] IPUIPlugin:80 - create IPUIPlugin
2024-11-14 20:53:36,821 [INFO] PluginManager:220 - loadIPPluginJar : add dma3
2024-11-14 20:53:36,824 [INFO] IPUIPlugin:80 - create IPUIPlugin
2024-11-14 20:53:36,824 [INFO] PluginManager:220 - loadIPPluginJar : add freertos
2024-11-14 20:53:36,825 [INFO] IPUIPlugin:80 - create IPUIPlugin
2024-11-14 20:53:36,825 [INFO] PluginManager:220 - loadIPPluginJar : add pdm2pcm
2024-11-14 20:53:36,826 [INFO] IPUIPlugin:80 - create IPUIPlugin
2024-11-14 20:53:36,826 [INFO] PluginManager:220 - loadIPPluginJar : add usbx
2024-11-14 20:53:36,827 [INFO] IPUIPlugin:80 - create IPUIPlugin
2024-11-14 20:53:36,827 [INFO] PluginManager:220 - loadIPPluginJar : add openamp
2024-11-14 20:53:36,828 [INFO] IPUIPlugin:80 - create IPUIPlugin
2024-11-14 20:53:36,828 [INFO] PluginManager:220 - loadIPPluginJar : add i3c
2024-11-14 20:53:36,829 [INFO] IPUIPlugin:80 - create IPUIPlugin
2024-11-14 20:53:36,829 [INFO] PluginManager:220 - loadIPPluginJar : add dfsdm
2024-11-14 20:53:36,830 [INFO] IPUIPlugin:80 - create IPUIPlugin
2024-11-14 20:53:36,831 [INFO] PluginManager:220 - loadIPPluginJar : add tracer_emb
2024-11-14 20:53:36,833 [INFO] IPUIPlugin:80 - create IPUIPlugin
2024-11-14 20:53:36,833 [INFO] PluginManager:220 - loadIPPluginJar : add gpio
2024-11-14 20:53:36,834 [INFO] IPUIPlugin:80 - create IPUIPlugin
2024-11-14 20:53:36,835 [INFO] PluginManager:220 - loadIPPluginJar : add aes
2024-11-14 20:53:36,835 [INFO] IPUIPlugin:80 - create IPUIPlugin
2024-11-14 20:53:36,835 [INFO] PluginManager:220 - loadIPPluginJar : add tim
2024-11-14 20:53:36,838 [INFO] IPUIPlugin:80 - create IPUIPlugin
2024-11-14 20:53:36,839 [INFO] PluginManager:220 - loadIPPluginJar : add linkedlist
2024-11-14 20:53:36,839 [INFO] IPUIPlugin:80 - create IPUIPlugin
2024-11-14 20:53:36,839 [INFO] PluginManager:220 - loadIPPluginJar : add ts
2024-11-14 20:53:36,840 [INFO] IPUIPlugin:80 - create IPUIPlugin
2024-11-14 20:53:36,840 [INFO] PluginManager:220 - loadIPPluginJar : add spi
2024-11-14 20:53:36,843 [INFO] IPUIPlugin:80 - create IPUIPlugin
2024-11-14 20:53:36,843 [INFO] PluginManager:220 - loadIPPluginJar : add mdma
2024-11-14 20:53:36,845 [INFO] IPUIPlugin:80 - create IPUIPlugin
2024-11-14 20:53:36,845 [INFO] PluginManager:220 - loadIPPluginJar : add nvic
2024-11-14 20:53:36,846 [INFO] IPUIPlugin:80 - create IPUIPlugin
2024-11-14 20:53:36,846 [INFO] PluginManager:220 - loadIPPluginJar : add tsc
2024-11-14 20:53:36,847 [INFO] IPUIPlugin:80 - create IPUIPlugin
2024-11-14 20:53:36,847 [INFO] PluginManager:220 - loadIPPluginJar : add ucpd
2024-11-14 20:53:36,849 [INFO] IPUIPlugin:80 - create IPUIPlugin
2024-11-14 20:53:36,849 [INFO] PluginManager:220 - loadIPPluginJar : add touchsensing
2024-11-14 20:53:36,850 [INFO] IPUIPlugin:80 - create IPUIPlugin
2024-11-14 20:53:36,850 [INFO] PluginManager:220 - loadIPPluginJar : add genericplugin
2024-11-14 20:53:36,853 [INFO] IPUIPlugin:80 - create IPUIPlugin
2024-11-14 20:53:36,853 [INFO] PluginManager:220 - loadIPPluginJar : add adc
2024-11-14 20:53:36,854 [INFO] IPUIPlugin:80 - create IPUIPlugin
2024-11-14 20:53:36,854 [INFO] PluginManager:220 - loadIPPluginJar : add usart
2024-11-14 20:53:36,854 [INFO] IPUIPlugin:80 - create IPUIPlugin
2024-11-14 20:53:36,854 [INFO] PluginManager:220 - loadIPPluginJar : add gfxmmu
2024-11-14 20:53:36,855 [INFO] IPUIPlugin:80 - create IPUIPlugin
2024-11-14 20:53:36,855 [INFO] PluginManager:220 - loadIPPluginJar : add ltdc
2024-11-14 20:53:36,855 [INFO] IPUIPlugin:80 - create IPUIPlugin
2024-11-14 20:53:36,855 [INFO] PluginManager:220 - loadIPPluginJar : add fatfs
2024-11-14 20:53:36,857 [INFO] IPUIPlugin:80 - create IPUIPlugin
2024-11-14 20:53:36,857 [INFO] PluginManager:220 - loadIPPluginJar : add resmgrutility
2024-11-14 20:53:36,946 [INFO] CADModel:165 - CPN selected for project level
2024-11-14 20:53:36,947 [INFO] CADModel:114 - Register for checkConnection events
2024-11-14 20:53:36,947 [FATAL] Updater:308 - Updater called before beeing initialized
2024-11-14 20:53:36,947 [ERROR] CADModel:125 - Updater not yet initialized, retry later 
2024-11-14 20:53:37,025 [INFO] CADModel:165 - CPN selected for project level
2024-11-14 20:53:37,026 [INFO] CADModel:114 - Register for checkConnection events
2024-11-14 20:53:37,026 [FATAL] Updater:308 - Updater called before beeing initialized
2024-11-14 20:53:37,026 [ERROR] CADModel:125 - Updater not yet initialized, retry later 
2024-11-14 20:53:37,027 [FATAL] Updater:308 - Updater called before beeing initialized
2024-11-14 20:53:37,069 [FATAL] Updater:308 - Updater called before beeing initialized
2024-11-14 20:53:37,071 [INFO] DbMcusAds:53 - JSON generation date=Thu May 16 03:22:00 MDT 2024 (1715851320667)
2024-11-14 20:53:37,071 [FATAL] Updater:308 - Updater called before beeing initialized
2024-11-14 20:53:37,089 [WARN] DetailPanel:346 - Failed to get advertising image, set to default
2024-11-14 20:53:37,145 [FATAL] Updater:308 - Updater called before beeing initialized
2024-11-14 20:53:37,146 [FATAL] Updater:308 - Updater called before beeing initialized
2024-11-14 20:53:37,146 [FATAL] Updater:308 - Updater called before beeing initialized
2024-11-14 20:53:37,146 [WARN] DetailPanel:346 - Failed to get advertising image, set to default
2024-11-14 20:53:37,147 [FATAL] Updater:308 - Updater called before beeing initialized
2024-11-14 20:53:37,175 [ERROR] Updater:1120 - MainUpdater not yet initialized. External WinMGr cannot be set.
2024-11-14 20:53:37,176 [INFO] Updater:1056 - Updater Version found : 6.10.0
2024-11-14 20:53:37,187 [INFO] ApplicationProperties:184 - Using Application install path: /opt/st/stm32cubeide_1.14.0/plugins/com.st.stm32cube.common.mx_6.10.0.202311202037
2024-11-14 20:53:37,509 [INFO] MainUpdater:2873 - connection check result : 10
2024-11-14 20:53:37,510 [INFO] MainUpdater:290 - Updater Check For Update Now.
2024-11-14 20:53:37,510 [INFO] MicroXplorer:498 - Change Database Version : DB.6.0.100
2024-11-14 20:53:37,514 [INFO] McuFinderGlobals:63 - Set McuFinder mode to 2 (CubeIDE integrated)
2024-11-14 20:53:37,680 [INFO] CheckServerUpdateThread:120 - End of CheckServer Thread
2024-11-14 20:53:37,901 [INFO] UserAuth:404 - Internet connection configuration mode: 1
2024-11-14 20:53:37,909 [INFO] JxBrowserEngine:152 - Initiate JxBrowser Engine with user profile folder
2024-11-14 20:53:38,601 [INFO] WebApp:161 - Instantiating new browser for Auth
2024-11-14 20:53:39,012 [INFO] WebApp:780 - Register for checkConnection events
2024-11-14 20:53:39,012 [INFO] WebApp:414 - Apply proxy settings
2024-11-14 20:53:39,012 [INFO] WebApp:499 - Chromium requires no authentication
2024-11-14 20:53:39,015 [INFO] WebApp:442 - Direct internet connection detected
2024-11-14 20:53:39,085 [INFO] WebApp:192 - Starting web application
2024-11-14 20:53:39,086 [INFO] WebApp:544 - Web application path used /opt/st/stm32cubeide_1.14.0/plugins/com.st.stm32cube.common.mx_6.10.0.202311202037/db/plugins/mcufinder/reactClient1/index.html
2024-11-14 20:53:39,622 [WARN] PackLoader:240 - Cannot read IP mode file for STMicroelectronics.FP-SNS-MOTENVWB1.1.4.0
2024-11-14 20:53:39,627 [WARN] PackLoader:240 - Cannot read IP mode file for STMicroelectronics.X-CUBE-SMBUS.2.1.0
2024-11-14 20:53:39,631 [WARN] PackLoader:240 - Cannot read IP mode file for STMicroelectronics.X-CUBE-WB05N.1.1.0
2024-11-14 20:53:39,634 [WARN] PackLoader:240 - Cannot read IP mode file for STMicroelectronics.X-CUBE-TOUCHGFX.4.23.0
2024-11-14 20:53:39,635 [WARN] PackLoader:240 - Cannot read IP mode file for STMicroelectronics.X-CUBE-TOUCHGFX.4.23.2
2024-11-14 20:53:39,648 [WARN] PackLoader:240 - Cannot read IP mode file for STMicroelectronics.X-CUBE-AZRTOS-F7.1.1.0
2024-11-14 20:53:39,654 [WARN] PackLoader:240 - Cannot read IP mode file for STMicroelectronics.FP-SNS-MOTENV1.4.3.2
2024-11-14 20:53:39,688 [WARN] PackLoader:240 - Cannot read IP mode file for STMicroelectronics.X-CUBE-MEMS1.11.0.0
2024-11-14 20:53:39,787 [WARN] PackLoader:240 - Cannot read IP mode file for STMicroelectronics.FP-SNS-FLIGHT1.5.0.2
2024-11-14 20:53:39,794 [WARN] PackLoader:240 - Cannot read IP mode file for STMicroelectronics.X-CUBE-DISPLAY.3.0.0
2024-11-14 20:53:39,800 [WARN] PackLoader:240 - Cannot read IP mode file for STMicroelectronics.X-CUBE-BLE1.7.0.0
2024-11-14 20:53:39,803 [WARN] PackLoader:240 - Cannot read IP mode file for STMicroelectronics.X-CUBE-NFC10.1.0.0
2024-11-14 20:53:39,807 [WARN] PackLoader:240 - Cannot read IP mode file for emotas.I-CUBE-CANOPEN.1.3.0
2024-11-14 20:53:39,812 [WARN] PackLoader:240 - Cannot read IP mode file for STMicroelectronics.X-CUBE-BLEMGR.3.1.0
2024-11-14 20:53:39,816 [WARN] PackLoader:240 - Cannot read IP mode file for STMicroelectronics.FP-SNS-SMARTAG2.1.2.0
2024-11-14 20:53:39,820 [INFO] LogOutputStream:77 - [STDOUT_REDIRECT] 1 : Invalid condition id : UX_CORESTACK_Condition cause : null
2024-11-14 20:53:39,821 [INFO] LogOutputStream:77 - [STDOUT_REDIRECT] 1 : Invalid condition id : UX_CORESTACK_Condition cause : null
2024-11-14 20:53:39,821 [INFO] LogOutputStream:77 - [STDOUT_REDIRECT] 1 : Invalid condition id : UX_CORESTACK_Condition cause : null
2024-11-14 20:53:39,821 [INFO] LogOutputStream:77 - [STDOUT_REDIRECT] 1 : Invalid condition id : UX_CORESTACK_Condition cause : null
2024-11-14 20:53:39,821 [INFO] LogOutputStream:77 - [STDOUT_REDIRECT] 1 : Invalid condition id : UX_CORESTACK_Condition cause : null
2024-11-14 20:53:39,823 [WARN] PackLoader:240 - Cannot read IP mode file for STMicroelectronics.X-CUBE-AZRTOS-WL.2.0.0
2024-11-14 20:53:39,826 [WARN] PackLoader:240 - Cannot read IP mode file for STMicroelectronics.FP-SNS-MOTENV1.5.0.0
2024-11-14 20:53:39,829 [WARN] PackLoader:240 - Cannot read IP mode file for wolfSSL.I-CUBE-wolfMQTT.1.19.0
2024-11-14 20:53:39,834 [WARN] PackLoader:240 - Cannot read IP mode file for WES.I-CUBE-Cesium.1.3.0
2024-11-14 20:53:39,838 [WARN] PackLoader:240 - Cannot read IP mode file for STMicroelectronics.X-CUBE-BLE2.3.3.0
2024-11-14 20:53:39,843 [WARN] PackLoader:240 - Cannot read IP mode file for STMicroelectronics.X-CUBE-NFC9.1.0.0
2024-11-14 20:53:39,850 [WARN] PackLoader:240 - Cannot read IP mode file for STMicroelectronics.X-CUBE-TCPP.4.1.0
2024-11-14 20:53:39,857 [WARN] PackLoader:240 - Cannot read IP mode file for STMicroelectronics.X-CUBE-ALGOBUILD.1.3.0
2024-11-14 20:53:39,871 [WARN] PackLoader:240 - Cannot read IP mode file for STMicroelectronics.X-CUBE-AZRTOS-G0.1.1.0
2024-11-14 20:53:39,876 [WARN] PackLoader:240 - Cannot read IP mode file for STMicroelectronics.X-CUBE-SAFEA1.1.2.2
2024-11-14 20:53:39,880 [WARN] PackLoader:240 - Cannot read IP mode file for STMicroelectronics.X-CUBE-NFC4.3.0.0
2024-11-14 20:53:39,888 [WARN] PackLoader:240 - Cannot read IP mode file for EmbeddedOffice.I-CUBE-FS-RTOS.1.0.1
2024-11-14 20:53:39,888 [ERROR] ConditionMgr:805 - Attr not supported : Dmpu
2024-11-14 20:53:39,888 [ERROR] ConditionMgr:805 - Attr not supported : Dmpu
2024-11-14 20:53:39,889 [ERROR] ConditionMgr:805 - Attr not supported : Dmpu
2024-11-14 20:53:39,889 [ERROR] ConditionMgr:805 - Attr not supported : Dmpu
2024-11-14 20:53:39,889 [ERROR] ConditionMgr:805 - Attr not supported : Dmpu
2024-11-14 20:53:39,889 [ERROR] ConditionMgr:805 - Attr not supported : Dmpu
2024-11-14 20:53:39,889 [ERROR] ConditionMgr:805 - Attr not supported : Dmpu
2024-11-14 20:53:39,889 [ERROR] ConditionMgr:805 - Attr not supported : Dmpu
2024-11-14 20:53:39,889 [ERROR] ConditionMgr:805 - Attr not supported : Dmpu
2024-11-14 20:53:39,889 [ERROR] ConditionMgr:805 - Attr not supported : Dmpu
2024-11-14 20:53:39,889 [ERROR] ConditionMgr:805 - Attr not supported : Dmpu
2024-11-14 20:53:39,889 [ERROR] ConditionMgr:805 - Attr not supported : Dmpu
2024-11-14 20:53:39,889 [ERROR] ConditionMgr:805 - Attr not supported : Dmpu
2024-11-14 20:53:39,889 [ERROR] ConditionMgr:805 - Attr not supported : Dmpu
2024-11-14 20:53:39,889 [ERROR] ConditionMgr:805 - Attr not supported : Dmpu
2024-11-14 20:53:39,889 [ERROR] ConditionMgr:805 - Attr not supported : Dmpu
2024-11-14 20:53:39,890 [ERROR] ConditionMgr:805 - Attr not supported : Dmpu
2024-11-14 20:53:39,890 [ERROR] ConditionMgr:805 - Attr not supported : Dmpu
2024-11-14 20:53:39,890 [ERROR] ConditionMgr:805 - Attr not supported : Dmpu
2024-11-14 20:53:39,890 [ERROR] ConditionMgr:805 - Attr not supported : Dmpu
2024-11-14 20:53:39,890 [ERROR] ConditionMgr:805 - Attr not supported : Dmpu
2024-11-14 20:53:39,890 [ERROR] ConditionMgr:805 - Attr not supported : Dmpu
2024-11-14 20:53:39,890 [ERROR] ConditionMgr:805 - Attr not supported : Dmpu
2024-11-14 20:53:39,890 [ERROR] ConditionMgr:805 - Attr not supported : Dmpu
2024-11-14 20:53:39,890 [ERROR] ConditionMgr:805 - Attr not supported : Dmpu
2024-11-14 20:53:39,890 [ERROR] ConditionMgr:805 - Attr not supported : Dmpu
2024-11-14 20:53:39,890 [ERROR] ConditionMgr:805 - Attr not supported : Dmpu
2024-11-14 20:53:39,890 [ERROR] ConditionMgr:805 - Attr not supported : Dmpu
2024-11-14 20:53:39,891 [ERROR] ConditionMgr:805 - Attr not supported : Dmpu
2024-11-14 20:53:39,891 [ERROR] ConditionMgr:805 - Attr not supported : Dmpu
2024-11-14 20:53:39,891 [ERROR] ConditionMgr:805 - Attr not supported : Dmpu
2024-11-14 20:53:39,891 [ERROR] ConditionMgr:805 - Attr not supported : Dmpu
2024-11-14 20:53:39,891 [ERROR] ConditionMgr:805 - Attr not supported : Dmpu
2024-11-14 20:53:39,891 [ERROR] ConditionMgr:805 - Attr not supported : Dmpu
2024-11-14 20:53:39,891 [ERROR] ConditionMgr:805 - Attr not supported : Dmpu
2024-11-14 20:53:39,891 [ERROR] ConditionMgr:805 - Attr not supported : Dmpu
2024-11-14 20:53:39,891 [ERROR] ConditionMgr:805 - Attr not supported : Dmpu
2024-11-14 20:53:39,891 [ERROR] ConditionMgr:805 - Attr not supported : Dmpu
2024-11-14 20:53:39,891 [ERROR] ConditionMgr:805 - Attr not supported : Dmpu
2024-11-14 20:53:39,891 [ERROR] ConditionMgr:805 - Attr not supported : Dmpu
2024-11-14 20:53:39,891 [ERROR] ConditionMgr:805 - Attr not supported : Dmpu
2024-11-14 20:53:39,892 [ERROR] ConditionMgr:805 - Attr not supported : Dmpu
2024-11-14 20:53:39,892 [ERROR] ConditionMgr:805 - Attr not supported : Dmpu
2024-11-14 20:53:39,892 [ERROR] ConditionMgr:805 - Attr not supported : Dmpu
2024-11-14 20:53:39,892 [ERROR] ConditionMgr:805 - Attr not supported : Dmpu
2024-11-14 20:53:39,892 [ERROR] ConditionMgr:805 - Attr not supported : Dmpu
2024-11-14 20:53:39,892 [ERROR] ConditionMgr:805 - Attr not supported : Dmpu
2024-11-14 20:53:39,892 [ERROR] ConditionMgr:805 - Attr not supported : Dmpu
2024-11-14 20:53:39,892 [ERROR] ConditionMgr:805 - Attr not supported : Dmpu
2024-11-14 20:53:39,892 [ERROR] ConditionMgr:805 - Attr not supported : Dmpu
2024-11-14 20:53:39,892 [ERROR] ConditionMgr:805 - Attr not supported : Dmpu
2024-11-14 20:53:39,892 [ERROR] ConditionMgr:805 - Attr not supported : Dmpu
2024-11-14 20:53:39,892 [ERROR] ConditionMgr:805 - Attr not supported : Dmpu
2024-11-14 20:53:39,892 [ERROR] ConditionMgr:805 - Attr not supported : Dmpu
2024-11-14 20:53:39,892 [ERROR] ConditionMgr:805 - Attr not supported : Dmpu
2024-11-14 20:53:39,892 [ERROR] ConditionMgr:805 - Attr not supported : Dmpu
2024-11-14 20:53:39,892 [ERROR] ConditionMgr:805 - Attr not supported : Dmpu
2024-11-14 20:53:39,893 [ERROR] ConditionMgr:805 - Attr not supported : Dmpu
2024-11-14 20:53:39,893 [ERROR] ConditionMgr:805 - Attr not supported : Dmpu
2024-11-14 20:53:39,893 [ERROR] ConditionMgr:805 - Attr not supported : Dmpu
2024-11-14 20:53:39,893 [ERROR] ConditionMgr:805 - Attr not supported : Dmpu
2024-11-14 20:53:39,893 [ERROR] ConditionMgr:805 - Attr not supported : Dmpu
2024-11-14 20:53:39,893 [ERROR] ConditionMgr:805 - Attr not supported : Dmpu
2024-11-14 20:53:39,893 [ERROR] ConditionMgr:805 - Attr not supported : Dmpu
2024-11-14 20:53:39,900 [WARN] PackLoader:240 - Cannot read IP mode file for STMicroelectronics.X-CUBE-BLEMGR.3.0.0
2024-11-14 20:53:39,903 [WARN] PackLoader:240 - Cannot read IP mode file for RealThread.X-CUBE-RT-Thread_Nano.4.1.1
2024-11-14 20:53:39,905 [WARN] PackLoader:240 - Cannot read IP mode file for STMicroelectronics.FP-ATR-SIGFOX1.3.2.0
2024-11-14 20:53:39,907 [WARN] ConditionMgr:438 - getConditionDescription Invalid condition id : Cortex-A Device cause : null
2024-11-14 20:53:39,913 [WARN] ConditionMgr:1039 - genDependencies : Invalid condition id : Cortex-A Device cause : null
2024-11-14 20:53:39,913 [WARN] ConditionMgr:1039 - genDependencies : Invalid condition id : Cortex-A Device cause : null
2024-11-14 20:53:39,913 [WARN] ConditionMgr:1039 - genDependencies : Invalid condition id : Cortex-A Device cause : null
2024-11-14 20:53:39,917 [WARN] PackLoader:240 - Cannot read IP mode file for STMicroelectronics.X-CUBE-EEPRMA1.5.1.0
2024-11-14 20:53:39,937 [WARN] PackLoader:240 - Cannot read IP mode file for SEGGER.I-CUBE-embOS.1.3.1
2024-11-14 20:53:39,964 [WARN] PackLoader:240 - Cannot read IP mode file for STMicroelectronics.X-CUBE-ALGOBUILD.1.4.0
2024-11-14 20:53:39,966 [WARN] PackLoader:240 - Cannot read IP mode file for STMicroelectronics.X-CUBE-AI.9.1.0
2024-11-14 20:53:39,969 [WARN] PackLoader:240 - Cannot read IP mode file for STMicroelectronics.X-CUBE-GNSS1.6.0.0
2024-11-14 20:53:39,976 [WARN] PackLoader:240 - Cannot read IP mode file for STMicroelectronics.X-CUBE-AZRTOS-F4.1.1.0
2024-11-14 20:53:39,979 [WARN] PackLoader:240 - Cannot read IP mode file for STMicroelectronics.X-CUBE-ISPU.2.1.0
2024-11-14 20:53:39,983 [WARN] PackLoader:240 - Cannot read IP mode file for STMicroelectronics.X-CUBE-FREERTOS.1.2.0
2024-11-14 20:53:39,986 [WARN] PackLoader:240 - Cannot read IP mode file for wolfSSL.I-CUBE-wolfSSL.5.6.6
2024-11-14 20:53:39,995 [WARN] PackLoader:240 - Cannot read IP mode file for STMicroelectronics.X-CUBE-AZRTOS-L5.2.0.0
2024-11-14 20:53:39,999 [WARN] PackLoader:240 - Cannot read IP mode file for STMicroelectronics.X-CUBE-EEPRMA1.4.2.0
2024-11-14 20:53:40,004 [WARN] PackLoader:240 - Cannot read IP mode file for STMicroelectronics.X-CUBE-NFC6.3.1.0
2024-11-14 20:53:40,009 [WARN] PackLoader:240 - Cannot read IP mode file for ITTIA_DB.I-CUBE-ITTIADB.8.8.0
2024-11-14 20:53:40,012 [WARN] PackLoader:240 - Cannot read IP mode file for STMicroelectronics.X-CUBE-DPower.1.2.0
2024-11-14 20:53:40,014 [WARN] PackLoader:240 - Cannot read IP mode file for STMicroelectronics.X-CUBE-AI.9.0.0
2024-11-14 20:53:40,017 [WARN] PackLoader:240 - Cannot read IP mode file for STMicroelectronics.X-CUBE-NFC7.1.0.1
2024-11-14 20:53:40,019 [WARN] PackLoader:240 - Cannot read IP mode file for wolfSSL.I-CUBE-wolfTPM.3.2.0
2024-11-14 20:53:40,021 [WARN] PackLoader:240 - Cannot read IP mode file for STMicroelectronics.X-CUBE-NFC6.3.0.0
2024-11-14 20:53:40,024 [WARN] PackLoader:240 - Cannot read IP mode file for STMicroelectronics.X-CUBE-AI.8.1.0
2024-11-14 20:53:40,031 [WARN] ConditionMgr:438 - getConditionDescription Invalid condition id : LAN8742 Phy interface Condition cause : null
2024-11-14 20:53:40,031 [WARN] PackLoader:240 - Cannot read IP mode file for STMicroelectronics.X-CUBE-AZRTOS-L4.2.0.0
2024-11-14 20:53:40,032 [WARN] ConditionMgr:1039 - genDependencies : Invalid condition id : LAN8742 Phy interface Condition cause : null
2024-11-14 20:53:40,032 [WARN] ConditionMgr:1039 - genDependencies : Invalid condition id : LAN8742 Phy interface Condition cause : null
2024-11-14 20:53:40,032 [WARN] ConditionMgr:1039 - genDependencies : Invalid condition id : LAN8742 Phy interface Condition cause : null
2024-11-14 20:53:40,036 [WARN] PackLoader:240 - Cannot read IP mode file for STMicroelectronics.X-CUBE-SFXS2LP1.4.0.0
2024-11-14 20:53:40,052 [WARN] PackLoader:240 - Cannot read IP mode file for STMicroelectronics.X-CUBE-AZRTOS-H7.3.3.0
2024-11-14 20:53:40,064 [WARN] PackLoader:240 - Cannot read IP mode file for STMicroelectronics.X-CUBE-IPS.3.0.0
2024-11-14 20:53:40,079 [WARN] ConditionMgr:438 - getConditionDescription Invalid condition id : UX DEVICE CLASS RTOS Condition cause : null
2024-11-14 20:53:40,079 [WARN] ConditionMgr:438 - getConditionDescription Invalid condition id : UX DEVICE CLASS RTOS Condition cause : null
2024-11-14 20:53:40,080 [WARN] PackLoader:240 - Cannot read IP mode file for STMicroelectronics.X-CUBE-AZRTOS-WB.2.0.0
2024-11-14 20:53:40,081 [WARN] ConditionMgr:1039 - genDependencies : Invalid condition id : UX DEVICE CLASS RTOS Condition cause : null
2024-11-14 20:53:40,081 [WARN] ConditionMgr:1039 - genDependencies : Invalid condition id : UX DEVICE CLASS RTOS Condition cause : null
2024-11-14 20:53:40,081 [WARN] ConditionMgr:1039 - genDependencies : Invalid condition id : UX DEVICE CLASS RTOS Condition cause : null
2024-11-14 20:53:40,081 [WARN] ConditionMgr:1039 - genDependencies : Invalid condition id : UX DEVICE CLASS RTOS Condition cause : null
2024-11-14 20:53:40,081 [WARN] ConditionMgr:1039 - genDependencies : Invalid condition id : UX DEVICE CLASS RTOS Condition cause : null
2024-11-14 20:53:40,084 [WARN] PackLoader:240 - Cannot read IP mode file for STMicroelectronics.X-CUBE-GNSS1.7.0.0
2024-11-14 20:53:40,087 [WARN] PackLoader:240 - Cannot read IP mode file for STMicroelectronics.FP-SNS-STBOX1.2.0.0
2024-11-14 20:53:40,093 [WARN] PackLoader:240 - Cannot read IP mode file for STMicroelectronics.X-CUBE-SUBG2.5.0.0
2024-11-14 20:53:40,101 [WARN] PackLoader:240 - Cannot read IP mode file for STMicroelectronics.X-CUBE-AZRTOS-G4.2.0.0
2024-11-14 20:53:40,107 [WARN] PackLoader:240 - Cannot read IP mode file for Infineon.AIROC-Wi-Fi-Bluetooth-STM32.1.5.1
2024-11-14 20:53:40,110 [WARN] PackLoader:240 - Cannot read IP mode file for STMicroelectronics.FP-SNS-MOTENVWB1.1.3.1
2024-11-14 20:53:40,112 [WARN] PackLoader:240 - Cannot read IP mode file for STMicroelectronics.X-CUBE-ISPU.2.0.0
2024-11-14 20:53:40,114 [WARN] PackLoader:240 - Cannot read IP mode file for STMicroelectronics.X-CUBE-ALS.1.0.2
2024-11-14 20:53:40,135 [WARN] PackLoader:240 - Cannot read IP mode file for STMicroelectronics.X-CUBE-MEMS1.10.0.0
2024-11-14 20:53:40,191 [WARN] PackLoader:240 - Cannot read IP mode file for STMicroelectronics.X-CUBE-FREERTOS.1.1.0
2024-11-14 20:53:40,194 [WARN] PackLoader:240 - Cannot read IP mode file for STMicroelectronics.X-CUBE-TOUCHGFX.4.24.0
2024-11-14 20:53:40,196 [WARN] PackLoader:240 - Cannot read IP mode file for STMicroelectronics.X-CUBE-TOUCHGFX.4.24.1
2024-11-14 20:53:40,199 [WARN] PackLoader:240 - Cannot read IP mode file for portGmbH.I-Cube-SoM-uGOAL.1.1.0
2024-11-14 20:53:40,202 [WARN] PackLoader:240 - Cannot read IP mode file for STMicroelectronics.X-CUBE-ALS.1.0.1
2024-11-14 20:53:40,213 [WARN] PackLoader:240 - Cannot read IP mode file for STMicroelectronics.X-CUBE-AZRTOS-H7RS.1.0.0
2024-11-14 20:53:40,218 [WARN] PackLoader:240 - Cannot read IP mode file for STMicroelectronics.FP-ATR-ASTRA1.2.0.0
2024-11-14 20:53:40,226 [WARN] PackLoader:240 - Cannot read IP mode file for STMicroelectronics.X-CUBE-TOF1.3.4.2
2024-11-14 20:53:40,242 [WARN] PackLoader:240 - Cannot read IP mode file for STMicroelectronics.X-CUBE-TOF1.3.4.0
2024-11-14 20:53:40,255 [WARN] PackLoader:240 - Cannot read IP mode file for STMicroelectronics.X-CUBE-TOF1.3.4.1
2024-11-14 20:53:40,268 [WARN] PackLoader:240 - Cannot read IP mode file for STMicroelectronics.X-CUBE-AZRTOS-H7.3.2.0
2024-11-14 20:53:40,273 [WARN] PackLoader:240 - Cannot read IP mode file for wolfSSL.I-CUBE-wolfSSH.1.4.17
2024-11-14 20:53:40,273 [INFO] ThirdParty:978 - Integrity check success = true
2024-11-14 20:53:40,273 [INFO] IntegrityCheckThread:100 - exiting critical section [integrity check]
2024-11-14 20:53:40,273 [INFO] IntegrityCheckThread:103 - End integrity checks thread
2024-11-14 20:53:59,309 [ERROR] LogOutputStream:75 - [STDERR_REDIRECT] SLF4J: Failed to load class "org.slf4j.impl.StaticLoggerBinder".
2024-11-14 20:53:59,309 [ERROR] LogOutputStream:75 - [STDERR_REDIRECT] SLF4J: Defaulting to no-operation (NOP) logger implementation
2024-11-14 20:53:59,309 [ERROR] LogOutputStream:75 - [STDERR_REDIRECT] SLF4J: See http://www.slf4j.org/codes.html#StaticLoggerBinder for further details.
