2024-10-28 21:21:24,345 [ERROR] RtosPanel:558 - Can not restore the selected Tab for FREERTOS(A reason can be that the tab is no more available.)
2024-10-28 21:21:48,937 [INFO] Middleware:612 - instanceName : USB_DEVICE bspName : BCD Detection check condition failed for : SEM_BCD_ENABLED
2024-10-28 21:21:48,937 [INFO] Middleware:612 - instanceName : USB_DEVICE bspName : BCD Detection check condition failed for : SEM_BCD_ENABLED
2024-10-28 21:21:48,937 [INFO] Middleware:612 - instanceName : USB_DEVICE bspName : BCD Detection check condition failed for : SEM_BCD_ENABLED
2024-10-28 21:21:48,937 [INFO] Middleware:612 - instanceName : USB_DEVICE bspName : BCD Detection check condition failed for : SEM_BCD_ENABLED
2024-10-28 21:21:48,937 [INFO] Middleware:612 - instanceName : USB_DEVICE bspName : BCD Detection check condition failed for : SEM_BCD_ENABLED
2024-10-28 21:21:48,937 [INFO] Middleware:612 - instanceName : USB_DEVICE bspName : BCD Detection check condition failed for : SEM_BCD_ENABLED
2024-10-28 21:21:48,937 [INFO] Middleware:612 - instanceName : USB_DEVICE bspName : BCD Detection check condition failed for : SEM_BCD_ENABLED
2024-10-28 21:21:48,937 [INFO] Middleware:612 - instanceName : USB_DEVICE bspName : BCD Detection check condition failed for : SEM_BCD_ENABLED
2024-10-28 21:21:48,937 [INFO] Middleware:612 - instanceName : USB_DEVICE bspName : BCD Detection check condition failed for : SEM_BCD_ENABLED
2024-10-28 21:21:48,937 [INFO] Middleware:612 - instanceName : USB_DEVICE bspName : BCD Detection check condition failed for : SEM_BCD_ENABLED
2024-10-28 21:21:48,937 [INFO] Middleware:612 - instanceName : USB_DEVICE bspName : BCD Detection check condition failed for : SEM_BCD_ENABLED
2024-10-28 21:21:48,937 [INFO] Middleware:612 - instanceName : USB_DEVICE bspName : BCD Detection check condition failed for : SEM_BCD_ENABLED
2024-10-28 21:21:48,937 [INFO] Middleware:612 - instanceName : USB_DEVICE bspName : BCD Detection check condition failed for : SEM_BCD_ENABLED
2024-10-28 21:21:48,937 [INFO] Middleware:612 - instanceName : USB_DEVICE bspName : BCD Detection check condition failed for : SEM_BCD_ENABLED
2024-10-28 21:21:48,937 [INFO] Middleware:612 - instanceName : USB_DEVICE bspName : BCD Detection check condition failed for : SEM_BCD_ENABLED
2024-10-28 21:21:48,937 [INFO] Middleware:612 - instanceName : USB_DEVICE bspName : BCD Detection check condition failed for : SEM_BCD_ENABLED
2024-10-28 21:21:53,987 [INFO] Middleware:612 - instanceName : USB_DEVICE bspName : BCD Detection check condition failed for : SEM_BCD_ENABLED
2024-10-28 21:21:53,987 [INFO] Middleware:612 - instanceName : USB_DEVICE bspName : BCD Detection check condition failed for : SEM_BCD_ENABLED
2024-10-28 21:21:53,987 [INFO] Middleware:612 - instanceName : USB_DEVICE bspName : BCD Detection check condition failed for : SEM_BCD_ENABLED
2024-10-28 21:21:53,987 [INFO] Middleware:612 - instanceName : USB_DEVICE bspName : BCD Detection check condition failed for : SEM_BCD_ENABLED
2024-10-28 21:21:53,987 [INFO] Middleware:612 - instanceName : USB_DEVICE bspName : BCD Detection check condition failed for : SEM_BCD_ENABLED
2024-10-28 21:21:53,987 [INFO] Middleware:612 - instanceName : USB_DEVICE bspName : BCD Detection check condition failed for : SEM_BCD_ENABLED
2024-10-28 21:21:53,987 [INFO] Middleware:612 - instanceName : USB_DEVICE bspName : BCD Detection check condition failed for : SEM_BCD_ENABLED
2024-10-28 21:21:53,987 [INFO] Middleware:612 - instanceName : USB_DEVICE bspName : BCD Detection check condition failed for : SEM_BCD_ENABLED
2024-10-28 21:21:53,987 [INFO] Middleware:612 - instanceName : USB_DEVICE bspName : BCD Detection check condition failed for : SEM_BCD_ENABLED
2024-10-28 21:21:53,987 [INFO] Middleware:612 - instanceName : USB_DEVICE bspName : BCD Detection check condition failed for : SEM_BCD_ENABLED
2024-10-28 21:21:53,987 [INFO] Middleware:612 - instanceName : USB_DEVICE bspName : BCD Detection check condition failed for : SEM_BCD_ENABLED
2024-10-28 21:21:53,987 [INFO] Middleware:612 - instanceName : USB_DEVICE bspName : BCD Detection check condition failed for : SEM_BCD_ENABLED
2024-10-28 21:21:53,987 [INFO] Middleware:612 - instanceName : USB_DEVICE bspName : BCD Detection check condition failed for : SEM_BCD_ENABLED
2024-10-28 21:21:53,987 [INFO] Middleware:612 - instanceName : USB_DEVICE bspName : BCD Detection check condition failed for : SEM_BCD_ENABLED
2024-10-28 21:21:53,987 [INFO] Middleware:612 - instanceName : USB_DEVICE bspName : BCD Detection check condition failed for : SEM_BCD_ENABLED
2024-10-28 21:21:53,987 [INFO] Middleware:612 - instanceName : USB_DEVICE bspName : BCD Detection check condition failed for : SEM_BCD_ENABLED
2024-10-28 21:21:55,463 [INFO] UtilMem:75 - End SaveConfig() Used Memory: 704821856 Bytes (1073741824)
2024-10-28 21:21:55,605 [INFO] UtilMem:75 - End SaveConfig() Used Memory: 721370608 Bytes (1073741824)
2024-10-28 21:21:55,994 [INFO] UtilMem:75 - End SaveConfig() Used Memory: 756453040 Bytes (1073741824)
2024-10-28 21:21:56,104 [INFO] BlockDiagram:2759 - set Specific Code input for plugin: SPI
2024-10-28 21:21:56,104 [INFO] BlockDiagram:2759 - set Specific Code input for plugin: FDCAN
2024-10-28 21:21:56,104 [INFO] BlockDiagram:2759 - set Specific Code input for plugin: FREERTOS
2024-10-28 21:21:56,104 [INFO] BlockDiagram:2759 - set Specific Code input for plugin: USB_Device
2024-10-28 21:21:56,104 [INFO] BlockDiagram:2759 - set Specific Code input for plugin: SYS
2024-10-28 21:21:56,104 [INFO] BlockDiagram:2759 - set Specific Code input for plugin: RCC
2024-10-28 21:21:56,104 [INFO] BlockDiagram:2759 - set Specific Code input for plugin: I2C
2024-10-28 21:21:56,104 [INFO] BlockDiagram:2759 - set Specific Code input for plugin: NVIC
2024-10-28 21:21:56,104 [INFO] BlockDiagram:2759 - set Specific Code input for plugin: USART
2024-10-28 21:21:56,104 [INFO] BlockDiagram:2759 - set Specific Code input for plugin: USB
2024-10-28 21:21:56,104 [INFO] BlockDiagram:2759 - set Specific Code input for plugin: GPIO
2024-10-28 21:21:56,104 [INFO] BlockDiagram:2759 - set Specific Code input for plugin: FDCAN
2024-10-28 21:21:56,105 [INFO] CodeGenerator:807 - code generatio: config db path: /opt/st/stm32cubeide_1.14.0/plugins/com.st.stm32cube.common.mx_6.10.0.202311202037//db/
2024-10-28 21:21:56,106 [WARN] IP:2119 - MessageRAMOffset not found: check if there is a RefParameter without a condition.
2024-10-28 21:21:56,107 [WARN] IP:2119 - RxFifo0ElmtsNbr not found: check if there is a RefParameter without a condition.
2024-10-28 21:21:56,107 [WARN] IP:2119 - RxFifo0ElmtSize not found: check if there is a RefParameter without a condition.
2024-10-28 21:21:56,107 [WARN] IP:2119 - RxFifo1ElmtsNbr not found: check if there is a RefParameter without a condition.
2024-10-28 21:21:56,107 [WARN] IP:2119 - RxFifo1ElmtSize not found: check if there is a RefParameter without a condition.
2024-10-28 21:21:56,107 [WARN] IP:2119 - RxBuffersNbr not found: check if there is a RefParameter without a condition.
2024-10-28 21:21:56,107 [WARN] IP:2119 - RxBufferSize not found: check if there is a RefParameter without a condition.
2024-10-28 21:21:56,107 [WARN] IP:2119 - TxEventsNbr not found: check if there is a RefParameter without a condition.
2024-10-28 21:21:56,107 [WARN] IP:2119 - TxBuffersNbr not found: check if there is a RefParameter without a condition.
2024-10-28 21:21:56,107 [WARN] IP:2119 - TxFifoQueueElmtsNbr not found: check if there is a RefParameter without a condition.
2024-10-28 21:21:56,107 [WARN] IP:2119 - TxElmtSize not found: check if there is a RefParameter without a condition.
2024-10-28 21:21:56,107 [WARN] IP:2119 - ClockCalibrationCCU not found: check if there is a RefParameter without a condition.
2024-10-28 21:21:56,107 [WARN] IP:2119 - ClockDividerCCU not found: check if there is a RefParameter without a condition.
2024-10-28 21:21:56,107 [WARN] IP:2119 - MinOscClkPeriodsCCU not found: check if there is a RefParameter without a condition.
2024-10-28 21:21:56,107 [WARN] IP:2119 - TimeQuantaPerBitTimeCCU not found: check if there is a RefParameter without a condition.
2024-10-28 21:21:56,107 [WARN] IP:2119 - WatchdogStartValueCCU not found: check if there is a RefParameter without a condition.
2024-10-28 21:21:56,108 [WARN] IP:2119 - MessageRAMOffset not found: check if there is a RefParameter without a condition.
2024-10-28 21:21:56,108 [WARN] IP:2119 - RxFifo0ElmtsNbr not found: check if there is a RefParameter without a condition.
2024-10-28 21:21:56,108 [WARN] IP:2119 - RxFifo0ElmtSize not found: check if there is a RefParameter without a condition.
2024-10-28 21:21:56,108 [WARN] IP:2119 - RxFifo1ElmtsNbr not found: check if there is a RefParameter without a condition.
2024-10-28 21:21:56,108 [WARN] IP:2119 - RxFifo1ElmtSize not found: check if there is a RefParameter without a condition.
2024-10-28 21:21:56,108 [WARN] IP:2119 - RxBuffersNbr not found: check if there is a RefParameter without a condition.
2024-10-28 21:21:56,108 [WARN] IP:2119 - RxBufferSize not found: check if there is a RefParameter without a condition.
2024-10-28 21:21:56,108 [WARN] IP:2119 - TxEventsNbr not found: check if there is a RefParameter without a condition.
2024-10-28 21:21:56,108 [WARN] IP:2119 - TxBuffersNbr not found: check if there is a RefParameter without a condition.
2024-10-28 21:21:56,108 [WARN] IP:2119 - TxFifoQueueElmtsNbr not found: check if there is a RefParameter without a condition.
2024-10-28 21:21:56,108 [WARN] IP:2119 - TxElmtSize not found: check if there is a RefParameter without a condition.
2024-10-28 21:21:56,108 [WARN] IP:2119 - ClockCalibrationCCU not found: check if there is a RefParameter without a condition.
2024-10-28 21:21:56,108 [WARN] IP:2119 - ClockDividerCCU not found: check if there is a RefParameter without a condition.
2024-10-28 21:21:56,108 [WARN] IP:2119 - MinOscClkPeriodsCCU not found: check if there is a RefParameter without a condition.
2024-10-28 21:21:56,108 [WARN] IP:2119 - TimeQuantaPerBitTimeCCU not found: check if there is a RefParameter without a condition.
2024-10-28 21:21:56,108 [WARN] IP:2119 - WatchdogStartValueCCU not found: check if there is a RefParameter without a condition.
2024-10-28 21:21:56,179 [INFO] CodeEngine:255 - oldGeneratedFile, /home/nikolai/Documents/NP1_DRONE/software/STM32/Flight Control Computer/MXTmpFiles/license.tmp_save
2024-10-28 21:21:56,215 [INFO] CodeEngine:279 - Generated code: /home/nikolai/Documents/NP1_DRONE/software/STM32/Flight Control Computer/MXTmpFiles/license.tmp
2024-10-28 21:21:56,248 [INFO] CodeEngine:255 - oldGeneratedFile, /home/nikolai/Documents/NP1_DRONE/software/STM32/Flight Control Computer/Core/Src/gpio.c_save
2024-10-28 21:21:56,282 [INFO] CodeEngine:279 - Generated code: /home/nikolai/Documents/NP1_DRONE/software/STM32/Flight Control Computer/Core/Src/gpio.c
2024-10-28 21:21:56,282 [INFO] CodeEngine:255 - oldGeneratedFile, /home/nikolai/Documents/NP1_DRONE/software/STM32/Flight Control Computer/Core/Inc/gpio.h_save
2024-10-28 21:21:56,310 [INFO] CodeEngine:279 - Generated code: /home/nikolai/Documents/NP1_DRONE/software/STM32/Flight Control Computer/Core/Inc/gpio.h
2024-10-28 21:21:56,378 [INFO] CodeEngine:255 - oldGeneratedFile, /home/nikolai/Documents/NP1_DRONE/software/STM32/Flight Control Computer/MXTmpFiles/usb_vars.tmp_save
2024-10-28 21:21:56,410 [INFO] CodeEngine:279 - Generated code: /home/nikolai/Documents/NP1_DRONE/software/STM32/Flight Control Computer/MXTmpFiles/usb_vars.tmp
2024-10-28 21:21:56,411 [INFO] CodeEngine:255 - oldGeneratedFile, /home/nikolai/Documents/NP1_DRONE/software/STM32/Flight Control Computer/MXTmpFiles/usb_inc.tmp_save
2024-10-28 21:21:56,439 [INFO] CodeEngine:279 - Generated code: /home/nikolai/Documents/NP1_DRONE/software/STM32/Flight Control Computer/MXTmpFiles/usb_inc.tmp
2024-10-28 21:21:56,440 [INFO] CodeEngine:255 - oldGeneratedFile, /home/nikolai/Documents/NP1_DRONE/software/STM32/Flight Control Computer/MXTmpFiles/usb_HalInit.tmp_save
2024-10-28 21:21:56,474 [INFO] CodeEngine:279 - Generated code: /home/nikolai/Documents/NP1_DRONE/software/STM32/Flight Control Computer/MXTmpFiles/usb_HalInit.tmp
2024-10-28 21:21:56,474 [INFO] CodeEngine:255 - oldGeneratedFile, /home/nikolai/Documents/NP1_DRONE/software/STM32/Flight Control Computer/MXTmpFiles/usb_Msp.tmp_save
2024-10-28 21:21:56,511 [INFO] CodeEngine:279 - Generated code: /home/nikolai/Documents/NP1_DRONE/software/STM32/Flight Control Computer/MXTmpFiles/usb_Msp.tmp
2024-10-28 21:21:56,835 [INFO] Middleware:1439 - No code input for Bsp Dependency
2024-10-28 21:21:56,836 [INFO] CodeEngine:255 - oldGeneratedFile, /home/nikolai/Documents/NP1_DRONE/software/STM32/Flight Control Computer/MXTmpFiles/rtos_inc.tmp_save
2024-10-28 21:21:56,867 [INFO] CodeEngine:279 - Generated code: /home/nikolai/Documents/NP1_DRONE/software/STM32/Flight Control Computer/MXTmpFiles/rtos_inc.tmp
2024-10-28 21:21:56,868 [INFO] CodeEngine:255 - oldGeneratedFile, /home/nikolai/Documents/NP1_DRONE/software/STM32/Flight Control Computer/MXTmpFiles/rtos_kernelInit.tmp_save
2024-10-28 21:21:56,905 [INFO] CodeEngine:279 - Generated code: /home/nikolai/Documents/NP1_DRONE/software/STM32/Flight Control Computer/MXTmpFiles/rtos_kernelInit.tmp
2024-10-28 21:21:56,905 [INFO] CodeEngine:255 - oldGeneratedFile, /home/nikolai/Documents/NP1_DRONE/software/STM32/Flight Control Computer/MXTmpFiles/rtos_kernelStart.tmp_save
2024-10-28 21:21:56,934 [INFO] CodeEngine:279 - Generated code: /home/nikolai/Documents/NP1_DRONE/software/STM32/Flight Control Computer/MXTmpFiles/rtos_kernelStart.tmp
2024-10-28 21:21:56,935 [INFO] CodeEngine:255 - oldGeneratedFile, /home/nikolai/Documents/NP1_DRONE/software/STM32/Flight Control Computer/MXTmpFiles/rtos_typedefs.tmp_save
2024-10-28 21:21:56,963 [INFO] CodeEngine:279 - Generated code: /home/nikolai/Documents/NP1_DRONE/software/STM32/Flight Control Computer/MXTmpFiles/rtos_typedefs.tmp
2024-10-28 21:21:56,964 [INFO] CodeEngine:255 - oldGeneratedFile, /home/nikolai/Documents/NP1_DRONE/software/STM32/Flight Control Computer/MXTmpFiles/rtos_vars.tmp_save
2024-10-28 21:21:56,993 [INFO] CodeEngine:279 - Generated code: /home/nikolai/Documents/NP1_DRONE/software/STM32/Flight Control Computer/MXTmpFiles/rtos_vars.tmp
2024-10-28 21:21:56,993 [INFO] CodeEngine:255 - oldGeneratedFile, /home/nikolai/Documents/NP1_DRONE/software/STM32/Flight Control Computer/MXTmpFiles/rtos_pfp.tmp_save
2024-10-28 21:21:57,021 [INFO] CodeEngine:279 - Generated code: /home/nikolai/Documents/NP1_DRONE/software/STM32/Flight Control Computer/MXTmpFiles/rtos_pfp.tmp
2024-10-28 21:21:57,021 [INFO] CodeEngine:255 - oldGeneratedFile, /home/nikolai/Documents/NP1_DRONE/software/STM32/Flight Control Computer/MXTmpFiles/rtos_obj_creat.tmp_save
2024-10-28 21:21:57,051 [INFO] CodeEngine:279 - Generated code: /home/nikolai/Documents/NP1_DRONE/software/STM32/Flight Control Computer/MXTmpFiles/rtos_obj_creat.tmp
2024-10-28 21:21:57,051 [INFO] CodeEngine:255 - oldGeneratedFile, /home/nikolai/Documents/NP1_DRONE/software/STM32/Flight Control Computer/MXTmpFiles/rtos_default_thread.tmp_save
2024-10-28 21:21:57,079 [INFO] CodeEngine:279 - Generated code: /home/nikolai/Documents/NP1_DRONE/software/STM32/Flight Control Computer/MXTmpFiles/rtos_default_thread.tmp
2024-10-28 21:21:57,079 [INFO] CodeEngine:255 - oldGeneratedFile, /home/nikolai/Documents/NP1_DRONE/software/STM32/Flight Control Computer/MXTmpFiles/rtos_threads.tmp_save
2024-10-28 21:21:57,107 [INFO] CodeEngine:279 - Generated code: /home/nikolai/Documents/NP1_DRONE/software/STM32/Flight Control Computer/MXTmpFiles/rtos_threads.tmp
2024-10-28 21:21:57,108 [INFO] Middleware:1439 - No code input for Bsp Dependency
2024-10-28 21:21:57,110 [INFO] Middleware:1439 - No code input for Bsp Dependency
2024-10-28 21:21:57,111 [INFO] CodeEngine:255 - oldGeneratedFile, /home/nikolai/Documents/NP1_DRONE/software/STM32/Flight Control Computer/MXTmpFiles/rtos_inc.tmp_save
2024-10-28 21:21:57,141 [INFO] CodeEngine:279 - Generated code: /home/nikolai/Documents/NP1_DRONE/software/STM32/Flight Control Computer/MXTmpFiles/rtos_inc.tmp
2024-10-28 21:21:57,141 [INFO] CodeEngine:255 - oldGeneratedFile, /home/nikolai/Documents/NP1_DRONE/software/STM32/Flight Control Computer/MXTmpFiles/rtos_kernelInit.tmp_save
2024-10-28 21:21:57,168 [INFO] CodeEngine:279 - Generated code: /home/nikolai/Documents/NP1_DRONE/software/STM32/Flight Control Computer/MXTmpFiles/rtos_kernelInit.tmp
2024-10-28 21:21:57,168 [INFO] CodeEngine:255 - oldGeneratedFile, /home/nikolai/Documents/NP1_DRONE/software/STM32/Flight Control Computer/MXTmpFiles/rtos_kernelStart.tmp_save
2024-10-28 21:21:57,196 [INFO] CodeEngine:279 - Generated code: /home/nikolai/Documents/NP1_DRONE/software/STM32/Flight Control Computer/MXTmpFiles/rtos_kernelStart.tmp
2024-10-28 21:21:57,196 [INFO] CodeEngine:255 - oldGeneratedFile, /home/nikolai/Documents/NP1_DRONE/software/STM32/Flight Control Computer/MXTmpFiles/rtos_typedefs.tmp_save
2024-10-28 21:21:57,224 [INFO] CodeEngine:279 - Generated code: /home/nikolai/Documents/NP1_DRONE/software/STM32/Flight Control Computer/MXTmpFiles/rtos_typedefs.tmp
2024-10-28 21:21:57,225 [INFO] CodeEngine:255 - oldGeneratedFile, /home/nikolai/Documents/NP1_DRONE/software/STM32/Flight Control Computer/MXTmpFiles/rtos_vars.tmp_save
2024-10-28 21:21:57,254 [INFO] CodeEngine:279 - Generated code: /home/nikolai/Documents/NP1_DRONE/software/STM32/Flight Control Computer/MXTmpFiles/rtos_vars.tmp
2024-10-28 21:21:57,254 [INFO] CodeEngine:255 - oldGeneratedFile, /home/nikolai/Documents/NP1_DRONE/software/STM32/Flight Control Computer/MXTmpFiles/rtos_pfp.tmp_save
2024-10-28 21:21:57,282 [INFO] CodeEngine:279 - Generated code: /home/nikolai/Documents/NP1_DRONE/software/STM32/Flight Control Computer/MXTmpFiles/rtos_pfp.tmp
2024-10-28 21:21:57,282 [INFO] CodeEngine:255 - oldGeneratedFile, /home/nikolai/Documents/NP1_DRONE/software/STM32/Flight Control Computer/MXTmpFiles/rtos_obj_creat.tmp_save
2024-10-28 21:21:57,311 [INFO] CodeEngine:279 - Generated code: /home/nikolai/Documents/NP1_DRONE/software/STM32/Flight Control Computer/MXTmpFiles/rtos_obj_creat.tmp
2024-10-28 21:21:57,311 [INFO] CodeEngine:255 - oldGeneratedFile, /home/nikolai/Documents/NP1_DRONE/software/STM32/Flight Control Computer/MXTmpFiles/rtos_default_thread.tmp_save
2024-10-28 21:21:57,339 [INFO] CodeEngine:279 - Generated code: /home/nikolai/Documents/NP1_DRONE/software/STM32/Flight Control Computer/MXTmpFiles/rtos_default_thread.tmp
2024-10-28 21:21:57,340 [INFO] CodeEngine:255 - oldGeneratedFile, /home/nikolai/Documents/NP1_DRONE/software/STM32/Flight Control Computer/MXTmpFiles/rtos_threads.tmp_save
2024-10-28 21:21:57,367 [INFO] CodeEngine:279 - Generated code: /home/nikolai/Documents/NP1_DRONE/software/STM32/Flight Control Computer/MXTmpFiles/rtos_threads.tmp
2024-10-28 21:21:57,368 [INFO] CodeEngine:255 - oldGeneratedFile, /home/nikolai/Documents/NP1_DRONE/software/STM32/Flight Control Computer/Core/Inc/FreeRTOSConfig.h_save
2024-10-28 21:21:57,408 [INFO] CodeEngine:279 - Generated code: /home/nikolai/Documents/NP1_DRONE/software/STM32/Flight Control Computer/Core/Inc/FreeRTOSConfig.h
2024-10-28 21:21:57,409 [INFO] CodeEngine:255 - oldGeneratedFile, /home/nikolai/Documents/NP1_DRONE/software/STM32/Flight Control Computer/Core/Src/app_freertos.c_save
2024-10-28 21:21:57,440 [INFO] CodeEngine:279 - Generated code: /home/nikolai/Documents/NP1_DRONE/software/STM32/Flight Control Computer/Core/Src/app_freertos.c
2024-10-28 21:21:57,442 [INFO] CodeEngine:255 - oldGeneratedFile, /home/nikolai/Documents/NP1_DRONE/software/STM32/Flight Control Computer/Core/Src/fdcan.c_save
2024-10-28 21:21:57,482 [INFO] CodeEngine:279 - Generated code: /home/nikolai/Documents/NP1_DRONE/software/STM32/Flight Control Computer/Core/Src/fdcan.c
2024-10-28 21:21:57,483 [INFO] CodeEngine:255 - oldGeneratedFile, /home/nikolai/Documents/NP1_DRONE/software/STM32/Flight Control Computer/Core/Inc/fdcan.h_save
2024-10-28 21:21:57,510 [INFO] CodeEngine:279 - Generated code: /home/nikolai/Documents/NP1_DRONE/software/STM32/Flight Control Computer/Core/Inc/fdcan.h
2024-10-28 21:21:57,512 [INFO] CodeEngine:255 - oldGeneratedFile, /home/nikolai/Documents/NP1_DRONE/software/STM32/Flight Control Computer/Core/Src/i2c.c_save
2024-10-28 21:21:57,551 [INFO] CodeEngine:279 - Generated code: /home/nikolai/Documents/NP1_DRONE/software/STM32/Flight Control Computer/Core/Src/i2c.c
2024-10-28 21:21:57,551 [INFO] CodeEngine:255 - oldGeneratedFile, /home/nikolai/Documents/NP1_DRONE/software/STM32/Flight Control Computer/Core/Inc/i2c.h_save
2024-10-28 21:21:57,579 [INFO] CodeEngine:279 - Generated code: /home/nikolai/Documents/NP1_DRONE/software/STM32/Flight Control Computer/Core/Inc/i2c.h
2024-10-28 21:21:57,580 [INFO] CodeEngine:255 - oldGeneratedFile, /home/nikolai/Documents/NP1_DRONE/software/STM32/Flight Control Computer/Core/Src/spi.c_save
2024-10-28 21:21:57,619 [INFO] CodeEngine:279 - Generated code: /home/nikolai/Documents/NP1_DRONE/software/STM32/Flight Control Computer/Core/Src/spi.c
2024-10-28 21:21:57,620 [INFO] CodeEngine:255 - oldGeneratedFile, /home/nikolai/Documents/NP1_DRONE/software/STM32/Flight Control Computer/Core/Inc/spi.h_save
2024-10-28 21:21:57,648 [INFO] CodeEngine:279 - Generated code: /home/nikolai/Documents/NP1_DRONE/software/STM32/Flight Control Computer/Core/Inc/spi.h
2024-10-28 21:21:57,650 [INFO] CodeEngine:255 - oldGeneratedFile, /home/nikolai/Documents/NP1_DRONE/software/STM32/Flight Control Computer/Core/Src/usart.c_save
2024-10-28 21:21:57,690 [INFO] CodeEngine:279 - Generated code: /home/nikolai/Documents/NP1_DRONE/software/STM32/Flight Control Computer/Core/Src/usart.c
2024-10-28 21:21:57,690 [INFO] CodeEngine:255 - oldGeneratedFile, /home/nikolai/Documents/NP1_DRONE/software/STM32/Flight Control Computer/Core/Inc/usart.h_save
2024-10-28 21:21:57,719 [INFO] CodeEngine:279 - Generated code: /home/nikolai/Documents/NP1_DRONE/software/STM32/Flight Control Computer/Core/Inc/usart.h
2024-10-28 21:21:57,720 [INFO] Middleware:1439 - No code input for Bsp Dependency
2024-10-28 21:21:57,722 [INFO] CodeEngine:255 - oldGeneratedFile, /home/nikolai/Documents/NP1_DRONE/software/STM32/Flight Control Computer/USB_Device/App/usb_device.c_save
2024-10-28 21:21:57,760 [INFO] CodeEngine:279 - Generated code: /home/nikolai/Documents/NP1_DRONE/software/STM32/Flight Control Computer/USB_Device/App/usb_device.c
2024-10-28 21:21:57,761 [INFO] CodeEngine:255 - oldGeneratedFile, /home/nikolai/Documents/NP1_DRONE/software/STM32/Flight Control Computer/USB_Device/App/usb_device.h_save
2024-10-28 21:21:57,789 [INFO] CodeEngine:279 - Generated code: /home/nikolai/Documents/NP1_DRONE/software/STM32/Flight Control Computer/USB_Device/App/usb_device.h
2024-10-28 21:21:57,790 [INFO] CodeEngine:255 - oldGeneratedFile, /home/nikolai/Documents/NP1_DRONE/software/STM32/Flight Control Computer/USB_Device/Target/usbd_conf.h_save
2024-10-28 21:21:57,818 [INFO] CodeEngine:279 - Generated code: /home/nikolai/Documents/NP1_DRONE/software/STM32/Flight Control Computer/USB_Device/Target/usbd_conf.h
2024-10-28 21:21:57,819 [INFO] CodeEngine:255 - oldGeneratedFile, /home/nikolai/Documents/NP1_DRONE/software/STM32/Flight Control Computer/USB_Device/Target/usbd_conf.c_save
2024-10-28 21:21:57,853 [INFO] CodeEngine:279 - Generated code: /home/nikolai/Documents/NP1_DRONE/software/STM32/Flight Control Computer/USB_Device/Target/usbd_conf.c
2024-10-28 21:21:57,855 [INFO] CodeEngine:255 - oldGeneratedFile, /home/nikolai/Documents/NP1_DRONE/software/STM32/Flight Control Computer/USB_Device/App/usbd_desc.h_save
2024-10-28 21:21:57,883 [INFO] CodeEngine:279 - Generated code: /home/nikolai/Documents/NP1_DRONE/software/STM32/Flight Control Computer/USB_Device/App/usbd_desc.h
2024-10-28 21:21:57,884 [INFO] CodeEngine:255 - oldGeneratedFile, /home/nikolai/Documents/NP1_DRONE/software/STM32/Flight Control Computer/USB_Device/App/usbd_desc.c_save
2024-10-28 21:21:57,914 [INFO] CodeEngine:279 - Generated code: /home/nikolai/Documents/NP1_DRONE/software/STM32/Flight Control Computer/USB_Device/App/usbd_desc.c
2024-10-28 21:21:57,915 [INFO] CodeEngine:255 - oldGeneratedFile, /home/nikolai/Documents/NP1_DRONE/software/STM32/Flight Control Computer/USB_Device/App/usbd_cdc_if.h_save
2024-10-28 21:21:57,942 [INFO] CodeEngine:279 - Generated code: /home/nikolai/Documents/NP1_DRONE/software/STM32/Flight Control Computer/USB_Device/App/usbd_cdc_if.h
2024-10-28 21:21:57,943 [INFO] CodeEngine:255 - oldGeneratedFile, /home/nikolai/Documents/NP1_DRONE/software/STM32/Flight Control Computer/USB_Device/App/usbd_cdc_if.c_save
2024-10-28 21:21:57,972 [INFO] CodeEngine:279 - Generated code: /home/nikolai/Documents/NP1_DRONE/software/STM32/Flight Control Computer/USB_Device/App/usbd_cdc_if.c
2024-10-28 21:21:57,977 [INFO] CodeEngine:255 - oldGeneratedFile, /home/nikolai/Documents/NP1_DRONE/software/STM32/Flight Control Computer/Core/Src/stm32g4xx_it.c_save
2024-10-28 21:21:58,047 [INFO] CodeEngine:279 - Generated code: /home/nikolai/Documents/NP1_DRONE/software/STM32/Flight Control Computer/Core/Src/stm32g4xx_it.c
2024-10-28 21:21:58,048 [INFO] CodeEngine:255 - oldGeneratedFile, /home/nikolai/Documents/NP1_DRONE/software/STM32/Flight Control Computer/Core/Inc/stm32g4xx_it.h_save
2024-10-28 21:21:58,076 [INFO] CodeEngine:279 - Generated code: /home/nikolai/Documents/NP1_DRONE/software/STM32/Flight Control Computer/Core/Inc/stm32g4xx_it.h
2024-10-28 21:21:58,079 [INFO] CodeEngine:255 - oldGeneratedFile, /home/nikolai/Documents/NP1_DRONE/software/STM32/Flight Control Computer/Core/Src/stm32g4xx_hal_msp.c_save
2024-10-28 21:21:58,118 [INFO] CodeEngine:279 - Generated code: /home/nikolai/Documents/NP1_DRONE/software/STM32/Flight Control Computer/Core/Src/stm32g4xx_hal_msp.c
2024-10-28 21:21:58,119 [INFO] CodeEngine:255 - oldGeneratedFile, /home/nikolai/Documents/NP1_DRONE/software/STM32/Flight Control Computer/MXTmpFiles/system.tmp_save
2024-10-28 21:21:58,147 [INFO] CodeEngine:279 - Generated code: /home/nikolai/Documents/NP1_DRONE/software/STM32/Flight Control Computer/MXTmpFiles/system.tmp
2024-10-28 21:21:58,147 [INFO] CodeEngine:255 - oldGeneratedFile, /home/nikolai/Documents/NP1_DRONE/software/STM32/Flight Control Computer/Core/Src/stm32g4xx_hal_timebase_tim.c_save
2024-10-28 21:21:58,177 [INFO] CodeEngine:279 - Generated code: /home/nikolai/Documents/NP1_DRONE/software/STM32/Flight Control Computer/Core/Src/stm32g4xx_hal_timebase_tim.c
2024-10-28 21:21:58,178 [INFO] CodeEngine:311 - oldGeneratedFile, /home/nikolai/Documents/NP1_DRONE/software/STM32/Flight Control Computer/Core/Inc/stm32g4xx_hal_conf.h_save
2024-10-28 21:21:58,209 [INFO] CodeEngine:335 - Generated code: /home/nikolai/Documents/NP1_DRONE/software/STM32/Flight Control Computer/Core/Inc/stm32g4xx_hal_conf.h
2024-10-28 21:21:58,214 [WARN] IPConfigManager:2946 - Warning: the RefConfig RCC_CommonPeriphClockConfig is not available in your config.xml file
2024-10-28 21:21:58,220 [INFO] CodeEngine:255 - oldGeneratedFile, /home/nikolai/Documents/NP1_DRONE/software/STM32/Flight Control Computer/Core/Inc/main.h_save
2024-10-28 21:21:58,250 [INFO] CodeEngine:279 - Generated code: /home/nikolai/Documents/NP1_DRONE/software/STM32/Flight Control Computer/Core/Inc/main.h
2024-10-28 21:21:58,250 [INFO] CodeEngine:255 - oldGeneratedFile, /home/nikolai/Documents/NP1_DRONE/software/STM32/Flight Control Computer/Core/Src/main.c_save
2024-10-28 21:21:58,290 [INFO] CodeEngine:279 - Generated code: /home/nikolai/Documents/NP1_DRONE/software/STM32/Flight Control Computer/Core/Src/main.c
2024-10-28 21:21:58,470 [INFO] ProjectBuilder:3076 - Time for Copy HAL[1] : 16mS.
2024-10-28 21:21:58,471 [INFO] ProjectBuilder:4485 - Project Generator version: 4.2.0-B44
2024-10-28 21:21:58,557 [INFO] ConfigFileManager:1495 - The Die is : DIE469
2024-10-28 21:21:58,982 [INFO] ProjectBuilder:4747 - Time for Generating toolchain IDE Files: 511mS.
2024-10-28 21:21:58,982 [INFO] ProjectBuilder:2947 - Time for Copy CMSIS : 0mS.
2024-10-28 21:21:58,983 [INFO] ProjectBuilder:2947 - Time for Copy CMSIS : 0mS.
2024-10-28 21:35:06,242 [INFO] Gpio:277 - dependency for GPIO [FDCAN1, FDCAN2, I2C2, RCC, SPI1, SYS, USART2, USB]
2024-10-28 21:35:25,015 [INFO] NvicIntPanel:101 - NVIC parent = com.st.microxplorer.plugins.ip.nvic.MultiNvicIntPanel[,2,26,770x661,layout=javax.swing.BoxLayout,alignmentX=0.0,alignmentY=0.0,border=,flags=9,maximumSize=,minimumSize=,preferredSize=]
2024-10-28 21:35:30,206 [INFO] Gpio:277 - dependency for GPIO [FDCAN1, FDCAN2, I2C2, RCC, SPI1, SYS, USART2, USB]
2024-10-28 21:35:38,944 [INFO] UtilMem:75 - End SaveConfig() Used Memory: 430453688 Bytes (1073741824)
2024-10-28 21:35:39,079 [INFO] UtilMem:75 - End SaveConfig() Used Memory: 447233560 Bytes (1073741824)
2024-10-28 21:35:39,452 [INFO] UtilMem:75 - End SaveConfig() Used Memory: 542672520 Bytes (1073741824)
2024-10-28 21:35:39,543 [INFO] BlockDiagram:2759 - set Specific Code input for plugin: SPI
2024-10-28 21:35:39,543 [INFO] BlockDiagram:2759 - set Specific Code input for plugin: FDCAN
2024-10-28 21:35:39,543 [INFO] BlockDiagram:2759 - set Specific Code input for plugin: FREERTOS
2024-10-28 21:35:39,543 [INFO] BlockDiagram:2759 - set Specific Code input for plugin: USB_Device
2024-10-28 21:35:39,543 [INFO] BlockDiagram:2759 - set Specific Code input for plugin: SYS
2024-10-28 21:35:39,543 [INFO] BlockDiagram:2759 - set Specific Code input for plugin: RCC
2024-10-28 21:35:39,543 [INFO] BlockDiagram:2759 - set Specific Code input for plugin: I2C
2024-10-28 21:35:39,543 [INFO] BlockDiagram:2759 - set Specific Code input for plugin: NVIC
2024-10-28 21:35:39,543 [INFO] BlockDiagram:2759 - set Specific Code input for plugin: USART
2024-10-28 21:35:39,543 [INFO] BlockDiagram:2759 - set Specific Code input for plugin: USB
2024-10-28 21:35:39,543 [INFO] BlockDiagram:2759 - set Specific Code input for plugin: GPIO
2024-10-28 21:35:39,543 [INFO] BlockDiagram:2759 - set Specific Code input for plugin: FDCAN
2024-10-28 21:35:39,543 [INFO] CodeGenerator:807 - code generatio: config db path: /opt/st/stm32cubeide_1.14.0/plugins/com.st.stm32cube.common.mx_6.10.0.202311202037//db/
2024-10-28 21:35:39,545 [WARN] IP:2119 - MessageRAMOffset not found: check if there is a RefParameter without a condition.
2024-10-28 21:35:39,545 [WARN] IP:2119 - RxFifo0ElmtsNbr not found: check if there is a RefParameter without a condition.
2024-10-28 21:35:39,545 [WARN] IP:2119 - RxFifo0ElmtSize not found: check if there is a RefParameter without a condition.
2024-10-28 21:35:39,545 [WARN] IP:2119 - RxFifo1ElmtsNbr not found: check if there is a RefParameter without a condition.
2024-10-28 21:35:39,545 [WARN] IP:2119 - RxFifo1ElmtSize not found: check if there is a RefParameter without a condition.
2024-10-28 21:35:39,545 [WARN] IP:2119 - RxBuffersNbr not found: check if there is a RefParameter without a condition.
2024-10-28 21:35:39,545 [WARN] IP:2119 - RxBufferSize not found: check if there is a RefParameter without a condition.
2024-10-28 21:35:39,545 [WARN] IP:2119 - TxEventsNbr not found: check if there is a RefParameter without a condition.
2024-10-28 21:35:39,545 [WARN] IP:2119 - TxBuffersNbr not found: check if there is a RefParameter without a condition.
2024-10-28 21:35:39,545 [WARN] IP:2119 - TxFifoQueueElmtsNbr not found: check if there is a RefParameter without a condition.
2024-10-28 21:35:39,545 [WARN] IP:2119 - TxElmtSize not found: check if there is a RefParameter without a condition.
2024-10-28 21:35:39,545 [WARN] IP:2119 - ClockCalibrationCCU not found: check if there is a RefParameter without a condition.
2024-10-28 21:35:39,545 [WARN] IP:2119 - ClockDividerCCU not found: check if there is a RefParameter without a condition.
2024-10-28 21:35:39,545 [WARN] IP:2119 - MinOscClkPeriodsCCU not found: check if there is a RefParameter without a condition.
2024-10-28 21:35:39,545 [WARN] IP:2119 - TimeQuantaPerBitTimeCCU not found: check if there is a RefParameter without a condition.
2024-10-28 21:35:39,545 [WARN] IP:2119 - WatchdogStartValueCCU not found: check if there is a RefParameter without a condition.
2024-10-28 21:35:39,546 [WARN] IP:2119 - MessageRAMOffset not found: check if there is a RefParameter without a condition.
2024-10-28 21:35:39,546 [WARN] IP:2119 - RxFifo0ElmtsNbr not found: check if there is a RefParameter without a condition.
2024-10-28 21:35:39,546 [WARN] IP:2119 - RxFifo0ElmtSize not found: check if there is a RefParameter without a condition.
2024-10-28 21:35:39,546 [WARN] IP:2119 - RxFifo1ElmtsNbr not found: check if there is a RefParameter without a condition.
2024-10-28 21:35:39,546 [WARN] IP:2119 - RxFifo1ElmtSize not found: check if there is a RefParameter without a condition.
2024-10-28 21:35:39,546 [WARN] IP:2119 - RxBuffersNbr not found: check if there is a RefParameter without a condition.
2024-10-28 21:35:39,546 [WARN] IP:2119 - RxBufferSize not found: check if there is a RefParameter without a condition.
2024-10-28 21:35:39,546 [WARN] IP:2119 - TxEventsNbr not found: check if there is a RefParameter without a condition.
2024-10-28 21:35:39,546 [WARN] IP:2119 - TxBuffersNbr not found: check if there is a RefParameter without a condition.
2024-10-28 21:35:39,546 [WARN] IP:2119 - TxFifoQueueElmtsNbr not found: check if there is a RefParameter without a condition.
2024-10-28 21:35:39,546 [WARN] IP:2119 - TxElmtSize not found: check if there is a RefParameter without a condition.
2024-10-28 21:35:39,546 [WARN] IP:2119 - ClockCalibrationCCU not found: check if there is a RefParameter without a condition.
2024-10-28 21:35:39,546 [WARN] IP:2119 - ClockDividerCCU not found: check if there is a RefParameter without a condition.
2024-10-28 21:35:39,546 [WARN] IP:2119 - MinOscClkPeriodsCCU not found: check if there is a RefParameter without a condition.
2024-10-28 21:35:39,546 [WARN] IP:2119 - TimeQuantaPerBitTimeCCU not found: check if there is a RefParameter without a condition.
2024-10-28 21:35:39,546 [WARN] IP:2119 - WatchdogStartValueCCU not found: check if there is a RefParameter without a condition.
2024-10-28 21:35:39,608 [INFO] CodeEngine:255 - oldGeneratedFile, /home/nikolai/Documents/NP1_DRONE/software/STM32/Flight Control Computer/MXTmpFiles/license.tmp_save
2024-10-28 21:35:39,644 [INFO] CodeEngine:279 - Generated code: /home/nikolai/Documents/NP1_DRONE/software/STM32/Flight Control Computer/MXTmpFiles/license.tmp
2024-10-28 21:35:39,679 [INFO] CodeEngine:255 - oldGeneratedFile, /home/nikolai/Documents/NP1_DRONE/software/STM32/Flight Control Computer/Core/Src/gpio.c_save
2024-10-28 21:35:39,715 [INFO] CodeEngine:279 - Generated code: /home/nikolai/Documents/NP1_DRONE/software/STM32/Flight Control Computer/Core/Src/gpio.c
2024-10-28 21:35:39,716 [INFO] CodeEngine:255 - oldGeneratedFile, /home/nikolai/Documents/NP1_DRONE/software/STM32/Flight Control Computer/Core/Inc/gpio.h_save
2024-10-28 21:35:39,743 [INFO] CodeEngine:279 - Generated code: /home/nikolai/Documents/NP1_DRONE/software/STM32/Flight Control Computer/Core/Inc/gpio.h
2024-10-28 21:35:39,813 [INFO] CodeEngine:255 - oldGeneratedFile, /home/nikolai/Documents/NP1_DRONE/software/STM32/Flight Control Computer/MXTmpFiles/usb_vars.tmp_save
2024-10-28 21:35:39,844 [INFO] CodeEngine:279 - Generated code: /home/nikolai/Documents/NP1_DRONE/software/STM32/Flight Control Computer/MXTmpFiles/usb_vars.tmp
2024-10-28 21:35:39,844 [INFO] CodeEngine:255 - oldGeneratedFile, /home/nikolai/Documents/NP1_DRONE/software/STM32/Flight Control Computer/MXTmpFiles/usb_inc.tmp_save
2024-10-28 21:35:39,872 [INFO] CodeEngine:279 - Generated code: /home/nikolai/Documents/NP1_DRONE/software/STM32/Flight Control Computer/MXTmpFiles/usb_inc.tmp
2024-10-28 21:35:39,872 [INFO] CodeEngine:255 - oldGeneratedFile, /home/nikolai/Documents/NP1_DRONE/software/STM32/Flight Control Computer/MXTmpFiles/usb_HalInit.tmp_save
2024-10-28 21:35:39,928 [INFO] CodeEngine:279 - Generated code: /home/nikolai/Documents/NP1_DRONE/software/STM32/Flight Control Computer/MXTmpFiles/usb_HalInit.tmp
2024-10-28 21:35:39,928 [INFO] CodeEngine:255 - oldGeneratedFile, /home/nikolai/Documents/NP1_DRONE/software/STM32/Flight Control Computer/MXTmpFiles/usb_Msp.tmp_save
2024-10-28 21:35:39,973 [INFO] CodeEngine:279 - Generated code: /home/nikolai/Documents/NP1_DRONE/software/STM32/Flight Control Computer/MXTmpFiles/usb_Msp.tmp
2024-10-28 21:35:40,287 [INFO] Middleware:1439 - No code input for Bsp Dependency
2024-10-28 21:35:40,288 [INFO] CodeEngine:255 - oldGeneratedFile, /home/nikolai/Documents/NP1_DRONE/software/STM32/Flight Control Computer/MXTmpFiles/rtos_inc.tmp_save
2024-10-28 21:35:40,321 [INFO] CodeEngine:279 - Generated code: /home/nikolai/Documents/NP1_DRONE/software/STM32/Flight Control Computer/MXTmpFiles/rtos_inc.tmp
2024-10-28 21:35:40,321 [INFO] CodeEngine:255 - oldGeneratedFile, /home/nikolai/Documents/NP1_DRONE/software/STM32/Flight Control Computer/MXTmpFiles/rtos_kernelInit.tmp_save
2024-10-28 21:35:40,349 [INFO] CodeEngine:279 - Generated code: /home/nikolai/Documents/NP1_DRONE/software/STM32/Flight Control Computer/MXTmpFiles/rtos_kernelInit.tmp
2024-10-28 21:35:40,349 [INFO] CodeEngine:255 - oldGeneratedFile, /home/nikolai/Documents/NP1_DRONE/software/STM32/Flight Control Computer/MXTmpFiles/rtos_kernelStart.tmp_save
2024-10-28 21:35:40,377 [INFO] CodeEngine:279 - Generated code: /home/nikolai/Documents/NP1_DRONE/software/STM32/Flight Control Computer/MXTmpFiles/rtos_kernelStart.tmp
2024-10-28 21:35:40,377 [INFO] CodeEngine:255 - oldGeneratedFile, /home/nikolai/Documents/NP1_DRONE/software/STM32/Flight Control Computer/MXTmpFiles/rtos_typedefs.tmp_save
2024-10-28 21:35:40,405 [INFO] CodeEngine:279 - Generated code: /home/nikolai/Documents/NP1_DRONE/software/STM32/Flight Control Computer/MXTmpFiles/rtos_typedefs.tmp
2024-10-28 21:35:40,405 [INFO] CodeEngine:255 - oldGeneratedFile, /home/nikolai/Documents/NP1_DRONE/software/STM32/Flight Control Computer/MXTmpFiles/rtos_vars.tmp_save
2024-10-28 21:35:40,434 [INFO] CodeEngine:279 - Generated code: /home/nikolai/Documents/NP1_DRONE/software/STM32/Flight Control Computer/MXTmpFiles/rtos_vars.tmp
2024-10-28 21:35:40,435 [INFO] CodeEngine:255 - oldGeneratedFile, /home/nikolai/Documents/NP1_DRONE/software/STM32/Flight Control Computer/MXTmpFiles/rtos_pfp.tmp_save
2024-10-28 21:35:40,462 [INFO] CodeEngine:279 - Generated code: /home/nikolai/Documents/NP1_DRONE/software/STM32/Flight Control Computer/MXTmpFiles/rtos_pfp.tmp
2024-10-28 21:35:40,462 [INFO] CodeEngine:255 - oldGeneratedFile, /home/nikolai/Documents/NP1_DRONE/software/STM32/Flight Control Computer/MXTmpFiles/rtos_obj_creat.tmp_save
2024-10-28 21:35:40,492 [INFO] CodeEngine:279 - Generated code: /home/nikolai/Documents/NP1_DRONE/software/STM32/Flight Control Computer/MXTmpFiles/rtos_obj_creat.tmp
2024-10-28 21:35:40,493 [INFO] CodeEngine:255 - oldGeneratedFile, /home/nikolai/Documents/NP1_DRONE/software/STM32/Flight Control Computer/MXTmpFiles/rtos_default_thread.tmp_save
2024-10-28 21:35:40,520 [INFO] CodeEngine:279 - Generated code: /home/nikolai/Documents/NP1_DRONE/software/STM32/Flight Control Computer/MXTmpFiles/rtos_default_thread.tmp
2024-10-28 21:35:40,520 [INFO] CodeEngine:255 - oldGeneratedFile, /home/nikolai/Documents/NP1_DRONE/software/STM32/Flight Control Computer/MXTmpFiles/rtos_threads.tmp_save
2024-10-28 21:35:40,548 [INFO] CodeEngine:279 - Generated code: /home/nikolai/Documents/NP1_DRONE/software/STM32/Flight Control Computer/MXTmpFiles/rtos_threads.tmp
2024-10-28 21:35:40,549 [INFO] Middleware:1439 - No code input for Bsp Dependency
2024-10-28 21:35:40,550 [INFO] Middleware:1439 - No code input for Bsp Dependency
2024-10-28 21:35:40,551 [INFO] CodeEngine:255 - oldGeneratedFile, /home/nikolai/Documents/NP1_DRONE/software/STM32/Flight Control Computer/MXTmpFiles/rtos_inc.tmp_save
2024-10-28 21:35:40,581 [INFO] CodeEngine:279 - Generated code: /home/nikolai/Documents/NP1_DRONE/software/STM32/Flight Control Computer/MXTmpFiles/rtos_inc.tmp
2024-10-28 21:35:40,581 [INFO] CodeEngine:255 - oldGeneratedFile, /home/nikolai/Documents/NP1_DRONE/software/STM32/Flight Control Computer/MXTmpFiles/rtos_kernelInit.tmp_save
2024-10-28 21:35:40,608 [INFO] CodeEngine:279 - Generated code: /home/nikolai/Documents/NP1_DRONE/software/STM32/Flight Control Computer/MXTmpFiles/rtos_kernelInit.tmp
2024-10-28 21:35:40,608 [INFO] CodeEngine:255 - oldGeneratedFile, /home/nikolai/Documents/NP1_DRONE/software/STM32/Flight Control Computer/MXTmpFiles/rtos_kernelStart.tmp_save
2024-10-28 21:35:40,635 [INFO] CodeEngine:279 - Generated code: /home/nikolai/Documents/NP1_DRONE/software/STM32/Flight Control Computer/MXTmpFiles/rtos_kernelStart.tmp
2024-10-28 21:35:40,635 [INFO] CodeEngine:255 - oldGeneratedFile, /home/nikolai/Documents/NP1_DRONE/software/STM32/Flight Control Computer/MXTmpFiles/rtos_typedefs.tmp_save
2024-10-28 21:35:40,663 [INFO] CodeEngine:279 - Generated code: /home/nikolai/Documents/NP1_DRONE/software/STM32/Flight Control Computer/MXTmpFiles/rtos_typedefs.tmp
2024-10-28 21:35:40,663 [INFO] CodeEngine:255 - oldGeneratedFile, /home/nikolai/Documents/NP1_DRONE/software/STM32/Flight Control Computer/MXTmpFiles/rtos_vars.tmp_save
2024-10-28 21:35:40,692 [INFO] CodeEngine:279 - Generated code: /home/nikolai/Documents/NP1_DRONE/software/STM32/Flight Control Computer/MXTmpFiles/rtos_vars.tmp
2024-10-28 21:35:40,692 [INFO] CodeEngine:255 - oldGeneratedFile, /home/nikolai/Documents/NP1_DRONE/software/STM32/Flight Control Computer/MXTmpFiles/rtos_pfp.tmp_save
2024-10-28 21:35:40,720 [INFO] CodeEngine:279 - Generated code: /home/nikolai/Documents/NP1_DRONE/software/STM32/Flight Control Computer/MXTmpFiles/rtos_pfp.tmp
2024-10-28 21:35:40,720 [INFO] CodeEngine:255 - oldGeneratedFile, /home/nikolai/Documents/NP1_DRONE/software/STM32/Flight Control Computer/MXTmpFiles/rtos_obj_creat.tmp_save
2024-10-28 21:35:40,748 [INFO] CodeEngine:279 - Generated code: /home/nikolai/Documents/NP1_DRONE/software/STM32/Flight Control Computer/MXTmpFiles/rtos_obj_creat.tmp
2024-10-28 21:35:40,749 [INFO] CodeEngine:255 - oldGeneratedFile, /home/nikolai/Documents/NP1_DRONE/software/STM32/Flight Control Computer/MXTmpFiles/rtos_default_thread.tmp_save
2024-10-28 21:35:40,777 [INFO] CodeEngine:279 - Generated code: /home/nikolai/Documents/NP1_DRONE/software/STM32/Flight Control Computer/MXTmpFiles/rtos_default_thread.tmp
2024-10-28 21:35:40,777 [INFO] CodeEngine:255 - oldGeneratedFile, /home/nikolai/Documents/NP1_DRONE/software/STM32/Flight Control Computer/MXTmpFiles/rtos_threads.tmp_save
2024-10-28 21:35:40,805 [INFO] CodeEngine:279 - Generated code: /home/nikolai/Documents/NP1_DRONE/software/STM32/Flight Control Computer/MXTmpFiles/rtos_threads.tmp
2024-10-28 21:35:40,805 [INFO] CodeEngine:255 - oldGeneratedFile, /home/nikolai/Documents/NP1_DRONE/software/STM32/Flight Control Computer/Core/Inc/FreeRTOSConfig.h_save
2024-10-28 21:35:40,846 [INFO] CodeEngine:279 - Generated code: /home/nikolai/Documents/NP1_DRONE/software/STM32/Flight Control Computer/Core/Inc/FreeRTOSConfig.h
2024-10-28 21:35:40,846 [INFO] CodeEngine:255 - oldGeneratedFile, /home/nikolai/Documents/NP1_DRONE/software/STM32/Flight Control Computer/Core/Src/app_freertos.c_save
2024-10-28 21:35:40,877 [INFO] CodeEngine:279 - Generated code: /home/nikolai/Documents/NP1_DRONE/software/STM32/Flight Control Computer/Core/Src/app_freertos.c
2024-10-28 21:35:40,879 [INFO] CodeEngine:255 - oldGeneratedFile, /home/nikolai/Documents/NP1_DRONE/software/STM32/Flight Control Computer/Core/Src/fdcan.c_save
2024-10-28 21:35:40,932 [INFO] CodeEngine:279 - Generated code: /home/nikolai/Documents/NP1_DRONE/software/STM32/Flight Control Computer/Core/Src/fdcan.c
2024-10-28 21:35:40,932 [INFO] CodeEngine:255 - oldGeneratedFile, /home/nikolai/Documents/NP1_DRONE/software/STM32/Flight Control Computer/Core/Inc/fdcan.h_save
2024-10-28 21:35:40,960 [INFO] CodeEngine:279 - Generated code: /home/nikolai/Documents/NP1_DRONE/software/STM32/Flight Control Computer/Core/Inc/fdcan.h
2024-10-28 21:35:40,962 [INFO] CodeEngine:255 - oldGeneratedFile, /home/nikolai/Documents/NP1_DRONE/software/STM32/Flight Control Computer/Core/Src/i2c.c_save
2024-10-28 21:35:41,000 [INFO] CodeEngine:279 - Generated code: /home/nikolai/Documents/NP1_DRONE/software/STM32/Flight Control Computer/Core/Src/i2c.c
2024-10-28 21:35:41,000 [INFO] CodeEngine:255 - oldGeneratedFile, /home/nikolai/Documents/NP1_DRONE/software/STM32/Flight Control Computer/Core/Inc/i2c.h_save
2024-10-28 21:35:41,027 [INFO] CodeEngine:279 - Generated code: /home/nikolai/Documents/NP1_DRONE/software/STM32/Flight Control Computer/Core/Inc/i2c.h
2024-10-28 21:35:41,029 [INFO] CodeEngine:255 - oldGeneratedFile, /home/nikolai/Documents/NP1_DRONE/software/STM32/Flight Control Computer/Core/Src/spi.c_save
2024-10-28 21:35:41,068 [INFO] CodeEngine:279 - Generated code: /home/nikolai/Documents/NP1_DRONE/software/STM32/Flight Control Computer/Core/Src/spi.c
2024-10-28 21:35:41,068 [INFO] CodeEngine:255 - oldGeneratedFile, /home/nikolai/Documents/NP1_DRONE/software/STM32/Flight Control Computer/Core/Inc/spi.h_save
2024-10-28 21:35:41,096 [INFO] CodeEngine:279 - Generated code: /home/nikolai/Documents/NP1_DRONE/software/STM32/Flight Control Computer/Core/Inc/spi.h
2024-10-28 21:35:41,098 [INFO] CodeEngine:255 - oldGeneratedFile, /home/nikolai/Documents/NP1_DRONE/software/STM32/Flight Control Computer/Core/Src/usart.c_save
2024-10-28 21:35:41,138 [INFO] CodeEngine:279 - Generated code: /home/nikolai/Documents/NP1_DRONE/software/STM32/Flight Control Computer/Core/Src/usart.c
2024-10-28 21:35:41,139 [INFO] CodeEngine:255 - oldGeneratedFile, /home/nikolai/Documents/NP1_DRONE/software/STM32/Flight Control Computer/Core/Inc/usart.h_save
2024-10-28 21:35:41,167 [INFO] CodeEngine:279 - Generated code: /home/nikolai/Documents/NP1_DRONE/software/STM32/Flight Control Computer/Core/Inc/usart.h
2024-10-28 21:35:41,169 [INFO] Middleware:1439 - No code input for Bsp Dependency
2024-10-28 21:35:41,170 [INFO] CodeEngine:255 - oldGeneratedFile, /home/nikolai/Documents/NP1_DRONE/software/STM32/Flight Control Computer/USB_Device/App/usb_device.c_save
2024-10-28 21:35:41,209 [INFO] CodeEngine:279 - Generated code: /home/nikolai/Documents/NP1_DRONE/software/STM32/Flight Control Computer/USB_Device/App/usb_device.c
2024-10-28 21:35:41,209 [INFO] CodeEngine:255 - oldGeneratedFile, /home/nikolai/Documents/NP1_DRONE/software/STM32/Flight Control Computer/USB_Device/App/usb_device.h_save
2024-10-28 21:35:41,238 [INFO] CodeEngine:279 - Generated code: /home/nikolai/Documents/NP1_DRONE/software/STM32/Flight Control Computer/USB_Device/App/usb_device.h
2024-10-28 21:35:41,238 [INFO] CodeEngine:255 - oldGeneratedFile, /home/nikolai/Documents/NP1_DRONE/software/STM32/Flight Control Computer/USB_Device/Target/usbd_conf.h_save
2024-10-28 21:35:41,268 [INFO] CodeEngine:279 - Generated code: /home/nikolai/Documents/NP1_DRONE/software/STM32/Flight Control Computer/USB_Device/Target/usbd_conf.h
2024-10-28 21:35:41,268 [INFO] CodeEngine:255 - oldGeneratedFile, /home/nikolai/Documents/NP1_DRONE/software/STM32/Flight Control Computer/USB_Device/Target/usbd_conf.c_save
2024-10-28 21:35:41,303 [INFO] CodeEngine:279 - Generated code: /home/nikolai/Documents/NP1_DRONE/software/STM32/Flight Control Computer/USB_Device/Target/usbd_conf.c
2024-10-28 21:35:41,304 [INFO] CodeEngine:255 - oldGeneratedFile, /home/nikolai/Documents/NP1_DRONE/software/STM32/Flight Control Computer/USB_Device/App/usbd_desc.h_save
2024-10-28 21:35:41,333 [INFO] CodeEngine:279 - Generated code: /home/nikolai/Documents/NP1_DRONE/software/STM32/Flight Control Computer/USB_Device/App/usbd_desc.h
2024-10-28 21:35:41,334 [INFO] CodeEngine:255 - oldGeneratedFile, /home/nikolai/Documents/NP1_DRONE/software/STM32/Flight Control Computer/USB_Device/App/usbd_desc.c_save
2024-10-28 21:35:41,366 [INFO] CodeEngine:279 - Generated code: /home/nikolai/Documents/NP1_DRONE/software/STM32/Flight Control Computer/USB_Device/App/usbd_desc.c
2024-10-28 21:35:41,366 [INFO] CodeEngine:255 - oldGeneratedFile, /home/nikolai/Documents/NP1_DRONE/software/STM32/Flight Control Computer/USB_Device/App/usbd_cdc_if.h_save
2024-10-28 21:35:41,395 [INFO] CodeEngine:279 - Generated code: /home/nikolai/Documents/NP1_DRONE/software/STM32/Flight Control Computer/USB_Device/App/usbd_cdc_if.h
2024-10-28 21:35:41,395 [INFO] CodeEngine:255 - oldGeneratedFile, /home/nikolai/Documents/NP1_DRONE/software/STM32/Flight Control Computer/USB_Device/App/usbd_cdc_if.c_save
2024-10-28 21:35:41,425 [INFO] CodeEngine:279 - Generated code: /home/nikolai/Documents/NP1_DRONE/software/STM32/Flight Control Computer/USB_Device/App/usbd_cdc_if.c
2024-10-28 21:35:41,429 [INFO] CodeEngine:255 - oldGeneratedFile, /home/nikolai/Documents/NP1_DRONE/software/STM32/Flight Control Computer/Core/Src/stm32g4xx_it.c_save
2024-10-28 21:35:41,501 [INFO] CodeEngine:279 - Generated code: /home/nikolai/Documents/NP1_DRONE/software/STM32/Flight Control Computer/Core/Src/stm32g4xx_it.c
2024-10-28 21:35:41,501 [INFO] CodeEngine:255 - oldGeneratedFile, /home/nikolai/Documents/NP1_DRONE/software/STM32/Flight Control Computer/Core/Inc/stm32g4xx_it.h_save
2024-10-28 21:35:41,534 [INFO] CodeEngine:279 - Generated code: /home/nikolai/Documents/NP1_DRONE/software/STM32/Flight Control Computer/Core/Inc/stm32g4xx_it.h
2024-10-28 21:35:41,537 [INFO] CodeEngine:255 - oldGeneratedFile, /home/nikolai/Documents/NP1_DRONE/software/STM32/Flight Control Computer/Core/Src/stm32g4xx_hal_msp.c_save
2024-10-28 21:35:41,586 [INFO] CodeEngine:279 - Generated code: /home/nikolai/Documents/NP1_DRONE/software/STM32/Flight Control Computer/Core/Src/stm32g4xx_hal_msp.c
2024-10-28 21:35:41,586 [INFO] CodeEngine:255 - oldGeneratedFile, /home/nikolai/Documents/NP1_DRONE/software/STM32/Flight Control Computer/MXTmpFiles/system.tmp_save
2024-10-28 21:35:41,615 [INFO] CodeEngine:279 - Generated code: /home/nikolai/Documents/NP1_DRONE/software/STM32/Flight Control Computer/MXTmpFiles/system.tmp
2024-10-28 21:35:41,616 [INFO] CodeEngine:255 - oldGeneratedFile, /home/nikolai/Documents/NP1_DRONE/software/STM32/Flight Control Computer/Core/Src/stm32g4xx_hal_timebase_tim.c_save
2024-10-28 21:35:41,644 [INFO] CodeEngine:279 - Generated code: /home/nikolai/Documents/NP1_DRONE/software/STM32/Flight Control Computer/Core/Src/stm32g4xx_hal_timebase_tim.c
2024-10-28 21:35:41,646 [INFO] CodeEngine:311 - oldGeneratedFile, /home/nikolai/Documents/NP1_DRONE/software/STM32/Flight Control Computer/Core/Inc/stm32g4xx_hal_conf.h_save
2024-10-28 21:35:41,675 [INFO] CodeEngine:335 - Generated code: /home/nikolai/Documents/NP1_DRONE/software/STM32/Flight Control Computer/Core/Inc/stm32g4xx_hal_conf.h
2024-10-28 21:35:41,680 [WARN] IPConfigManager:2946 - Warning: the RefConfig RCC_CommonPeriphClockConfig is not available in your config.xml file
2024-10-28 21:35:41,687 [INFO] CodeEngine:255 - oldGeneratedFile, /home/nikolai/Documents/NP1_DRONE/software/STM32/Flight Control Computer/Core/Inc/main.h_save
2024-10-28 21:35:41,716 [INFO] CodeEngine:279 - Generated code: /home/nikolai/Documents/NP1_DRONE/software/STM32/Flight Control Computer/Core/Inc/main.h
2024-10-28 21:35:41,717 [INFO] CodeEngine:255 - oldGeneratedFile, /home/nikolai/Documents/NP1_DRONE/software/STM32/Flight Control Computer/Core/Src/main.c_save
2024-10-28 21:35:41,756 [INFO] CodeEngine:279 - Generated code: /home/nikolai/Documents/NP1_DRONE/software/STM32/Flight Control Computer/Core/Src/main.c
2024-10-28 21:35:41,910 [INFO] ProjectBuilder:3076 - Time for Copy HAL[1] : 16mS.
2024-10-28 21:35:41,911 [INFO] ProjectBuilder:4485 - Project Generator version: 4.2.0-B44
2024-10-28 21:35:41,996 [INFO] ConfigFileManager:1495 - The Die is : DIE469
2024-10-28 21:35:42,424 [INFO] ProjectBuilder:4747 - Time for Generating toolchain IDE Files: 513mS.
2024-10-28 21:35:42,424 [INFO] ProjectBuilder:2947 - Time for Copy CMSIS : 0mS.
2024-10-28 21:35:42,425 [INFO] ProjectBuilder:2947 - Time for Copy CMSIS : 0mS.
